[m[33m2026-03-23 18:04:24,197[m [36mo.a.f.a.ScalingMetricEvaluator[m [36m[DEBUG][default/flink] A4S: Evaluating metrics for vertex e3dfc0d7e9ecd8a43f85f0b68ebf3b80
[m[33m2026-03-23 18:04:24,197[m [36mo.a.f.a.ScalingMetricEvaluator[m [33m[WARN ][default/flink] A4S: No miss rate curve found for vertex e3dfc0d7e9ecd8a43f85f0b68ebf3b80, skipping
[m[33m2026-03-23 18:04:24,197[m [36mo.a.f.a.ScalingMetricEvaluator[m [36m[DEBUG][default/flink] A4S: Evaluating metrics for vertex 7e44bd5dd8910d9d6c2725814f8889da
[m[33m2026-03-23 18:04:24,198[m [36mo.a.f.a.ScalingMetricEvaluator[m [33m[WARN ][default/flink] A4S: No miss rate curve found for vertex 7e44bd5dd8910d9d6c2725814f8889da, skipping
[m[33m2026-03-23 18:04:24,198[m [36mo.a.f.a.ScalingMetricEvaluator[m [36m[DEBUG][default/flink] A4S: Evaluating metrics for vertex 2a5a8360d8634434d28d438c7f43fa68
[m[33m2026-03-23 18:04:24,198[m [36mo.a.f.a.ScalingMetricEvaluator[m [33m[WARN ][default/flink] A4S: No miss rate curve found for vertex 2a5a8360d8634434d28d438c7f43fa68, skipping
[m[33m2026-03-23 18:04:24,198[m [36mo.a.f.a.ScalingMetricEvaluator[m [36m[DEBUG][default/flink] A4S: Evaluating metrics for vertex 57590a9205cdecedbcec3b0e776bee99
[m[33m2026-03-23 18:04:24,198[m [36mo.a.f.a.ScalingMetricEvaluator[m [33m[WARN ][default/flink] A4S: No miss rate curve found for vertex 57590a9205cdecedbcec3b0e776bee99, skipping
[m[33m2026-03-23 18:04:39,486[m [36mo.a.f.a.ScalingMetricEvaluator[m [36m[DEBUG][default/flink] A4S: Evaluating metrics for vertex e3dfc0d7e9ecd8a43f85f0b68ebf3b80
[m[33m2026-03-23 18:04:39,486[m [36mo.a.f.a.ScalingMetricEvaluator[m [33m[WARN ][default/flink] A4S: No miss rate curve found for vertex e3dfc0d7e9ecd8a43f85f0b68ebf3b80, skipping
[m[33m2026-03-23 18:04:39,487[m [36mo.a.f.a.ScalingMetricEvaluator[m [36m[DEBUG][default/flink] A4S: Evaluating metrics for vertex 7e44bd5dd8910d9d6c2725814f8889da
[m[33m2026-03-23 18:04:39,487[m [36mo.a.f.a.ScalingMetricEvaluator[m [33m[WARN ][default/flink] A4S: No miss rate curve found for vertex 7e44bd5dd8910d9d6c2725814f8889da, skipping
[m[33m2026-03-23 18:04:39,487[m [36mo.a.f.a.ScalingMetricEvaluator[m [36m[DEBUG][default/flink] A4S: Evaluating metrics for vertex 2a5a8360d8634434d28d438c7f43fa68
[m[33m2026-03-23 18:04:39,487[m [36mo.a.f.a.ScalingMetricEvaluator[m [33m[WARN ][default/flink] A4S: No miss rate curve found for vertex 2a5a8360d8634434d28d438c7f43fa68, skipping
[m[33m2026-03-23 18:04:39,488[m [36mo.a.f.a.ScalingMetricEvaluator[m [36m[DEBUG][default/flink] A4S: Evaluating metrics for vertex 57590a9205cdecedbcec3b0e776bee99
[m[33m2026-03-23 18:04:39,488[m [36mo.a.f.a.ScalingMetricEvaluator[m [33m[WARN ][default/flink] A4S: No miss rate curve found for vertex 57590a9205cdecedbcec3b0e776bee99, skipping
[m[33m2026-03-23 18:04:54,704[m [36mo.a.f.a.ScalingMetricEvaluator[m [36m[DEBUG][default/flink] A4S: Evaluating metrics for vertex e3dfc0d7e9ecd8a43f85f0b68ebf3b80
[m[33m2026-03-23 18:04:54,704[m [36mo.a.f.a.ScalingMetricEvaluator[m [33m[WARN ][default/flink] A4S: No miss rate curve found for vertex e3dfc0d7e9ecd8a43f85f0b68ebf3b80, skipping
[m[33m2026-03-23 18:04:54,704[m [36mo.a.f.a.ScalingMetricEvaluator[m [36m[DEBUG][default/flink] A4S: Evaluating metrics for vertex 7e44bd5dd8910d9d6c2725814f8889da
[m[33m2026-03-23 18:04:54,704[m [36mo.a.f.a.ScalingMetricEvaluator[m [33m[WARN ][default/flink] A4S: No miss rate curve found for vertex 7e44bd5dd8910d9d6c2725814f8889da, skipping
[m[33m2026-03-23 18:04:54,704[m [36mo.a.f.a.ScalingMetricEvaluator[m [36m[DEBUG][default/flink] A4S: Evaluating metrics for vertex 2a5a8360d8634434d28d438c7f43fa68
[m[33m2026-03-23 18:04:54,704[m [36mo.a.f.a.ScalingMetricEvaluator[m [33m[WARN ][default/flink] A4S: No miss rate curve found for vertex 2a5a8360d8634434d28d438c7f43fa68, skipping
[m[33m2026-03-23 18:04:54,705[m [36mo.a.f.a.ScalingMetricEvaluator[m [36m[DEBUG][default/flink] A4S: Evaluating metrics for vertex 57590a9205cdecedbcec3b0e776bee99
[m[33m2026-03-23 18:05:09,900[m [36mo.a.f.a.ScalingMetricEvaluator[m [36m[DEBUG][default/flink] A4S: Evaluating metrics for vertex e3dfc0d7e9ecd8a43f85f0b68ebf3b80
[m[33m2026-03-23 18:05:09,900[m [36mo.a.f.a.ScalingMetricEvaluator[m [33m[WARN ][default/flink] A4S: No miss rate curve found for vertex e3dfc0d7e9ecd8a43f85f0b68ebf3b80, skipping
[m[33m2026-03-23 18:05:09,900[m [36mo.a.f.a.ScalingMetricEvaluator[m [36m[DEBUG][default/flink] A4S: Evaluating metrics for vertex 7e44bd5dd8910d9d6c2725814f8889da
[m[33m2026-03-23 18:05:09,900[m [36mo.a.f.a.ScalingMetricEvaluator[m [33m[WARN ][default/flink] A4S: No miss rate curve found for vertex 7e44bd5dd8910d9d6c2725814f8889da, skipping
[m[33m2026-03-23 18:05:09,901[m [36mo.a.f.a.ScalingMetricEvaluator[m [36m[DEBUG][default/flink] A4S: Evaluating metrics for vertex 2a5a8360d8634434d28d438c7f43fa68
[m[33m2026-03-23 18:05:09,901[m [36mo.a.f.a.ScalingMetricEvaluator[m [33m[WARN ][default/flink] A4S: No miss rate curve found for vertex 2a5a8360d8634434d28d438c7f43fa68, skipping
[m[33m2026-03-23 18:05:09,901[m [36mo.a.f.a.ScalingMetricEvaluator[m [36m[DEBUG][default/flink] A4S: Evaluating metrics for vertex 57590a9205cdecedbcec3b0e776bee99
[m[33m2026-03-23 18:05:09,901[m [36mo.a.f.a.ScalingMetricEvaluator[m [33m[WARN ][default/flink] A4S: No miss rate curve found for vertex 57590a9205cdecedbcec3b0e776bee99, skipping
[m[33m2026-03-23 18:05:25,091[m [36mo.a.f.a.ScalingMetricEvaluator[m [36m[DEBUG][default/flink] A4S: Evaluating metrics for vertex e3dfc0d7e9ecd8a43f85f0b68ebf3b80
[m[33m2026-03-23 18:05:25,091[m [36mo.a.f.a.ScalingMetricEvaluator[m [33m[WARN ][default/flink] A4S: No miss rate curve found for vertex e3dfc0d7e9ecd8a43f85f0b68ebf3b80, skipping
[m[33m2026-03-23 18:05:25,091[m [36mo.a.f.a.ScalingMetricEvaluator[m [36m[DEBUG][default/flink] A4S: Evaluating metrics for vertex 7e44bd5dd8910d9d6c2725814f8889da
[m[33m2026-03-23 18:05:25,091[m [36mo.a.f.a.ScalingMetricEvaluator[m [33m[WARN ][default/flink] A4S: No miss rate curve found for vertex 7e44bd5dd8910d9d6c2725814f8889da, skipping
[m[33m2026-03-23 18:05:25,091[m [36mo.a.f.a.ScalingMetricEvaluator[m [36m[DEBUG][default/flink] A4S: Evaluating metrics for vertex 2a5a8360d8634434d28d438c7f43fa68
[m[33m2026-03-23 18:05:25,091[m [36mo.a.f.a.ScalingMetricEvaluator[m [33m[WARN ][default/flink] A4S: No miss rate curve found for vertex 2a5a8360d8634434d28d438c7f43fa68, skipping
[m[33m2026-03-23 18:05:25,091[m [36mo.a.f.a.ScalingMetricEvaluator[m [36m[DEBUG][default/flink] A4S: Evaluating metrics for vertex 57590a9205cdecedbcec3b0e776bee99
[m[33m2026-03-23 18:05:40,278[m [36mo.a.f.a.ScalingMetricEvaluator[m [36m[DEBUG][default/flink] A4S: Evaluating metrics for vertex e3dfc0d7e9ecd8a43f85f0b68ebf3b80
[m[33m2026-03-23 18:05:40,278[m [36mo.a.f.a.ScalingMetricEvaluator[m [33m[WARN ][default/flink] A4S: No miss rate curve found for vertex e3dfc0d7e9ecd8a43f85f0b68ebf3b80, skipping
[m[33m2026-03-23 18:05:40,279[m [36mo.a.f.a.ScalingMetricEvaluator[m [36m[DEBUG][default/flink] A4S: Evaluating metrics for vertex 7e44bd5dd8910d9d6c2725814f8889da
[m[33m2026-03-23 18:05:40,279[m [36mo.a.f.a.ScalingMetricEvaluator[m [33m[WARN ][default/flink] A4S: No miss rate curve found for vertex 7e44bd5dd8910d9d6c2725814f8889da, skipping
[m[33m2026-03-23 18:05:40,279[m [36mo.a.f.a.ScalingMetricEvaluator[m [36m[DEBUG][default/flink] A4S: Evaluating metrics for vertex 2a5a8360d8634434d28d438c7f43fa68
[m[33m2026-03-23 18:05:40,279[m [36mo.a.f.a.ScalingMetricEvaluator[m [36m[DEBUG][default/flink] A4S: Evaluating metrics for vertex 57590a9205cdecedbcec3b0e776bee99
[m[33m2026-03-23 18:05:55,486[m [36mo.a.f.a.ScalingMetricEvaluator[m [36m[DEBUG][default/flink] A4S: Evaluating metrics for vertex e3dfc0d7e9ecd8a43f85f0b68ebf3b80
[m[33m2026-03-23 18:05:55,486[m [36mo.a.f.a.ScalingMetricEvaluator[m [33m[WARN ][default/flink] A4S: No miss rate curve found for vertex e3dfc0d7e9ecd8a43f85f0b68ebf3b80, skipping
[m[33m2026-03-23 18:05:55,486[m [36mo.a.f.a.ScalingMetricEvaluator[m [36m[DEBUG][default/flink] A4S: Evaluating metrics for vertex 7e44bd5dd8910d9d6c2725814f8889da
[m[33m2026-03-23 18:05:55,486[m [36mo.a.f.a.ScalingMetricEvaluator[m [33m[WARN ][default/flink] A4S: No miss rate curve found for vertex 7e44bd5dd8910d9d6c2725814f8889da, skipping
[m[33m2026-03-23 18:05:55,486[m [36mo.a.f.a.ScalingMetricEvaluator[m [36m[DEBUG][default/flink] A4S: Evaluating metrics for vertex 2a5a8360d8634434d28d438c7f43fa68
[m[33m2026-03-23 18:05:55,487[m [36mo.a.f.a.ScalingMetricEvaluator[m [36m[DEBUG][default/flink] A4S: Evaluating metrics for vertex 57590a9205cdecedbcec3b0e776bee99
[m[33m2026-03-23 18:06:10,693[m [36mo.a.f.a.ScalingMetricEvaluator[m [36m[DEBUG][default/flink] A4S: Evaluating metrics for vertex e3dfc0d7e9ecd8a43f85f0b68ebf3b80
[m[33m2026-03-23 18:06:10,693[m [36mo.a.f.a.ScalingMetricEvaluator[m [33m[WARN ][default/flink] A4S: No miss rate curve found for vertex e3dfc0d7e9ecd8a43f85f0b68ebf3b80, skipping
[m[33m2026-03-23 18:06:10,693[m [36mo.a.f.a.ScalingMetricEvaluator[m [36m[DEBUG][default/flink] A4S: Evaluating metrics for vertex 7e44bd5dd8910d9d6c2725814f8889da
[m[33m2026-03-23 18:06:10,693[m [36mo.a.f.a.ScalingMetricEvaluator[m [36m[DEBUG][default/flink] A4S: Evaluating metrics for vertex 2a5a8360d8634434d28d438c7f43fa68
[m[33m2026-03-23 18:06:10,694[m [36mo.a.f.a.ScalingMetricEvaluator[m [36m[DEBUG][default/flink] A4S: Evaluating metrics for vertex 57590a9205cdecedbcec3b0e776bee99
[m[33m2026-03-23 18:06:25,899[m [36mo.a.f.a.ScalingMetricEvaluator[m [36m[DEBUG][default/flink] A4S: Evaluating metrics for vertex e3dfc0d7e9ecd8a43f85f0b68ebf3b80
[m[33m2026-03-23 18:06:25,899[m [36mo.a.f.a.ScalingMetricEvaluator[m [33m[WARN ][default/flink] A4S: No miss rate curve found for vertex e3dfc0d7e9ecd8a43f85f0b68ebf3b80, skipping
[m[33m2026-03-23 18:06:25,899[m [36mo.a.f.a.ScalingMetricEvaluator[m [36m[DEBUG][default/flink] A4S: Evaluating metrics for vertex 7e44bd5dd8910d9d6c2725814f8889da
[m[33m2026-03-23 18:06:25,900[m [36mo.a.f.a.ScalingMetricEvaluator[m [36m[DEBUG][default/flink] A4S: Evaluating metrics for vertex 2a5a8360d8634434d28d438c7f43fa68
[m[33m2026-03-23 18:06:25,900[m [36mo.a.f.a.ScalingMetricEvaluator[m [33m[WARN ][default/flink] A4S: No miss rate curve found for vertex 2a5a8360d8634434d28d438c7f43fa68, skipping
[m[33m2026-03-23 18:06:25,901[m [36mo.a.f.a.ScalingMetricEvaluator[m [36m[DEBUG][default/flink] A4S: Evaluating metrics for vertex 57590a9205cdecedbcec3b0e776bee99
[m[33m2026-03-23 18:06:25,954[m [36mo.a.f.a.ScalingExecutor       [m [36m[DEBUG][default/flink] A4S: Evaluated Metrics: EvaluatedMetrics(vertexMetrics={7e44bd5dd8910d9d6c2725814f8889da={SCALE_DOWN_RATE_THRESHOLD=EvaluatedScalingMetric(current=5824.0, average=NaN), TARGET_DATA_RATE=EvaluatedScalingMetric(current=NaN, average=1127.253), PARALLELISM=EvaluatedScalingMetric(current=1.0, average=NaN), ROCKS_DB_BLOCK_CACHE_HIT_RATE=EvaluatedScalingMetric(current=0.782, average=0.779), RECOMMENDED_PARALLELISM=EvaluatedScalingMetric(current=1.0, average=NaN), SCALE_UP_RATE_THRESHOLD=EvaluatedScalingMetric(current=1409.0, average=NaN), CATCH_UP_DATA_RATE=EvaluatedScalingMetric(current=0.0, average=NaN), TRUE_PROCESSING_RATE=EvaluatedScalingMetric(current=NaN, average=2522.524), INPUT_RATE=EvaluatedScalingMetric(current=NaN, average=1127.253), NUM_SOURCE_PARTITIONS=EvaluatedScalingMetric(current=0.0, average=NaN), LOAD=EvaluatedScalingMetric(current=NaN, average=0.447), MAX_PARALLELISM=EvaluatedScalingMetric(current=24.0, average=NaN)}, 2a5a8360d8634434d28d438c7f43fa68={SCALE_DOWN_RATE_THRESHOLD=EvaluatedScalingMetric(current=3183.0, average=NaN), TARGET_DATA_RATE=EvaluatedScalingMetric(current=NaN, average=616.129), PARALLELISM=EvaluatedScalingMetric(current=1.0, average=NaN), ROCKS_DB_BLOCK_CACHE_HIT_RATE=EvaluatedScalingMetric(current=0.92, average=0.925), RECOMMENDED_PARALLELISM=EvaluatedScalingMetric(current=1.0, average=NaN), SCALE_UP_RATE_THRESHOLD=EvaluatedScalingMetric(current=770.0, average=NaN), CATCH_UP_DATA_RATE=EvaluatedScalingMetric(current=0.0, average=NaN), TRUE_PROCESSING_RATE=EvaluatedScalingMetric(current=NaN, average=3011.014), INPUT_RATE=EvaluatedScalingMetric(current=NaN, average=616.129), NUM_SOURCE_PARTITIONS=EvaluatedScalingMetric(current=0.0, average=NaN), LOAD=EvaluatedScalingMetric(current=NaN, average=0.205), MAX_PARALLELISM=EvaluatedScalingMetric(current=24.0, average=NaN)}, 57590a9205cdecedbcec3b0e776bee99={SCALE_DOWN_RATE_THRESHOLD=EvaluatedScalingMetric(current=8967.0, average=NaN), TARGET_DATA_RATE=EvaluatedScalingMetric(current=NaN, average=1735.578), PARALLELISM=EvaluatedScalingMetric(current=1.0, average=NaN), ROCKS_DB_BLOCK_CACHE_HIT_RATE=EvaluatedScalingMetric(current=0.689, average=0.698), RECOMMENDED_PARALLELISM=EvaluatedScalingMetric(current=1.0, average=NaN), SCALE_UP_RATE_THRESHOLD=EvaluatedScalingMetric(current=2169.0, average=NaN), CATCH_UP_DATA_RATE=EvaluatedScalingMetric(current=0.0, average=NaN), TRUE_PROCESSING_RATE=EvaluatedScalingMetric(current=NaN, average=5087.804), INPUT_RATE=EvaluatedScalingMetric(current=NaN, average=1735.577), NUM_SOURCE_PARTITIONS=EvaluatedScalingMetric(current=0.0, average=NaN), LOAD=EvaluatedScalingMetric(current=NaN, average=0.341), MAX_PARALLELISM=EvaluatedScalingMetric(current=24.0, average=NaN)}, e3dfc0d7e9ecd8a43f85f0b68ebf3b80={TARGET_DATA_RATE=EvaluatedScalingMetric(current=NaN, average=54081.395), PARALLELISM=EvaluatedScalingMetric(current=1.0, average=NaN), RECOMMENDED_PARALLELISM=EvaluatedScalingMetric(current=3.0, average=NaN), CATCH_UP_DATA_RATE=EvaluatedScalingMetric(current=0.0, average=NaN), INPUT_RATE=EvaluatedScalingMetric(current=NaN, average=54081.395), EXPECTED_PROCESSING_RATE=EvaluatedScalingMetric(current=117176.0, average=NaN), NUM_SOURCE_PARTITIONS=EvaluatedScalingMetric(current=0.0, average=NaN), LOAD=EvaluatedScalingMetric(current=NaN, average=1.0), MAX_PARALLELISM=EvaluatedScalingMetric(current=24.0, average=NaN), SCALE_DOWN_RATE_THRESHOLD=EvaluatedScalingMetric(current=279421.0, average=NaN), LAG=EvaluatedScalingMetric(current=0.0, average=NaN), SCALE_UP_RATE_THRESHOLD=EvaluatedScalingMetric(current=67602.0, average=NaN), TRUE_PROCESSING_RATE=EvaluatedScalingMetric(current=NaN, average=54081.395)}}, globalMetrics={METASPACE_MEMORY_USED=EvaluatedScalingMetric(current=5.4617456E7, average=5.4441447E7), HEAP_MAX_USAGE_RATIO=EvaluatedScalingMetric(current=0.418, average=0.341), GC_PRESSURE=EvaluatedScalingMetric(current=NaN, average=NaN), MANAGED_MEMORY_USED=EvaluatedScalingMetric(current=1.50323856E8, average=1.50323856E8), HEAP_MEMORY_USED=EvaluatedScalingMetric(current=2.91844464E8, average=2.38302618E8), NUM_TASK_SLOTS_USED=EvaluatedScalingMetric(current=4.0, average=NaN)}, memoryParallelismCurves={7e44bd5dd8910d9d6c2725814f8889da=MPC[target=1127.25, minParallelism=1, maxParallelism=24, points=[(p=1, mem=4.00MB), (p=2, mem=4.00MB), (p=3, mem=4.00MB), (p=4, mem=4.00MB), (p=5, mem=4.00MB), (p=6, mem=4.00MB), (p=7, mem=4.00MB), (p=8, mem=4.00MB), (p=9, mem=4.00MB), (p=10, mem=4.00MB), (p=11, mem=4.00MB), (p=12, mem=4.00MB), (p=13, mem=4.00MB), (p=14, mem=4.00MB), (p=15, mem=4.00MB), (p=16, mem=4.00MB), (p=17, mem=4.00MB), (p=18, mem=4.00MB), (p=19, mem=4.00MB), (p=20, mem=4.00MB), (p=21, mem=4.00MB), (p=22, mem=4.00MB), (p=23, mem=4.00MB), (p=24, mem=4.00MB)]], 57590a9205cdecedbcec3b0e776bee99=MPC[target=1735.58, minParallelism=1, maxParallelism=24, points=[(p=1, mem=4.00MB), (p=2, mem=4.00MB), (p=3, mem=4.00MB), (p=4, mem=4.00MB), (p=5, mem=4.00MB), (p=6, mem=4.00MB), (p=7, mem=4.00MB), (p=8, mem=4.00MB), (p=9, mem=4.00MB), (p=10, mem=4.00MB), (p=11, mem=4.00MB), (p=12, mem=4.00MB), (p=13, mem=4.00MB), (p=14, mem=4.00MB), (p=15, mem=4.00MB), (p=16, mem=4.00MB), (p=17, mem=4.00MB), (p=18, mem=4.00MB), (p=19, mem=4.00MB), (p=20, mem=4.00MB), (p=21, mem=4.00MB), (p=22, mem=4.00MB), (p=23, mem=4.00MB), (p=24, mem=4.00MB)]]}, missRateCurves={7e44bd5dd8910d9d6c2725814f8889da=MRC[points=[(size=4.00mb, mr=1.0000), (size=8.00mb, mr=1.0000), (size=12.00mb, mr=1.0000), (size=16.00mb, mr=0.0000)]], 57590a9205cdecedbcec3b0e776bee99=MRC[points=[(size=4.00mb, mr=0.2587), (size=8.00mb, mr=0.2573), (size=12.00mb, mr=0.2571), (size=16.00mb, mr=0.2570), (size=20.00mb, mr=0.2569), (size=24.00mb, mr=0.2569), (size=28.00mb, mr=0.2568), (size=32.00mb, mr=0.2566), (size=36.00mb, mr=0.2566), (size=40.00mb, mr=0.2565), (size=44.00mb, mr=0.2565), (size=48.00mb, mr=0.2564), (size=52.00mb, mr=0.2563), (size=56.00mb, mr=0.2563), (size=60.00mb, mr=0.2563), (size=64.00mb, mr=0.2562)]]})
[m[33m2026-03-23 18:06:25,954[m [36mo.a.f.a.a.A4S                 [m [32m[INFO ][default/flink] A4S: Attempt 0 - Making decisions
[m[33m2026-03-23 18:06:25,954[m [36mo.a.f.a.a.A4S                 [m [33m[WARN ][default/flink] A4S: No memory parallelism curve found for operator e3dfc0d7e9ecd8a43f85f0b68ebf3b80
[m[33m2026-03-23 18:06:25,954[m [36mo.a.f.a.a.A4S                 [m [32m[INFO ][default/flink] A4S: Operator 7e44bd5dd8910d9d6c2725814f8889da placed with parallelism 1 and memory 4.0MB
[m[33m2026-03-23 18:06:25,954[m [36mo.a.f.a.a.A4S                 [m [33m[WARN ][default/flink] A4S: No memory parallelism curve found for operator 2a5a8360d8634434d28d438c7f43fa68
[m[33m2026-03-23 18:06:25,954[m [36mo.a.f.a.a.A4S                 [m [32m[INFO ][default/flink] A4S: Operator 57590a9205cdecedbcec3b0e776bee99 placed with parallelism 1 and memory 4.0MB
[m[33m2026-03-23 18:06:25,954[m [36mo.a.f.a.a.A4S                 [m [32m[INFO ][default/flink] A4S: Decisions: {7e44bd5dd8910d9d6c2725814f8889da=A4SDecision[p=1, mem=4.00MB], 57590a9205cdecedbcec3b0e776bee99=A4SDecision[p=1, mem=4.00MB]}
[m[33m2026-03-23 18:06:25,954[m [36mo.a.f.a.ScalingExecutor       [m [36m[DEBUG][default/flink] A4S: Vertex 7e44bd5dd8910d9d6c2725814f8889da has parallelism 1 and memory 34.0MB
[m[33m2026-03-23 18:06:25,954[m [36mo.a.f.a.ScalingExecutor       [m [36m[DEBUG][default/flink] A4S: Vertex 2a5a8360d8634434d28d438c7f43fa68 has parallelism 1 and memory 30.0MB
[m[33m2026-03-23 18:06:25,954[m [36mo.a.f.a.ScalingExecutor       [m [36m[DEBUG][default/flink] A4S: Vertex 57590a9205cdecedbcec3b0e776bee99 has parallelism 1 and memory 34.0MB
[m[33m2026-03-23 18:06:25,954[m [36mo.a.f.a.ScalingExecutor       [m [36m[DEBUG][default/flink] A4S: Vertex e3dfc0d7e9ecd8a43f85f0b68ebf3b80 has parallelism 3 and memory 30.0MB
[m[33m2026-03-23 18:07:42,681[m [36mo.a.f.a.ScalingMetricEvaluator[m [36m[DEBUG][default/flink] A4S: Evaluating metrics for vertex e3dfc0d7e9ecd8a43f85f0b68ebf3b80
[m[33m2026-03-23 18:07:42,681[m [36mo.a.f.a.ScalingMetricEvaluator[m [33m[WARN ][default/flink] A4S: No miss rate curve found for vertex e3dfc0d7e9ecd8a43f85f0b68ebf3b80, skipping
[m[33m2026-03-23 18:07:42,681[m [36mo.a.f.a.ScalingMetricEvaluator[m [36m[DEBUG][default/flink] A4S: Evaluating metrics for vertex 7e44bd5dd8910d9d6c2725814f8889da
[m[33m2026-03-23 18:07:42,682[m [36mo.a.f.a.ScalingMetricEvaluator[m [36m[DEBUG][default/flink] A4S: Evaluating metrics for vertex 2a5a8360d8634434d28d438c7f43fa68
[m[33m2026-03-23 18:07:42,682[m [36mo.a.f.a.ScalingMetricEvaluator[m [36m[DEBUG][default/flink] A4S: Evaluating metrics for vertex 57590a9205cdecedbcec3b0e776bee99
[m[33m2026-03-23 18:07:42,682[m [36mo.a.f.a.ScalingMetricEvaluator[m [33m[WARN ][default/flink] A4S: No miss rate curve found for vertex 57590a9205cdecedbcec3b0e776bee99, skipping
[m[33m2026-03-23 18:07:57,875[m [36mo.a.f.a.ScalingMetricEvaluator[m [36m[DEBUG][default/flink] A4S: Evaluating metrics for vertex e3dfc0d7e9ecd8a43f85f0b68ebf3b80
[m[33m2026-03-23 18:07:57,875[m [36mo.a.f.a.ScalingMetricEvaluator[m [33m[WARN ][default/flink] A4S: No miss rate curve found for vertex e3dfc0d7e9ecd8a43f85f0b68ebf3b80, skipping
[m[33m2026-03-23 18:07:57,876[m [36mo.a.f.a.ScalingMetricEvaluator[m [36m[DEBUG][default/flink] A4S: Evaluating metrics for vertex 7e44bd5dd8910d9d6c2725814f8889da
[m[33m2026-03-23 18:07:57,876[m [36mo.a.f.a.ScalingMetricEvaluator[m [36m[DEBUG][default/flink] A4S: Evaluating metrics for vertex 2a5a8360d8634434d28d438c7f43fa68
[m[33m2026-03-23 18:07:57,876[m [36mo.a.f.a.ScalingMetricEvaluator[m [33m[WARN ][default/flink] A4S: No miss rate curve found for vertex 2a5a8360d8634434d28d438c7f43fa68, skipping
[m[33m2026-03-23 18:07:57,876[m [36mo.a.f.a.ScalingMetricEvaluator[m [36m[DEBUG][default/flink] A4S: Evaluating metrics for vertex 57590a9205cdecedbcec3b0e776bee99
[m[33m2026-03-23 18:07:57,876[m [36mo.a.f.a.ScalingMetricEvaluator[m [33m[WARN ][default/flink] A4S: No miss rate curve found for vertex 57590a9205cdecedbcec3b0e776bee99, skipping
[m[33m2026-03-23 18:08:13,035[m [36mo.a.f.a.ScalingMetricEvaluator[m [36m[DEBUG][default/flink] A4S: Evaluating metrics for vertex e3dfc0d7e9ecd8a43f85f0b68ebf3b80
[m[33m2026-03-23 18:08:13,035[m [36mo.a.f.a.ScalingMetricEvaluator[m [33m[WARN ][default/flink] A4S: No miss rate curve found for vertex e3dfc0d7e9ecd8a43f85f0b68ebf3b80, skipping
[m[33m2026-03-23 18:08:13,035[m [36mo.a.f.a.ScalingMetricEvaluator[m [36m[DEBUG][default/flink] A4S: Evaluating metrics for vertex 7e44bd5dd8910d9d6c2725814f8889da
[m[33m2026-03-23 18:08:13,036[m [36mo.a.f.a.ScalingMetricEvaluator[m [36m[DEBUG][default/flink] A4S: Evaluating metrics for vertex 2a5a8360d8634434d28d438c7f43fa68
[m[33m2026-03-23 18:08:13,036[m [36mo.a.f.a.ScalingMetricEvaluator[m [33m[WARN ][default/flink] A4S: No miss rate curve found for vertex 2a5a8360d8634434d28d438c7f43fa68, skipping
[m[33m2026-03-23 18:08:13,036[m [36mo.a.f.a.ScalingMetricEvaluator[m [36m[DEBUG][default/flink] A4S: Evaluating metrics for vertex 57590a9205cdecedbcec3b0e776bee99
[m[33m2026-03-23 18:08:13,036[m [36mo.a.f.a.ScalingMetricEvaluator[m [33m[WARN ][default/flink] A4S: No miss rate curve found for vertex 57590a9205cdecedbcec3b0e776bee99, skipping
[m[33m2026-03-23 18:08:28,200[m [36mo.a.f.a.ScalingMetricEvaluator[m [36m[DEBUG][default/flink] A4S: Evaluating metrics for vertex e3dfc0d7e9ecd8a43f85f0b68ebf3b80
[m[33m2026-03-23 18:08:28,200[m [36mo.a.f.a.ScalingMetricEvaluator[m [33m[WARN ][default/flink] A4S: No miss rate curve found for vertex e3dfc0d7e9ecd8a43f85f0b68ebf3b80, skipping
[m[33m2026-03-23 18:08:28,200[m [36mo.a.f.a.ScalingMetricEvaluator[m [36m[DEBUG][default/flink] A4S: Evaluating metrics for vertex 7e44bd5dd8910d9d6c2725814f8889da
[m[33m2026-03-23 18:08:28,200[m [36mo.a.f.a.ScalingMetricEvaluator[m [36m[DEBUG][default/flink] A4S: Evaluating metrics for vertex 2a5a8360d8634434d28d438c7f43fa68
[m[33m2026-03-23 18:08:28,201[m [36mo.a.f.a.ScalingMetricEvaluator[m [36m[DEBUG][default/flink] A4S: Evaluating metrics for vertex 57590a9205cdecedbcec3b0e776bee99
[m[33m2026-03-23 18:08:43,394[m [36mo.a.f.a.ScalingMetricEvaluator[m [36m[DEBUG][default/flink] A4S: Evaluating metrics for vertex e3dfc0d7e9ecd8a43f85f0b68ebf3b80
[m[33m2026-03-23 18:08:43,394[m [36mo.a.f.a.ScalingMetricEvaluator[m [33m[WARN ][default/flink] A4S: No miss rate curve found for vertex e3dfc0d7e9ecd8a43f85f0b68ebf3b80, skipping
[m[33m2026-03-23 18:08:43,395[m [36mo.a.f.a.ScalingMetricEvaluator[m [36m[DEBUG][default/flink] A4S: Evaluating metrics for vertex 7e44bd5dd8910d9d6c2725814f8889da
[m[33m2026-03-23 18:08:43,395[m [36mo.a.f.a.ScalingMetricEvaluator[m [36m[DEBUG][default/flink] A4S: Evaluating metrics for vertex 2a5a8360d8634434d28d438c7f43fa68
[m[33m2026-03-23 18:08:43,395[m [36mo.a.f.a.ScalingMetricEvaluator[m [33m[WARN ][default/flink] A4S: No miss rate curve found for vertex 2a5a8360d8634434d28d438c7f43fa68, skipping
[m[33m2026-03-23 18:08:43,396[m [36mo.a.f.a.ScalingMetricEvaluator[m [36m[DEBUG][default/flink] A4S: Evaluating metrics for vertex 57590a9205cdecedbcec3b0e776bee99
[m[33m2026-03-23 18:08:58,574[m [36mo.a.f.a.ScalingMetricEvaluator[m [36m[DEBUG][default/flink] A4S: Evaluating metrics for vertex e3dfc0d7e9ecd8a43f85f0b68ebf3b80
[m[33m2026-03-23 18:08:58,574[m [36mo.a.f.a.ScalingMetricEvaluator[m [33m[WARN ][default/flink] A4S: No miss rate curve found for vertex e3dfc0d7e9ecd8a43f85f0b68ebf3b80, skipping
[m[33m2026-03-23 18:08:58,574[m [36mo.a.f.a.ScalingMetricEvaluator[m [36m[DEBUG][default/flink] A4S: Evaluating metrics for vertex 7e44bd5dd8910d9d6c2725814f8889da
[m[33m2026-03-23 18:08:58,574[m [36mo.a.f.a.ScalingMetricEvaluator[m [36m[DEBUG][default/flink] A4S: Evaluating metrics for vertex 2a5a8360d8634434d28d438c7f43fa68
[m[33m2026-03-23 18:08:58,574[m [36mo.a.f.a.ScalingMetricEvaluator[m [33m[WARN ][default/flink] A4S: No miss rate curve found for vertex 2a5a8360d8634434d28d438c7f43fa68, skipping
[m[33m2026-03-23 18:08:58,575[m [36mo.a.f.a.ScalingMetricEvaluator[m [36m[DEBUG][default/flink] A4S: Evaluating metrics for vertex 57590a9205cdecedbcec3b0e776bee99
[m[33m2026-03-23 18:08:58,575[m [36mo.a.f.a.ScalingMetricEvaluator[m [33m[WARN ][default/flink] A4S: No miss rate curve found for vertex 57590a9205cdecedbcec3b0e776bee99, skipping
[m[33m2026-03-23 18:09:13,747[m [36mo.a.f.a.ScalingMetricEvaluator[m [36m[DEBUG][default/flink] A4S: Evaluating metrics for vertex e3dfc0d7e9ecd8a43f85f0b68ebf3b80
[m[33m2026-03-23 18:09:13,747[m [36mo.a.f.a.ScalingMetricEvaluator[m [33m[WARN ][default/flink] A4S: No miss rate curve found for vertex e3dfc0d7e9ecd8a43f85f0b68ebf3b80, skipping
[m[33m2026-03-23 18:09:13,747[m [36mo.a.f.a.ScalingMetricEvaluator[m [36m[DEBUG][default/flink] A4S: Evaluating metrics for vertex 7e44bd5dd8910d9d6c2725814f8889da
[m[33m2026-03-23 18:09:13,748[m [36mo.a.f.a.ScalingMetricEvaluator[m [36m[DEBUG][default/flink] A4S: Evaluating metrics for vertex 2a5a8360d8634434d28d438c7f43fa68
[m[33m2026-03-23 18:09:13,749[m [36mo.a.f.a.ScalingMetricEvaluator[m [36m[DEBUG][default/flink] A4S: Evaluating metrics for vertex 57590a9205cdecedbcec3b0e776bee99
[m[33m2026-03-23 18:09:29,009[m [36mo.a.f.a.ScalingMetricEvaluator[m [36m[DEBUG][default/flink] A4S: Evaluating metrics for vertex e3dfc0d7e9ecd8a43f85f0b68ebf3b80
[m[33m2026-03-23 18:09:29,009[m [36mo.a.f.a.ScalingMetricEvaluator[m [33m[WARN ][default/flink] A4S: No miss rate curve found for vertex e3dfc0d7e9ecd8a43f85f0b68ebf3b80, skipping
[m[33m2026-03-23 18:09:29,009[m [36mo.a.f.a.ScalingMetricEvaluator[m [36m[DEBUG][default/flink] A4S: Evaluating metrics for vertex 7e44bd5dd8910d9d6c2725814f8889da
[m[33m2026-03-23 18:09:29,010[m [36mo.a.f.a.ScalingMetricEvaluator[m [36m[DEBUG][default/flink] A4S: Evaluating metrics for vertex 2a5a8360d8634434d28d438c7f43fa68
[m[33m2026-03-23 18:09:29,010[m [36mo.a.f.a.ScalingMetricEvaluator[m [33m[WARN ][default/flink] A4S: No miss rate curve found for vertex 2a5a8360d8634434d28d438c7f43fa68, skipping
[m[33m2026-03-23 18:09:29,010[m [36mo.a.f.a.ScalingMetricEvaluator[m [36m[DEBUG][default/flink] A4S: Evaluating metrics for vertex 57590a9205cdecedbcec3b0e776bee99
[m[33m2026-03-23 18:09:44,186[m [36mo.a.f.a.ScalingMetricEvaluator[m [36m[DEBUG][default/flink] A4S: Evaluating metrics for vertex e3dfc0d7e9ecd8a43f85f0b68ebf3b80
[m[33m2026-03-23 18:09:44,186[m [36mo.a.f.a.ScalingMetricEvaluator[m [33m[WARN ][default/flink] A4S: No miss rate curve found for vertex e3dfc0d7e9ecd8a43f85f0b68ebf3b80, skipping
[m[33m2026-03-23 18:09:44,187[m [36mo.a.f.a.ScalingMetricEvaluator[m [36m[DEBUG][default/flink] A4S: Evaluating metrics for vertex 7e44bd5dd8910d9d6c2725814f8889da
[m[33m2026-03-23 18:09:44,187[m [36mo.a.f.a.ScalingMetricEvaluator[m [36m[DEBUG][default/flink] A4S: Evaluating metrics for vertex 2a5a8360d8634434d28d438c7f43fa68
[m[33m2026-03-23 18:09:44,187[m [36mo.a.f.a.ScalingMetricEvaluator[m [33m[WARN ][default/flink] A4S: No miss rate curve found for vertex 2a5a8360d8634434d28d438c7f43fa68, skipping
[m[33m2026-03-23 18:09:44,187[m [36mo.a.f.a.ScalingMetricEvaluator[m [36m[DEBUG][default/flink] A4S: Evaluating metrics for vertex 57590a9205cdecedbcec3b0e776bee99
[m[33m2026-03-23 18:09:44,187[m [36mo.a.f.a.ScalingMetricEvaluator[m [33m[WARN ][default/flink] A4S: No miss rate curve found for vertex 57590a9205cdecedbcec3b0e776bee99, skipping
[m[33m2026-03-23 18:09:44,258[m [36mo.a.f.a.ScalingExecutor       [m [36m[DEBUG][default/flink] A4S: Evaluated Metrics: EvaluatedMetrics(vertexMetrics={7e44bd5dd8910d9d6c2725814f8889da={TARGET_DATA_RATE=EvaluatedScalingMetric(current=NaN, average=565.473), PARALLELISM=EvaluatedScalingMetric(current=1.0, average=NaN), ROCKS_DB_BLOCK_CACHE_HIT_RATE=EvaluatedScalingMetric(current=0.11, average=0.125), RECOMMENDED_PARALLELISM=EvaluatedScalingMetric(current=3.0, average=NaN), CATCH_UP_DATA_RATE=EvaluatedScalingMetric(current=0.0, average=NaN), INPUT_RATE=EvaluatedScalingMetric(current=NaN, average=565.473), EXPECTED_PROCESSING_RATE=EvaluatedScalingMetric(current=1225.0, average=NaN), NUM_SOURCE_PARTITIONS=EvaluatedScalingMetric(current=0.0, average=NaN), LOAD=EvaluatedScalingMetric(current=NaN, average=1.0), MAX_PARALLELISM=EvaluatedScalingMetric(current=24.0, average=NaN), SCALE_DOWN_RATE_THRESHOLD=EvaluatedScalingMetric(current=2922.0, average=NaN), SCALE_UP_RATE_THRESHOLD=EvaluatedScalingMetric(current=707.0, average=NaN), TRUE_PROCESSING_RATE=EvaluatedScalingMetric(current=NaN, average=565.473)}, 2a5a8360d8634434d28d438c7f43fa68={SCALE_DOWN_RATE_THRESHOLD=EvaluatedScalingMetric(current=1860.0, average=NaN), TARGET_DATA_RATE=EvaluatedScalingMetric(current=NaN, average=360.035), PARALLELISM=EvaluatedScalingMetric(current=1.0, average=NaN), ROCKS_DB_BLOCK_CACHE_HIT_RATE=EvaluatedScalingMetric(current=0.215, average=0.215), RECOMMENDED_PARALLELISM=EvaluatedScalingMetric(current=1.0, average=NaN), SCALE_UP_RATE_THRESHOLD=EvaluatedScalingMetric(current=450.0, average=NaN), CATCH_UP_DATA_RATE=EvaluatedScalingMetric(current=0.0, average=NaN), TRUE_PROCESSING_RATE=EvaluatedScalingMetric(current=NaN, average=1596.609), INPUT_RATE=EvaluatedScalingMetric(current=NaN, average=360.035), NUM_SOURCE_PARTITIONS=EvaluatedScalingMetric(current=0.0, average=NaN), LOAD=EvaluatedScalingMetric(current=NaN, average=0.226), MAX_PARALLELISM=EvaluatedScalingMetric(current=24.0, average=NaN)}, 57590a9205cdecedbcec3b0e776bee99={TARGET_DATA_RATE=EvaluatedScalingMetric(current=NaN, average=845.176), PARALLELISM=EvaluatedScalingMetric(current=1.0, average=NaN), ROCKS_DB_BLOCK_CACHE_HIT_RATE=EvaluatedScalingMetric(current=0.014, average=0.014), RECOMMENDED_PARALLELISM=EvaluatedScalingMetric(current=2.0, average=NaN), CATCH_UP_DATA_RATE=EvaluatedScalingMetric(current=0.0, average=NaN), INPUT_RATE=EvaluatedScalingMetric(current=NaN, average=856.349), EXPECTED_PROCESSING_RATE=EvaluatedScalingMetric(current=1831.0, average=NaN), NUM_SOURCE_PARTITIONS=EvaluatedScalingMetric(current=0.0, average=NaN), LOAD=EvaluatedScalingMetric(current=NaN, average=0.673), MAX_PARALLELISM=EvaluatedScalingMetric(current=24.0, average=NaN), SCALE_DOWN_RATE_THRESHOLD=EvaluatedScalingMetric(current=4367.0, average=NaN), SCALE_UP_RATE_THRESHOLD=EvaluatedScalingMetric(current=1056.0, average=NaN), TRUE_PROCESSING_RATE=EvaluatedScalingMetric(current=NaN, average=1272.435)}, e3dfc0d7e9ecd8a43f85f0b68ebf3b80={TARGET_DATA_RATE=EvaluatedScalingMetric(current=NaN, average=28215.688), PARALLELISM=EvaluatedScalingMetric(current=3.0, average=NaN), RECOMMENDED_PARALLELISM=EvaluatedScalingMetric(current=3.0, average=NaN), CATCH_UP_DATA_RATE=EvaluatedScalingMetric(current=0.0, average=NaN), INPUT_RATE=EvaluatedScalingMetric(current=NaN, average=28215.688), EXPECTED_PROCESSING_RATE=EvaluatedScalingMetric(current=Infinity, average=NaN), NUM_SOURCE_PARTITIONS=EvaluatedScalingMetric(current=0.0, average=NaN), LOAD=EvaluatedScalingMetric(current=NaN, average=0.0), MAX_PARALLELISM=EvaluatedScalingMetric(current=24.0, average=NaN), SCALE_DOWN_RATE_THRESHOLD=EvaluatedScalingMetric(current=145781.0, average=NaN), LAG=EvaluatedScalingMetric(current=0.0, average=NaN), SCALE_UP_RATE_THRESHOLD=EvaluatedScalingMetric(current=35270.0, average=NaN), TRUE_PROCESSING_RATE=EvaluatedScalingMetric(current=NaN, average=Infinity)}}, globalMetrics={METASPACE_MEMORY_USED=EvaluatedScalingMetric(current=5.700932E7, average=5.6908219E7), HEAP_MAX_USAGE_RATIO=EvaluatedScalingMetric(current=0.572, average=0.49), GC_PRESSURE=EvaluatedScalingMetric(current=NaN, average=NaN), MANAGED_MEMORY_USED=EvaluatedScalingMetric(current=5.5836672E7, average=5.5836672E7), HEAP_MEMORY_USED=EvaluatedScalingMetric(current=3.99306176E8, average=3.42100258E8), NUM_TASK_SLOTS_USED=EvaluatedScalingMetric(current=6.0, average=NaN)}, memoryParallelismCurves={7e44bd5dd8910d9d6c2725814f8889da=MPC[target=565.47, minParallelism=1, maxParallelism=24, points=[(p=1, mem=4.00MB), (p=2, mem=4.00MB), (p=3, mem=4.00MB), (p=4, mem=4.00MB), (p=5, mem=4.00MB), (p=6, mem=4.00MB), (p=7, mem=4.00MB), (p=8, mem=4.00MB), (p=9, mem=4.00MB), (p=10, mem=4.00MB), (p=11, mem=4.00MB), (p=12, mem=4.00MB), (p=13, mem=4.00MB), (p=14, mem=4.00MB), (p=15, mem=4.00MB), (p=16, mem=4.00MB), (p=17, mem=4.00MB), (p=18, mem=4.00MB), (p=19, mem=4.00MB), (p=20, mem=4.00MB), (p=21, mem=4.00MB), (p=22, mem=4.00MB), (p=23, mem=4.00MB), (p=24, mem=4.00MB)]]}, missRateCurves={7e44bd5dd8910d9d6c2725814f8889da=MRC[points=[(size=4.00mb, mr=0.9107), (size=8.00mb, mr=0.9107), (size=12.00mb, mr=0.9107), (size=16.00mb, mr=0.7003), (size=20.00mb, mr=0.6274), (size=24.00mb, mr=0.6190)]]})
[m[33m2026-03-23 18:09:44,258[m [36mo.a.f.a.a.A4S                 [m [32m[INFO ][default/flink] A4S: Attempt 0 - Making decisions
[m[33m2026-03-23 18:09:44,258[m [36mo.a.f.a.a.A4S                 [m [33m[WARN ][default/flink] A4S: No memory parallelism curve found for operator e3dfc0d7e9ecd8a43f85f0b68ebf3b80
[m[33m2026-03-23 18:09:44,259[m [36mo.a.f.a.a.A4S                 [m [32m[INFO ][default/flink] A4S: Operator 7e44bd5dd8910d9d6c2725814f8889da placed with parallelism 3 and memory 4.0MB
[m[33m2026-03-23 18:09:44,259[m [36mo.a.f.a.a.A4S                 [m [33m[WARN ][default/flink] A4S: No memory parallelism curve found for operator 2a5a8360d8634434d28d438c7f43fa68
[m[33m2026-03-23 18:09:44,259[m [36mo.a.f.a.a.A4S                 [m [33m[WARN ][default/flink] A4S: No memory parallelism curve found for operator 57590a9205cdecedbcec3b0e776bee99
[m[33m2026-03-23 18:09:44,259[m [36mo.a.f.a.a.A4S                 [m [32m[INFO ][default/flink] A4S: Decisions: {7e44bd5dd8910d9d6c2725814f8889da=A4SDecision[p=3, mem=4.00MB]}
[m[33m2026-03-23 18:09:44,259[m [36mo.a.f.a.ScalingExecutor       [m [36m[DEBUG][default/flink] A4S: Vertex 7e44bd5dd8910d9d6c2725814f8889da has parallelism 3 and memory 34.0MB
[m[33m2026-03-23 18:09:44,259[m [36mo.a.f.a.ScalingExecutor       [m [36m[DEBUG][default/flink] A4S: Vertex 2a5a8360d8634434d28d438c7f43fa68 has parallelism 1 and memory 30.0MB
[m[33m2026-03-23 18:09:44,259[m [36mo.a.f.a.ScalingExecutor       [m [36m[DEBUG][default/flink] A4S: Vertex 57590a9205cdecedbcec3b0e776bee99 has parallelism 2 and memory 30.0MB
[m[33m2026-03-23 18:09:44,259[m [36mo.a.f.a.ScalingExecutor       [m [36m[DEBUG][default/flink] A4S: Vertex e3dfc0d7e9ecd8a43f85f0b68ebf3b80 has parallelism 3 and memory 30.0MB
[m[33m2026-03-23 18:11:00,418[m [36mo.a.f.a.ScalingMetricEvaluator[m [36m[DEBUG][default/flink] A4S: Evaluating metrics for vertex e3dfc0d7e9ecd8a43f85f0b68ebf3b80
[m[33m2026-03-23 18:11:00,418[m [36mo.a.f.a.ScalingMetricEvaluator[m [33m[WARN ][default/flink] A4S: No miss rate curve found for vertex e3dfc0d7e9ecd8a43f85f0b68ebf3b80, skipping
[m[33m2026-03-23 18:11:00,418[m [36mo.a.f.a.ScalingMetricEvaluator[m [36m[DEBUG][default/flink] A4S: Evaluating metrics for vertex 7e44bd5dd8910d9d6c2725814f8889da
[m[33m2026-03-23 18:11:00,419[m [36mo.a.f.a.ScalingMetricEvaluator[m [36m[DEBUG][default/flink] A4S: Evaluating metrics for vertex 2a5a8360d8634434d28d438c7f43fa68
[m[33m2026-03-23 18:11:00,420[m [36mo.a.f.a.ScalingMetricEvaluator[m [36m[DEBUG][default/flink] A4S: Evaluating metrics for vertex 57590a9205cdecedbcec3b0e776bee99
[m[33m2026-03-23 18:11:00,420[m [36mo.a.f.a.ScalingMetricEvaluator[m [33m[WARN ][default/flink] A4S: No miss rate curve found for vertex 57590a9205cdecedbcec3b0e776bee99, skipping
[m[33m2026-03-23 18:11:15,601[m [36mo.a.f.a.ScalingMetricEvaluator[m [36m[DEBUG][default/flink] A4S: Evaluating metrics for vertex e3dfc0d7e9ecd8a43f85f0b68ebf3b80
[m[33m2026-03-23 18:11:15,601[m [36mo.a.f.a.ScalingMetricEvaluator[m [33m[WARN ][default/flink] A4S: No miss rate curve found for vertex e3dfc0d7e9ecd8a43f85f0b68ebf3b80, skipping
[m[33m2026-03-23 18:11:15,601[m [36mo.a.f.a.ScalingMetricEvaluator[m [36m[DEBUG][default/flink] A4S: Evaluating metrics for vertex 7e44bd5dd8910d9d6c2725814f8889da
[m[33m2026-03-23 18:11:15,602[m [36mo.a.f.a.ScalingMetricEvaluator[m [36m[DEBUG][default/flink] A4S: Evaluating metrics for vertex 2a5a8360d8634434d28d438c7f43fa68
[m[33m2026-03-23 18:11:15,602[m [36mo.a.f.a.ScalingMetricEvaluator[m [36m[DEBUG][default/flink] A4S: Evaluating metrics for vertex 57590a9205cdecedbcec3b0e776bee99
[m[33m2026-03-23 18:11:30,774[m [36mo.a.f.a.ScalingMetricEvaluator[m [36m[DEBUG][default/flink] A4S: Evaluating metrics for vertex e3dfc0d7e9ecd8a43f85f0b68ebf3b80
[m[33m2026-03-23 18:11:30,774[m [36mo.a.f.a.ScalingMetricEvaluator[m [33m[WARN ][default/flink] A4S: No miss rate curve found for vertex e3dfc0d7e9ecd8a43f85f0b68ebf3b80, skipping
[m[33m2026-03-23 18:11:30,774[m [36mo.a.f.a.ScalingMetricEvaluator[m [36m[DEBUG][default/flink] A4S: Evaluating metrics for vertex 7e44bd5dd8910d9d6c2725814f8889da
[m[33m2026-03-23 18:11:30,775[m [36mo.a.f.a.ScalingMetricEvaluator[m [36m[DEBUG][default/flink] A4S: Evaluating metrics for vertex 2a5a8360d8634434d28d438c7f43fa68
[m[33m2026-03-23 18:11:30,776[m [36mo.a.f.a.ScalingMetricEvaluator[m [36m[DEBUG][default/flink] A4S: Evaluating metrics for vertex 57590a9205cdecedbcec3b0e776bee99
[m[33m2026-03-23 18:11:30,776[m [36mo.a.f.a.ScalingMetricEvaluator[m [33m[WARN ][default/flink] A4S: No miss rate curve found for vertex 57590a9205cdecedbcec3b0e776bee99, skipping
[m[33m2026-03-23 18:11:45,939[m [36mo.a.f.a.ScalingMetricEvaluator[m [36m[DEBUG][default/flink] A4S: Evaluating metrics for vertex e3dfc0d7e9ecd8a43f85f0b68ebf3b80
[m[33m2026-03-23 18:11:45,939[m [36mo.a.f.a.ScalingMetricEvaluator[m [33m[WARN ][default/flink] A4S: No miss rate curve found for vertex e3dfc0d7e9ecd8a43f85f0b68ebf3b80, skipping
[m[33m2026-03-23 18:11:45,939[m [36mo.a.f.a.ScalingMetricEvaluator[m [36m[DEBUG][default/flink] A4S: Evaluating metrics for vertex 7e44bd5dd8910d9d6c2725814f8889da
[m[33m2026-03-23 18:11:45,940[m [36mo.a.f.a.ScalingMetricEvaluator[m [36m[DEBUG][default/flink] A4S: Evaluating metrics for vertex 2a5a8360d8634434d28d438c7f43fa68
[m[33m2026-03-23 18:11:45,940[m [36mo.a.f.a.ScalingMetricEvaluator[m [36m[DEBUG][default/flink] A4S: Evaluating metrics for vertex 57590a9205cdecedbcec3b0e776bee99
[m[33m2026-03-23 18:12:01,101[m [36mo.a.f.a.ScalingMetricEvaluator[m [36m[DEBUG][default/flink] A4S: Evaluating metrics for vertex e3dfc0d7e9ecd8a43f85f0b68ebf3b80
[m[33m2026-03-23 18:12:01,101[m [36mo.a.f.a.ScalingMetricEvaluator[m [33m[WARN ][default/flink] A4S: No miss rate curve found for vertex e3dfc0d7e9ecd8a43f85f0b68ebf3b80, skipping
[m[33m2026-03-23 18:12:01,102[m [36mo.a.f.a.ScalingMetricEvaluator[m [36m[DEBUG][default/flink] A4S: Evaluating metrics for vertex 7e44bd5dd8910d9d6c2725814f8889da
[m[33m2026-03-23 18:12:01,102[m [36mo.a.f.a.ScalingMetricEvaluator[m [36m[DEBUG][default/flink] A4S: Evaluating metrics for vertex 2a5a8360d8634434d28d438c7f43fa68
[m[33m2026-03-23 18:12:01,103[m [36mo.a.f.a.ScalingMetricEvaluator[m [36m[DEBUG][default/flink] A4S: Evaluating metrics for vertex 57590a9205cdecedbcec3b0e776bee99
[m[33m2026-03-23 18:12:01,103[m [36mo.a.f.a.ScalingMetricEvaluator[m [33m[WARN ][default/flink] A4S: No miss rate curve found for vertex 57590a9205cdecedbcec3b0e776bee99, skipping
[m[33m2026-03-23 18:12:16,287[m [36mo.a.f.a.ScalingMetricEvaluator[m [36m[DEBUG][default/flink] A4S: Evaluating metrics for vertex e3dfc0d7e9ecd8a43f85f0b68ebf3b80
[m[33m2026-03-23 18:12:16,287[m [36mo.a.f.a.ScalingMetricEvaluator[m [33m[WARN ][default/flink] A4S: No miss rate curve found for vertex e3dfc0d7e9ecd8a43f85f0b68ebf3b80, skipping
[m[33m2026-03-23 18:12:16,287[m [36mo.a.f.a.ScalingMetricEvaluator[m [36m[DEBUG][default/flink] A4S: Evaluating metrics for vertex 7e44bd5dd8910d9d6c2725814f8889da
[m[33m2026-03-23 18:12:16,287[m [36mo.a.f.a.ScalingMetricEvaluator[m [33m[WARN ][default/flink] A4S: No miss rate curve found for vertex 7e44bd5dd8910d9d6c2725814f8889da, skipping
[m[33m2026-03-23 18:12:16,287[m [36mo.a.f.a.ScalingMetricEvaluator[m [36m[DEBUG][default/flink] A4S: Evaluating metrics for vertex 2a5a8360d8634434d28d438c7f43fa68
[m[33m2026-03-23 18:12:16,287[m [36mo.a.f.a.ScalingMetricEvaluator[m [36m[DEBUG][default/flink] A4S: Evaluating metrics for vertex 57590a9205cdecedbcec3b0e776bee99
[m[33m2026-03-23 18:12:31,468[m [36mo.a.f.a.ScalingMetricEvaluator[m [36m[DEBUG][default/flink] A4S: Evaluating metrics for vertex e3dfc0d7e9ecd8a43f85f0b68ebf3b80
[m[33m2026-03-23 18:12:31,468[m [36mo.a.f.a.ScalingMetricEvaluator[m [33m[WARN ][default/flink] A4S: No miss rate curve found for vertex e3dfc0d7e9ecd8a43f85f0b68ebf3b80, skipping
[m[33m2026-03-23 18:12:31,468[m [36mo.a.f.a.ScalingMetricEvaluator[m [36m[DEBUG][default/flink] A4S: Evaluating metrics for vertex 7e44bd5dd8910d9d6c2725814f8889da
[m[33m2026-03-23 18:12:31,469[m [36mo.a.f.a.ScalingMetricEvaluator[m [36m[DEBUG][default/flink] A4S: Evaluating metrics for vertex 2a5a8360d8634434d28d438c7f43fa68
[m[33m2026-03-23 18:12:31,469[m [36mo.a.f.a.ScalingMetricEvaluator[m [36m[DEBUG][default/flink] A4S: Evaluating metrics for vertex 57590a9205cdecedbcec3b0e776bee99
[m[33m2026-03-23 18:12:31,469[m [36mo.a.f.a.ScalingMetricEvaluator[m [33m[WARN ][default/flink] A4S: No miss rate curve found for vertex 57590a9205cdecedbcec3b0e776bee99, skipping
[m[33m2026-03-23 18:12:46,638[m [36mo.a.f.a.ScalingMetricEvaluator[m [36m[DEBUG][default/flink] A4S: Evaluating metrics for vertex e3dfc0d7e9ecd8a43f85f0b68ebf3b80
[m[33m2026-03-23 18:12:46,638[m [36mo.a.f.a.ScalingMetricEvaluator[m [33m[WARN ][default/flink] A4S: No miss rate curve found for vertex e3dfc0d7e9ecd8a43f85f0b68ebf3b80, skipping
[m[33m2026-03-23 18:12:46,638[m [36mo.a.f.a.ScalingMetricEvaluator[m [36m[DEBUG][default/flink] A4S: Evaluating metrics for vertex 7e44bd5dd8910d9d6c2725814f8889da
[m[33m2026-03-23 18:12:46,639[m [36mo.a.f.a.ScalingMetricEvaluator[m [36m[DEBUG][default/flink] A4S: Evaluating metrics for vertex 2a5a8360d8634434d28d438c7f43fa68
[m[33m2026-03-23 18:12:46,640[m [36mo.a.f.a.ScalingMetricEvaluator[m [36m[DEBUG][default/flink] A4S: Evaluating metrics for vertex 57590a9205cdecedbcec3b0e776bee99
[m[33m2026-03-23 18:13:01,805[m [36mo.a.f.a.ScalingMetricEvaluator[m [36m[DEBUG][default/flink] A4S: Evaluating metrics for vertex e3dfc0d7e9ecd8a43f85f0b68ebf3b80
[m[33m2026-03-23 18:13:01,806[m [36mo.a.f.a.ScalingMetricEvaluator[m [33m[WARN ][default/flink] A4S: No miss rate curve found for vertex e3dfc0d7e9ecd8a43f85f0b68ebf3b80, skipping
[m[33m2026-03-23 18:13:01,806[m [36mo.a.f.a.ScalingMetricEvaluator[m [36m[DEBUG][default/flink] A4S: Evaluating metrics for vertex 7e44bd5dd8910d9d6c2725814f8889da
[m[33m2026-03-23 18:13:01,806[m [36mo.a.f.a.ScalingMetricEvaluator[m [36m[DEBUG][default/flink] A4S: Evaluating metrics for vertex 2a5a8360d8634434d28d438c7f43fa68
[m[33m2026-03-23 18:13:01,807[m [36mo.a.f.a.ScalingMetricEvaluator[m [36m[DEBUG][default/flink] A4S: Evaluating metrics for vertex 57590a9205cdecedbcec3b0e776bee99
[m[33m2026-03-23 18:13:01,932[m [36mo.a.f.a.ScalingExecutor       [m [36m[DEBUG][default/flink] A4S: Evaluated Metrics: EvaluatedMetrics(vertexMetrics={7e44bd5dd8910d9d6c2725814f8889da={TARGET_DATA_RATE=EvaluatedScalingMetric(current=NaN, average=1127.657), PARALLELISM=EvaluatedScalingMetric(current=3.0, average=NaN), ROCKS_DB_BLOCK_CACHE_HIT_RATE=EvaluatedScalingMetric(current=0.044, average=0.044), RECOMMENDED_PARALLELISM=EvaluatedScalingMetric(current=6.0, average=NaN), CATCH_UP_DATA_RATE=EvaluatedScalingMetric(current=0.0, average=NaN), INPUT_RATE=EvaluatedScalingMetric(current=NaN, average=1127.657), EXPECTED_PROCESSING_RATE=EvaluatedScalingMetric(current=2443.0, average=NaN), NUM_SOURCE_PARTITIONS=EvaluatedScalingMetric(current=0.0, average=NaN), LOAD=EvaluatedScalingMetric(current=NaN, average=0.899), MAX_PARALLELISM=EvaluatedScalingMetric(current=24.0, average=NaN), SCALE_DOWN_RATE_THRESHOLD=EvaluatedScalingMetric(current=5826.0, average=NaN), SCALE_UP_RATE_THRESHOLD=EvaluatedScalingMetric(current=1410.0, average=NaN), TRUE_PROCESSING_RATE=EvaluatedScalingMetric(current=NaN, average=1253.823)}, 2a5a8360d8634434d28d438c7f43fa68={TARGET_DATA_RATE=EvaluatedScalingMetric(current=NaN, average=665.722), PARALLELISM=EvaluatedScalingMetric(current=1.0, average=NaN), ROCKS_DB_BLOCK_CACHE_HIT_RATE=EvaluatedScalingMetric(current=0.091, average=0.05), RECOMMENDED_PARALLELISM=EvaluatedScalingMetric(current=3.0, average=NaN), CATCH_UP_DATA_RATE=EvaluatedScalingMetric(current=0.0, average=NaN), INPUT_RATE=EvaluatedScalingMetric(current=NaN, average=665.722), EXPECTED_PROCESSING_RATE=EvaluatedScalingMetric(current=1442.0, average=NaN), NUM_SOURCE_PARTITIONS=EvaluatedScalingMetric(current=0.0, average=NaN), LOAD=EvaluatedScalingMetric(current=NaN, average=1.0), MAX_PARALLELISM=EvaluatedScalingMetric(current=24.0, average=NaN), SCALE_DOWN_RATE_THRESHOLD=EvaluatedScalingMetric(current=3440.0, average=NaN), SCALE_UP_RATE_THRESHOLD=EvaluatedScalingMetric(current=832.0, average=NaN), TRUE_PROCESSING_RATE=EvaluatedScalingMetric(current=NaN, average=665.722)}, 57590a9205cdecedbcec3b0e776bee99={TARGET_DATA_RATE=EvaluatedScalingMetric(current=NaN, average=1806.679), PARALLELISM=EvaluatedScalingMetric(current=2.0, average=NaN), ROCKS_DB_BLOCK_CACHE_HIT_RATE=EvaluatedScalingMetric(current=0.002, average=0.002), RECOMMENDED_PARALLELISM=EvaluatedScalingMetric(current=4.0, average=NaN), CATCH_UP_DATA_RATE=EvaluatedScalingMetric(current=0.0, average=NaN), INPUT_RATE=EvaluatedScalingMetric(current=NaN, average=1766.298), EXPECTED_PROCESSING_RATE=EvaluatedScalingMetric(current=3914.0, average=NaN), NUM_SOURCE_PARTITIONS=EvaluatedScalingMetric(current=0.0, average=NaN), LOAD=EvaluatedScalingMetric(current=NaN, average=0.754), MAX_PARALLELISM=EvaluatedScalingMetric(current=24.0, average=NaN), SCALE_DOWN_RATE_THRESHOLD=EvaluatedScalingMetric(current=9335.0, average=NaN), SCALE_UP_RATE_THRESHOLD=EvaluatedScalingMetric(current=2258.0, average=NaN), TRUE_PROCESSING_RATE=EvaluatedScalingMetric(current=NaN, average=2344.125)}, e3dfc0d7e9ecd8a43f85f0b68ebf3b80={TARGET_DATA_RATE=EvaluatedScalingMetric(current=NaN, average=47677.902), PARALLELISM=EvaluatedScalingMetric(current=3.0, average=NaN), RECOMMENDED_PARALLELISM=EvaluatedScalingMetric(current=3.0, average=NaN), CATCH_UP_DATA_RATE=EvaluatedScalingMetric(current=0.0, average=NaN), INPUT_RATE=EvaluatedScalingMetric(current=NaN, average=47677.902), EXPECTED_PROCESSING_RATE=EvaluatedScalingMetric(current=1044995.122, average=NaN), NUM_SOURCE_PARTITIONS=EvaluatedScalingMetric(current=0.0, average=NaN), LOAD=EvaluatedScalingMetric(current=NaN, average=0.018), MAX_PARALLELISM=EvaluatedScalingMetric(current=24.0, average=NaN), SCALE_DOWN_RATE_THRESHOLD=EvaluatedScalingMetric(current=246336.0, average=NaN), LAG=EvaluatedScalingMetric(current=0.0, average=NaN), SCALE_UP_RATE_THRESHOLD=EvaluatedScalingMetric(current=59597.0, average=NaN), TRUE_PROCESSING_RATE=EvaluatedScalingMetric(current=NaN, average=2612487.805)}}, globalMetrics={METASPACE_MEMORY_USED=EvaluatedScalingMetric(current=5.7973184E7, average=5.7911607E7), HEAP_MAX_USAGE_RATIO=EvaluatedScalingMetric(current=0.273, average=0.462), GC_PRESSURE=EvaluatedScalingMetric(current=NaN, average=NaN), MANAGED_MEMORY_USED=EvaluatedScalingMetric(current=7.20896E7, average=7.20896E7), HEAP_MEMORY_USED=EvaluatedScalingMetric(current=1.90332792E8, average=3.22877146E8), NUM_TASK_SLOTS_USED=EvaluatedScalingMetric(current=9.0, average=NaN)}, memoryParallelismCurves={7e44bd5dd8910d9d6c2725814f8889da=MPC[target=1127.66, minParallelism=1, maxParallelism=24, points=[(p=1, mem=12.00MB), (p=2, mem=12.00MB), (p=3, mem=12.00MB), (p=4, mem=12.00MB), (p=5, mem=12.00MB), (p=6, mem=12.00MB), (p=7, mem=12.00MB), (p=8, mem=12.00MB), (p=9, mem=12.00MB), (p=10, mem=12.00MB), (p=11, mem=12.00MB), (p=12, mem=12.00MB), (p=13, mem=12.00MB), (p=14, mem=12.00MB), (p=15, mem=12.00MB), (p=16, mem=12.00MB), (p=17, mem=12.00MB), (p=18, mem=12.00MB), (p=19, mem=12.00MB), (p=20, mem=12.00MB), (p=21, mem=12.00MB), (p=22, mem=12.00MB), (p=23, mem=12.00MB), (p=24, mem=12.00MB)]], 2a5a8360d8634434d28d438c7f43fa68=MPC[target=665.72, minParallelism=1, maxParallelism=24, points=[(p=1, mem=4.00MB), (p=2, mem=4.00MB), (p=3, mem=4.00MB), (p=4, mem=4.00MB), (p=5, mem=4.00MB), (p=6, mem=4.00MB), (p=7, mem=4.00MB), (p=8, mem=4.00MB), (p=9, mem=4.00MB), (p=10, mem=4.00MB), (p=11, mem=4.00MB), (p=12, mem=4.00MB), (p=13, mem=4.00MB), (p=14, mem=4.00MB), (p=15, mem=4.00MB), (p=16, mem=4.00MB), (p=17, mem=4.00MB), (p=18, mem=4.00MB), (p=19, mem=4.00MB), (p=20, mem=4.00MB), (p=21, mem=4.00MB), (p=22, mem=4.00MB), (p=23, mem=4.00MB), (p=24, mem=4.00MB)]], 57590a9205cdecedbcec3b0e776bee99=MPC[target=1806.68, minParallelism=1, maxParallelism=24, points=[(p=1, mem=8.00MB), (p=2, mem=8.00MB), (p=3, mem=8.00MB), (p=4, mem=8.00MB), (p=5, mem=8.00MB), (p=6, mem=8.00MB), (p=7, mem=8.00MB), (p=8, mem=8.00MB), (p=9, mem=8.00MB), (p=10, mem=8.00MB), (p=11, mem=8.00MB), (p=12, mem=8.00MB), (p=13, mem=8.00MB), (p=14, mem=8.00MB), (p=15, mem=8.00MB), (p=16, mem=8.00MB), (p=17, mem=8.00MB), (p=18, mem=8.00MB), (p=19, mem=8.00MB), (p=20, mem=8.00MB), (p=21, mem=8.00MB), (p=22, mem=8.00MB), (p=23, mem=8.00MB), (p=24, mem=8.00MB)]]}, missRateCurves={7e44bd5dd8910d9d6c2725814f8889da=MRC[points=[(size=12.00mb, mr=0.9407), (size=24.00mb, mr=0.9407), (size=36.00mb, mr=0.9407), (size=48.00mb, mr=0.6585), (size=60.00mb, mr=0.5202), (size=72.00mb, mr=0.5002), (size=84.00mb, mr=0.4999)]], 2a5a8360d8634434d28d438c7f43fa68=MRC[points=[(size=4.00mb, mr=1.0000), (size=8.00mb, mr=1.0000), (size=12.00mb, mr=1.0000), (size=16.00mb, mr=0.9396), (size=20.00mb, mr=0.6597), (size=24.00mb, mr=0.4573), (size=28.00mb, mr=0.4509), (size=32.00mb, mr=0.4506), (size=36.00mb, mr=0.4503)]], 57590a9205cdecedbcec3b0e776bee99=MRC[points=[(size=8.00mb, mr=1.0000), (size=16.00mb, mr=1.0000), (size=24.00mb, mr=1.0000), (size=32.00mb, mr=0.9175), (size=40.00mb, mr=0.8026), (size=48.00mb, mr=0.6947), (size=56.00mb, mr=0.6935), (size=64.00mb, mr=0.6932)]]})
[m[33m2026-03-23 18:13:01,932[m [36mo.a.f.a.a.A4S                 [m [32m[INFO ][default/flink] A4S: Attempt 0 - Making decisions
[m[33m2026-03-23 18:13:01,933[m [36mo.a.f.a.a.A4S                 [m [33m[WARN ][default/flink] A4S: No memory parallelism curve found for operator e3dfc0d7e9ecd8a43f85f0b68ebf3b80
[m[33m2026-03-23 18:13:01,933[m [36mo.a.f.a.a.A4S                 [m [32m[INFO ][default/flink] A4S: Operator 7e44bd5dd8910d9d6c2725814f8889da placed with parallelism 6 and memory 12.0MB
[m[33m2026-03-23 18:13:01,933[m [36mo.a.f.a.a.A4S                 [m [32m[INFO ][default/flink] A4S: Operator 2a5a8360d8634434d28d438c7f43fa68 placed with parallelism 3 and memory 4.0MB
[m[33m2026-03-23 18:13:01,933[m [36mo.a.f.a.a.A4S                 [m [32m[INFO ][default/flink] A4S: Operator 57590a9205cdecedbcec3b0e776bee99 placed with parallelism 4 and memory 8.0MB
[m[33m2026-03-23 18:13:01,933[m [36mo.a.f.a.a.A4S                 [m [32m[INFO ][default/flink] A4S: Decisions: {7e44bd5dd8910d9d6c2725814f8889da=A4SDecision[p=6, mem=12.00MB], 2a5a8360d8634434d28d438c7f43fa68=A4SDecision[p=3, mem=4.00MB], 57590a9205cdecedbcec3b0e776bee99=A4SDecision[p=4, mem=8.00MB]}
[m[33m2026-03-23 18:13:01,933[m [36mo.a.f.a.ScalingExecutor       [m [36m[DEBUG][default/flink] A4S: Vertex 7e44bd5dd8910d9d6c2725814f8889da has parallelism 6 and memory 42.0MB
[m[33m2026-03-23 18:13:01,933[m [36mo.a.f.a.ScalingExecutor       [m [36m[DEBUG][default/flink] A4S: Vertex 2a5a8360d8634434d28d438c7f43fa68 has parallelism 3 and memory 34.0MB
[m[33m2026-03-23 18:13:01,933[m [36mo.a.f.a.ScalingExecutor       [m [36m[DEBUG][default/flink] A4S: Vertex 57590a9205cdecedbcec3b0e776bee99 has parallelism 4 and memory 38.0MB
[m[33m2026-03-23 18:13:01,933[m [36mo.a.f.a.ScalingExecutor       [m [36m[DEBUG][default/flink] A4S: Vertex e3dfc0d7e9ecd8a43f85f0b68ebf3b80 has parallelism 3 and memory 30.0MB
[m[33m2026-03-23 18:14:18,286[m [36mo.a.f.a.ScalingMetricEvaluator[m [36m[DEBUG][default/flink] A4S: Evaluating metrics for vertex e3dfc0d7e9ecd8a43f85f0b68ebf3b80
[m[33m2026-03-23 18:14:18,286[m [36mo.a.f.a.ScalingMetricEvaluator[m [33m[WARN ][default/flink] A4S: No miss rate curve found for vertex e3dfc0d7e9ecd8a43f85f0b68ebf3b80, skipping
[m[33m2026-03-23 18:14:18,287[m [36mo.a.f.a.ScalingMetricEvaluator[m [36m[DEBUG][default/flink] A4S: Evaluating metrics for vertex 7e44bd5dd8910d9d6c2725814f8889da
[m[33m2026-03-23 18:14:18,287[m [36mo.a.f.a.ScalingMetricEvaluator[m [36m[DEBUG][default/flink] A4S: Evaluating metrics for vertex 2a5a8360d8634434d28d438c7f43fa68
[m[33m2026-03-23 18:14:18,288[m [36mo.a.f.a.ScalingMetricEvaluator[m [36m[DEBUG][default/flink] A4S: Evaluating metrics for vertex 57590a9205cdecedbcec3b0e776bee99
[m[33m2026-03-23 18:14:33,453[m [36mo.a.f.a.ScalingMetricEvaluator[m [36m[DEBUG][default/flink] A4S: Evaluating metrics for vertex e3dfc0d7e9ecd8a43f85f0b68ebf3b80
[m[33m2026-03-23 18:14:33,453[m [36mo.a.f.a.ScalingMetricEvaluator[m [33m[WARN ][default/flink] A4S: No miss rate curve found for vertex e3dfc0d7e9ecd8a43f85f0b68ebf3b80, skipping
[m[33m2026-03-23 18:14:33,453[m [36mo.a.f.a.ScalingMetricEvaluator[m [36m[DEBUG][default/flink] A4S: Evaluating metrics for vertex 7e44bd5dd8910d9d6c2725814f8889da
[m[33m2026-03-23 18:14:33,454[m [36mo.a.f.a.ScalingMetricEvaluator[m [36m[DEBUG][default/flink] A4S: Evaluating metrics for vertex 2a5a8360d8634434d28d438c7f43fa68
[m[33m2026-03-23 18:14:33,455[m [36mo.a.f.a.ScalingMetricEvaluator[m [36m[DEBUG][default/flink] A4S: Evaluating metrics for vertex 57590a9205cdecedbcec3b0e776bee99
[m[33m2026-03-23 18:14:33,455[m [36mo.a.f.a.ScalingMetricEvaluator[m [33m[WARN ][default/flink] A4S: No miss rate curve found for vertex 57590a9205cdecedbcec3b0e776bee99, skipping
[m[33m2026-03-23 18:14:48,645[m [36mo.a.f.a.ScalingMetricEvaluator[m [36m[DEBUG][default/flink] A4S: Evaluating metrics for vertex e3dfc0d7e9ecd8a43f85f0b68ebf3b80
[m[33m2026-03-23 18:14:48,645[m [36mo.a.f.a.ScalingMetricEvaluator[m [33m[WARN ][default/flink] A4S: No miss rate curve found for vertex e3dfc0d7e9ecd8a43f85f0b68ebf3b80, skipping
[m[33m2026-03-23 18:14:48,645[m [36mo.a.f.a.ScalingMetricEvaluator[m [36m[DEBUG][default/flink] A4S: Evaluating metrics for vertex 7e44bd5dd8910d9d6c2725814f8889da
[m[33m2026-03-23 18:14:48,645[m [36mo.a.f.a.ScalingMetricEvaluator[m [36m[DEBUG][default/flink] A4S: Evaluating metrics for vertex 2a5a8360d8634434d28d438c7f43fa68
[m[33m2026-03-23 18:14:48,646[m [36mo.a.f.a.ScalingMetricEvaluator[m [36m[DEBUG][default/flink] A4S: Evaluating metrics for vertex 57590a9205cdecedbcec3b0e776bee99
[m[33m2026-03-23 18:14:48,646[m [36mo.a.f.a.ScalingMetricEvaluator[m [33m[WARN ][default/flink] A4S: No miss rate curve found for vertex 57590a9205cdecedbcec3b0e776bee99, skipping
[m[33m2026-03-23 18:15:03,830[m [36mo.a.f.a.ScalingMetricEvaluator[m [36m[DEBUG][default/flink] A4S: Evaluating metrics for vertex e3dfc0d7e9ecd8a43f85f0b68ebf3b80
[m[33m2026-03-23 18:15:03,830[m [36mo.a.f.a.ScalingMetricEvaluator[m [33m[WARN ][default/flink] A4S: No miss rate curve found for vertex e3dfc0d7e9ecd8a43f85f0b68ebf3b80, skipping
[m[33m2026-03-23 18:15:03,830[m [36mo.a.f.a.ScalingMetricEvaluator[m [36m[DEBUG][default/flink] A4S: Evaluating metrics for vertex 7e44bd5dd8910d9d6c2725814f8889da
[m[33m2026-03-23 18:15:03,831[m [36mo.a.f.a.ScalingMetricEvaluator[m [36m[DEBUG][default/flink] A4S: Evaluating metrics for vertex 2a5a8360d8634434d28d438c7f43fa68
[m[33m2026-03-23 18:15:03,832[m [36mo.a.f.a.ScalingMetricEvaluator[m [36m[DEBUG][default/flink] A4S: Evaluating metrics for vertex 57590a9205cdecedbcec3b0e776bee99
[m[33m2026-03-23 18:15:19,000[m [36mo.a.f.a.ScalingMetricEvaluator[m [36m[DEBUG][default/flink] A4S: Evaluating metrics for vertex e3dfc0d7e9ecd8a43f85f0b68ebf3b80
[m[33m2026-03-23 18:15:19,000[m [36mo.a.f.a.ScalingMetricEvaluator[m [33m[WARN ][default/flink] A4S: No miss rate curve found for vertex e3dfc0d7e9ecd8a43f85f0b68ebf3b80, skipping
[m[33m2026-03-23 18:15:19,000[m [36mo.a.f.a.ScalingMetricEvaluator[m [36m[DEBUG][default/flink] A4S: Evaluating metrics for vertex 7e44bd5dd8910d9d6c2725814f8889da
[m[33m2026-03-23 18:15:19,000[m [36mo.a.f.a.ScalingMetricEvaluator[m [36m[DEBUG][default/flink] A4S: Evaluating metrics for vertex 2a5a8360d8634434d28d438c7f43fa68
[m[33m2026-03-23 18:15:19,001[m [36mo.a.f.a.ScalingMetricEvaluator[m [36m[DEBUG][default/flink] A4S: Evaluating metrics for vertex 57590a9205cdecedbcec3b0e776bee99
[m[33m2026-03-23 18:15:19,001[m [36mo.a.f.a.ScalingMetricEvaluator[m [33m[WARN ][default/flink] A4S: No miss rate curve found for vertex 57590a9205cdecedbcec3b0e776bee99, skipping
[m[33m2026-03-23 18:15:34,313[m [36mo.a.f.a.ScalingMetricEvaluator[m [36m[DEBUG][default/flink] A4S: Evaluating metrics for vertex e3dfc0d7e9ecd8a43f85f0b68ebf3b80
[m[33m2026-03-23 18:15:34,313[m [36mo.a.f.a.ScalingMetricEvaluator[m [33m[WARN ][default/flink] A4S: No miss rate curve found for vertex e3dfc0d7e9ecd8a43f85f0b68ebf3b80, skipping
[m[33m2026-03-23 18:15:34,313[m [36mo.a.f.a.ScalingMetricEvaluator[m [36m[DEBUG][default/flink] A4S: Evaluating metrics for vertex 7e44bd5dd8910d9d6c2725814f8889da
[m[33m2026-03-23 18:15:34,314[m [36mo.a.f.a.ScalingMetricEvaluator[m [36m[DEBUG][default/flink] A4S: Evaluating metrics for vertex 2a5a8360d8634434d28d438c7f43fa68
[m[33m2026-03-23 18:15:34,314[m [36mo.a.f.a.ScalingMetricEvaluator[m [33m[WARN ][default/flink] A4S: No miss rate curve found for vertex 2a5a8360d8634434d28d438c7f43fa68, skipping
[m[33m2026-03-23 18:15:34,315[m [36mo.a.f.a.ScalingMetricEvaluator[m [36m[DEBUG][default/flink] A4S: Evaluating metrics for vertex 57590a9205cdecedbcec3b0e776bee99
[m[33m2026-03-23 18:15:34,315[m [36mo.a.f.a.ScalingMetricEvaluator[m [33m[WARN ][default/flink] A4S: No miss rate curve found for vertex 57590a9205cdecedbcec3b0e776bee99, skipping
[m[33m2026-03-23 18:15:49,512[m [36mo.a.f.a.ScalingMetricEvaluator[m [36m[DEBUG][default/flink] A4S: Evaluating metrics for vertex e3dfc0d7e9ecd8a43f85f0b68ebf3b80
[m[33m2026-03-23 18:15:49,512[m [36mo.a.f.a.ScalingMetricEvaluator[m [33m[WARN ][default/flink] A4S: No miss rate curve found for vertex e3dfc0d7e9ecd8a43f85f0b68ebf3b80, skipping
[m[33m2026-03-23 18:15:49,512[m [36mo.a.f.a.ScalingMetricEvaluator[m [36m[DEBUG][default/flink] A4S: Evaluating metrics for vertex 7e44bd5dd8910d9d6c2725814f8889da
[m[33m2026-03-23 18:15:49,513[m [36mo.a.f.a.ScalingMetricEvaluator[m [36m[DEBUG][default/flink] A4S: Evaluating metrics for vertex 2a5a8360d8634434d28d438c7f43fa68
[m[33m2026-03-23 18:15:49,513[m [36mo.a.f.a.ScalingMetricEvaluator[m [33m[WARN ][default/flink] A4S: No miss rate curve found for vertex 2a5a8360d8634434d28d438c7f43fa68, skipping
[m[33m2026-03-23 18:15:49,513[m [36mo.a.f.a.ScalingMetricEvaluator[m [36m[DEBUG][default/flink] A4S: Evaluating metrics for vertex 57590a9205cdecedbcec3b0e776bee99
[m[33m2026-03-23 18:16:04,677[m [36mo.a.f.a.ScalingMetricEvaluator[m [36m[DEBUG][default/flink] A4S: Evaluating metrics for vertex e3dfc0d7e9ecd8a43f85f0b68ebf3b80
[m[33m2026-03-23 18:16:04,677[m [36mo.a.f.a.ScalingMetricEvaluator[m [33m[WARN ][default/flink] A4S: No miss rate curve found for vertex e3dfc0d7e9ecd8a43f85f0b68ebf3b80, skipping
[m[33m2026-03-23 18:16:04,678[m [36mo.a.f.a.ScalingMetricEvaluator[m [36m[DEBUG][default/flink] A4S: Evaluating metrics for vertex 7e44bd5dd8910d9d6c2725814f8889da
[m[33m2026-03-23 18:16:04,678[m [36mo.a.f.a.ScalingMetricEvaluator[m [33m[WARN ][default/flink] A4S: No miss rate curve found for vertex 7e44bd5dd8910d9d6c2725814f8889da, skipping
[m[33m2026-03-23 18:16:04,678[m [36mo.a.f.a.ScalingMetricEvaluator[m [36m[DEBUG][default/flink] A4S: Evaluating metrics for vertex 2a5a8360d8634434d28d438c7f43fa68
[m[33m2026-03-23 18:16:04,678[m [36mo.a.f.a.ScalingMetricEvaluator[m [33m[WARN ][default/flink] A4S: No miss rate curve found for vertex 2a5a8360d8634434d28d438c7f43fa68, skipping
[m[33m2026-03-23 18:16:04,678[m [36mo.a.f.a.ScalingMetricEvaluator[m [36m[DEBUG][default/flink] A4S: Evaluating metrics for vertex 57590a9205cdecedbcec3b0e776bee99
[m[33m2026-03-23 18:16:19,856[m [36mo.a.f.a.ScalingMetricEvaluator[m [36m[DEBUG][default/flink] A4S: Evaluating metrics for vertex e3dfc0d7e9ecd8a43f85f0b68ebf3b80
[m[33m2026-03-23 18:16:19,856[m [36mo.a.f.a.ScalingMetricEvaluator[m [33m[WARN ][default/flink] A4S: No miss rate curve found for vertex e3dfc0d7e9ecd8a43f85f0b68ebf3b80, skipping
[m[33m2026-03-23 18:16:19,856[m [36mo.a.f.a.ScalingMetricEvaluator[m [36m[DEBUG][default/flink] A4S: Evaluating metrics for vertex 7e44bd5dd8910d9d6c2725814f8889da
[m[33m2026-03-23 18:16:19,856[m [36mo.a.f.a.ScalingMetricEvaluator[m [33m[WARN ][default/flink] A4S: No miss rate curve found for vertex 7e44bd5dd8910d9d6c2725814f8889da, skipping
[m[33m2026-03-23 18:16:19,856[m [36mo.a.f.a.ScalingMetricEvaluator[m [36m[DEBUG][default/flink] A4S: Evaluating metrics for vertex 2a5a8360d8634434d28d438c7f43fa68
[m[33m2026-03-23 18:16:19,856[m [36mo.a.f.a.ScalingMetricEvaluator[m [33m[WARN ][default/flink] A4S: No miss rate curve found for vertex 2a5a8360d8634434d28d438c7f43fa68, skipping
[m[33m2026-03-23 18:16:19,856[m [36mo.a.f.a.ScalingMetricEvaluator[m [36m[DEBUG][default/flink] A4S: Evaluating metrics for vertex 57590a9205cdecedbcec3b0e776bee99
[m[33m2026-03-23 18:16:20,025[m [36mo.a.f.a.ScalingExecutor       [m [36m[DEBUG][default/flink] A4S: Evaluated Metrics: EvaluatedMetrics(vertexMetrics={7e44bd5dd8910d9d6c2725814f8889da={TARGET_DATA_RATE=EvaluatedScalingMetric(current=NaN, average=764.847), PARALLELISM=EvaluatedScalingMetric(current=6.0, average=NaN), ROCKS_DB_BLOCK_CACHE_HIT_RATE=EvaluatedScalingMetric(current=0.191, average=0.182), RECOMMENDED_PARALLELISM=EvaluatedScalingMetric(current=8.0, average=NaN), CATCH_UP_DATA_RATE=EvaluatedScalingMetric(current=0.0, average=NaN), INPUT_RATE=EvaluatedScalingMetric(current=NaN, average=764.847), EXPECTED_PROCESSING_RATE=EvaluatedScalingMetric(current=1657.0, average=NaN), NUM_SOURCE_PARTITIONS=EvaluatedScalingMetric(current=0.0, average=NaN), LOAD=EvaluatedScalingMetric(current=NaN, average=0.493), MAX_PARALLELISM=EvaluatedScalingMetric(current=24.0, average=NaN), SCALE_DOWN_RATE_THRESHOLD=EvaluatedScalingMetric(current=3952.0, average=NaN), SCALE_UP_RATE_THRESHOLD=EvaluatedScalingMetric(current=956.0, average=NaN), TRUE_PROCESSING_RATE=EvaluatedScalingMetric(current=NaN, average=1552.201)}, 2a5a8360d8634434d28d438c7f43fa68={TARGET_DATA_RATE=EvaluatedScalingMetric(current=NaN, average=365.582), PARALLELISM=EvaluatedScalingMetric(current=3.0, average=NaN), ROCKS_DB_BLOCK_CACHE_HIT_RATE=EvaluatedScalingMetric(current=0.042, average=0.039), RECOMMENDED_PARALLELISM=EvaluatedScalingMetric(current=4.0, average=NaN), CATCH_UP_DATA_RATE=EvaluatedScalingMetric(current=0.0, average=NaN), INPUT_RATE=EvaluatedScalingMetric(current=NaN, average=365.582), EXPECTED_PROCESSING_RATE=EvaluatedScalingMetric(current=792.0, average=NaN), NUM_SOURCE_PARTITIONS=EvaluatedScalingMetric(current=0.0, average=NaN), LOAD=EvaluatedScalingMetric(current=NaN, average=0.614), MAX_PARALLELISM=EvaluatedScalingMetric(current=24.0, average=NaN), SCALE_DOWN_RATE_THRESHOLD=EvaluatedScalingMetric(current=1889.0, average=NaN), SCALE_UP_RATE_THRESHOLD=EvaluatedScalingMetric(current=457.0, average=NaN), TRUE_PROCESSING_RATE=EvaluatedScalingMetric(current=NaN, average=595.41)}, 57590a9205cdecedbcec3b0e776bee99={TARGET_DATA_RATE=EvaluatedScalingMetric(current=NaN, average=2433.006), PARALLELISM=EvaluatedScalingMetric(current=4.0, average=NaN), ROCKS_DB_BLOCK_CACHE_HIT_RATE=EvaluatedScalingMetric(current=0.003, average=0.002), RECOMMENDED_PARALLELISM=EvaluatedScalingMetric(current=12.0, average=NaN), CATCH_UP_DATA_RATE=EvaluatedScalingMetric(current=0.0, average=NaN), INPUT_RATE=EvaluatedScalingMetric(current=NaN, average=1992.068), EXPECTED_PROCESSING_RATE=EvaluatedScalingMetric(current=5272.0, average=NaN), NUM_SOURCE_PARTITIONS=EvaluatedScalingMetric(current=0.0, average=NaN), LOAD=EvaluatedScalingMetric(current=NaN, average=0.995), MAX_PARALLELISM=EvaluatedScalingMetric(current=24.0, average=NaN), SCALE_DOWN_RATE_THRESHOLD=EvaluatedScalingMetric(current=12571.0, average=NaN), SCALE_UP_RATE_THRESHOLD=EvaluatedScalingMetric(current=3041.0, average=NaN), TRUE_PROCESSING_RATE=EvaluatedScalingMetric(current=NaN, average=2001.324)}, e3dfc0d7e9ecd8a43f85f0b68ebf3b80={TARGET_DATA_RATE=EvaluatedScalingMetric(current=NaN, average=21146.359), PARALLELISM=EvaluatedScalingMetric(current=3.0, average=NaN), RECOMMENDED_PARALLELISM=EvaluatedScalingMetric(current=5.0, average=NaN), CATCH_UP_DATA_RATE=EvaluatedScalingMetric(current=0.0, average=NaN), INPUT_RATE=EvaluatedScalingMetric(current=NaN, average=21146.359), EXPECTED_PROCESSING_RATE=EvaluatedScalingMetric(current=45817.0, average=NaN), NUM_SOURCE_PARTITIONS=EvaluatedScalingMetric(current=0.0, average=NaN), LOAD=EvaluatedScalingMetric(current=NaN, average=0.749), MAX_PARALLELISM=EvaluatedScalingMetric(current=24.0, average=NaN), SCALE_DOWN_RATE_THRESHOLD=EvaluatedScalingMetric(current=109256.0, average=NaN), LAG=EvaluatedScalingMetric(current=0.0, average=NaN), SCALE_UP_RATE_THRESHOLD=EvaluatedScalingMetric(current=26433.0, average=NaN), TRUE_PROCESSING_RATE=EvaluatedScalingMetric(current=NaN, average=28246.931)}}, globalMetrics={METASPACE_MEMORY_USED=EvaluatedScalingMetric(current=5.8288952E7, average=5.8271403E7), HEAP_MAX_USAGE_RATIO=EvaluatedScalingMetric(current=0.628, average=0.565), GC_PRESSURE=EvaluatedScalingMetric(current=NaN, average=NaN), MANAGED_MEMORY_USED=EvaluatedScalingMetric(current=1.1010048E8, average=1.1010048E8), HEAP_MEMORY_USED=EvaluatedScalingMetric(current=4.38330568E8, average=3.94694487E8), NUM_TASK_SLOTS_USED=EvaluatedScalingMetric(current=16.0, average=NaN)}, memoryParallelismCurves={57590a9205cdecedbcec3b0e776bee99=MPC[target=2433.01, minParallelism=2, maxParallelism=24, points=[(p=2, mem=16.00MB), (p=3, mem=16.00MB), (p=4, mem=16.00MB), (p=5, mem=16.00MB), (p=6, mem=16.00MB), (p=7, mem=16.00MB), (p=8, mem=16.00MB), (p=9, mem=16.00MB), (p=10, mem=16.00MB), (p=11, mem=16.00MB), (p=12, mem=16.00MB), (p=13, mem=16.00MB), (p=14, mem=16.00MB), (p=15, mem=16.00MB), (p=16, mem=16.00MB), (p=17, mem=16.00MB), (p=18, mem=16.00MB), (p=19, mem=16.00MB), (p=20, mem=16.00MB), (p=21, mem=16.00MB), (p=22, mem=16.00MB), (p=23, mem=16.00MB), (p=24, mem=16.00MB)]]}, missRateCurves={57590a9205cdecedbcec3b0e776bee99=MRC[points=[(size=16.00mb, mr=1.0000), (size=32.00mb, mr=1.0000), (size=48.00mb, mr=1.0000), (size=64.00mb, mr=1.0000), (size=80.00mb, mr=1.0000), (size=96.00mb, mr=0.9828), (size=112.00mb, mr=0.9788), (size=128.00mb, mr=0.9788), (size=144.00mb, mr=0.9788), (size=160.00mb, mr=0.9787), (size=176.00mb, mr=0.9786)]]})
[m[33m2026-03-23 18:16:20,025[m [36mo.a.f.a.a.A4S                 [m [32m[INFO ][default/flink] A4S: Attempt 0 - Making decisions
[m[33m2026-03-23 18:16:20,025[m [36mo.a.f.a.a.A4S                 [m [33m[WARN ][default/flink] A4S: No memory parallelism curve found for operator e3dfc0d7e9ecd8a43f85f0b68ebf3b80
[m[33m2026-03-23 18:16:20,025[m [36mo.a.f.a.a.A4S                 [m [33m[WARN ][default/flink] A4S: No memory parallelism curve found for operator 7e44bd5dd8910d9d6c2725814f8889da
[m[33m2026-03-23 18:16:20,026[m [36mo.a.f.a.a.A4S                 [m [33m[WARN ][default/flink] A4S: No memory parallelism curve found for operator 2a5a8360d8634434d28d438c7f43fa68
[m[33m2026-03-23 18:16:20,026[m [36mo.a.f.a.a.A4S                 [m [32m[INFO ][default/flink] A4S: Operator 57590a9205cdecedbcec3b0e776bee99 placed with parallelism 12 and memory 16.0MB
[m[33m2026-03-23 18:16:20,026[m [36mo.a.f.a.a.A4S                 [m [32m[INFO ][default/flink] A4S: Decisions: {57590a9205cdecedbcec3b0e776bee99=A4SDecision[p=12, mem=16.00MB]}
[m[33m2026-03-23 18:16:20,026[m [36mo.a.f.a.ScalingExecutor       [m [36m[DEBUG][default/flink] A4S: Vertex 7e44bd5dd8910d9d6c2725814f8889da has parallelism 8 and memory 30.0MB
[m[33m2026-03-23 18:16:20,026[m [36mo.a.f.a.ScalingExecutor       [m [36m[DEBUG][default/flink] A4S: Vertex 2a5a8360d8634434d28d438c7f43fa68 has parallelism 4 and memory 30.0MB
[m[33m2026-03-23 18:16:20,026[m [36mo.a.f.a.ScalingExecutor       [m [36m[DEBUG][default/flink] A4S: Vertex 57590a9205cdecedbcec3b0e776bee99 has parallelism 12 and memory 46.0MB
[m[33m2026-03-23 18:16:20,026[m [36mo.a.f.a.ScalingExecutor       [m [36m[DEBUG][default/flink] A4S: Vertex e3dfc0d7e9ecd8a43f85f0b68ebf3b80 has parallelism 5 and memory 30.0MB
[m[33m2026-03-23 18:17:36,305[m [36mo.a.f.a.ScalingMetricEvaluator[m [36m[DEBUG][default/flink] A4S: Evaluating metrics for vertex e3dfc0d7e9ecd8a43f85f0b68ebf3b80
[m[33m2026-03-23 18:17:36,305[m [36mo.a.f.a.ScalingMetricEvaluator[m [33m[WARN ][default/flink] A4S: No miss rate curve found for vertex e3dfc0d7e9ecd8a43f85f0b68ebf3b80, skipping
[m[33m2026-03-23 18:17:36,305[m [36mo.a.f.a.ScalingMetricEvaluator[m [36m[DEBUG][default/flink] A4S: Evaluating metrics for vertex 7e44bd5dd8910d9d6c2725814f8889da
[m[33m2026-03-23 18:17:36,306[m [36mo.a.f.a.ScalingMetricEvaluator[m [36m[DEBUG][default/flink] A4S: Evaluating metrics for vertex 2a5a8360d8634434d28d438c7f43fa68
[m[33m2026-03-23 18:17:36,308[m [36mo.a.f.a.ScalingMetricEvaluator[m [36m[DEBUG][default/flink] A4S: Evaluating metrics for vertex 57590a9205cdecedbcec3b0e776bee99
[m[33m2026-03-23 18:17:36,308[m [36mo.a.f.a.ScalingMetricEvaluator[m [33m[WARN ][default/flink] A4S: No miss rate curve found for vertex 57590a9205cdecedbcec3b0e776bee99, skipping
[m[33m2026-03-23 18:17:51,488[m [36mo.a.f.a.ScalingMetricEvaluator[m [36m[DEBUG][default/flink] A4S: Evaluating metrics for vertex e3dfc0d7e9ecd8a43f85f0b68ebf3b80
[m[33m2026-03-23 18:17:51,488[m [36mo.a.f.a.ScalingMetricEvaluator[m [33m[WARN ][default/flink] A4S: No miss rate curve found for vertex e3dfc0d7e9ecd8a43f85f0b68ebf3b80, skipping
[m[33m2026-03-23 18:17:51,488[m [36mo.a.f.a.ScalingMetricEvaluator[m [36m[DEBUG][default/flink] A4S: Evaluating metrics for vertex 7e44bd5dd8910d9d6c2725814f8889da
[m[33m2026-03-23 18:17:51,489[m [36mo.a.f.a.ScalingMetricEvaluator[m [36m[DEBUG][default/flink] A4S: Evaluating metrics for vertex 2a5a8360d8634434d28d438c7f43fa68
[m[33m2026-03-23 18:17:51,490[m [36mo.a.f.a.ScalingMetricEvaluator[m [36m[DEBUG][default/flink] A4S: Evaluating metrics for vertex 57590a9205cdecedbcec3b0e776bee99
[m[33m2026-03-23 18:17:51,490[m [36mo.a.f.a.ScalingMetricEvaluator[m [33m[WARN ][default/flink] A4S: No miss rate curve found for vertex 57590a9205cdecedbcec3b0e776bee99, skipping
[m[33m2026-03-23 18:18:06,666[m [36mo.a.f.a.ScalingMetricEvaluator[m [36m[DEBUG][default/flink] A4S: Evaluating metrics for vertex e3dfc0d7e9ecd8a43f85f0b68ebf3b80
[m[33m2026-03-23 18:18:06,666[m [36mo.a.f.a.ScalingMetricEvaluator[m [33m[WARN ][default/flink] A4S: No miss rate curve found for vertex e3dfc0d7e9ecd8a43f85f0b68ebf3b80, skipping
[m[33m2026-03-23 18:18:06,666[m [36mo.a.f.a.ScalingMetricEvaluator[m [36m[DEBUG][default/flink] A4S: Evaluating metrics for vertex 7e44bd5dd8910d9d6c2725814f8889da
[m[33m2026-03-23 18:18:06,667[m [36mo.a.f.a.ScalingMetricEvaluator[m [36m[DEBUG][default/flink] A4S: Evaluating metrics for vertex 2a5a8360d8634434d28d438c7f43fa68
[m[33m2026-03-23 18:18:06,667[m [36mo.a.f.a.ScalingMetricEvaluator[m [36m[DEBUG][default/flink] A4S: Evaluating metrics for vertex 57590a9205cdecedbcec3b0e776bee99
[m[33m2026-03-23 18:18:06,667[m [36mo.a.f.a.ScalingMetricEvaluator[m [33m[WARN ][default/flink] A4S: No miss rate curve found for vertex 57590a9205cdecedbcec3b0e776bee99, skipping
[m[33m2026-03-23 18:18:21,836[m [36mo.a.f.a.ScalingMetricEvaluator[m [36m[DEBUG][default/flink] A4S: Evaluating metrics for vertex e3dfc0d7e9ecd8a43f85f0b68ebf3b80
[m[33m2026-03-23 18:18:21,836[m [36mo.a.f.a.ScalingMetricEvaluator[m [33m[WARN ][default/flink] A4S: No miss rate curve found for vertex e3dfc0d7e9ecd8a43f85f0b68ebf3b80, skipping
[m[33m2026-03-23 18:18:21,836[m [36mo.a.f.a.ScalingMetricEvaluator[m [36m[DEBUG][default/flink] A4S: Evaluating metrics for vertex 7e44bd5dd8910d9d6c2725814f8889da
[m[33m2026-03-23 18:18:21,837[m [36mo.a.f.a.ScalingMetricEvaluator[m [36m[DEBUG][default/flink] A4S: Evaluating metrics for vertex 2a5a8360d8634434d28d438c7f43fa68
[m[33m2026-03-23 18:18:21,837[m [36mo.a.f.a.ScalingMetricEvaluator[m [36m[DEBUG][default/flink] A4S: Evaluating metrics for vertex 57590a9205cdecedbcec3b0e776bee99
[m[33m2026-03-23 18:18:37,212[m [36mo.a.f.a.ScalingMetricEvaluator[m [36m[DEBUG][default/flink] A4S: Evaluating metrics for vertex e3dfc0d7e9ecd8a43f85f0b68ebf3b80
[m[33m2026-03-23 18:18:37,212[m [36mo.a.f.a.ScalingMetricEvaluator[m [33m[WARN ][default/flink] A4S: No miss rate curve found for vertex e3dfc0d7e9ecd8a43f85f0b68ebf3b80, skipping
[m[33m2026-03-23 18:18:37,212[m [36mo.a.f.a.ScalingMetricEvaluator[m [36m[DEBUG][default/flink] A4S: Evaluating metrics for vertex 7e44bd5dd8910d9d6c2725814f8889da
[m[33m2026-03-23 18:18:37,212[m [36mo.a.f.a.ScalingMetricEvaluator[m [33m[WARN ][default/flink] A4S: No miss rate curve found for vertex 7e44bd5dd8910d9d6c2725814f8889da, skipping
[m[33m2026-03-23 18:18:37,212[m [36mo.a.f.a.ScalingMetricEvaluator[m [36m[DEBUG][default/flink] A4S: Evaluating metrics for vertex 2a5a8360d8634434d28d438c7f43fa68
[m[33m2026-03-23 18:18:37,212[m [36mo.a.f.a.ScalingMetricEvaluator[m [33m[WARN ][default/flink] A4S: No miss rate curve found for vertex 2a5a8360d8634434d28d438c7f43fa68, skipping
[m[33m2026-03-23 18:18:37,212[m [36mo.a.f.a.ScalingMetricEvaluator[m [36m[DEBUG][default/flink] A4S: Evaluating metrics for vertex 57590a9205cdecedbcec3b0e776bee99
