[m[33m2026-03-22 19:34:20,152[m [36mo.a.f.a.ScalingMetricEvaluator[m [36m[DEBUG][default/flink] A4S: Evaluating metrics for vertex cbc357ccb763df2852fee8c4fc7d55f2
[m[33m2026-03-22 19:34:20,153[m [36mo.a.f.a.ScalingMetricEvaluator[m [33m[WARN ][default/flink] A4S: No miss rate curve found for vertex cbc357ccb763df2852fee8c4fc7d55f2, skipping
[m[33m2026-03-22 19:34:20,153[m [36mo.a.f.a.ScalingMetricEvaluator[m [36m[DEBUG][default/flink] A4S: Evaluating metrics for vertex f6dc7f4d2283f4605b127b9364e21148
[m[33m2026-03-22 19:34:35,319[m [36mo.a.f.a.ScalingMetricEvaluator[m [36m[DEBUG][default/flink] A4S: Evaluating metrics for vertex cbc357ccb763df2852fee8c4fc7d55f2
[m[33m2026-03-22 19:34:35,319[m [36mo.a.f.a.ScalingMetricEvaluator[m [33m[WARN ][default/flink] A4S: No miss rate curve found for vertex cbc357ccb763df2852fee8c4fc7d55f2, skipping
[m[33m2026-03-22 19:34:35,319[m [36mo.a.f.a.ScalingMetricEvaluator[m [36m[DEBUG][default/flink] A4S: Evaluating metrics for vertex f6dc7f4d2283f4605b127b9364e21148
[m[33m2026-03-22 19:34:50,549[m [36mo.a.f.a.ScalingMetricEvaluator[m [36m[DEBUG][default/flink] A4S: Evaluating metrics for vertex cbc357ccb763df2852fee8c4fc7d55f2
[m[33m2026-03-22 19:34:50,549[m [36mo.a.f.a.ScalingMetricEvaluator[m [33m[WARN ][default/flink] A4S: No miss rate curve found for vertex cbc357ccb763df2852fee8c4fc7d55f2, skipping
[m[33m2026-03-22 19:34:50,550[m [36mo.a.f.a.ScalingMetricEvaluator[m [36m[DEBUG][default/flink] A4S: Evaluating metrics for vertex f6dc7f4d2283f4605b127b9364e21148
[m[33m2026-03-22 19:35:05,706[m [36mo.a.f.a.ScalingMetricEvaluator[m [36m[DEBUG][default/flink] A4S: Evaluating metrics for vertex cbc357ccb763df2852fee8c4fc7d55f2
[m[33m2026-03-22 19:35:05,706[m [36mo.a.f.a.ScalingMetricEvaluator[m [33m[WARN ][default/flink] A4S: No miss rate curve found for vertex cbc357ccb763df2852fee8c4fc7d55f2, skipping
[m[33m2026-03-22 19:35:05,706[m [36mo.a.f.a.ScalingMetricEvaluator[m [36m[DEBUG][default/flink] A4S: Evaluating metrics for vertex f6dc7f4d2283f4605b127b9364e21148
[m[33m2026-03-22 19:35:20,876[m [36mo.a.f.a.ScalingMetricEvaluator[m [36m[DEBUG][default/flink] A4S: Evaluating metrics for vertex cbc357ccb763df2852fee8c4fc7d55f2
[m[33m2026-03-22 19:35:20,876[m [36mo.a.f.a.ScalingMetricEvaluator[m [33m[WARN ][default/flink] A4S: No miss rate curve found for vertex cbc357ccb763df2852fee8c4fc7d55f2, skipping
[m[33m2026-03-22 19:35:20,876[m [36mo.a.f.a.ScalingMetricEvaluator[m [36m[DEBUG][default/flink] A4S: Evaluating metrics for vertex f6dc7f4d2283f4605b127b9364e21148
[m[33m2026-03-22 19:35:36,036[m [36mo.a.f.a.ScalingMetricEvaluator[m [36m[DEBUG][default/flink] A4S: Evaluating metrics for vertex cbc357ccb763df2852fee8c4fc7d55f2
[m[33m2026-03-22 19:35:36,036[m [36mo.a.f.a.ScalingMetricEvaluator[m [33m[WARN ][default/flink] A4S: No miss rate curve found for vertex cbc357ccb763df2852fee8c4fc7d55f2, skipping
[m[33m2026-03-22 19:35:36,036[m [36mo.a.f.a.ScalingMetricEvaluator[m [36m[DEBUG][default/flink] A4S: Evaluating metrics for vertex f6dc7f4d2283f4605b127b9364e21148
[m[33m2026-03-22 19:35:51,196[m [36mo.a.f.a.ScalingMetricEvaluator[m [36m[DEBUG][default/flink] A4S: Evaluating metrics for vertex cbc357ccb763df2852fee8c4fc7d55f2
[m[33m2026-03-22 19:35:51,196[m [36mo.a.f.a.ScalingMetricEvaluator[m [33m[WARN ][default/flink] A4S: No miss rate curve found for vertex cbc357ccb763df2852fee8c4fc7d55f2, skipping
[m[33m2026-03-22 19:35:51,197[m [36mo.a.f.a.ScalingMetricEvaluator[m [36m[DEBUG][default/flink] A4S: Evaluating metrics for vertex f6dc7f4d2283f4605b127b9364e21148
[m[33m2026-03-22 19:36:06,416[m [36mo.a.f.a.ScalingMetricEvaluator[m [36m[DEBUG][default/flink] A4S: Evaluating metrics for vertex cbc357ccb763df2852fee8c4fc7d55f2
[m[33m2026-03-22 19:36:06,416[m [36mo.a.f.a.ScalingMetricEvaluator[m [33m[WARN ][default/flink] A4S: No miss rate curve found for vertex cbc357ccb763df2852fee8c4fc7d55f2, skipping
[m[33m2026-03-22 19:36:06,416[m [36mo.a.f.a.ScalingMetricEvaluator[m [36m[DEBUG][default/flink] A4S: Evaluating metrics for vertex f6dc7f4d2283f4605b127b9364e21148
[m[33m2026-03-22 19:36:21,665[m [36mo.a.f.a.ScalingMetricEvaluator[m [36m[DEBUG][default/flink] A4S: Evaluating metrics for vertex cbc357ccb763df2852fee8c4fc7d55f2
[m[33m2026-03-22 19:36:21,665[m [36mo.a.f.a.ScalingMetricEvaluator[m [33m[WARN ][default/flink] A4S: No miss rate curve found for vertex cbc357ccb763df2852fee8c4fc7d55f2, skipping
[m[33m2026-03-22 19:36:21,665[m [36mo.a.f.a.ScalingMetricEvaluator[m [36m[DEBUG][default/flink] A4S: Evaluating metrics for vertex f6dc7f4d2283f4605b127b9364e21148
[m[33m2026-03-22 19:36:21,715[m [36mo.a.f.a.ScalingExecutor       [m [36m[DEBUG][default/flink] A4S: Evaluated Metrics: EvaluatedMetrics(vertexMetrics={cbc357ccb763df2852fee8c4fc7d55f2={SCALE_DOWN_RATE_THRESHOLD=EvaluatedScalingMetric(current=45841.0, average=NaN), TARGET_DATA_RATE=EvaluatedScalingMetric(current=NaN, average=8872.508), PARALLELISM=EvaluatedScalingMetric(current=1.0, average=NaN), RECOMMENDED_PARALLELISM=EvaluatedScalingMetric(current=1.0, average=NaN), LAG=EvaluatedScalingMetric(current=0.0, average=NaN), SCALE_UP_RATE_THRESHOLD=EvaluatedScalingMetric(current=11091.0, average=NaN), CATCH_UP_DATA_RATE=EvaluatedScalingMetric(current=0.0, average=NaN), TRUE_PROCESSING_RATE=EvaluatedScalingMetric(current=NaN, average=87629.71), INPUT_RATE=EvaluatedScalingMetric(current=NaN, average=8872.508), NUM_SOURCE_PARTITIONS=EvaluatedScalingMetric(current=0.0, average=NaN), LOAD=EvaluatedScalingMetric(current=NaN, average=0.101), MAX_PARALLELISM=EvaluatedScalingMetric(current=24.0, average=NaN)}, f6dc7f4d2283f4605b127b9364e21148={TARGET_DATA_RATE=EvaluatedScalingMetric(current=NaN, average=8165.367), PARALLELISM=EvaluatedScalingMetric(current=1.0, average=NaN), ROCKS_DB_BLOCK_CACHE_HIT_RATE=EvaluatedScalingMetric(current=0.975, average=0.971), RECOMMENDED_PARALLELISM=EvaluatedScalingMetric(current=3.0, average=NaN), CATCH_UP_DATA_RATE=EvaluatedScalingMetric(current=0.0, average=NaN), INPUT_RATE=EvaluatedScalingMetric(current=NaN, average=8165.367), EXPECTED_PROCESSING_RATE=EvaluatedScalingMetric(current=17692.0, average=NaN), NUM_SOURCE_PARTITIONS=EvaluatedScalingMetric(current=0.0, average=NaN), LOAD=EvaluatedScalingMetric(current=NaN, average=1.0), MAX_PARALLELISM=EvaluatedScalingMetric(current=24.0, average=NaN), SCALE_DOWN_RATE_THRESHOLD=EvaluatedScalingMetric(current=42188.0, average=NaN), SCALE_UP_RATE_THRESHOLD=EvaluatedScalingMetric(current=10207.0, average=NaN), TRUE_PROCESSING_RATE=EvaluatedScalingMetric(current=NaN, average=8165.367)}}, globalMetrics={METASPACE_MEMORY_USED=EvaluatedScalingMetric(current=5.3087816E7, average=5.2899976E7), HEAP_MAX_USAGE_RATIO=EvaluatedScalingMetric(current=0.125, average=0.277), GC_PRESSURE=EvaluatedScalingMetric(current=NaN, average=NaN), MANAGED_MEMORY_USED=EvaluatedScalingMetric(current=1.66429984E8, average=1.66429984E8), HEAP_MEMORY_USED=EvaluatedScalingMetric(current=8.7028816E7, average=1.93646926E8), NUM_TASK_SLOTS_USED=EvaluatedScalingMetric(current=2.0, average=NaN)}, memoryParallelismCurves={f6dc7f4d2283f4605b127b9364e21148=MPC[target=8165.37, minParallelism=1, maxParallelism=24, points=[(p=1, mem=4.00MB), (p=2, mem=4.00MB), (p=3, mem=4.00MB), (p=4, mem=4.00MB), (p=5, mem=4.00MB), (p=6, mem=4.00MB), (p=7, mem=4.00MB), (p=8, mem=4.00MB), (p=9, mem=4.00MB), (p=10, mem=4.00MB), (p=11, mem=4.00MB), (p=12, mem=4.00MB), (p=13, mem=4.00MB), (p=14, mem=4.00MB), (p=15, mem=4.00MB), (p=16, mem=4.00MB), (p=17, mem=4.00MB), (p=18, mem=4.00MB), (p=19, mem=4.00MB), (p=20, mem=4.00MB), (p=21, mem=4.00MB), (p=22, mem=4.00MB), (p=23, mem=4.00MB), (p=24, mem=4.00MB)]]}, missRateCurves={f6dc7f4d2283f4605b127b9364e21148=MRC[points=[(size=4.00mb, mr=0.1899), (size=8.00mb, mr=0.0535), (size=12.00mb, mr=0.0518), (size=16.00mb, mr=0.0504), (size=20.00mb, mr=0.0491), (size=24.00mb, mr=0.0480), (size=28.00mb, mr=0.0463), (size=32.00mb, mr=0.0440), (size=36.00mb, mr=0.0433), (size=40.00mb, mr=0.0415), (size=44.00mb, mr=0.0397), (size=48.00mb, mr=0.0385), (size=52.00mb, mr=0.0373), (size=56.00mb, mr=0.0360), (size=60.00mb, mr=0.0344), (size=64.00mb, mr=0.0333), (size=68.00mb, mr=0.0321), (size=72.00mb, mr=0.0313), (size=76.00mb, mr=0.0302), (size=80.00mb, mr=0.0288), (size=84.00mb, mr=0.0272), (size=88.00mb, mr=0.0247), (size=92.00mb, mr=0.0229), (size=96.00mb, mr=0.0211), (size=100.00mb, mr=0.0195), (size=104.00mb, mr=0.0177), (size=108.00mb, mr=0.0155), (size=112.00mb, mr=0.0154)]]})
[m[33m2026-03-22 19:36:21,716[m [36mo.a.f.a.a.A4S                 [m [32m[INFO ][default/flink] A4S: Attempt 0 - Making decisions
[m[33m2026-03-22 19:36:21,716[m [36mo.a.f.a.a.A4S                 [m [33m[WARN ][default/flink] A4S: No memory parallelism curve found for operator cbc357ccb763df2852fee8c4fc7d55f2
[m[33m2026-03-22 19:36:21,716[m [36mo.a.f.a.a.A4S                 [m [32m[INFO ][default/flink] A4S: Operator f6dc7f4d2283f4605b127b9364e21148 placed with parallelism 3 and memory 4.0MB
[m[33m2026-03-22 19:36:21,716[m [36mo.a.f.a.a.A4S                 [m [32m[INFO ][default/flink] A4S: Decisions: {f6dc7f4d2283f4605b127b9364e21148=A4SDecision[p=3, mem=4.00MB]}
[m[33m2026-03-22 19:36:21,716[m [36mo.a.f.a.ScalingExecutor       [m [36m[DEBUG][default/flink] A4S: Vertex cbc357ccb763df2852fee8c4fc7d55f2 has parallelism 1 and memory 30.0MB
[m[33m2026-03-22 19:36:21,716[m [36mo.a.f.a.ScalingExecutor       [m [36m[DEBUG][default/flink] A4S: Vertex f6dc7f4d2283f4605b127b9364e21148 has parallelism 3 and memory 34.0MB
[m[33m2026-03-22 19:37:23,089[m [36mo.a.f.a.ScalingMetricEvaluator[m [36m[DEBUG][default/flink] A4S: Evaluating metrics for vertex cbc357ccb763df2852fee8c4fc7d55f2
[m[33m2026-03-22 19:37:23,090[m [36mo.a.f.a.ScalingMetricEvaluator[m [33m[WARN ][default/flink] A4S: No miss rate curve found for vertex cbc357ccb763df2852fee8c4fc7d55f2, skipping
[m[33m2026-03-22 19:37:23,090[m [36mo.a.f.a.ScalingMetricEvaluator[m [36m[DEBUG][default/flink] A4S: Evaluating metrics for vertex f6dc7f4d2283f4605b127b9364e21148
[m[33m2026-03-22 19:37:38,241[m [36mo.a.f.a.ScalingMetricEvaluator[m [36m[DEBUG][default/flink] A4S: Evaluating metrics for vertex cbc357ccb763df2852fee8c4fc7d55f2
[m[33m2026-03-22 19:37:38,241[m [36mo.a.f.a.ScalingMetricEvaluator[m [33m[WARN ][default/flink] A4S: No miss rate curve found for vertex cbc357ccb763df2852fee8c4fc7d55f2, skipping
[m[33m2026-03-22 19:37:38,241[m [36mo.a.f.a.ScalingMetricEvaluator[m [36m[DEBUG][default/flink] A4S: Evaluating metrics for vertex f6dc7f4d2283f4605b127b9364e21148
[m[33m2026-03-22 19:37:53,410[m [36mo.a.f.a.ScalingMetricEvaluator[m [36m[DEBUG][default/flink] A4S: Evaluating metrics for vertex cbc357ccb763df2852fee8c4fc7d55f2
[m[33m2026-03-22 19:37:53,410[m [36mo.a.f.a.ScalingMetricEvaluator[m [33m[WARN ][default/flink] A4S: No miss rate curve found for vertex cbc357ccb763df2852fee8c4fc7d55f2, skipping
[m[33m2026-03-22 19:37:53,410[m [36mo.a.f.a.ScalingMetricEvaluator[m [36m[DEBUG][default/flink] A4S: Evaluating metrics for vertex f6dc7f4d2283f4605b127b9364e21148
[m[33m2026-03-22 19:38:08,559[m [36mo.a.f.a.ScalingMetricEvaluator[m [36m[DEBUG][default/flink] A4S: Evaluating metrics for vertex cbc357ccb763df2852fee8c4fc7d55f2
[m[33m2026-03-22 19:38:08,559[m [36mo.a.f.a.ScalingMetricEvaluator[m [33m[WARN ][default/flink] A4S: No miss rate curve found for vertex cbc357ccb763df2852fee8c4fc7d55f2, skipping
[m[33m2026-03-22 19:38:08,559[m [36mo.a.f.a.ScalingMetricEvaluator[m [36m[DEBUG][default/flink] A4S: Evaluating metrics for vertex f6dc7f4d2283f4605b127b9364e21148
[m[33m2026-03-22 19:38:23,727[m [36mo.a.f.a.ScalingMetricEvaluator[m [36m[DEBUG][default/flink] A4S: Evaluating metrics for vertex cbc357ccb763df2852fee8c4fc7d55f2
[m[33m2026-03-22 19:38:23,727[m [36mo.a.f.a.ScalingMetricEvaluator[m [33m[WARN ][default/flink] A4S: No miss rate curve found for vertex cbc357ccb763df2852fee8c4fc7d55f2, skipping
[m[33m2026-03-22 19:38:23,727[m [36mo.a.f.a.ScalingMetricEvaluator[m [36m[DEBUG][default/flink] A4S: Evaluating metrics for vertex f6dc7f4d2283f4605b127b9364e21148
[m[33m2026-03-22 19:38:38,881[m [36mo.a.f.a.ScalingMetricEvaluator[m [36m[DEBUG][default/flink] A4S: Evaluating metrics for vertex cbc357ccb763df2852fee8c4fc7d55f2
[m[33m2026-03-22 19:38:38,881[m [36mo.a.f.a.ScalingMetricEvaluator[m [33m[WARN ][default/flink] A4S: No miss rate curve found for vertex cbc357ccb763df2852fee8c4fc7d55f2, skipping
[m[33m2026-03-22 19:38:38,881[m [36mo.a.f.a.ScalingMetricEvaluator[m [36m[DEBUG][default/flink] A4S: Evaluating metrics for vertex f6dc7f4d2283f4605b127b9364e21148
[m[33m2026-03-22 19:38:54,059[m [36mo.a.f.a.ScalingMetricEvaluator[m [36m[DEBUG][default/flink] A4S: Evaluating metrics for vertex cbc357ccb763df2852fee8c4fc7d55f2
[m[33m2026-03-22 19:38:54,059[m [36mo.a.f.a.ScalingMetricEvaluator[m [33m[WARN ][default/flink] A4S: No miss rate curve found for vertex cbc357ccb763df2852fee8c4fc7d55f2, skipping
[m[33m2026-03-22 19:38:54,059[m [36mo.a.f.a.ScalingMetricEvaluator[m [36m[DEBUG][default/flink] A4S: Evaluating metrics for vertex f6dc7f4d2283f4605b127b9364e21148
[m[33m2026-03-22 19:39:09,208[m [36mo.a.f.a.ScalingMetricEvaluator[m [36m[DEBUG][default/flink] A4S: Evaluating metrics for vertex cbc357ccb763df2852fee8c4fc7d55f2
[m[33m2026-03-22 19:39:09,208[m [36mo.a.f.a.ScalingMetricEvaluator[m [33m[WARN ][default/flink] A4S: No miss rate curve found for vertex cbc357ccb763df2852fee8c4fc7d55f2, skipping
[m[33m2026-03-22 19:39:09,209[m [36mo.a.f.a.ScalingMetricEvaluator[m [36m[DEBUG][default/flink] A4S: Evaluating metrics for vertex f6dc7f4d2283f4605b127b9364e21148
[m[33m2026-03-22 19:39:24,403[m [36mo.a.f.a.ScalingMetricEvaluator[m [36m[DEBUG][default/flink] A4S: Evaluating metrics for vertex cbc357ccb763df2852fee8c4fc7d55f2
[m[33m2026-03-22 19:39:24,403[m [36mo.a.f.a.ScalingMetricEvaluator[m [33m[WARN ][default/flink] A4S: No miss rate curve found for vertex cbc357ccb763df2852fee8c4fc7d55f2, skipping
[m[33m2026-03-22 19:39:24,403[m [36mo.a.f.a.ScalingMetricEvaluator[m [36m[DEBUG][default/flink] A4S: Evaluating metrics for vertex f6dc7f4d2283f4605b127b9364e21148
[m[33m2026-03-22 19:39:24,530[m [36mo.a.f.a.ScalingExecutor       [m [36m[DEBUG][default/flink] A4S: Evaluated Metrics: EvaluatedMetrics(vertexMetrics={cbc357ccb763df2852fee8c4fc7d55f2={SCALE_DOWN_RATE_THRESHOLD=EvaluatedScalingMetric(current=13877.0, average=NaN), TARGET_DATA_RATE=EvaluatedScalingMetric(current=NaN, average=2685.809), PARALLELISM=EvaluatedScalingMetric(current=1.0, average=NaN), RECOMMENDED_PARALLELISM=EvaluatedScalingMetric(current=1.0, average=NaN), LAG=EvaluatedScalingMetric(current=0.0, average=NaN), SCALE_UP_RATE_THRESHOLD=EvaluatedScalingMetric(current=3357.0, average=NaN), CATCH_UP_DATA_RATE=EvaluatedScalingMetric(current=0.0, average=NaN), TRUE_PROCESSING_RATE=EvaluatedScalingMetric(current=NaN, average=66936.044), INPUT_RATE=EvaluatedScalingMetric(current=NaN, average=2685.809), NUM_SOURCE_PARTITIONS=EvaluatedScalingMetric(current=0.0, average=NaN), LOAD=EvaluatedScalingMetric(current=NaN, average=0.04), MAX_PARALLELISM=EvaluatedScalingMetric(current=24.0, average=NaN)}, f6dc7f4d2283f4605b127b9364e21148={TARGET_DATA_RATE=EvaluatedScalingMetric(current=NaN, average=2480.092), PARALLELISM=EvaluatedScalingMetric(current=3.0, average=NaN), ROCKS_DB_BLOCK_CACHE_HIT_RATE=EvaluatedScalingMetric(current=0.662, average=0.71), RECOMMENDED_PARALLELISM=EvaluatedScalingMetric(current=8.0, average=NaN), CATCH_UP_DATA_RATE=EvaluatedScalingMetric(current=0.0, average=NaN), INPUT_RATE=EvaluatedScalingMetric(current=NaN, average=2480.092), EXPECTED_PROCESSING_RATE=EvaluatedScalingMetric(current=5374.0, average=NaN), NUM_SOURCE_PARTITIONS=EvaluatedScalingMetric(current=0.0, average=NaN), LOAD=EvaluatedScalingMetric(current=NaN, average=0.967), MAX_PARALLELISM=EvaluatedScalingMetric(current=24.0, average=NaN), SCALE_DOWN_RATE_THRESHOLD=EvaluatedScalingMetric(current=12814.0, average=NaN), SCALE_UP_RATE_THRESHOLD=EvaluatedScalingMetric(current=3100.0, average=NaN), TRUE_PROCESSING_RATE=EvaluatedScalingMetric(current=NaN, average=2563.733)}}, globalMetrics={METASPACE_MEMORY_USED=EvaluatedScalingMetric(current=5.4700832E7, average=5.4613166E7), HEAP_MAX_USAGE_RATIO=EvaluatedScalingMetric(current=0.447, average=0.4), GC_PRESSURE=EvaluatedScalingMetric(current=NaN, average=NaN), MANAGED_MEMORY_USED=EvaluatedScalingMetric(current=1.06954752E8, average=1.06954752E8), HEAP_MEMORY_USED=EvaluatedScalingMetric(current=3.12487896E8, average=2.79050646E8), NUM_TASK_SLOTS_USED=EvaluatedScalingMetric(current=4.0, average=NaN)}, memoryParallelismCurves={f6dc7f4d2283f4605b127b9364e21148=MPC[target=2480.09, minParallelism=1, maxParallelism=24, points=[(p=1, mem=12.00MB), (p=2, mem=12.00MB), (p=3, mem=12.00MB), (p=4, mem=12.00MB), (p=5, mem=12.00MB), (p=6, mem=12.00MB), (p=7, mem=12.00MB), (p=8, mem=12.00MB), (p=9, mem=12.00MB), (p=10, mem=12.00MB), (p=11, mem=12.00MB), (p=12, mem=12.00MB), (p=13, mem=12.00MB), (p=14, mem=12.00MB), (p=15, mem=12.00MB), (p=16, mem=12.00MB), (p=17, mem=12.00MB), (p=18, mem=12.00MB), (p=19, mem=12.00MB), (p=20, mem=12.00MB), (p=21, mem=12.00MB), (p=22, mem=12.00MB), (p=23, mem=12.00MB), (p=24, mem=12.00MB)]]}, missRateCurves={f6dc7f4d2283f4605b127b9364e21148=MRC[points=[(size=12.00mb, mr=0.5256), (size=24.00mb, mr=0.5256), (size=36.00mb, mr=0.5254), (size=48.00mb, mr=0.5252), (size=60.00mb, mr=0.5249), (size=72.00mb, mr=0.5249), (size=84.00mb, mr=0.5246), (size=96.00mb, mr=0.4911), (size=108.00mb, mr=0.4870), (size=120.00mb, mr=0.4865)]]})
[m[33m2026-03-22 19:39:24,530[m [36mo.a.f.a.a.A4S                 [m [32m[INFO ][default/flink] A4S: Attempt 0 - Making decisions
[m[33m2026-03-22 19:39:24,530[m [36mo.a.f.a.a.A4S                 [m [33m[WARN ][default/flink] A4S: No memory parallelism curve found for operator cbc357ccb763df2852fee8c4fc7d55f2
[m[33m2026-03-22 19:39:24,530[m [36mo.a.f.a.a.A4S                 [m [32m[INFO ][default/flink] A4S: Operator f6dc7f4d2283f4605b127b9364e21148 placed with parallelism 8 and memory 12.0MB
[m[33m2026-03-22 19:39:24,530[m [36mo.a.f.a.a.A4S                 [m [32m[INFO ][default/flink] A4S: Decisions: {f6dc7f4d2283f4605b127b9364e21148=A4SDecision[p=8, mem=12.00MB]}
[m[33m2026-03-22 19:39:24,531[m [36mo.a.f.a.ScalingExecutor       [m [36m[DEBUG][default/flink] A4S: Vertex cbc357ccb763df2852fee8c4fc7d55f2 has parallelism 1 and memory 30.0MB
[m[33m2026-03-22 19:39:24,531[m [36mo.a.f.a.ScalingExecutor       [m [36m[DEBUG][default/flink] A4S: Vertex f6dc7f4d2283f4605b127b9364e21148 has parallelism 8 and memory 42.0MB
[m[33m2026-03-22 19:40:40,770[m [36mo.a.f.a.ScalingMetricEvaluator[m [36m[DEBUG][default/flink] A4S: Evaluating metrics for vertex cbc357ccb763df2852fee8c4fc7d55f2
[m[33m2026-03-22 19:40:40,770[m [36mo.a.f.a.ScalingMetricEvaluator[m [33m[WARN ][default/flink] A4S: No miss rate curve found for vertex cbc357ccb763df2852fee8c4fc7d55f2, skipping
[m[33m2026-03-22 19:40:40,770[m [36mo.a.f.a.ScalingMetricEvaluator[m [36m[DEBUG][default/flink] A4S: Evaluating metrics for vertex f6dc7f4d2283f4605b127b9364e21148
[m[33m2026-03-22 19:40:55,962[m [36mo.a.f.a.ScalingMetricEvaluator[m [36m[DEBUG][default/flink] A4S: Evaluating metrics for vertex cbc357ccb763df2852fee8c4fc7d55f2
[m[33m2026-03-22 19:40:55,962[m [36mo.a.f.a.ScalingMetricEvaluator[m [33m[WARN ][default/flink] A4S: No miss rate curve found for vertex cbc357ccb763df2852fee8c4fc7d55f2, skipping
[m[33m2026-03-22 19:40:55,962[m [36mo.a.f.a.ScalingMetricEvaluator[m [36m[DEBUG][default/flink] A4S: Evaluating metrics for vertex f6dc7f4d2283f4605b127b9364e21148
[m[33m2026-03-22 19:41:11,122[m [36mo.a.f.a.ScalingMetricEvaluator[m [36m[DEBUG][default/flink] A4S: Evaluating metrics for vertex cbc357ccb763df2852fee8c4fc7d55f2
[m[33m2026-03-22 19:41:11,122[m [36mo.a.f.a.ScalingMetricEvaluator[m [33m[WARN ][default/flink] A4S: No miss rate curve found for vertex cbc357ccb763df2852fee8c4fc7d55f2, skipping
[m[33m2026-03-22 19:41:11,123[m [36mo.a.f.a.ScalingMetricEvaluator[m [36m[DEBUG][default/flink] A4S: Evaluating metrics for vertex f6dc7f4d2283f4605b127b9364e21148
[m[33m2026-03-22 19:41:26,285[m [36mo.a.f.a.ScalingMetricEvaluator[m [36m[DEBUG][default/flink] A4S: Evaluating metrics for vertex cbc357ccb763df2852fee8c4fc7d55f2
[m[33m2026-03-22 19:41:26,285[m [36mo.a.f.a.ScalingMetricEvaluator[m [33m[WARN ][default/flink] A4S: No miss rate curve found for vertex cbc357ccb763df2852fee8c4fc7d55f2, skipping
[m[33m2026-03-22 19:41:26,286[m [36mo.a.f.a.ScalingMetricEvaluator[m [36m[DEBUG][default/flink] A4S: Evaluating metrics for vertex f6dc7f4d2283f4605b127b9364e21148
[m[33m2026-03-22 19:41:41,456[m [36mo.a.f.a.ScalingMetricEvaluator[m [36m[DEBUG][default/flink] A4S: Evaluating metrics for vertex cbc357ccb763df2852fee8c4fc7d55f2
[m[33m2026-03-22 19:41:41,456[m [36mo.a.f.a.ScalingMetricEvaluator[m [33m[WARN ][default/flink] A4S: No miss rate curve found for vertex cbc357ccb763df2852fee8c4fc7d55f2, skipping
[m[33m2026-03-22 19:41:41,457[m [36mo.a.f.a.ScalingMetricEvaluator[m [36m[DEBUG][default/flink] A4S: Evaluating metrics for vertex f6dc7f4d2283f4605b127b9364e21148
[m[33m2026-03-22 19:41:56,610[m [36mo.a.f.a.ScalingMetricEvaluator[m [36m[DEBUG][default/flink] A4S: Evaluating metrics for vertex cbc357ccb763df2852fee8c4fc7d55f2
[m[33m2026-03-22 19:41:56,610[m [36mo.a.f.a.ScalingMetricEvaluator[m [33m[WARN ][default/flink] A4S: No miss rate curve found for vertex cbc357ccb763df2852fee8c4fc7d55f2, skipping
[m[33m2026-03-22 19:41:56,610[m [36mo.a.f.a.ScalingMetricEvaluator[m [36m[DEBUG][default/flink] A4S: Evaluating metrics for vertex f6dc7f4d2283f4605b127b9364e21148
[m[33m2026-03-22 19:42:11,759[m [36mo.a.f.a.ScalingMetricEvaluator[m [36m[DEBUG][default/flink] A4S: Evaluating metrics for vertex cbc357ccb763df2852fee8c4fc7d55f2
[m[33m2026-03-22 19:42:11,759[m [36mo.a.f.a.ScalingMetricEvaluator[m [33m[WARN ][default/flink] A4S: No miss rate curve found for vertex cbc357ccb763df2852fee8c4fc7d55f2, skipping
[m[33m2026-03-22 19:42:11,759[m [36mo.a.f.a.ScalingMetricEvaluator[m [36m[DEBUG][default/flink] A4S: Evaluating metrics for vertex f6dc7f4d2283f4605b127b9364e21148
[m[33m2026-03-22 19:42:26,927[m [36mo.a.f.a.ScalingMetricEvaluator[m [36m[DEBUG][default/flink] A4S: Evaluating metrics for vertex cbc357ccb763df2852fee8c4fc7d55f2
[m[33m2026-03-22 19:42:26,927[m [36mo.a.f.a.ScalingMetricEvaluator[m [33m[WARN ][default/flink] A4S: No miss rate curve found for vertex cbc357ccb763df2852fee8c4fc7d55f2, skipping
[m[33m2026-03-22 19:42:26,928[m [36mo.a.f.a.ScalingMetricEvaluator[m [36m[DEBUG][default/flink] A4S: Evaluating metrics for vertex f6dc7f4d2283f4605b127b9364e21148
[m[33m2026-03-22 19:42:42,075[m [36mo.a.f.a.ScalingMetricEvaluator[m [36m[DEBUG][default/flink] A4S: Evaluating metrics for vertex cbc357ccb763df2852fee8c4fc7d55f2
[m[33m2026-03-22 19:42:42,075[m [36mo.a.f.a.ScalingMetricEvaluator[m [33m[WARN ][default/flink] A4S: No miss rate curve found for vertex cbc357ccb763df2852fee8c4fc7d55f2, skipping
[m[33m2026-03-22 19:42:42,075[m [36mo.a.f.a.ScalingMetricEvaluator[m [36m[DEBUG][default/flink] A4S: Evaluating metrics for vertex f6dc7f4d2283f4605b127b9364e21148
[m[33m2026-03-22 19:42:42,155[m [36mo.a.f.a.ScalingExecutor       [m [36m[DEBUG][default/flink] A4S: Evaluated Metrics: EvaluatedMetrics(vertexMetrics={cbc357ccb763df2852fee8c4fc7d55f2={SCALE_DOWN_RATE_THRESHOLD=EvaluatedScalingMetric(current=15866.0, average=NaN), TARGET_DATA_RATE=EvaluatedScalingMetric(current=NaN, average=3070.803), PARALLELISM=EvaluatedScalingMetric(current=1.0, average=NaN), RECOMMENDED_PARALLELISM=EvaluatedScalingMetric(current=1.0, average=NaN), LAG=EvaluatedScalingMetric(current=0.0, average=NaN), SCALE_UP_RATE_THRESHOLD=EvaluatedScalingMetric(current=3839.0, average=NaN), CATCH_UP_DATA_RATE=EvaluatedScalingMetric(current=0.0, average=NaN), TRUE_PROCESSING_RATE=EvaluatedScalingMetric(current=NaN, average=75588.99), INPUT_RATE=EvaluatedScalingMetric(current=NaN, average=3070.803), NUM_SOURCE_PARTITIONS=EvaluatedScalingMetric(current=0.0, average=NaN), LOAD=EvaluatedScalingMetric(current=NaN, average=0.041), MAX_PARALLELISM=EvaluatedScalingMetric(current=24.0, average=NaN)}, f6dc7f4d2283f4605b127b9364e21148={TARGET_DATA_RATE=EvaluatedScalingMetric(current=NaN, average=2985.086), PARALLELISM=EvaluatedScalingMetric(current=8.0, average=NaN), ROCKS_DB_BLOCK_CACHE_HIT_RATE=EvaluatedScalingMetric(current=0.79, average=0.816), RECOMMENDED_PARALLELISM=EvaluatedScalingMetric(current=24.0, average=NaN), CATCH_UP_DATA_RATE=EvaluatedScalingMetric(current=0.0, average=NaN), INPUT_RATE=EvaluatedScalingMetric(current=NaN, average=2985.086), EXPECTED_PROCESSING_RATE=EvaluatedScalingMetric(current=6468.0, average=NaN), NUM_SOURCE_PARTITIONS=EvaluatedScalingMetric(current=0.0, average=NaN), LOAD=EvaluatedScalingMetric(current=NaN, average=1.0), MAX_PARALLELISM=EvaluatedScalingMetric(current=24.0, average=NaN), SCALE_DOWN_RATE_THRESHOLD=EvaluatedScalingMetric(current=15423.0, average=NaN), SCALE_UP_RATE_THRESHOLD=EvaluatedScalingMetric(current=3731.0, average=NaN), TRUE_PROCESSING_RATE=EvaluatedScalingMetric(current=NaN, average=2985.086)}}, globalMetrics={METASPACE_MEMORY_USED=EvaluatedScalingMetric(current=5.6167936E7, average=5.6084869E7), HEAP_MAX_USAGE_RATIO=EvaluatedScalingMetric(current=0.609, average=0.53), GC_PRESSURE=EvaluatedScalingMetric(current=NaN, average=NaN), MANAGED_MEMORY_USED=EvaluatedScalingMetric(current=1.76160768E8, average=1.76160768E8), HEAP_MEMORY_USED=EvaluatedScalingMetric(current=4.25216512E8, average=3.70170348E8), NUM_TASK_SLOTS_USED=EvaluatedScalingMetric(current=9.0, average=NaN)}, memoryParallelismCurves={f6dc7f4d2283f4605b127b9364e21148=MPC[target=2985.09, minParallelism=1, maxParallelism=24, points=[(p=1, mem=32.00MB), (p=2, mem=32.00MB), (p=3, mem=32.00MB), (p=4, mem=32.00MB), (p=5, mem=32.00MB), (p=6, mem=32.00MB), (p=7, mem=32.00MB), (p=8, mem=32.00MB), (p=9, mem=32.00MB), (p=10, mem=32.00MB), (p=11, mem=32.00MB), (p=12, mem=32.00MB), (p=13, mem=32.00MB), (p=14, mem=32.00MB), (p=15, mem=32.00MB), (p=16, mem=32.00MB), (p=17, mem=32.00MB), (p=18, mem=32.00MB), (p=19, mem=32.00MB), (p=20, mem=32.00MB), (p=21, mem=32.00MB), (p=22, mem=32.00MB), (p=23, mem=32.00MB), (p=24, mem=32.00MB)]]}, missRateCurves={f6dc7f4d2283f4605b127b9364e21148=MRC[points=[(size=32.00mb, mr=0.2268), (size=64.00mb, mr=0.2183), (size=96.00mb, mr=0.2052), (size=128.00mb, mr=0.1983), (size=160.00mb, mr=0.1921), (size=192.00mb, mr=0.1814), (size=224.00mb, mr=0.1690), (size=256.00mb, mr=0.1606), (size=288.00mb, mr=0.1590), (size=320.00mb, mr=0.1583)]]})
[m[33m2026-03-22 19:42:42,155[m [36mo.a.f.a.a.A4S                 [m [32m[INFO ][default/flink] A4S: Attempt 0 - Making decisions
[m[33m2026-03-22 19:42:42,155[m [36mo.a.f.a.a.A4S                 [m [33m[WARN ][default/flink] A4S: No memory parallelism curve found for operator cbc357ccb763df2852fee8c4fc7d55f2
[m[33m2026-03-22 19:42:42,155[m [36mo.a.f.a.a.A4S                 [m [32m[INFO ][default/flink] A4S: Operator f6dc7f4d2283f4605b127b9364e21148 placed with parallelism 24 and memory 32.0MB
[m[33m2026-03-22 19:42:42,156[m [36mo.a.f.a.a.A4S                 [m [32m[INFO ][default/flink] A4S: Decisions: {f6dc7f4d2283f4605b127b9364e21148=A4SDecision[p=24, mem=32.00MB]}
[m[33m2026-03-22 19:42:42,156[m [36mo.a.f.a.ScalingExecutor       [m [36m[DEBUG][default/flink] A4S: Vertex cbc357ccb763df2852fee8c4fc7d55f2 has parallelism 1 and memory 30.0MB
[m[33m2026-03-22 19:42:42,156[m [36mo.a.f.a.ScalingExecutor       [m [36m[DEBUG][default/flink] A4S: Vertex f6dc7f4d2283f4605b127b9364e21148 has parallelism 24 and memory 62.0MB
[m[33m2026-03-22 19:43:58,459[m [36mo.a.f.a.ScalingMetricEvaluator[m [36m[DEBUG][default/flink] A4S: Evaluating metrics for vertex cbc357ccb763df2852fee8c4fc7d55f2
[m[33m2026-03-22 19:43:58,459[m [36mo.a.f.a.ScalingMetricEvaluator[m [33m[WARN ][default/flink] A4S: No miss rate curve found for vertex cbc357ccb763df2852fee8c4fc7d55f2, skipping
[m[33m2026-03-22 19:43:58,459[m [36mo.a.f.a.ScalingMetricEvaluator[m [36m[DEBUG][default/flink] A4S: Evaluating metrics for vertex f6dc7f4d2283f4605b127b9364e21148
[m[33m2026-03-22 19:44:13,756[m [36mo.a.f.a.ScalingMetricEvaluator[m [36m[DEBUG][default/flink] A4S: Evaluating metrics for vertex cbc357ccb763df2852fee8c4fc7d55f2
[m[33m2026-03-22 19:44:13,756[m [36mo.a.f.a.ScalingMetricEvaluator[m [33m[WARN ][default/flink] A4S: No miss rate curve found for vertex cbc357ccb763df2852fee8c4fc7d55f2, skipping
[m[33m2026-03-22 19:44:13,756[m [36mo.a.f.a.ScalingMetricEvaluator[m [36m[DEBUG][default/flink] A4S: Evaluating metrics for vertex f6dc7f4d2283f4605b127b9364e21148
[m[33m2026-03-22 19:44:28,940[m [36mo.a.f.a.ScalingMetricEvaluator[m [36m[DEBUG][default/flink] A4S: Evaluating metrics for vertex cbc357ccb763df2852fee8c4fc7d55f2
[m[33m2026-03-22 19:44:28,940[m [36mo.a.f.a.ScalingMetricEvaluator[m [33m[WARN ][default/flink] A4S: No miss rate curve found for vertex cbc357ccb763df2852fee8c4fc7d55f2, skipping
[m[33m2026-03-22 19:44:28,940[m [36mo.a.f.a.ScalingMetricEvaluator[m [36m[DEBUG][default/flink] A4S: Evaluating metrics for vertex f6dc7f4d2283f4605b127b9364e21148
[m[33m2026-03-22 19:44:44,122[m [36mo.a.f.a.ScalingMetricEvaluator[m [36m[DEBUG][default/flink] A4S: Evaluating metrics for vertex cbc357ccb763df2852fee8c4fc7d55f2
[m[33m2026-03-22 19:44:44,122[m [36mo.a.f.a.ScalingMetricEvaluator[m [33m[WARN ][default/flink] A4S: No miss rate curve found for vertex cbc357ccb763df2852fee8c4fc7d55f2, skipping
[m[33m2026-03-22 19:44:44,122[m [36mo.a.f.a.ScalingMetricEvaluator[m [36m[DEBUG][default/flink] A4S: Evaluating metrics for vertex f6dc7f4d2283f4605b127b9364e21148
[m[33m2026-03-22 19:44:59,300[m [36mo.a.f.a.ScalingMetricEvaluator[m [36m[DEBUG][default/flink] A4S: Evaluating metrics for vertex cbc357ccb763df2852fee8c4fc7d55f2
[m[33m2026-03-22 19:44:59,300[m [36mo.a.f.a.ScalingMetricEvaluator[m [33m[WARN ][default/flink] A4S: No miss rate curve found for vertex cbc357ccb763df2852fee8c4fc7d55f2, skipping
[m[33m2026-03-22 19:44:59,300[m [36mo.a.f.a.ScalingMetricEvaluator[m [36m[DEBUG][default/flink] A4S: Evaluating metrics for vertex f6dc7f4d2283f4605b127b9364e21148
[m[33m2026-03-22 19:45:14,472[m [36mo.a.f.a.ScalingMetricEvaluator[m [36m[DEBUG][default/flink] A4S: Evaluating metrics for vertex cbc357ccb763df2852fee8c4fc7d55f2
[m[33m2026-03-22 19:45:14,472[m [36mo.a.f.a.ScalingMetricEvaluator[m [33m[WARN ][default/flink] A4S: No miss rate curve found for vertex cbc357ccb763df2852fee8c4fc7d55f2, skipping
[m[33m2026-03-22 19:45:14,472[m [36mo.a.f.a.ScalingMetricEvaluator[m [36m[DEBUG][default/flink] A4S: Evaluating metrics for vertex f6dc7f4d2283f4605b127b9364e21148
[m[33m2026-03-22 19:45:29,682[m [36mo.a.f.a.ScalingMetricEvaluator[m [36m[DEBUG][default/flink] A4S: Evaluating metrics for vertex cbc357ccb763df2852fee8c4fc7d55f2
[m[33m2026-03-22 19:45:29,682[m [36mo.a.f.a.ScalingMetricEvaluator[m [33m[WARN ][default/flink] A4S: No miss rate curve found for vertex cbc357ccb763df2852fee8c4fc7d55f2, skipping
[m[33m2026-03-22 19:45:29,682[m [36mo.a.f.a.ScalingMetricEvaluator[m [36m[DEBUG][default/flink] A4S: Evaluating metrics for vertex f6dc7f4d2283f4605b127b9364e21148
[m[33m2026-03-22 19:45:44,894[m [36mo.a.f.a.ScalingMetricEvaluator[m [36m[DEBUG][default/flink] A4S: Evaluating metrics for vertex cbc357ccb763df2852fee8c4fc7d55f2
[m[33m2026-03-22 19:45:44,894[m [36mo.a.f.a.ScalingMetricEvaluator[m [33m[WARN ][default/flink] A4S: No miss rate curve found for vertex cbc357ccb763df2852fee8c4fc7d55f2, skipping
[m[33m2026-03-22 19:45:44,894[m [36mo.a.f.a.ScalingMetricEvaluator[m [36m[DEBUG][default/flink] A4S: Evaluating metrics for vertex f6dc7f4d2283f4605b127b9364e21148
[m[33m2026-03-22 19:46:00,085[m [36mo.a.f.a.ScalingMetricEvaluator[m [36m[DEBUG][default/flink] A4S: Evaluating metrics for vertex cbc357ccb763df2852fee8c4fc7d55f2
[m[33m2026-03-22 19:46:00,085[m [36mo.a.f.a.ScalingMetricEvaluator[m [33m[WARN ][default/flink] A4S: No miss rate curve found for vertex cbc357ccb763df2852fee8c4fc7d55f2, skipping
[m[33m2026-03-22 19:46:00,085[m [36mo.a.f.a.ScalingMetricEvaluator[m [36m[DEBUG][default/flink] A4S: Evaluating metrics for vertex f6dc7f4d2283f4605b127b9364e21148
[m[33m2026-03-22 19:46:15,279[m [36mo.a.f.a.ScalingMetricEvaluator[m [36m[DEBUG][default/flink] A4S: Evaluating metrics for vertex cbc357ccb763df2852fee8c4fc7d55f2
[m[33m2026-03-22 19:46:15,279[m [36mo.a.f.a.ScalingMetricEvaluator[m [33m[WARN ][default/flink] A4S: No miss rate curve found for vertex cbc357ccb763df2852fee8c4fc7d55f2, skipping
[m[33m2026-03-22 19:46:15,279[m [36mo.a.f.a.ScalingMetricEvaluator[m [36m[DEBUG][default/flink] A4S: Evaluating metrics for vertex f6dc7f4d2283f4605b127b9364e21148
[m[33m2026-03-22 19:46:30,742[m [36mo.a.f.a.ScalingMetricEvaluator[m [36m[DEBUG][default/flink] A4S: Evaluating metrics for vertex cbc357ccb763df2852fee8c4fc7d55f2
[m[33m2026-03-22 19:46:30,742[m [36mo.a.f.a.ScalingMetricEvaluator[m [33m[WARN ][default/flink] A4S: No miss rate curve found for vertex cbc357ccb763df2852fee8c4fc7d55f2, skipping
[m[33m2026-03-22 19:46:30,742[m [36mo.a.f.a.ScalingMetricEvaluator[m [36m[DEBUG][default/flink] A4S: Evaluating metrics for vertex f6dc7f4d2283f4605b127b9364e21148
[m[33m2026-03-22 19:46:45,898[m [36mo.a.f.a.ScalingMetricEvaluator[m [36m[DEBUG][default/flink] A4S: Evaluating metrics for vertex cbc357ccb763df2852fee8c4fc7d55f2
[m[33m2026-03-22 19:46:45,899[m [36mo.a.f.a.ScalingMetricEvaluator[m [33m[WARN ][default/flink] A4S: No miss rate curve found for vertex cbc357ccb763df2852fee8c4fc7d55f2, skipping
[m[33m2026-03-22 19:46:45,899[m [36mo.a.f.a.ScalingMetricEvaluator[m [36m[DEBUG][default/flink] A4S: Evaluating metrics for vertex f6dc7f4d2283f4605b127b9364e21148
[m[33m2026-03-22 19:47:01,067[m [36mo.a.f.a.ScalingMetricEvaluator[m [36m[DEBUG][default/flink] A4S: Evaluating metrics for vertex cbc357ccb763df2852fee8c4fc7d55f2
[m[33m2026-03-22 19:47:01,067[m [36mo.a.f.a.ScalingMetricEvaluator[m [33m[WARN ][default/flink] A4S: No miss rate curve found for vertex cbc357ccb763df2852fee8c4fc7d55f2, skipping
[m[33m2026-03-22 19:47:01,067[m [36mo.a.f.a.ScalingMetricEvaluator[m [36m[DEBUG][default/flink] A4S: Evaluating metrics for vertex f6dc7f4d2283f4605b127b9364e21148
[m[33m2026-03-22 19:47:16,247[m [36mo.a.f.a.ScalingMetricEvaluator[m [36m[DEBUG][default/flink] A4S: Evaluating metrics for vertex cbc357ccb763df2852fee8c4fc7d55f2
[m[33m2026-03-22 19:47:16,247[m [36mo.a.f.a.ScalingMetricEvaluator[m [33m[WARN ][default/flink] A4S: No miss rate curve found for vertex cbc357ccb763df2852fee8c4fc7d55f2, skipping
[m[33m2026-03-22 19:47:16,247[m [36mo.a.f.a.ScalingMetricEvaluator[m [36m[DEBUG][default/flink] A4S: Evaluating metrics for vertex f6dc7f4d2283f4605b127b9364e21148
[m[33m2026-03-22 19:47:31,413[m [36mo.a.f.a.ScalingMetricEvaluator[m [36m[DEBUG][default/flink] A4S: Evaluating metrics for vertex cbc357ccb763df2852fee8c4fc7d55f2
[m[33m2026-03-22 19:47:31,413[m [36mo.a.f.a.ScalingMetricEvaluator[m [33m[WARN ][default/flink] A4S: No miss rate curve found for vertex cbc357ccb763df2852fee8c4fc7d55f2, skipping
[m[33m2026-03-22 19:47:31,414[m [36mo.a.f.a.ScalingMetricEvaluator[m [36m[DEBUG][default/flink] A4S: Evaluating metrics for vertex f6dc7f4d2283f4605b127b9364e21148
[m[33m2026-03-22 19:47:46,583[m [36mo.a.f.a.ScalingMetricEvaluator[m [36m[DEBUG][default/flink] A4S: Evaluating metrics for vertex cbc357ccb763df2852fee8c4fc7d55f2
[m[33m2026-03-22 19:47:46,583[m [36mo.a.f.a.ScalingMetricEvaluator[m [33m[WARN ][default/flink] A4S: No miss rate curve found for vertex cbc357ccb763df2852fee8c4fc7d55f2, skipping
[m[33m2026-03-22 19:47:46,583[m [36mo.a.f.a.ScalingMetricEvaluator[m [36m[DEBUG][default/flink] A4S: Evaluating metrics for vertex f6dc7f4d2283f4605b127b9364e21148
[m[33m2026-03-22 19:48:01,751[m [36mo.a.f.a.ScalingMetricEvaluator[m [36m[DEBUG][default/flink] A4S: Evaluating metrics for vertex cbc357ccb763df2852fee8c4fc7d55f2
[m[33m2026-03-22 19:48:01,751[m [36mo.a.f.a.ScalingMetricEvaluator[m [33m[WARN ][default/flink] A4S: No miss rate curve found for vertex cbc357ccb763df2852fee8c4fc7d55f2, skipping
[m[33m2026-03-22 19:48:01,752[m [36mo.a.f.a.ScalingMetricEvaluator[m [36m[DEBUG][default/flink] A4S: Evaluating metrics for vertex f6dc7f4d2283f4605b127b9364e21148
[m[33m2026-03-22 19:48:16,924[m [36mo.a.f.a.ScalingMetricEvaluator[m [36m[DEBUG][default/flink] A4S: Evaluating metrics for vertex cbc357ccb763df2852fee8c4fc7d55f2
[m[33m2026-03-22 19:48:16,924[m [36mo.a.f.a.ScalingMetricEvaluator[m [33m[WARN ][default/flink] A4S: No miss rate curve found for vertex cbc357ccb763df2852fee8c4fc7d55f2, skipping
[m[33m2026-03-22 19:48:16,925[m [36mo.a.f.a.ScalingMetricEvaluator[m [36m[DEBUG][default/flink] A4S: Evaluating metrics for vertex f6dc7f4d2283f4605b127b9364e21148
[m[33m2026-03-22 19:48:32,098[m [36mo.a.f.a.ScalingMetricEvaluator[m [36m[DEBUG][default/flink] A4S: Evaluating metrics for vertex cbc357ccb763df2852fee8c4fc7d55f2
[m[33m2026-03-22 19:48:32,098[m [36mo.a.f.a.ScalingMetricEvaluator[m [33m[WARN ][default/flink] A4S: No miss rate curve found for vertex cbc357ccb763df2852fee8c4fc7d55f2, skipping
[m[33m2026-03-22 19:48:32,099[m [36mo.a.f.a.ScalingMetricEvaluator[m [36m[DEBUG][default/flink] A4S: Evaluating metrics for vertex f6dc7f4d2283f4605b127b9364e21148
[m[33m2026-03-22 19:48:47,279[m [36mo.a.f.a.ScalingMetricEvaluator[m [36m[DEBUG][default/flink] A4S: Evaluating metrics for vertex cbc357ccb763df2852fee8c4fc7d55f2
[m[33m2026-03-22 19:48:47,279[m [36mo.a.f.a.ScalingMetricEvaluator[m [33m[WARN ][default/flink] A4S: No miss rate curve found for vertex cbc357ccb763df2852fee8c4fc7d55f2, skipping
[m[33m2026-03-22 19:48:47,279[m [36mo.a.f.a.ScalingMetricEvaluator[m [36m[DEBUG][default/flink] A4S: Evaluating metrics for vertex f6dc7f4d2283f4605b127b9364e21148
[m[33m2026-03-22 19:49:02,470[m [36mo.a.f.a.ScalingMetricEvaluator[m [36m[DEBUG][default/flink] A4S: Evaluating metrics for vertex cbc357ccb763df2852fee8c4fc7d55f2
[m[33m2026-03-22 19:49:02,470[m [36mo.a.f.a.ScalingMetricEvaluator[m [33m[WARN ][default/flink] A4S: No miss rate curve found for vertex cbc357ccb763df2852fee8c4fc7d55f2, skipping
[m[33m2026-03-22 19:49:02,470[m [36mo.a.f.a.ScalingMetricEvaluator[m [36m[DEBUG][default/flink] A4S: Evaluating metrics for vertex f6dc7f4d2283f4605b127b9364e21148
[m[33m2026-03-22 19:49:17,652[m [36mo.a.f.a.ScalingMetricEvaluator[m [36m[DEBUG][default/flink] A4S: Evaluating metrics for vertex cbc357ccb763df2852fee8c4fc7d55f2
[m[33m2026-03-22 19:49:17,652[m [36mo.a.f.a.ScalingMetricEvaluator[m [33m[WARN ][default/flink] A4S: No miss rate curve found for vertex cbc357ccb763df2852fee8c4fc7d55f2, skipping
[m[33m2026-03-22 19:49:17,652[m [36mo.a.f.a.ScalingMetricEvaluator[m [36m[DEBUG][default/flink] A4S: Evaluating metrics for vertex f6dc7f4d2283f4605b127b9364e21148
[m[33m2026-03-22 19:49:32,812[m [36mo.a.f.a.ScalingMetricEvaluator[m [36m[DEBUG][default/flink] A4S: Evaluating metrics for vertex cbc357ccb763df2852fee8c4fc7d55f2
[m[33m2026-03-22 19:49:32,812[m [36mo.a.f.a.ScalingMetricEvaluator[m [33m[WARN ][default/flink] A4S: No miss rate curve found for vertex cbc357ccb763df2852fee8c4fc7d55f2, skipping
[m[33m2026-03-22 19:49:32,813[m [36mo.a.f.a.ScalingMetricEvaluator[m [36m[DEBUG][default/flink] A4S: Evaluating metrics for vertex f6dc7f4d2283f4605b127b9364e21148
[m[33m2026-03-22 19:49:47,955[m [36mo.a.f.a.ScalingMetricEvaluator[m [36m[DEBUG][default/flink] A4S: Evaluating metrics for vertex cbc357ccb763df2852fee8c4fc7d55f2
[m[33m2026-03-22 19:49:47,955[m [36mo.a.f.a.ScalingMetricEvaluator[m [33m[WARN ][default/flink] A4S: No miss rate curve found for vertex cbc357ccb763df2852fee8c4fc7d55f2, skipping
[m[33m2026-03-22 19:49:47,956[m [36mo.a.f.a.ScalingMetricEvaluator[m [36m[DEBUG][default/flink] A4S: Evaluating metrics for vertex f6dc7f4d2283f4605b127b9364e21148
[m[33m2026-03-22 19:50:03,124[m [36mo.a.f.a.ScalingMetricEvaluator[m [36m[DEBUG][default/flink] A4S: Evaluating metrics for vertex cbc357ccb763df2852fee8c4fc7d55f2
[m[33m2026-03-22 19:50:03,124[m [36mo.a.f.a.ScalingMetricEvaluator[m [33m[WARN ][default/flink] A4S: No miss rate curve found for vertex cbc357ccb763df2852fee8c4fc7d55f2, skipping
[m[33m2026-03-22 19:50:03,124[m [36mo.a.f.a.ScalingMetricEvaluator[m [36m[DEBUG][default/flink] A4S: Evaluating metrics for vertex f6dc7f4d2283f4605b127b9364e21148
[m[33m2026-03-22 19:50:18,278[m [36mo.a.f.a.ScalingMetricEvaluator[m [36m[DEBUG][default/flink] A4S: Evaluating metrics for vertex cbc357ccb763df2852fee8c4fc7d55f2
[m[33m2026-03-22 19:50:18,278[m [36mo.a.f.a.ScalingMetricEvaluator[m [33m[WARN ][default/flink] A4S: No miss rate curve found for vertex cbc357ccb763df2852fee8c4fc7d55f2, skipping
[m[33m2026-03-22 19:50:18,278[m [36mo.a.f.a.ScalingMetricEvaluator[m [36m[DEBUG][default/flink] A4S: Evaluating metrics for vertex f6dc7f4d2283f4605b127b9364e21148
[m[33m2026-03-22 19:50:33,432[m [36mo.a.f.a.ScalingMetricEvaluator[m [36m[DEBUG][default/flink] A4S: Evaluating metrics for vertex cbc357ccb763df2852fee8c4fc7d55f2
[m[33m2026-03-22 19:50:33,432[m [36mo.a.f.a.ScalingMetricEvaluator[m [33m[WARN ][default/flink] A4S: No miss rate curve found for vertex cbc357ccb763df2852fee8c4fc7d55f2, skipping
[m[33m2026-03-22 19:50:33,432[m [36mo.a.f.a.ScalingMetricEvaluator[m [36m[DEBUG][default/flink] A4S: Evaluating metrics for vertex f6dc7f4d2283f4605b127b9364e21148
[m[33m2026-03-22 19:50:48,603[m [36mo.a.f.a.ScalingMetricEvaluator[m [36m[DEBUG][default/flink] A4S: Evaluating metrics for vertex cbc357ccb763df2852fee8c4fc7d55f2
[m[33m2026-03-22 19:50:48,603[m [36mo.a.f.a.ScalingMetricEvaluator[m [33m[WARN ][default/flink] A4S: No miss rate curve found for vertex cbc357ccb763df2852fee8c4fc7d55f2, skipping
[m[33m2026-03-22 19:50:48,604[m [36mo.a.f.a.ScalingMetricEvaluator[m [36m[DEBUG][default/flink] A4S: Evaluating metrics for vertex f6dc7f4d2283f4605b127b9364e21148
[m[33m2026-03-22 19:51:03,751[m [36mo.a.f.a.ScalingMetricEvaluator[m [36m[DEBUG][default/flink] A4S: Evaluating metrics for vertex cbc357ccb763df2852fee8c4fc7d55f2
[m[33m2026-03-22 19:51:03,751[m [36mo.a.f.a.ScalingMetricEvaluator[m [33m[WARN ][default/flink] A4S: No miss rate curve found for vertex cbc357ccb763df2852fee8c4fc7d55f2, skipping
[m[33m2026-03-22 19:51:03,751[m [36mo.a.f.a.ScalingMetricEvaluator[m [36m[DEBUG][default/flink] A4S: Evaluating metrics for vertex f6dc7f4d2283f4605b127b9364e21148
[m[33m2026-03-22 19:51:18,897[m [36mo.a.f.a.ScalingMetricEvaluator[m [36m[DEBUG][default/flink] A4S: Evaluating metrics for vertex cbc357ccb763df2852fee8c4fc7d55f2
[m[33m2026-03-22 19:51:18,897[m [36mo.a.f.a.ScalingMetricEvaluator[m [33m[WARN ][default/flink] A4S: No miss rate curve found for vertex cbc357ccb763df2852fee8c4fc7d55f2, skipping
[m[33m2026-03-22 19:51:18,897[m [36mo.a.f.a.ScalingMetricEvaluator[m [36m[DEBUG][default/flink] A4S: Evaluating metrics for vertex f6dc7f4d2283f4605b127b9364e21148
[m[33m2026-03-22 19:51:34,084[m [36mo.a.f.a.ScalingMetricEvaluator[m [36m[DEBUG][default/flink] A4S: Evaluating metrics for vertex cbc357ccb763df2852fee8c4fc7d55f2
[m[33m2026-03-22 19:51:34,084[m [36mo.a.f.a.ScalingMetricEvaluator[m [33m[WARN ][default/flink] A4S: No miss rate curve found for vertex cbc357ccb763df2852fee8c4fc7d55f2, skipping
[m[33m2026-03-22 19:51:34,085[m [36mo.a.f.a.ScalingMetricEvaluator[m [36m[DEBUG][default/flink] A4S: Evaluating metrics for vertex f6dc7f4d2283f4605b127b9364e21148
[m[33m2026-03-22 19:51:49,338[m [36mo.a.f.a.ScalingMetricEvaluator[m [36m[DEBUG][default/flink] A4S: Evaluating metrics for vertex cbc357ccb763df2852fee8c4fc7d55f2
[m[33m2026-03-22 19:51:49,338[m [36mo.a.f.a.ScalingMetricEvaluator[m [33m[WARN ][default/flink] A4S: No miss rate curve found for vertex cbc357ccb763df2852fee8c4fc7d55f2, skipping
[m[33m2026-03-22 19:51:49,338[m [36mo.a.f.a.ScalingMetricEvaluator[m [36m[DEBUG][default/flink] A4S: Evaluating metrics for vertex f6dc7f4d2283f4605b127b9364e21148
[m[33m2026-03-22 19:52:04,508[m [36mo.a.f.a.ScalingMetricEvaluator[m [36m[DEBUG][default/flink] A4S: Evaluating metrics for vertex cbc357ccb763df2852fee8c4fc7d55f2
[m[33m2026-03-22 19:52:04,508[m [36mo.a.f.a.ScalingMetricEvaluator[m [33m[WARN ][default/flink] A4S: No miss rate curve found for vertex cbc357ccb763df2852fee8c4fc7d55f2, skipping
[m[33m2026-03-22 19:52:04,509[m [36mo.a.f.a.ScalingMetricEvaluator[m [36m[DEBUG][default/flink] A4S: Evaluating metrics for vertex f6dc7f4d2283f4605b127b9364e21148
[m[33m2026-03-22 19:52:19,675[m [36mo.a.f.a.ScalingMetricEvaluator[m [36m[DEBUG][default/flink] A4S: Evaluating metrics for vertex cbc357ccb763df2852fee8c4fc7d55f2
[m[33m2026-03-22 19:52:19,675[m [36mo.a.f.a.ScalingMetricEvaluator[m [33m[WARN ][default/flink] A4S: No miss rate curve found for vertex cbc357ccb763df2852fee8c4fc7d55f2, skipping
[m[33m2026-03-22 19:52:19,675[m [36mo.a.f.a.ScalingMetricEvaluator[m [36m[DEBUG][default/flink] A4S: Evaluating metrics for vertex f6dc7f4d2283f4605b127b9364e21148
[m[33m2026-03-22 19:52:34,826[m [36mo.a.f.a.ScalingMetricEvaluator[m [36m[DEBUG][default/flink] A4S: Evaluating metrics for vertex cbc357ccb763df2852fee8c4fc7d55f2
[m[33m2026-03-22 19:52:34,826[m [36mo.a.f.a.ScalingMetricEvaluator[m [33m[WARN ][default/flink] A4S: No miss rate curve found for vertex cbc357ccb763df2852fee8c4fc7d55f2, skipping
[m[33m2026-03-22 19:52:34,826[m [36mo.a.f.a.ScalingMetricEvaluator[m [36m[DEBUG][default/flink] A4S: Evaluating metrics for vertex f6dc7f4d2283f4605b127b9364e21148
[m[33m2026-03-22 19:52:49,970[m [36mo.a.f.a.ScalingMetricEvaluator[m [36m[DEBUG][default/flink] A4S: Evaluating metrics for vertex cbc357ccb763df2852fee8c4fc7d55f2
[m[33m2026-03-22 19:52:49,970[m [36mo.a.f.a.ScalingMetricEvaluator[m [33m[WARN ][default/flink] A4S: No miss rate curve found for vertex cbc357ccb763df2852fee8c4fc7d55f2, skipping
[m[33m2026-03-22 19:52:49,971[m [36mo.a.f.a.ScalingMetricEvaluator[m [36m[DEBUG][default/flink] A4S: Evaluating metrics for vertex f6dc7f4d2283f4605b127b9364e21148
[m[33m2026-03-22 19:53:05,158[m [36mo.a.f.a.ScalingMetricEvaluator[m [36m[DEBUG][default/flink] A4S: Evaluating metrics for vertex cbc357ccb763df2852fee8c4fc7d55f2
[m[33m2026-03-22 19:53:05,158[m [36mo.a.f.a.ScalingMetricEvaluator[m [33m[WARN ][default/flink] A4S: No miss rate curve found for vertex cbc357ccb763df2852fee8c4fc7d55f2, skipping
[m[33m2026-03-22 19:53:05,159[m [36mo.a.f.a.ScalingMetricEvaluator[m [36m[DEBUG][default/flink] A4S: Evaluating metrics for vertex f6dc7f4d2283f4605b127b9364e21148
[m[33m2026-03-22 19:53:20,298[m [36mo.a.f.a.ScalingMetricEvaluator[m [36m[DEBUG][default/flink] A4S: Evaluating metrics for vertex cbc357ccb763df2852fee8c4fc7d55f2
[m[33m2026-03-22 19:53:20,298[m [36mo.a.f.a.ScalingMetricEvaluator[m [33m[WARN ][default/flink] A4S: No miss rate curve found for vertex cbc357ccb763df2852fee8c4fc7d55f2, skipping
[m[33m2026-03-22 19:53:20,298[m [36mo.a.f.a.ScalingMetricEvaluator[m [36m[DEBUG][default/flink] A4S: Evaluating metrics for vertex f6dc7f4d2283f4605b127b9364e21148
[m[33m2026-03-22 19:53:35,633[m [36mo.a.f.a.ScalingMetricEvaluator[m [36m[DEBUG][default/flink] A4S: Evaluating metrics for vertex cbc357ccb763df2852fee8c4fc7d55f2
[m[33m2026-03-22 19:53:35,633[m [36mo.a.f.a.ScalingMetricEvaluator[m [33m[WARN ][default/flink] A4S: No miss rate curve found for vertex cbc357ccb763df2852fee8c4fc7d55f2, skipping
[m[33m2026-03-22 19:53:35,633[m [36mo.a.f.a.ScalingMetricEvaluator[m [36m[DEBUG][default/flink] A4S: Evaluating metrics for vertex f6dc7f4d2283f4605b127b9364e21148
[m[33m2026-03-22 19:53:50,789[m [36mo.a.f.a.ScalingMetricEvaluator[m [36m[DEBUG][default/flink] A4S: Evaluating metrics for vertex cbc357ccb763df2852fee8c4fc7d55f2
[m[33m2026-03-22 19:53:50,789[m [36mo.a.f.a.ScalingMetricEvaluator[m [33m[WARN ][default/flink] A4S: No miss rate curve found for vertex cbc357ccb763df2852fee8c4fc7d55f2, skipping
[m[33m2026-03-22 19:53:50,789[m [36mo.a.f.a.ScalingMetricEvaluator[m [36m[DEBUG][default/flink] A4S: Evaluating metrics for vertex f6dc7f4d2283f4605b127b9364e21148
[m[33m2026-03-22 19:54:05,976[m [36mo.a.f.a.ScalingMetricEvaluator[m [36m[DEBUG][default/flink] A4S: Evaluating metrics for vertex cbc357ccb763df2852fee8c4fc7d55f2
[m[33m2026-03-22 19:54:05,977[m [36mo.a.f.a.ScalingMetricEvaluator[m [33m[WARN ][default/flink] A4S: No miss rate curve found for vertex cbc357ccb763df2852fee8c4fc7d55f2, skipping
[m[33m2026-03-22 19:54:05,977[m [36mo.a.f.a.ScalingMetricEvaluator[m [36m[DEBUG][default/flink] A4S: Evaluating metrics for vertex f6dc7f4d2283f4605b127b9364e21148
[m[33m2026-03-22 19:54:21,135[m [36mo.a.f.a.ScalingMetricEvaluator[m [36m[DEBUG][default/flink] A4S: Evaluating metrics for vertex cbc357ccb763df2852fee8c4fc7d55f2
[m[33m2026-03-22 19:54:21,135[m [36mo.a.f.a.ScalingMetricEvaluator[m [33m[WARN ][default/flink] A4S: No miss rate curve found for vertex cbc357ccb763df2852fee8c4fc7d55f2, skipping
[m[33m2026-03-22 19:54:21,135[m [36mo.a.f.a.ScalingMetricEvaluator[m [36m[DEBUG][default/flink] A4S: Evaluating metrics for vertex f6dc7f4d2283f4605b127b9364e21148
[m[33m2026-03-22 19:54:36,312[m [36mo.a.f.a.ScalingMetricEvaluator[m [36m[DEBUG][default/flink] A4S: Evaluating metrics for vertex cbc357ccb763df2852fee8c4fc7d55f2
[m[33m2026-03-22 19:54:36,312[m [36mo.a.f.a.ScalingMetricEvaluator[m [33m[WARN ][default/flink] A4S: No miss rate curve found for vertex cbc357ccb763df2852fee8c4fc7d55f2, skipping
[m[33m2026-03-22 19:54:36,312[m [36mo.a.f.a.ScalingMetricEvaluator[m [36m[DEBUG][default/flink] A4S: Evaluating metrics for vertex f6dc7f4d2283f4605b127b9364e21148
[m[33m2026-03-22 19:54:51,489[m [36mo.a.f.a.ScalingMetricEvaluator[m [36m[DEBUG][default/flink] A4S: Evaluating metrics for vertex cbc357ccb763df2852fee8c4fc7d55f2
[m[33m2026-03-22 19:54:51,489[m [36mo.a.f.a.ScalingMetricEvaluator[m [33m[WARN ][default/flink] A4S: No miss rate curve found for vertex cbc357ccb763df2852fee8c4fc7d55f2, skipping
[m[33m2026-03-22 19:54:51,489[m [36mo.a.f.a.ScalingMetricEvaluator[m [36m[DEBUG][default/flink] A4S: Evaluating metrics for vertex f6dc7f4d2283f4605b127b9364e21148
[m[33m2026-03-22 19:55:06,660[m [36mo.a.f.a.ScalingMetricEvaluator[m [36m[DEBUG][default/flink] A4S: Evaluating metrics for vertex cbc357ccb763df2852fee8c4fc7d55f2
[m[33m2026-03-22 19:55:06,660[m [36mo.a.f.a.ScalingMetricEvaluator[m [33m[WARN ][default/flink] A4S: No miss rate curve found for vertex cbc357ccb763df2852fee8c4fc7d55f2, skipping
[m[33m2026-03-22 19:55:06,660[m [36mo.a.f.a.ScalingMetricEvaluator[m [36m[DEBUG][default/flink] A4S: Evaluating metrics for vertex f6dc7f4d2283f4605b127b9364e21148
[m[33m2026-03-22 19:55:21,862[m [36mo.a.f.a.ScalingMetricEvaluator[m [36m[DEBUG][default/flink] A4S: Evaluating metrics for vertex cbc357ccb763df2852fee8c4fc7d55f2
[m[33m2026-03-22 19:55:21,862[m [36mo.a.f.a.ScalingMetricEvaluator[m [33m[WARN ][default/flink] A4S: No miss rate curve found for vertex cbc357ccb763df2852fee8c4fc7d55f2, skipping
[m[33m2026-03-22 19:55:21,863[m [36mo.a.f.a.ScalingMetricEvaluator[m [36m[DEBUG][default/flink] A4S: Evaluating metrics for vertex f6dc7f4d2283f4605b127b9364e21148
[m[33m2026-03-22 19:55:37,046[m [36mo.a.f.a.ScalingMetricEvaluator[m [36m[DEBUG][default/flink] A4S: Evaluating metrics for vertex cbc357ccb763df2852fee8c4fc7d55f2
[m[33m2026-03-22 19:55:37,046[m [36mo.a.f.a.ScalingMetricEvaluator[m [33m[WARN ][default/flink] A4S: No miss rate curve found for vertex cbc357ccb763df2852fee8c4fc7d55f2, skipping
[m[33m2026-03-22 19:55:37,047[m [36mo.a.f.a.ScalingMetricEvaluator[m [36m[DEBUG][default/flink] A4S: Evaluating metrics for vertex f6dc7f4d2283f4605b127b9364e21148
[m[33m2026-03-22 19:55:52,201[m [36mo.a.f.a.ScalingMetricEvaluator[m [36m[DEBUG][default/flink] A4S: Evaluating metrics for vertex cbc357ccb763df2852fee8c4fc7d55f2
[m[33m2026-03-22 19:55:52,201[m [36mo.a.f.a.ScalingMetricEvaluator[m [33m[WARN ][default/flink] A4S: No miss rate curve found for vertex cbc357ccb763df2852fee8c4fc7d55f2, skipping
[m[33m2026-03-22 19:55:52,201[m [36mo.a.f.a.ScalingMetricEvaluator[m [36m[DEBUG][default/flink] A4S: Evaluating metrics for vertex f6dc7f4d2283f4605b127b9364e21148
[m[33m2026-03-22 19:56:07,387[m [36mo.a.f.a.ScalingMetricEvaluator[m [36m[DEBUG][default/flink] A4S: Evaluating metrics for vertex cbc357ccb763df2852fee8c4fc7d55f2
[m[33m2026-03-22 19:56:07,387[m [36mo.a.f.a.ScalingMetricEvaluator[m [33m[WARN ][default/flink] A4S: No miss rate curve found for vertex cbc357ccb763df2852fee8c4fc7d55f2, skipping
[m[33m2026-03-22 19:56:07,388[m [36mo.a.f.a.ScalingMetricEvaluator[m [36m[DEBUG][default/flink] A4S: Evaluating metrics for vertex f6dc7f4d2283f4605b127b9364e21148
[m[33m2026-03-22 19:56:22,560[m [36mo.a.f.a.ScalingMetricEvaluator[m [36m[DEBUG][default/flink] A4S: Evaluating metrics for vertex cbc357ccb763df2852fee8c4fc7d55f2
[m[33m2026-03-22 19:56:22,560[m [36mo.a.f.a.ScalingMetricEvaluator[m [33m[WARN ][default/flink] A4S: No miss rate curve found for vertex cbc357ccb763df2852fee8c4fc7d55f2, skipping
[m[33m2026-03-22 19:56:22,561[m [36mo.a.f.a.ScalingMetricEvaluator[m [36m[DEBUG][default/flink] A4S: Evaluating metrics for vertex f6dc7f4d2283f4605b127b9364e21148
[m[33m2026-03-22 19:56:37,722[m [36mo.a.f.a.ScalingMetricEvaluator[m [36m[DEBUG][default/flink] A4S: Evaluating metrics for vertex cbc357ccb763df2852fee8c4fc7d55f2
[m[33m2026-03-22 19:56:37,722[m [36mo.a.f.a.ScalingMetricEvaluator[m [33m[WARN ][default/flink] A4S: No miss rate curve found for vertex cbc357ccb763df2852fee8c4fc7d55f2, skipping
[m[33m2026-03-22 19:56:37,722[m [36mo.a.f.a.ScalingMetricEvaluator[m [36m[DEBUG][default/flink] A4S: Evaluating metrics for vertex f6dc7f4d2283f4605b127b9364e21148
[m[33m2026-03-22 19:56:52,902[m [36mo.a.f.a.ScalingMetricEvaluator[m [36m[DEBUG][default/flink] A4S: Evaluating metrics for vertex cbc357ccb763df2852fee8c4fc7d55f2
[m[33m2026-03-22 19:56:52,902[m [36mo.a.f.a.ScalingMetricEvaluator[m [33m[WARN ][default/flink] A4S: No miss rate curve found for vertex cbc357ccb763df2852fee8c4fc7d55f2, skipping
[m[33m2026-03-22 19:56:52,902[m [36mo.a.f.a.ScalingMetricEvaluator[m [36m[DEBUG][default/flink] A4S: Evaluating metrics for vertex f6dc7f4d2283f4605b127b9364e21148
[m[33m2026-03-22 19:57:08,130[m [36mo.a.f.a.ScalingMetricEvaluator[m [36m[DEBUG][default/flink] A4S: Evaluating metrics for vertex cbc357ccb763df2852fee8c4fc7d55f2
[m[33m2026-03-22 19:57:08,130[m [36mo.a.f.a.ScalingMetricEvaluator[m [33m[WARN ][default/flink] A4S: No miss rate curve found for vertex cbc357ccb763df2852fee8c4fc7d55f2, skipping
[m[33m2026-03-22 19:57:08,130[m [36mo.a.f.a.ScalingMetricEvaluator[m [36m[DEBUG][default/flink] A4S: Evaluating metrics for vertex f6dc7f4d2283f4605b127b9364e21148
[m[33m2026-03-22 19:57:23,592[m [36mo.a.f.a.ScalingMetricEvaluator[m [36m[DEBUG][default/flink] A4S: Evaluating metrics for vertex cbc357ccb763df2852fee8c4fc7d55f2
[m[33m2026-03-22 19:57:23,592[m [36mo.a.f.a.ScalingMetricEvaluator[m [33m[WARN ][default/flink] A4S: No miss rate curve found for vertex cbc357ccb763df2852fee8c4fc7d55f2, skipping
[m[33m2026-03-22 19:57:23,593[m [36mo.a.f.a.ScalingMetricEvaluator[m [36m[DEBUG][default/flink] A4S: Evaluating metrics for vertex f6dc7f4d2283f4605b127b9364e21148
[m[33m2026-03-22 19:57:38,760[m [36mo.a.f.a.ScalingMetricEvaluator[m [36m[DEBUG][default/flink] A4S: Evaluating metrics for vertex cbc357ccb763df2852fee8c4fc7d55f2
[m[33m2026-03-22 19:57:38,760[m [36mo.a.f.a.ScalingMetricEvaluator[m [33m[WARN ][default/flink] A4S: No miss rate curve found for vertex cbc357ccb763df2852fee8c4fc7d55f2, skipping
[m[33m2026-03-22 19:57:38,760[m [36mo.a.f.a.ScalingMetricEvaluator[m [36m[DEBUG][default/flink] A4S: Evaluating metrics for vertex f6dc7f4d2283f4605b127b9364e21148
[m[33m2026-03-22 19:57:53,902[m [36mo.a.f.a.ScalingMetricEvaluator[m [36m[DEBUG][default/flink] A4S: Evaluating metrics for vertex cbc357ccb763df2852fee8c4fc7d55f2
[m[33m2026-03-22 19:57:53,902[m [36mo.a.f.a.ScalingMetricEvaluator[m [33m[WARN ][default/flink] A4S: No miss rate curve found for vertex cbc357ccb763df2852fee8c4fc7d55f2, skipping
[m[33m2026-03-22 19:57:53,902[m [36mo.a.f.a.ScalingMetricEvaluator[m [36m[DEBUG][default/flink] A4S: Evaluating metrics for vertex f6dc7f4d2283f4605b127b9364e21148
[m[33m2026-03-22 19:58:09,092[m [36mo.a.f.a.ScalingMetricEvaluator[m [36m[DEBUG][default/flink] A4S: Evaluating metrics for vertex cbc357ccb763df2852fee8c4fc7d55f2
[m[33m2026-03-22 19:58:09,092[m [36mo.a.f.a.ScalingMetricEvaluator[m [33m[WARN ][default/flink] A4S: No miss rate curve found for vertex cbc357ccb763df2852fee8c4fc7d55f2, skipping
[m[33m2026-03-22 19:58:09,093[m [36mo.a.f.a.ScalingMetricEvaluator[m [36m[DEBUG][default/flink] A4S: Evaluating metrics for vertex f6dc7f4d2283f4605b127b9364e21148
[m[33m2026-03-22 19:58:24,273[m [36mo.a.f.a.ScalingMetricEvaluator[m [36m[DEBUG][default/flink] A4S: Evaluating metrics for vertex cbc357ccb763df2852fee8c4fc7d55f2
[m[33m2026-03-22 19:58:24,273[m [36mo.a.f.a.ScalingMetricEvaluator[m [33m[WARN ][default/flink] A4S: No miss rate curve found for vertex cbc357ccb763df2852fee8c4fc7d55f2, skipping
[m[33m2026-03-22 19:58:24,273[m [36mo.a.f.a.ScalingMetricEvaluator[m [36m[DEBUG][default/flink] A4S: Evaluating metrics for vertex f6dc7f4d2283f4605b127b9364e21148
[m[33m2026-03-22 19:58:39,427[m [36mo.a.f.a.ScalingMetricEvaluator[m [36m[DEBUG][default/flink] A4S: Evaluating metrics for vertex cbc357ccb763df2852fee8c4fc7d55f2
[m[33m2026-03-22 19:58:39,427[m [36mo.a.f.a.ScalingMetricEvaluator[m [33m[WARN ][default/flink] A4S: No miss rate curve found for vertex cbc357ccb763df2852fee8c4fc7d55f2, skipping
[m[33m2026-03-22 19:58:39,428[m [36mo.a.f.a.ScalingMetricEvaluator[m [36m[DEBUG][default/flink] A4S: Evaluating metrics for vertex f6dc7f4d2283f4605b127b9364e21148
[m[33m2026-03-22 19:58:54,592[m [36mo.a.f.a.ScalingMetricEvaluator[m [36m[DEBUG][default/flink] A4S: Evaluating metrics for vertex cbc357ccb763df2852fee8c4fc7d55f2
[m[33m2026-03-22 19:58:54,592[m [36mo.a.f.a.ScalingMetricEvaluator[m [33m[WARN ][default/flink] A4S: No miss rate curve found for vertex cbc357ccb763df2852fee8c4fc7d55f2, skipping
[m[33m2026-03-22 19:58:54,593[m [36mo.a.f.a.ScalingMetricEvaluator[m [36m[DEBUG][default/flink] A4S: Evaluating metrics for vertex f6dc7f4d2283f4605b127b9364e21148
[m[33m2026-03-22 19:59:09,762[m [36mo.a.f.a.ScalingMetricEvaluator[m [36m[DEBUG][default/flink] A4S: Evaluating metrics for vertex cbc357ccb763df2852fee8c4fc7d55f2
[m[33m2026-03-22 19:59:09,762[m [36mo.a.f.a.ScalingMetricEvaluator[m [33m[WARN ][default/flink] A4S: No miss rate curve found for vertex cbc357ccb763df2852fee8c4fc7d55f2, skipping
[m[33m2026-03-22 19:59:09,762[m [36mo.a.f.a.ScalingMetricEvaluator[m [36m[DEBUG][default/flink] A4S: Evaluating metrics for vertex f6dc7f4d2283f4605b127b9364e21148
[m[33m2026-03-22 19:59:24,910[m [36mo.a.f.a.ScalingMetricEvaluator[m [36m[DEBUG][default/flink] A4S: Evaluating metrics for vertex cbc357ccb763df2852fee8c4fc7d55f2
[m[33m2026-03-22 19:59:24,910[m [36mo.a.f.a.ScalingMetricEvaluator[m [33m[WARN ][default/flink] A4S: No miss rate curve found for vertex cbc357ccb763df2852fee8c4fc7d55f2, skipping
[m[33m2026-03-22 19:59:24,911[m [36mo.a.f.a.ScalingMetricEvaluator[m [36m[DEBUG][default/flink] A4S: Evaluating metrics for vertex f6dc7f4d2283f4605b127b9364e21148
[m[33m2026-03-22 19:59:40,070[m [36mo.a.f.a.ScalingMetricEvaluator[m [36m[DEBUG][default/flink] A4S: Evaluating metrics for vertex cbc357ccb763df2852fee8c4fc7d55f2
[m[33m2026-03-22 19:59:40,070[m [36mo.a.f.a.ScalingMetricEvaluator[m [33m[WARN ][default/flink] A4S: No miss rate curve found for vertex cbc357ccb763df2852fee8c4fc7d55f2, skipping
[m[33m2026-03-22 19:59:40,071[m [36mo.a.f.a.ScalingMetricEvaluator[m [36m[DEBUG][default/flink] A4S: Evaluating metrics for vertex f6dc7f4d2283f4605b127b9364e21148
[m[33m2026-03-22 19:59:55,251[m [36mo.a.f.a.ScalingMetricEvaluator[m [36m[DEBUG][default/flink] A4S: Evaluating metrics for vertex cbc357ccb763df2852fee8c4fc7d55f2
[m[33m2026-03-22 19:59:55,251[m [36mo.a.f.a.ScalingMetricEvaluator[m [33m[WARN ][default/flink] A4S: No miss rate curve found for vertex cbc357ccb763df2852fee8c4fc7d55f2, skipping
[m[33m2026-03-22 19:59:55,252[m [36mo.a.f.a.ScalingMetricEvaluator[m [36m[DEBUG][default/flink] A4S: Evaluating metrics for vertex f6dc7f4d2283f4605b127b9364e21148
[m[33m2026-03-22 20:00:10,407[m [36mo.a.f.a.ScalingMetricEvaluator[m [36m[DEBUG][default/flink] A4S: Evaluating metrics for vertex cbc357ccb763df2852fee8c4fc7d55f2
[m[33m2026-03-22 20:00:10,407[m [36mo.a.f.a.ScalingMetricEvaluator[m [33m[WARN ][default/flink] A4S: No miss rate curve found for vertex cbc357ccb763df2852fee8c4fc7d55f2, skipping
[m[33m2026-03-22 20:00:10,407[m [36mo.a.f.a.ScalingMetricEvaluator[m [36m[DEBUG][default/flink] A4S: Evaluating metrics for vertex f6dc7f4d2283f4605b127b9364e21148
[m[33m2026-03-22 20:00:25,552[m [36mo.a.f.a.ScalingMetricEvaluator[m [36m[DEBUG][default/flink] A4S: Evaluating metrics for vertex cbc357ccb763df2852fee8c4fc7d55f2
[m[33m2026-03-22 20:00:25,552[m [36mo.a.f.a.ScalingMetricEvaluator[m [33m[WARN ][default/flink] A4S: No miss rate curve found for vertex cbc357ccb763df2852fee8c4fc7d55f2, skipping
[m[33m2026-03-22 20:00:25,552[m [36mo.a.f.a.ScalingMetricEvaluator[m [36m[DEBUG][default/flink] A4S: Evaluating metrics for vertex f6dc7f4d2283f4605b127b9364e21148
[m[33m2026-03-22 20:00:40,815[m [36mo.a.f.a.ScalingMetricEvaluator[m [36m[DEBUG][default/flink] A4S: Evaluating metrics for vertex cbc357ccb763df2852fee8c4fc7d55f2
[m[33m2026-03-22 20:00:40,815[m [36mo.a.f.a.ScalingMetricEvaluator[m [33m[WARN ][default/flink] A4S: No miss rate curve found for vertex cbc357ccb763df2852fee8c4fc7d55f2, skipping
[m[33m2026-03-22 20:00:40,815[m [36mo.a.f.a.ScalingMetricEvaluator[m [36m[DEBUG][default/flink] A4S: Evaluating metrics for vertex f6dc7f4d2283f4605b127b9364e21148
[m[33m2026-03-22 20:00:55,964[m [36mo.a.f.a.ScalingMetricEvaluator[m [36m[DEBUG][default/flink] A4S: Evaluating metrics for vertex cbc357ccb763df2852fee8c4fc7d55f2
[m[33m2026-03-22 20:00:55,964[m [36mo.a.f.a.ScalingMetricEvaluator[m [33m[WARN ][default/flink] A4S: No miss rate curve found for vertex cbc357ccb763df2852fee8c4fc7d55f2, skipping
[m[33m2026-03-22 20:00:55,964[m [36mo.a.f.a.ScalingMetricEvaluator[m [36m[DEBUG][default/flink] A4S: Evaluating metrics for vertex f6dc7f4d2283f4605b127b9364e21148
[m[33m2026-03-22 20:01:11,115[m [36mo.a.f.a.ScalingMetricEvaluator[m [36m[DEBUG][default/flink] A4S: Evaluating metrics for vertex cbc357ccb763df2852fee8c4fc7d55f2
[m[33m2026-03-22 20:01:11,115[m [36mo.a.f.a.ScalingMetricEvaluator[m [33m[WARN ][default/flink] A4S: No miss rate curve found for vertex cbc357ccb763df2852fee8c4fc7d55f2, skipping
[m[33m2026-03-22 20:01:11,115[m [36mo.a.f.a.ScalingMetricEvaluator[m [36m[DEBUG][default/flink] A4S: Evaluating metrics for vertex f6dc7f4d2283f4605b127b9364e21148
[m[33m2026-03-22 20:01:26,276[m [36mo.a.f.a.ScalingMetricEvaluator[m [36m[DEBUG][default/flink] A4S: Evaluating metrics for vertex cbc357ccb763df2852fee8c4fc7d55f2
[m[33m2026-03-22 20:01:26,276[m [36mo.a.f.a.ScalingMetricEvaluator[m [33m[WARN ][default/flink] A4S: No miss rate curve found for vertex cbc357ccb763df2852fee8c4fc7d55f2, skipping
[m[33m2026-03-22 20:01:26,277[m [36mo.a.f.a.ScalingMetricEvaluator[m [36m[DEBUG][default/flink] A4S: Evaluating metrics for vertex f6dc7f4d2283f4605b127b9364e21148
[m[33m2026-03-22 20:01:41,528[m [36mo.a.f.a.ScalingMetricEvaluator[m [36m[DEBUG][default/flink] A4S: Evaluating metrics for vertex cbc357ccb763df2852fee8c4fc7d55f2
[m[33m2026-03-22 20:01:41,528[m [36mo.a.f.a.ScalingMetricEvaluator[m [33m[WARN ][default/flink] A4S: No miss rate curve found for vertex cbc357ccb763df2852fee8c4fc7d55f2, skipping
[m[33m2026-03-22 20:01:41,529[m [36mo.a.f.a.ScalingMetricEvaluator[m [36m[DEBUG][default/flink] A4S: Evaluating metrics for vertex f6dc7f4d2283f4605b127b9364e21148
[m[33m2026-03-22 20:01:56,711[m [36mo.a.f.a.ScalingMetricEvaluator[m [36m[DEBUG][default/flink] A4S: Evaluating metrics for vertex cbc357ccb763df2852fee8c4fc7d55f2
[m[33m2026-03-22 20:01:56,711[m [36mo.a.f.a.ScalingMetricEvaluator[m [33m[WARN ][default/flink] A4S: No miss rate curve found for vertex cbc357ccb763df2852fee8c4fc7d55f2, skipping
[m[33m2026-03-22 20:01:56,711[m [36mo.a.f.a.ScalingMetricEvaluator[m [36m[DEBUG][default/flink] A4S: Evaluating metrics for vertex f6dc7f4d2283f4605b127b9364e21148
[m[33m2026-03-22 20:02:11,863[m [36mo.a.f.a.ScalingMetricEvaluator[m [36m[DEBUG][default/flink] A4S: Evaluating metrics for vertex cbc357ccb763df2852fee8c4fc7d55f2
[m[33m2026-03-22 20:02:11,863[m [36mo.a.f.a.ScalingMetricEvaluator[m [33m[WARN ][default/flink] A4S: No miss rate curve found for vertex cbc357ccb763df2852fee8c4fc7d55f2, skipping
[m[33m2026-03-22 20:02:11,863[m [36mo.a.f.a.ScalingMetricEvaluator[m [36m[DEBUG][default/flink] A4S: Evaluating metrics for vertex f6dc7f4d2283f4605b127b9364e21148
[m[33m2026-03-22 20:02:27,006[m [36mo.a.f.a.ScalingMetricEvaluator[m [36m[DEBUG][default/flink] A4S: Evaluating metrics for vertex cbc357ccb763df2852fee8c4fc7d55f2
[m[33m2026-03-22 20:02:27,006[m [36mo.a.f.a.ScalingMetricEvaluator[m [33m[WARN ][default/flink] A4S: No miss rate curve found for vertex cbc357ccb763df2852fee8c4fc7d55f2, skipping
[m[33m2026-03-22 20:02:27,006[m [36mo.a.f.a.ScalingMetricEvaluator[m [36m[DEBUG][default/flink] A4S: Evaluating metrics for vertex f6dc7f4d2283f4605b127b9364e21148
[m[33m2026-03-22 20:02:42,144[m [36mo.a.f.a.ScalingMetricEvaluator[m [36m[DEBUG][default/flink] A4S: Evaluating metrics for vertex cbc357ccb763df2852fee8c4fc7d55f2
[m[33m2026-03-22 20:02:42,144[m [36mo.a.f.a.ScalingMetricEvaluator[m [33m[WARN ][default/flink] A4S: No miss rate curve found for vertex cbc357ccb763df2852fee8c4fc7d55f2, skipping
[m[33m2026-03-22 20:02:42,145[m [36mo.a.f.a.ScalingMetricEvaluator[m [36m[DEBUG][default/flink] A4S: Evaluating metrics for vertex f6dc7f4d2283f4605b127b9364e21148
[m[33m2026-03-22 20:02:57,308[m [36mo.a.f.a.ScalingMetricEvaluator[m [36m[DEBUG][default/flink] A4S: Evaluating metrics for vertex cbc357ccb763df2852fee8c4fc7d55f2
[m[33m2026-03-22 20:02:57,308[m [36mo.a.f.a.ScalingMetricEvaluator[m [33m[WARN ][default/flink] A4S: No miss rate curve found for vertex cbc357ccb763df2852fee8c4fc7d55f2, skipping
[m[33m2026-03-22 20:02:57,308[m [36mo.a.f.a.ScalingMetricEvaluator[m [36m[DEBUG][default/flink] A4S: Evaluating metrics for vertex f6dc7f4d2283f4605b127b9364e21148
[m[33m2026-03-22 20:03:12,459[m [36mo.a.f.a.ScalingMetricEvaluator[m [36m[DEBUG][default/flink] A4S: Evaluating metrics for vertex cbc357ccb763df2852fee8c4fc7d55f2
[m[33m2026-03-22 20:03:12,459[m [36mo.a.f.a.ScalingMetricEvaluator[m [33m[WARN ][default/flink] A4S: No miss rate curve found for vertex cbc357ccb763df2852fee8c4fc7d55f2, skipping
[m[33m2026-03-22 20:03:12,459[m [36mo.a.f.a.ScalingMetricEvaluator[m [36m[DEBUG][default/flink] A4S: Evaluating metrics for vertex f6dc7f4d2283f4605b127b9364e21148
