[m[33m2026-03-22 20:26:39,748[m [36mo.a.f.a.ScalingMetricEvaluator[m [36m[DEBUG][default/flink] A4S: Evaluating metrics for vertex e3dfc0d7e9ecd8a43f85f0b68ebf3b80
[m[33m2026-03-22 20:26:39,748[m [36mo.a.f.a.ScalingMetricEvaluator[m [33m[WARN ][default/flink] A4S: No miss rate curve found for vertex e3dfc0d7e9ecd8a43f85f0b68ebf3b80, skipping
[m[33m2026-03-22 20:26:39,748[m [36mo.a.f.a.ScalingMetricEvaluator[m [36m[DEBUG][default/flink] A4S: Evaluating metrics for vertex 7e44bd5dd8910d9d6c2725814f8889da
[m[33m2026-03-22 20:26:39,748[m [36mo.a.f.a.ScalingMetricEvaluator[m [33m[WARN ][default/flink] A4S: No miss rate curve found for vertex 7e44bd5dd8910d9d6c2725814f8889da, skipping
[m[33m2026-03-22 20:26:39,748[m [36mo.a.f.a.ScalingMetricEvaluator[m [36m[DEBUG][default/flink] A4S: Evaluating metrics for vertex 2a5a8360d8634434d28d438c7f43fa68
[m[33m2026-03-22 20:26:39,749[m [36mo.a.f.a.ScalingMetricEvaluator[m [36m[DEBUG][default/flink] A4S: Evaluating metrics for vertex 57590a9205cdecedbcec3b0e776bee99
[m[33m2026-03-22 20:26:54,952[m [36mo.a.f.a.ScalingMetricEvaluator[m [36m[DEBUG][default/flink] A4S: Evaluating metrics for vertex e3dfc0d7e9ecd8a43f85f0b68ebf3b80
[m[33m2026-03-22 20:26:54,952[m [36mo.a.f.a.ScalingMetricEvaluator[m [33m[WARN ][default/flink] A4S: No miss rate curve found for vertex e3dfc0d7e9ecd8a43f85f0b68ebf3b80, skipping
[m[33m2026-03-22 20:26:54,952[m [36mo.a.f.a.ScalingMetricEvaluator[m [36m[DEBUG][default/flink] A4S: Evaluating metrics for vertex 7e44bd5dd8910d9d6c2725814f8889da
[m[33m2026-03-22 20:26:54,952[m [36mo.a.f.a.ScalingMetricEvaluator[m [33m[WARN ][default/flink] A4S: No miss rate curve found for vertex 7e44bd5dd8910d9d6c2725814f8889da, skipping
[m[33m2026-03-22 20:26:54,953[m [36mo.a.f.a.ScalingMetricEvaluator[m [36m[DEBUG][default/flink] A4S: Evaluating metrics for vertex 2a5a8360d8634434d28d438c7f43fa68
[m[33m2026-03-22 20:26:54,953[m [36mo.a.f.a.ScalingMetricEvaluator[m [33m[WARN ][default/flink] A4S: No miss rate curve found for vertex 2a5a8360d8634434d28d438c7f43fa68, skipping
[m[33m2026-03-22 20:26:54,953[m [36mo.a.f.a.ScalingMetricEvaluator[m [36m[DEBUG][default/flink] A4S: Evaluating metrics for vertex 57590a9205cdecedbcec3b0e776bee99
[m[33m2026-03-22 20:27:10,142[m [36mo.a.f.a.ScalingMetricEvaluator[m [36m[DEBUG][default/flink] A4S: Evaluating metrics for vertex e3dfc0d7e9ecd8a43f85f0b68ebf3b80
[m[33m2026-03-22 20:27:10,142[m [36mo.a.f.a.ScalingMetricEvaluator[m [33m[WARN ][default/flink] A4S: No miss rate curve found for vertex e3dfc0d7e9ecd8a43f85f0b68ebf3b80, skipping
[m[33m2026-03-22 20:27:10,142[m [36mo.a.f.a.ScalingMetricEvaluator[m [36m[DEBUG][default/flink] A4S: Evaluating metrics for vertex 7e44bd5dd8910d9d6c2725814f8889da
[m[33m2026-03-22 20:27:10,142[m [36mo.a.f.a.ScalingMetricEvaluator[m [33m[WARN ][default/flink] A4S: No miss rate curve found for vertex 7e44bd5dd8910d9d6c2725814f8889da, skipping
[m[33m2026-03-22 20:27:10,142[m [36mo.a.f.a.ScalingMetricEvaluator[m [36m[DEBUG][default/flink] A4S: Evaluating metrics for vertex 2a5a8360d8634434d28d438c7f43fa68
[m[33m2026-03-22 20:27:10,142[m [36mo.a.f.a.ScalingMetricEvaluator[m [33m[WARN ][default/flink] A4S: No miss rate curve found for vertex 2a5a8360d8634434d28d438c7f43fa68, skipping
[m[33m2026-03-22 20:27:10,143[m [36mo.a.f.a.ScalingMetricEvaluator[m [36m[DEBUG][default/flink] A4S: Evaluating metrics for vertex 57590a9205cdecedbcec3b0e776bee99
[m[33m2026-03-22 20:27:25,452[m [36mo.a.f.a.ScalingMetricEvaluator[m [36m[DEBUG][default/flink] A4S: Evaluating metrics for vertex e3dfc0d7e9ecd8a43f85f0b68ebf3b80
[m[33m2026-03-22 20:27:25,452[m [36mo.a.f.a.ScalingMetricEvaluator[m [33m[WARN ][default/flink] A4S: No miss rate curve found for vertex e3dfc0d7e9ecd8a43f85f0b68ebf3b80, skipping
[m[33m2026-03-22 20:27:25,452[m [36mo.a.f.a.ScalingMetricEvaluator[m [36m[DEBUG][default/flink] A4S: Evaluating metrics for vertex 7e44bd5dd8910d9d6c2725814f8889da
[m[33m2026-03-22 20:27:25,453[m [36mo.a.f.a.ScalingMetricEvaluator[m [36m[DEBUG][default/flink] A4S: Evaluating metrics for vertex 2a5a8360d8634434d28d438c7f43fa68
[m[33m2026-03-22 20:27:25,454[m [36mo.a.f.a.ScalingMetricEvaluator[m [36m[DEBUG][default/flink] A4S: Evaluating metrics for vertex 57590a9205cdecedbcec3b0e776bee99
[m[33m2026-03-22 20:27:40,653[m [36mo.a.f.a.ScalingMetricEvaluator[m [36m[DEBUG][default/flink] A4S: Evaluating metrics for vertex e3dfc0d7e9ecd8a43f85f0b68ebf3b80
[m[33m2026-03-22 20:27:40,653[m [36mo.a.f.a.ScalingMetricEvaluator[m [33m[WARN ][default/flink] A4S: No miss rate curve found for vertex e3dfc0d7e9ecd8a43f85f0b68ebf3b80, skipping
[m[33m2026-03-22 20:27:40,654[m [36mo.a.f.a.ScalingMetricEvaluator[m [36m[DEBUG][default/flink] A4S: Evaluating metrics for vertex 7e44bd5dd8910d9d6c2725814f8889da
[m[33m2026-03-22 20:27:40,654[m [36mo.a.f.a.ScalingMetricEvaluator[m [33m[WARN ][default/flink] A4S: No miss rate curve found for vertex 7e44bd5dd8910d9d6c2725814f8889da, skipping
[m[33m2026-03-22 20:27:40,654[m [36mo.a.f.a.ScalingMetricEvaluator[m [36m[DEBUG][default/flink] A4S: Evaluating metrics for vertex 2a5a8360d8634434d28d438c7f43fa68
[m[33m2026-03-22 20:27:40,654[m [36mo.a.f.a.ScalingMetricEvaluator[m [33m[WARN ][default/flink] A4S: No miss rate curve found for vertex 2a5a8360d8634434d28d438c7f43fa68, skipping
[m[33m2026-03-22 20:27:40,654[m [36mo.a.f.a.ScalingMetricEvaluator[m [36m[DEBUG][default/flink] A4S: Evaluating metrics for vertex 57590a9205cdecedbcec3b0e776bee99
[m[33m2026-03-22 20:27:40,654[m [36mo.a.f.a.ScalingMetricEvaluator[m [33m[WARN ][default/flink] A4S: No miss rate curve found for vertex 57590a9205cdecedbcec3b0e776bee99, skipping
[m[33m2026-03-22 20:27:55,830[m [36mo.a.f.a.ScalingMetricEvaluator[m [36m[DEBUG][default/flink] A4S: Evaluating metrics for vertex e3dfc0d7e9ecd8a43f85f0b68ebf3b80
[m[33m2026-03-22 20:27:55,830[m [36mo.a.f.a.ScalingMetricEvaluator[m [33m[WARN ][default/flink] A4S: No miss rate curve found for vertex e3dfc0d7e9ecd8a43f85f0b68ebf3b80, skipping
[m[33m2026-03-22 20:27:55,830[m [36mo.a.f.a.ScalingMetricEvaluator[m [36m[DEBUG][default/flink] A4S: Evaluating metrics for vertex 7e44bd5dd8910d9d6c2725814f8889da
[m[33m2026-03-22 20:27:55,830[m [36mo.a.f.a.ScalingMetricEvaluator[m [33m[WARN ][default/flink] A4S: No miss rate curve found for vertex 7e44bd5dd8910d9d6c2725814f8889da, skipping
[m[33m2026-03-22 20:27:55,830[m [36mo.a.f.a.ScalingMetricEvaluator[m [36m[DEBUG][default/flink] A4S: Evaluating metrics for vertex 2a5a8360d8634434d28d438c7f43fa68
[m[33m2026-03-22 20:27:55,830[m [36mo.a.f.a.ScalingMetricEvaluator[m [33m[WARN ][default/flink] A4S: No miss rate curve found for vertex 2a5a8360d8634434d28d438c7f43fa68, skipping
[m[33m2026-03-22 20:27:55,831[m [36mo.a.f.a.ScalingMetricEvaluator[m [36m[DEBUG][default/flink] A4S: Evaluating metrics for vertex 57590a9205cdecedbcec3b0e776bee99
[m[33m2026-03-22 20:27:55,831[m [36mo.a.f.a.ScalingMetricEvaluator[m [33m[WARN ][default/flink] A4S: No miss rate curve found for vertex 57590a9205cdecedbcec3b0e776bee99, skipping
[m[33m2026-03-22 20:28:11,080[m [36mo.a.f.a.ScalingMetricEvaluator[m [36m[DEBUG][default/flink] A4S: Evaluating metrics for vertex e3dfc0d7e9ecd8a43f85f0b68ebf3b80
[m[33m2026-03-22 20:28:11,080[m [36mo.a.f.a.ScalingMetricEvaluator[m [33m[WARN ][default/flink] A4S: No miss rate curve found for vertex e3dfc0d7e9ecd8a43f85f0b68ebf3b80, skipping
[m[33m2026-03-22 20:28:11,080[m [36mo.a.f.a.ScalingMetricEvaluator[m [36m[DEBUG][default/flink] A4S: Evaluating metrics for vertex 7e44bd5dd8910d9d6c2725814f8889da
[m[33m2026-03-22 20:28:11,080[m [36mo.a.f.a.ScalingMetricEvaluator[m [33m[WARN ][default/flink] A4S: No miss rate curve found for vertex 7e44bd5dd8910d9d6c2725814f8889da, skipping
[m[33m2026-03-22 20:28:11,080[m [36mo.a.f.a.ScalingMetricEvaluator[m [36m[DEBUG][default/flink] A4S: Evaluating metrics for vertex 2a5a8360d8634434d28d438c7f43fa68
[m[33m2026-03-22 20:28:11,080[m [36mo.a.f.a.ScalingMetricEvaluator[m [33m[WARN ][default/flink] A4S: No miss rate curve found for vertex 2a5a8360d8634434d28d438c7f43fa68, skipping
[m[33m2026-03-22 20:28:11,081[m [36mo.a.f.a.ScalingMetricEvaluator[m [36m[DEBUG][default/flink] A4S: Evaluating metrics for vertex 57590a9205cdecedbcec3b0e776bee99
[m[33m2026-03-22 20:28:11,081[m [36mo.a.f.a.ScalingMetricEvaluator[m [33m[WARN ][default/flink] A4S: No miss rate curve found for vertex 57590a9205cdecedbcec3b0e776bee99, skipping
[m[33m2026-03-22 20:28:26,355[m [36mo.a.f.a.ScalingMetricEvaluator[m [36m[DEBUG][default/flink] A4S: Evaluating metrics for vertex e3dfc0d7e9ecd8a43f85f0b68ebf3b80
[m[33m2026-03-22 20:28:26,355[m [36mo.a.f.a.ScalingMetricEvaluator[m [33m[WARN ][default/flink] A4S: No miss rate curve found for vertex e3dfc0d7e9ecd8a43f85f0b68ebf3b80, skipping
[m[33m2026-03-22 20:28:26,356[m [36mo.a.f.a.ScalingMetricEvaluator[m [36m[DEBUG][default/flink] A4S: Evaluating metrics for vertex 7e44bd5dd8910d9d6c2725814f8889da
[m[33m2026-03-22 20:28:26,357[m [36mo.a.f.a.ScalingMetricEvaluator[m [36m[DEBUG][default/flink] A4S: Evaluating metrics for vertex 2a5a8360d8634434d28d438c7f43fa68
[m[33m2026-03-22 20:28:26,358[m [36mo.a.f.a.ScalingMetricEvaluator[m [36m[DEBUG][default/flink] A4S: Evaluating metrics for vertex 57590a9205cdecedbcec3b0e776bee99
[m[33m2026-03-22 20:28:41,569[m [36mo.a.f.a.ScalingMetricEvaluator[m [36m[DEBUG][default/flink] A4S: Evaluating metrics for vertex e3dfc0d7e9ecd8a43f85f0b68ebf3b80
[m[33m2026-03-22 20:28:41,569[m [36mo.a.f.a.ScalingMetricEvaluator[m [33m[WARN ][default/flink] A4S: No miss rate curve found for vertex e3dfc0d7e9ecd8a43f85f0b68ebf3b80, skipping
[m[33m2026-03-22 20:28:41,569[m [36mo.a.f.a.ScalingMetricEvaluator[m [36m[DEBUG][default/flink] A4S: Evaluating metrics for vertex 7e44bd5dd8910d9d6c2725814f8889da
[m[33m2026-03-22 20:28:41,569[m [36mo.a.f.a.ScalingMetricEvaluator[m [33m[WARN ][default/flink] A4S: No miss rate curve found for vertex 7e44bd5dd8910d9d6c2725814f8889da, skipping
[m[33m2026-03-22 20:28:41,570[m [36mo.a.f.a.ScalingMetricEvaluator[m [36m[DEBUG][default/flink] A4S: Evaluating metrics for vertex 2a5a8360d8634434d28d438c7f43fa68
[m[33m2026-03-22 20:28:41,570[m [36mo.a.f.a.ScalingMetricEvaluator[m [33m[WARN ][default/flink] A4S: No miss rate curve found for vertex 2a5a8360d8634434d28d438c7f43fa68, skipping
[m[33m2026-03-22 20:28:41,570[m [36mo.a.f.a.ScalingMetricEvaluator[m [36m[DEBUG][default/flink] A4S: Evaluating metrics for vertex 57590a9205cdecedbcec3b0e776bee99
[m[33m2026-03-22 20:28:41,664[m [36mo.a.f.a.ScalingExecutor       [m [36m[DEBUG][default/flink] A4S: Evaluated Metrics: EvaluatedMetrics(vertexMetrics={7e44bd5dd8910d9d6c2725814f8889da={TARGET_DATA_RATE=EvaluatedScalingMetric(current=NaN, average=1033.121), PARALLELISM=EvaluatedScalingMetric(current=1.0, average=NaN), ROCKS_DB_BLOCK_CACHE_HIT_RATE=EvaluatedScalingMetric(current=0.762, average=0.754), RECOMMENDED_PARALLELISM=EvaluatedScalingMetric(current=2.0, average=NaN), CATCH_UP_DATA_RATE=EvaluatedScalingMetric(current=0.0, average=NaN), INPUT_RATE=EvaluatedScalingMetric(current=NaN, average=1033.121), EXPECTED_PROCESSING_RATE=EvaluatedScalingMetric(current=2238.0, average=NaN), NUM_SOURCE_PARTITIONS=EvaluatedScalingMetric(current=0.0, average=NaN), LOAD=EvaluatedScalingMetric(current=NaN, average=0.511), MAX_PARALLELISM=EvaluatedScalingMetric(current=24.0, average=NaN), SCALE_DOWN_RATE_THRESHOLD=EvaluatedScalingMetric(current=5338.0, average=NaN), SCALE_UP_RATE_THRESHOLD=EvaluatedScalingMetric(current=1291.0, average=NaN), TRUE_PROCESSING_RATE=EvaluatedScalingMetric(current=NaN, average=2023.743)}, 2a5a8360d8634434d28d438c7f43fa68={SCALE_DOWN_RATE_THRESHOLD=EvaluatedScalingMetric(current=2917.0, average=NaN), TARGET_DATA_RATE=EvaluatedScalingMetric(current=NaN, average=564.605), PARALLELISM=EvaluatedScalingMetric(current=1.0, average=NaN), ROCKS_DB_BLOCK_CACHE_HIT_RATE=EvaluatedScalingMetric(current=0.913, average=0.91), RECOMMENDED_PARALLELISM=EvaluatedScalingMetric(current=1.0, average=NaN), SCALE_UP_RATE_THRESHOLD=EvaluatedScalingMetric(current=706.0, average=NaN), CATCH_UP_DATA_RATE=EvaluatedScalingMetric(current=0.0, average=NaN), TRUE_PROCESSING_RATE=EvaluatedScalingMetric(current=NaN, average=2377.285), INPUT_RATE=EvaluatedScalingMetric(current=NaN, average=564.605), NUM_SOURCE_PARTITIONS=EvaluatedScalingMetric(current=0.0, average=NaN), LOAD=EvaluatedScalingMetric(current=NaN, average=0.238), MAX_PARALLELISM=EvaluatedScalingMetric(current=24.0, average=NaN)}, 57590a9205cdecedbcec3b0e776bee99={SCALE_DOWN_RATE_THRESHOLD=EvaluatedScalingMetric(current=8257.0, average=NaN), TARGET_DATA_RATE=EvaluatedScalingMetric(current=NaN, average=1598.036), PARALLELISM=EvaluatedScalingMetric(current=1.0, average=NaN), ROCKS_DB_BLOCK_CACHE_HIT_RATE=EvaluatedScalingMetric(current=0.702, average=0.696), RECOMMENDED_PARALLELISM=EvaluatedScalingMetric(current=1.0, average=NaN), SCALE_UP_RATE_THRESHOLD=EvaluatedScalingMetric(current=1998.0, average=NaN), CATCH_UP_DATA_RATE=EvaluatedScalingMetric(current=0.0, average=NaN), TRUE_PROCESSING_RATE=EvaluatedScalingMetric(current=NaN, average=4577.985), INPUT_RATE=EvaluatedScalingMetric(current=NaN, average=1598.289), NUM_SOURCE_PARTITIONS=EvaluatedScalingMetric(current=0.0, average=NaN), LOAD=EvaluatedScalingMetric(current=NaN, average=0.349), MAX_PARALLELISM=EvaluatedScalingMetric(current=24.0, average=NaN)}, e3dfc0d7e9ecd8a43f85f0b68ebf3b80={TARGET_DATA_RATE=EvaluatedScalingMetric(current=NaN, average=51477.633), PARALLELISM=EvaluatedScalingMetric(current=1.0, average=NaN), RECOMMENDED_PARALLELISM=EvaluatedScalingMetric(current=3.0, average=NaN), CATCH_UP_DATA_RATE=EvaluatedScalingMetric(current=0.0, average=NaN), INPUT_RATE=EvaluatedScalingMetric(current=NaN, average=51477.633), EXPECTED_PROCESSING_RATE=EvaluatedScalingMetric(current=111535.0, average=NaN), NUM_SOURCE_PARTITIONS=EvaluatedScalingMetric(current=0.0, average=NaN), LOAD=EvaluatedScalingMetric(current=NaN, average=1.0), MAX_PARALLELISM=EvaluatedScalingMetric(current=24.0, average=NaN), SCALE_DOWN_RATE_THRESHOLD=EvaluatedScalingMetric(current=265968.0, average=NaN), LAG=EvaluatedScalingMetric(current=0.0, average=NaN), SCALE_UP_RATE_THRESHOLD=EvaluatedScalingMetric(current=64347.0, average=NaN), TRUE_PROCESSING_RATE=EvaluatedScalingMetric(current=NaN, average=51477.633)}}, globalMetrics={METASPACE_MEMORY_USED=EvaluatedScalingMetric(current=5.4467712E7, average=5.4297376E7), HEAP_MAX_USAGE_RATIO=EvaluatedScalingMetric(current=0.508, average=0.34), GC_PRESSURE=EvaluatedScalingMetric(current=NaN, average=NaN), MANAGED_MEMORY_USED=EvaluatedScalingMetric(current=1.50323856E8, average=1.50323856E8), HEAP_MEMORY_USED=EvaluatedScalingMetric(current=3.54429544E8, average=2.37786273E8), NUM_TASK_SLOTS_USED=EvaluatedScalingMetric(current=4.0, average=NaN)}, memoryParallelismCurves={57590a9205cdecedbcec3b0e776bee99=MPC[target=1598.04, minParallelism=1, maxParallelism=24, points=[(p=1, mem=4.00MB), (p=2, mem=4.00MB), (p=3, mem=4.00MB), (p=4, mem=4.00MB), (p=5, mem=4.00MB), (p=6, mem=4.00MB), (p=7, mem=4.00MB), (p=8, mem=4.00MB), (p=9, mem=4.00MB), (p=10, mem=4.00MB), (p=11, mem=4.00MB), (p=12, mem=4.00MB), (p=13, mem=4.00MB), (p=14, mem=4.00MB), (p=15, mem=4.00MB), (p=16, mem=4.00MB), (p=17, mem=4.00MB), (p=18, mem=4.00MB), (p=19, mem=4.00MB), (p=20, mem=4.00MB), (p=21, mem=4.00MB), (p=22, mem=4.00MB), (p=23, mem=4.00MB), (p=24, mem=4.00MB)]]}, missRateCurves={57590a9205cdecedbcec3b0e776bee99=MRC[points=[(size=4.00mb, mr=0.4647), (size=8.00mb, mr=0.4647), (size=12.00mb, mr=0.4606), (size=16.00mb, mr=0.4606), (size=20.00mb, mr=0.4564), (size=24.00mb, mr=0.4564), (size=28.00mb, mr=0.4564), (size=32.00mb, mr=0.4564), (size=36.00mb, mr=0.4564), (size=40.00mb, mr=0.4564), (size=44.00mb, mr=0.4564), (size=48.00mb, mr=0.4564), (size=52.00mb, mr=0.4564), (size=56.00mb, mr=0.4564), (size=60.00mb, mr=0.4564), (size=64.00mb, mr=0.4564), (size=68.00mb, mr=0.4564), (size=72.00mb, mr=0.4523), (size=76.00mb, mr=0.4481)]]})
[m[33m2026-03-22 20:28:41,664[m [36mo.a.f.a.a.A4S                 [m [32m[INFO ][default/flink] A4S: Attempt 0 - Making decisions
[m[33m2026-03-22 20:28:41,664[m [36mo.a.f.a.a.A4S                 [m [33m[WARN ][default/flink] A4S: No memory parallelism curve found for operator e3dfc0d7e9ecd8a43f85f0b68ebf3b80
[m[33m2026-03-22 20:28:41,664[m [36mo.a.f.a.a.A4S                 [m [33m[WARN ][default/flink] A4S: No memory parallelism curve found for operator 7e44bd5dd8910d9d6c2725814f8889da
[m[33m2026-03-22 20:28:41,664[m [36mo.a.f.a.a.A4S                 [m [33m[WARN ][default/flink] A4S: No memory parallelism curve found for operator 2a5a8360d8634434d28d438c7f43fa68
[m[33m2026-03-22 20:28:41,664[m [36mo.a.f.a.a.A4S                 [m [32m[INFO ][default/flink] A4S: Operator 57590a9205cdecedbcec3b0e776bee99 placed with parallelism 1 and memory 4.0MB
[m[33m2026-03-22 20:28:41,665[m [36mo.a.f.a.a.A4S                 [m [32m[INFO ][default/flink] A4S: Decisions: {57590a9205cdecedbcec3b0e776bee99=A4SDecision[p=1, mem=4.00MB]}
[m[33m2026-03-22 20:28:41,665[m [36mo.a.f.a.ScalingExecutor       [m [36m[DEBUG][default/flink] A4S: Vertex 7e44bd5dd8910d9d6c2725814f8889da has parallelism 2 and memory 30.0MB
[m[33m2026-03-22 20:28:41,665[m [36mo.a.f.a.ScalingExecutor       [m [36m[DEBUG][default/flink] A4S: Vertex 2a5a8360d8634434d28d438c7f43fa68 has parallelism 1 and memory 30.0MB
[m[33m2026-03-22 20:28:41,665[m [36mo.a.f.a.ScalingExecutor       [m [36m[DEBUG][default/flink] A4S: Vertex 57590a9205cdecedbcec3b0e776bee99 has parallelism 1 and memory 34.0MB
[m[33m2026-03-22 20:28:41,665[m [36mo.a.f.a.ScalingExecutor       [m [36m[DEBUG][default/flink] A4S: Vertex e3dfc0d7e9ecd8a43f85f0b68ebf3b80 has parallelism 3 and memory 30.0MB
[m[33m2026-03-22 20:29:58,522[m [36mo.a.f.a.ScalingMetricEvaluator[m [36m[DEBUG][default/flink] A4S: Evaluating metrics for vertex e3dfc0d7e9ecd8a43f85f0b68ebf3b80
[m[33m2026-03-22 20:29:58,522[m [36mo.a.f.a.ScalingMetricEvaluator[m [33m[WARN ][default/flink] A4S: No miss rate curve found for vertex e3dfc0d7e9ecd8a43f85f0b68ebf3b80, skipping
[m[33m2026-03-22 20:29:58,522[m [36mo.a.f.a.ScalingMetricEvaluator[m [36m[DEBUG][default/flink] A4S: Evaluating metrics for vertex 7e44bd5dd8910d9d6c2725814f8889da
[m[33m2026-03-22 20:29:58,523[m [36mo.a.f.a.ScalingMetricEvaluator[m [36m[DEBUG][default/flink] A4S: Evaluating metrics for vertex 2a5a8360d8634434d28d438c7f43fa68
[m[33m2026-03-22 20:29:58,523[m [36mo.a.f.a.ScalingMetricEvaluator[m [33m[WARN ][default/flink] A4S: No miss rate curve found for vertex 2a5a8360d8634434d28d438c7f43fa68, skipping
[m[33m2026-03-22 20:29:58,524[m [36mo.a.f.a.ScalingMetricEvaluator[m [36m[DEBUG][default/flink] A4S: Evaluating metrics for vertex 57590a9205cdecedbcec3b0e776bee99
[m[33m2026-03-22 20:30:13,706[m [36mo.a.f.a.ScalingMetricEvaluator[m [36m[DEBUG][default/flink] A4S: Evaluating metrics for vertex e3dfc0d7e9ecd8a43f85f0b68ebf3b80
[m[33m2026-03-22 20:30:13,706[m [36mo.a.f.a.ScalingMetricEvaluator[m [33m[WARN ][default/flink] A4S: No miss rate curve found for vertex e3dfc0d7e9ecd8a43f85f0b68ebf3b80, skipping
[m[33m2026-03-22 20:30:13,707[m [36mo.a.f.a.ScalingMetricEvaluator[m [36m[DEBUG][default/flink] A4S: Evaluating metrics for vertex 7e44bd5dd8910d9d6c2725814f8889da
[m[33m2026-03-22 20:30:13,707[m [36mo.a.f.a.ScalingMetricEvaluator[m [33m[WARN ][default/flink] A4S: No miss rate curve found for vertex 7e44bd5dd8910d9d6c2725814f8889da, skipping
[m[33m2026-03-22 20:30:13,707[m [36mo.a.f.a.ScalingMetricEvaluator[m [36m[DEBUG][default/flink] A4S: Evaluating metrics for vertex 2a5a8360d8634434d28d438c7f43fa68
[m[33m2026-03-22 20:30:13,707[m [36mo.a.f.a.ScalingMetricEvaluator[m [33m[WARN ][default/flink] A4S: No miss rate curve found for vertex 2a5a8360d8634434d28d438c7f43fa68, skipping
[m[33m2026-03-22 20:30:13,708[m [36mo.a.f.a.ScalingMetricEvaluator[m [36m[DEBUG][default/flink] A4S: Evaluating metrics for vertex 57590a9205cdecedbcec3b0e776bee99
[m[33m2026-03-22 20:30:28,891[m [36mo.a.f.a.ScalingMetricEvaluator[m [36m[DEBUG][default/flink] A4S: Evaluating metrics for vertex e3dfc0d7e9ecd8a43f85f0b68ebf3b80
[m[33m2026-03-22 20:30:28,891[m [36mo.a.f.a.ScalingMetricEvaluator[m [33m[WARN ][default/flink] A4S: No miss rate curve found for vertex e3dfc0d7e9ecd8a43f85f0b68ebf3b80, skipping
[m[33m2026-03-22 20:30:28,892[m [36mo.a.f.a.ScalingMetricEvaluator[m [36m[DEBUG][default/flink] A4S: Evaluating metrics for vertex 7e44bd5dd8910d9d6c2725814f8889da
[m[33m2026-03-22 20:30:28,893[m [36mo.a.f.a.ScalingMetricEvaluator[m [36m[DEBUG][default/flink] A4S: Evaluating metrics for vertex 2a5a8360d8634434d28d438c7f43fa68
[m[33m2026-03-22 20:30:28,894[m [36mo.a.f.a.ScalingMetricEvaluator[m [36m[DEBUG][default/flink] A4S: Evaluating metrics for vertex 57590a9205cdecedbcec3b0e776bee99
[m[33m2026-03-22 20:30:44,072[m [36mo.a.f.a.ScalingMetricEvaluator[m [36m[DEBUG][default/flink] A4S: Evaluating metrics for vertex e3dfc0d7e9ecd8a43f85f0b68ebf3b80
[m[33m2026-03-22 20:30:44,072[m [36mo.a.f.a.ScalingMetricEvaluator[m [33m[WARN ][default/flink] A4S: No miss rate curve found for vertex e3dfc0d7e9ecd8a43f85f0b68ebf3b80, skipping
[m[33m2026-03-22 20:30:44,072[m [36mo.a.f.a.ScalingMetricEvaluator[m [36m[DEBUG][default/flink] A4S: Evaluating metrics for vertex 7e44bd5dd8910d9d6c2725814f8889da
[m[33m2026-03-22 20:30:44,073[m [36mo.a.f.a.ScalingMetricEvaluator[m [36m[DEBUG][default/flink] A4S: Evaluating metrics for vertex 2a5a8360d8634434d28d438c7f43fa68
[m[33m2026-03-22 20:30:44,074[m [36mo.a.f.a.ScalingMetricEvaluator[m [36m[DEBUG][default/flink] A4S: Evaluating metrics for vertex 57590a9205cdecedbcec3b0e776bee99
[m[33m2026-03-22 20:30:59,271[m [36mo.a.f.a.ScalingMetricEvaluator[m [36m[DEBUG][default/flink] A4S: Evaluating metrics for vertex e3dfc0d7e9ecd8a43f85f0b68ebf3b80
[m[33m2026-03-22 20:30:59,271[m [36mo.a.f.a.ScalingMetricEvaluator[m [33m[WARN ][default/flink] A4S: No miss rate curve found for vertex e3dfc0d7e9ecd8a43f85f0b68ebf3b80, skipping
[m[33m2026-03-22 20:30:59,272[m [36mo.a.f.a.ScalingMetricEvaluator[m [36m[DEBUG][default/flink] A4S: Evaluating metrics for vertex 7e44bd5dd8910d9d6c2725814f8889da
[m[33m2026-03-22 20:30:59,272[m [36mo.a.f.a.ScalingMetricEvaluator[m [33m[WARN ][default/flink] A4S: No miss rate curve found for vertex 7e44bd5dd8910d9d6c2725814f8889da, skipping
[m[33m2026-03-22 20:30:59,272[m [36mo.a.f.a.ScalingMetricEvaluator[m [36m[DEBUG][default/flink] A4S: Evaluating metrics for vertex 2a5a8360d8634434d28d438c7f43fa68
[m[33m2026-03-22 20:30:59,272[m [36mo.a.f.a.ScalingMetricEvaluator[m [33m[WARN ][default/flink] A4S: No miss rate curve found for vertex 2a5a8360d8634434d28d438c7f43fa68, skipping
[m[33m2026-03-22 20:30:59,272[m [36mo.a.f.a.ScalingMetricEvaluator[m [36m[DEBUG][default/flink] A4S: Evaluating metrics for vertex 57590a9205cdecedbcec3b0e776bee99
[m[33m2026-03-22 20:31:14,447[m [36mo.a.f.a.ScalingMetricEvaluator[m [36m[DEBUG][default/flink] A4S: Evaluating metrics for vertex e3dfc0d7e9ecd8a43f85f0b68ebf3b80
[m[33m2026-03-22 20:31:14,447[m [36mo.a.f.a.ScalingMetricEvaluator[m [33m[WARN ][default/flink] A4S: No miss rate curve found for vertex e3dfc0d7e9ecd8a43f85f0b68ebf3b80, skipping
[m[33m2026-03-22 20:31:14,448[m [36mo.a.f.a.ScalingMetricEvaluator[m [36m[DEBUG][default/flink] A4S: Evaluating metrics for vertex 7e44bd5dd8910d9d6c2725814f8889da
[m[33m2026-03-22 20:31:14,449[m [36mo.a.f.a.ScalingMetricEvaluator[m [36m[DEBUG][default/flink] A4S: Evaluating metrics for vertex 2a5a8360d8634434d28d438c7f43fa68
[m[33m2026-03-22 20:31:14,450[m [36mo.a.f.a.ScalingMetricEvaluator[m [36m[DEBUG][default/flink] A4S: Evaluating metrics for vertex 57590a9205cdecedbcec3b0e776bee99
[m[33m2026-03-22 20:31:29,622[m [36mo.a.f.a.ScalingMetricEvaluator[m [36m[DEBUG][default/flink] A4S: Evaluating metrics for vertex e3dfc0d7e9ecd8a43f85f0b68ebf3b80
[m[33m2026-03-22 20:31:29,622[m [36mo.a.f.a.ScalingMetricEvaluator[m [33m[WARN ][default/flink] A4S: No miss rate curve found for vertex e3dfc0d7e9ecd8a43f85f0b68ebf3b80, skipping
[m[33m2026-03-22 20:31:29,622[m [36mo.a.f.a.ScalingMetricEvaluator[m [36m[DEBUG][default/flink] A4S: Evaluating metrics for vertex 7e44bd5dd8910d9d6c2725814f8889da
[m[33m2026-03-22 20:31:29,623[m [36mo.a.f.a.ScalingMetricEvaluator[m [36m[DEBUG][default/flink] A4S: Evaluating metrics for vertex 2a5a8360d8634434d28d438c7f43fa68
[m[33m2026-03-22 20:31:29,624[m [36mo.a.f.a.ScalingMetricEvaluator[m [36m[DEBUG][default/flink] A4S: Evaluating metrics for vertex 57590a9205cdecedbcec3b0e776bee99
[m[33m2026-03-22 20:31:44,863[m [36mo.a.f.a.ScalingMetricEvaluator[m [36m[DEBUG][default/flink] A4S: Evaluating metrics for vertex e3dfc0d7e9ecd8a43f85f0b68ebf3b80
[m[33m2026-03-22 20:31:44,863[m [36mo.a.f.a.ScalingMetricEvaluator[m [33m[WARN ][default/flink] A4S: No miss rate curve found for vertex e3dfc0d7e9ecd8a43f85f0b68ebf3b80, skipping
[m[33m2026-03-22 20:31:44,863[m [36mo.a.f.a.ScalingMetricEvaluator[m [36m[DEBUG][default/flink] A4S: Evaluating metrics for vertex 7e44bd5dd8910d9d6c2725814f8889da
[m[33m2026-03-22 20:31:44,863[m [36mo.a.f.a.ScalingMetricEvaluator[m [33m[WARN ][default/flink] A4S: No miss rate curve found for vertex 7e44bd5dd8910d9d6c2725814f8889da, skipping
[m[33m2026-03-22 20:31:44,864[m [36mo.a.f.a.ScalingMetricEvaluator[m [36m[DEBUG][default/flink] A4S: Evaluating metrics for vertex 2a5a8360d8634434d28d438c7f43fa68
[m[33m2026-03-22 20:31:44,865[m [36mo.a.f.a.ScalingMetricEvaluator[m [36m[DEBUG][default/flink] A4S: Evaluating metrics for vertex 57590a9205cdecedbcec3b0e776bee99
[m[33m2026-03-22 20:31:44,865[m [36mo.a.f.a.ScalingMetricEvaluator[m [33m[WARN ][default/flink] A4S: No miss rate curve found for vertex 57590a9205cdecedbcec3b0e776bee99, skipping
[m[33m2026-03-22 20:32:00,039[m [36mo.a.f.a.ScalingMetricEvaluator[m [36m[DEBUG][default/flink] A4S: Evaluating metrics for vertex e3dfc0d7e9ecd8a43f85f0b68ebf3b80
[m[33m2026-03-22 20:32:00,039[m [36mo.a.f.a.ScalingMetricEvaluator[m [33m[WARN ][default/flink] A4S: No miss rate curve found for vertex e3dfc0d7e9ecd8a43f85f0b68ebf3b80, skipping
[m[33m2026-03-22 20:32:00,040[m [36mo.a.f.a.ScalingMetricEvaluator[m [36m[DEBUG][default/flink] A4S: Evaluating metrics for vertex 7e44bd5dd8910d9d6c2725814f8889da
[m[33m2026-03-22 20:32:00,040[m [36mo.a.f.a.ScalingMetricEvaluator[m [33m[WARN ][default/flink] A4S: No miss rate curve found for vertex 7e44bd5dd8910d9d6c2725814f8889da, skipping
[m[33m2026-03-22 20:32:00,040[m [36mo.a.f.a.ScalingMetricEvaluator[m [36m[DEBUG][default/flink] A4S: Evaluating metrics for vertex 2a5a8360d8634434d28d438c7f43fa68
[m[33m2026-03-22 20:32:00,040[m [36mo.a.f.a.ScalingMetricEvaluator[m [33m[WARN ][default/flink] A4S: No miss rate curve found for vertex 2a5a8360d8634434d28d438c7f43fa68, skipping
[m[33m2026-03-22 20:32:00,040[m [36mo.a.f.a.ScalingMetricEvaluator[m [36m[DEBUG][default/flink] A4S: Evaluating metrics for vertex 57590a9205cdecedbcec3b0e776bee99
[m[33m2026-03-22 20:32:00,040[m [36mo.a.f.a.ScalingMetricEvaluator[m [33m[WARN ][default/flink] A4S: No miss rate curve found for vertex 57590a9205cdecedbcec3b0e776bee99, skipping
[m[33m2026-03-22 20:32:00,165[m [36mo.a.f.a.ScalingExecutor       [m [36m[DEBUG][default/flink] A4S: Evaluated Metrics: EvaluatedMetrics(vertexMetrics={7e44bd5dd8910d9d6c2725814f8889da={TARGET_DATA_RATE=EvaluatedScalingMetric(current=NaN, average=564.14), PARALLELISM=EvaluatedScalingMetric(current=2.0, average=NaN), ROCKS_DB_BLOCK_CACHE_HIT_RATE=EvaluatedScalingMetric(current=0.031, average=0.032), RECOMMENDED_PARALLELISM=EvaluatedScalingMetric(current=3.0, average=NaN), CATCH_UP_DATA_RATE=EvaluatedScalingMetric(current=0.0, average=NaN), INPUT_RATE=EvaluatedScalingMetric(current=NaN, average=564.14), EXPECTED_PROCESSING_RATE=EvaluatedScalingMetric(current=1222.0, average=NaN), NUM_SOURCE_PARTITIONS=EvaluatedScalingMetric(current=0.0, average=NaN), LOAD=EvaluatedScalingMetric(current=NaN, average=0.679), MAX_PARALLELISM=EvaluatedScalingMetric(current=24.0, average=NaN), SCALE_DOWN_RATE_THRESHOLD=EvaluatedScalingMetric(current=2915.0, average=NaN), SCALE_UP_RATE_THRESHOLD=EvaluatedScalingMetric(current=705.0, average=NaN), TRUE_PROCESSING_RATE=EvaluatedScalingMetric(current=NaN, average=830.84)}, 2a5a8360d8634434d28d438c7f43fa68={SCALE_DOWN_RATE_THRESHOLD=EvaluatedScalingMetric(current=2137.0, average=NaN), TARGET_DATA_RATE=EvaluatedScalingMetric(current=NaN, average=413.666), PARALLELISM=EvaluatedScalingMetric(current=1.0, average=NaN), ROCKS_DB_BLOCK_CACHE_HIT_RATE=EvaluatedScalingMetric(current=0.185, average=0.194), RECOMMENDED_PARALLELISM=EvaluatedScalingMetric(current=1.0, average=NaN), SCALE_UP_RATE_THRESHOLD=EvaluatedScalingMetric(current=517.0, average=NaN), CATCH_UP_DATA_RATE=EvaluatedScalingMetric(current=0.0, average=NaN), TRUE_PROCESSING_RATE=EvaluatedScalingMetric(current=NaN, average=2044.057), INPUT_RATE=EvaluatedScalingMetric(current=NaN, average=413.666), NUM_SOURCE_PARTITIONS=EvaluatedScalingMetric(current=0.0, average=NaN), LOAD=EvaluatedScalingMetric(current=NaN, average=0.202), MAX_PARALLELISM=EvaluatedScalingMetric(current=24.0, average=NaN)}, 57590a9205cdecedbcec3b0e776bee99={TARGET_DATA_RATE=EvaluatedScalingMetric(current=NaN, average=1120.955), PARALLELISM=EvaluatedScalingMetric(current=1.0, average=NaN), ROCKS_DB_BLOCK_CACHE_HIT_RATE=EvaluatedScalingMetric(current=0.009, average=0.009), RECOMMENDED_PARALLELISM=EvaluatedScalingMetric(current=3.0, average=NaN), CATCH_UP_DATA_RATE=EvaluatedScalingMetric(current=0.0, average=NaN), INPUT_RATE=EvaluatedScalingMetric(current=NaN, average=1047.97), EXPECTED_PROCESSING_RATE=EvaluatedScalingMetric(current=2429.0, average=NaN), NUM_SOURCE_PARTITIONS=EvaluatedScalingMetric(current=0.0, average=NaN), LOAD=EvaluatedScalingMetric(current=NaN, average=0.949), MAX_PARALLELISM=EvaluatedScalingMetric(current=24.0, average=NaN), SCALE_DOWN_RATE_THRESHOLD=EvaluatedScalingMetric(current=5792.0, average=NaN), SCALE_UP_RATE_THRESHOLD=EvaluatedScalingMetric(current=1401.0, average=NaN), TRUE_PROCESSING_RATE=EvaluatedScalingMetric(current=NaN, average=1104.143)}, e3dfc0d7e9ecd8a43f85f0b68ebf3b80={TARGET_DATA_RATE=EvaluatedScalingMetric(current=NaN, average=28300.469), PARALLELISM=EvaluatedScalingMetric(current=3.0, average=NaN), RECOMMENDED_PARALLELISM=EvaluatedScalingMetric(current=3.0, average=NaN), CATCH_UP_DATA_RATE=EvaluatedScalingMetric(current=0.0, average=NaN), INPUT_RATE=EvaluatedScalingMetric(current=NaN, average=28300.469), EXPECTED_PROCESSING_RATE=EvaluatedScalingMetric(current=1886697.951, average=NaN), NUM_SOURCE_PARTITIONS=EvaluatedScalingMetric(current=0.0, average=NaN), LOAD=EvaluatedScalingMetric(current=NaN, average=0.006), MAX_PARALLELISM=EvaluatedScalingMetric(current=24.0, average=NaN), SCALE_DOWN_RATE_THRESHOLD=EvaluatedScalingMetric(current=146219.0, average=NaN), LAG=EvaluatedScalingMetric(current=0.0, average=NaN), SCALE_UP_RATE_THRESHOLD=EvaluatedScalingMetric(current=35376.0, average=NaN), TRUE_PROCESSING_RATE=EvaluatedScalingMetric(current=NaN, average=4716744.877)}}, globalMetrics={METASPACE_MEMORY_USED=EvaluatedScalingMetric(current=5.7479048E7, average=5.7393937E7), HEAP_MAX_USAGE_RATIO=EvaluatedScalingMetric(current=0.418, average=0.52), GC_PRESSURE=EvaluatedScalingMetric(current=NaN, average=NaN), MANAGED_MEMORY_USED=EvaluatedScalingMetric(current=6.5011712E7, average=6.5011712E7), HEAP_MEMORY_USED=EvaluatedScalingMetric(current=2.91834256E8, average=3.63064935E8), NUM_TASK_SLOTS_USED=EvaluatedScalingMetric(current=7.0, average=NaN)}, memoryParallelismCurves={}, missRateCurves={})
[m[33m2026-03-22 20:32:00,165[m [36mo.a.f.a.a.A4S                 [m [32m[INFO ][default/flink] A4S: Attempt 0 - Making decisions
[m[33m2026-03-22 20:32:00,165[m [36mo.a.f.a.a.A4S                 [m [33m[WARN ][default/flink] A4S: No memory parallelism curve found for operator e3dfc0d7e9ecd8a43f85f0b68ebf3b80
[m[33m2026-03-22 20:32:00,165[m [36mo.a.f.a.a.A4S                 [m [33m[WARN ][default/flink] A4S: No memory parallelism curve found for operator 7e44bd5dd8910d9d6c2725814f8889da
[m[33m2026-03-22 20:32:00,165[m [36mo.a.f.a.a.A4S                 [m [33m[WARN ][default/flink] A4S: No memory parallelism curve found for operator 2a5a8360d8634434d28d438c7f43fa68
[m[33m2026-03-22 20:32:00,165[m [36mo.a.f.a.a.A4S                 [m [33m[WARN ][default/flink] A4S: No memory parallelism curve found for operator 57590a9205cdecedbcec3b0e776bee99
[m[33m2026-03-22 20:32:00,165[m [36mo.a.f.a.a.A4S                 [m [32m[INFO ][default/flink] A4S: Decisions: {}
[m[33m2026-03-22 20:32:00,166[m [36mo.a.f.a.ScalingExecutor       [m [36m[DEBUG][default/flink] A4S: Vertex 7e44bd5dd8910d9d6c2725814f8889da has parallelism 3 and memory 30.0MB
[m[33m2026-03-22 20:32:00,166[m [36mo.a.f.a.ScalingExecutor       [m [36m[DEBUG][default/flink] A4S: Vertex 2a5a8360d8634434d28d438c7f43fa68 has parallelism 1 and memory 30.0MB
[m[33m2026-03-22 20:32:00,166[m [36mo.a.f.a.ScalingExecutor       [m [36m[DEBUG][default/flink] A4S: Vertex 57590a9205cdecedbcec3b0e776bee99 has parallelism 3 and memory 30.0MB
[m[33m2026-03-22 20:32:00,166[m [36mo.a.f.a.ScalingExecutor       [m [36m[DEBUG][default/flink] A4S: Vertex e3dfc0d7e9ecd8a43f85f0b68ebf3b80 has parallelism 3 and memory 30.0MB
[m[33m2026-03-22 20:33:16,516[m [36mo.a.f.a.ScalingMetricEvaluator[m [36m[DEBUG][default/flink] A4S: Evaluating metrics for vertex e3dfc0d7e9ecd8a43f85f0b68ebf3b80
[m[33m2026-03-22 20:33:16,516[m [36mo.a.f.a.ScalingMetricEvaluator[m [33m[WARN ][default/flink] A4S: No miss rate curve found for vertex e3dfc0d7e9ecd8a43f85f0b68ebf3b80, skipping
[m[33m2026-03-22 20:33:16,517[m [36mo.a.f.a.ScalingMetricEvaluator[m [36m[DEBUG][default/flink] A4S: Evaluating metrics for vertex 7e44bd5dd8910d9d6c2725814f8889da
[m[33m2026-03-22 20:33:16,517[m [36mo.a.f.a.ScalingMetricEvaluator[m [36m[DEBUG][default/flink] A4S: Evaluating metrics for vertex 2a5a8360d8634434d28d438c7f43fa68
[m[33m2026-03-22 20:33:16,518[m [36mo.a.f.a.ScalingMetricEvaluator[m [36m[DEBUG][default/flink] A4S: Evaluating metrics for vertex 57590a9205cdecedbcec3b0e776bee99
[m[33m2026-03-22 20:33:31,677[m [36mo.a.f.a.ScalingMetricEvaluator[m [36m[DEBUG][default/flink] A4S: Evaluating metrics for vertex e3dfc0d7e9ecd8a43f85f0b68ebf3b80
[m[33m2026-03-22 20:33:31,678[m [36mo.a.f.a.ScalingMetricEvaluator[m [33m[WARN ][default/flink] A4S: No miss rate curve found for vertex e3dfc0d7e9ecd8a43f85f0b68ebf3b80, skipping
[m[33m2026-03-22 20:33:31,678[m [36mo.a.f.a.ScalingMetricEvaluator[m [36m[DEBUG][default/flink] A4S: Evaluating metrics for vertex 7e44bd5dd8910d9d6c2725814f8889da
[m[33m2026-03-22 20:33:31,678[m [36mo.a.f.a.ScalingMetricEvaluator[m [36m[DEBUG][default/flink] A4S: Evaluating metrics for vertex 2a5a8360d8634434d28d438c7f43fa68
[m[33m2026-03-22 20:33:31,679[m [36mo.a.f.a.ScalingMetricEvaluator[m [36m[DEBUG][default/flink] A4S: Evaluating metrics for vertex 57590a9205cdecedbcec3b0e776bee99
[m[33m2026-03-22 20:33:46,862[m [36mo.a.f.a.ScalingMetricEvaluator[m [36m[DEBUG][default/flink] A4S: Evaluating metrics for vertex e3dfc0d7e9ecd8a43f85f0b68ebf3b80
[m[33m2026-03-22 20:33:46,862[m [36mo.a.f.a.ScalingMetricEvaluator[m [33m[WARN ][default/flink] A4S: No miss rate curve found for vertex e3dfc0d7e9ecd8a43f85f0b68ebf3b80, skipping
[m[33m2026-03-22 20:33:46,862[m [36mo.a.f.a.ScalingMetricEvaluator[m [36m[DEBUG][default/flink] A4S: Evaluating metrics for vertex 7e44bd5dd8910d9d6c2725814f8889da
[m[33m2026-03-22 20:33:46,863[m [36mo.a.f.a.ScalingMetricEvaluator[m [36m[DEBUG][default/flink] A4S: Evaluating metrics for vertex 2a5a8360d8634434d28d438c7f43fa68
[m[33m2026-03-22 20:33:46,864[m [36mo.a.f.a.ScalingMetricEvaluator[m [36m[DEBUG][default/flink] A4S: Evaluating metrics for vertex 57590a9205cdecedbcec3b0e776bee99
[m[33m2026-03-22 20:33:46,864[m [36mo.a.f.a.ScalingMetricEvaluator[m [33m[WARN ][default/flink] A4S: No miss rate curve found for vertex 57590a9205cdecedbcec3b0e776bee99, skipping
[m[33m2026-03-22 20:34:02,037[m [36mo.a.f.a.ScalingMetricEvaluator[m [36m[DEBUG][default/flink] A4S: Evaluating metrics for vertex e3dfc0d7e9ecd8a43f85f0b68ebf3b80
[m[33m2026-03-22 20:34:02,037[m [36mo.a.f.a.ScalingMetricEvaluator[m [33m[WARN ][default/flink] A4S: No miss rate curve found for vertex e3dfc0d7e9ecd8a43f85f0b68ebf3b80, skipping
[m[33m2026-03-22 20:34:02,038[m [36mo.a.f.a.ScalingMetricEvaluator[m [36m[DEBUG][default/flink] A4S: Evaluating metrics for vertex 7e44bd5dd8910d9d6c2725814f8889da
[m[33m2026-03-22 20:34:02,038[m [36mo.a.f.a.ScalingMetricEvaluator[m [36m[DEBUG][default/flink] A4S: Evaluating metrics for vertex 2a5a8360d8634434d28d438c7f43fa68
[m[33m2026-03-22 20:34:02,039[m [36mo.a.f.a.ScalingMetricEvaluator[m [36m[DEBUG][default/flink] A4S: Evaluating metrics for vertex 57590a9205cdecedbcec3b0e776bee99
[m[33m2026-03-22 20:34:17,231[m [36mo.a.f.a.ScalingMetricEvaluator[m [36m[DEBUG][default/flink] A4S: Evaluating metrics for vertex e3dfc0d7e9ecd8a43f85f0b68ebf3b80
[m[33m2026-03-22 20:34:17,231[m [36mo.a.f.a.ScalingMetricEvaluator[m [33m[WARN ][default/flink] A4S: No miss rate curve found for vertex e3dfc0d7e9ecd8a43f85f0b68ebf3b80, skipping
[m[33m2026-03-22 20:34:17,232[m [36mo.a.f.a.ScalingMetricEvaluator[m [36m[DEBUG][default/flink] A4S: Evaluating metrics for vertex 7e44bd5dd8910d9d6c2725814f8889da
[m[33m2026-03-22 20:34:17,232[m [36mo.a.f.a.ScalingMetricEvaluator[m [36m[DEBUG][default/flink] A4S: Evaluating metrics for vertex 2a5a8360d8634434d28d438c7f43fa68
[m[33m2026-03-22 20:34:17,233[m [36mo.a.f.a.ScalingMetricEvaluator[m [36m[DEBUG][default/flink] A4S: Evaluating metrics for vertex 57590a9205cdecedbcec3b0e776bee99
[m[33m2026-03-22 20:34:32,399[m [36mo.a.f.a.ScalingMetricEvaluator[m [36m[DEBUG][default/flink] A4S: Evaluating metrics for vertex e3dfc0d7e9ecd8a43f85f0b68ebf3b80
[m[33m2026-03-22 20:34:32,399[m [36mo.a.f.a.ScalingMetricEvaluator[m [33m[WARN ][default/flink] A4S: No miss rate curve found for vertex e3dfc0d7e9ecd8a43f85f0b68ebf3b80, skipping
[m[33m2026-03-22 20:34:32,399[m [36mo.a.f.a.ScalingMetricEvaluator[m [36m[DEBUG][default/flink] A4S: Evaluating metrics for vertex 7e44bd5dd8910d9d6c2725814f8889da
[m[33m2026-03-22 20:34:32,399[m [36mo.a.f.a.ScalingMetricEvaluator[m [36m[DEBUG][default/flink] A4S: Evaluating metrics for vertex 2a5a8360d8634434d28d438c7f43fa68
[m[33m2026-03-22 20:34:32,400[m [36mo.a.f.a.ScalingMetricEvaluator[m [36m[DEBUG][default/flink] A4S: Evaluating metrics for vertex 57590a9205cdecedbcec3b0e776bee99
[m[33m2026-03-22 20:34:47,562[m [36mo.a.f.a.ScalingMetricEvaluator[m [36m[DEBUG][default/flink] A4S: Evaluating metrics for vertex e3dfc0d7e9ecd8a43f85f0b68ebf3b80
[m[33m2026-03-22 20:34:47,563[m [36mo.a.f.a.ScalingMetricEvaluator[m [33m[WARN ][default/flink] A4S: No miss rate curve found for vertex e3dfc0d7e9ecd8a43f85f0b68ebf3b80, skipping
[m[33m2026-03-22 20:34:47,563[m [36mo.a.f.a.ScalingMetricEvaluator[m [36m[DEBUG][default/flink] A4S: Evaluating metrics for vertex 7e44bd5dd8910d9d6c2725814f8889da
[m[33m2026-03-22 20:34:47,564[m [36mo.a.f.a.ScalingMetricEvaluator[m [36m[DEBUG][default/flink] A4S: Evaluating metrics for vertex 2a5a8360d8634434d28d438c7f43fa68
[m[33m2026-03-22 20:34:47,565[m [36mo.a.f.a.ScalingMetricEvaluator[m [36m[DEBUG][default/flink] A4S: Evaluating metrics for vertex 57590a9205cdecedbcec3b0e776bee99
[m[33m2026-03-22 20:35:02,736[m [36mo.a.f.a.ScalingMetricEvaluator[m [36m[DEBUG][default/flink] A4S: Evaluating metrics for vertex e3dfc0d7e9ecd8a43f85f0b68ebf3b80
[m[33m2026-03-22 20:35:02,736[m [36mo.a.f.a.ScalingMetricEvaluator[m [33m[WARN ][default/flink] A4S: No miss rate curve found for vertex e3dfc0d7e9ecd8a43f85f0b68ebf3b80, skipping
[m[33m2026-03-22 20:35:02,737[m [36mo.a.f.a.ScalingMetricEvaluator[m [36m[DEBUG][default/flink] A4S: Evaluating metrics for vertex 7e44bd5dd8910d9d6c2725814f8889da
[m[33m2026-03-22 20:35:02,737[m [36mo.a.f.a.ScalingMetricEvaluator[m [36m[DEBUG][default/flink] A4S: Evaluating metrics for vertex 2a5a8360d8634434d28d438c7f43fa68
[m[33m2026-03-22 20:35:02,738[m [36mo.a.f.a.ScalingMetricEvaluator[m [36m[DEBUG][default/flink] A4S: Evaluating metrics for vertex 57590a9205cdecedbcec3b0e776bee99
[m[33m2026-03-22 20:35:17,925[m [36mo.a.f.a.ScalingMetricEvaluator[m [36m[DEBUG][default/flink] A4S: Evaluating metrics for vertex e3dfc0d7e9ecd8a43f85f0b68ebf3b80
[m[33m2026-03-22 20:35:17,925[m [36mo.a.f.a.ScalingMetricEvaluator[m [33m[WARN ][default/flink] A4S: No miss rate curve found for vertex e3dfc0d7e9ecd8a43f85f0b68ebf3b80, skipping
[m[33m2026-03-22 20:35:17,925[m [36mo.a.f.a.ScalingMetricEvaluator[m [36m[DEBUG][default/flink] A4S: Evaluating metrics for vertex 7e44bd5dd8910d9d6c2725814f8889da
[m[33m2026-03-22 20:35:17,925[m [36mo.a.f.a.ScalingMetricEvaluator[m [36m[DEBUG][default/flink] A4S: Evaluating metrics for vertex 2a5a8360d8634434d28d438c7f43fa68
[m[33m2026-03-22 20:35:17,926[m [36mo.a.f.a.ScalingMetricEvaluator[m [36m[DEBUG][default/flink] A4S: Evaluating metrics for vertex 57590a9205cdecedbcec3b0e776bee99
[m[33m2026-03-22 20:35:18,024[m [36mo.a.f.a.ScalingExecutor       [m [36m[DEBUG][default/flink] A4S: Evaluated Metrics: EvaluatedMetrics(vertexMetrics={7e44bd5dd8910d9d6c2725814f8889da={TARGET_DATA_RATE=EvaluatedScalingMetric(current=NaN, average=1128.603), PARALLELISM=EvaluatedScalingMetric(current=3.0, average=NaN), ROCKS_DB_BLOCK_CACHE_HIT_RATE=EvaluatedScalingMetric(current=0.022, average=0.026), RECOMMENDED_PARALLELISM=EvaluatedScalingMetric(current=8.0, average=NaN), CATCH_UP_DATA_RATE=EvaluatedScalingMetric(current=0.0, average=NaN), INPUT_RATE=EvaluatedScalingMetric(current=NaN, average=1128.603), EXPECTED_PROCESSING_RATE=EvaluatedScalingMetric(current=2445.0, average=NaN), NUM_SOURCE_PARTITIONS=EvaluatedScalingMetric(current=0.0, average=NaN), LOAD=EvaluatedScalingMetric(current=NaN, average=0.995), MAX_PARALLELISM=EvaluatedScalingMetric(current=24.0, average=NaN), SCALE_DOWN_RATE_THRESHOLD=EvaluatedScalingMetric(current=5831.0, average=NaN), SCALE_UP_RATE_THRESHOLD=EvaluatedScalingMetric(current=1411.0, average=NaN), TRUE_PROCESSING_RATE=EvaluatedScalingMetric(current=NaN, average=1134.417)}, 2a5a8360d8634434d28d438c7f43fa68={TARGET_DATA_RATE=EvaluatedScalingMetric(current=NaN, average=563.026), PARALLELISM=EvaluatedScalingMetric(current=1.0, average=NaN), ROCKS_DB_BLOCK_CACHE_HIT_RATE=EvaluatedScalingMetric(current=0.088, average=0.094), RECOMMENDED_PARALLELISM=EvaluatedScalingMetric(current=3.0, average=NaN), CATCH_UP_DATA_RATE=EvaluatedScalingMetric(current=0.0, average=NaN), INPUT_RATE=EvaluatedScalingMetric(current=NaN, average=563.026), EXPECTED_PROCESSING_RATE=EvaluatedScalingMetric(current=1220.0, average=NaN), NUM_SOURCE_PARTITIONS=EvaluatedScalingMetric(current=0.0, average=NaN), LOAD=EvaluatedScalingMetric(current=NaN, average=1.0), MAX_PARALLELISM=EvaluatedScalingMetric(current=24.0, average=NaN), SCALE_DOWN_RATE_THRESHOLD=EvaluatedScalingMetric(current=2909.0, average=NaN), SCALE_UP_RATE_THRESHOLD=EvaluatedScalingMetric(current=704.0, average=NaN), TRUE_PROCESSING_RATE=EvaluatedScalingMetric(current=NaN, average=563.026)}, 57590a9205cdecedbcec3b0e776bee99={TARGET_DATA_RATE=EvaluatedScalingMetric(current=NaN, average=1923.317), PARALLELISM=EvaluatedScalingMetric(current=3.0, average=NaN), ROCKS_DB_BLOCK_CACHE_HIT_RATE=EvaluatedScalingMetric(current=0.001, average=0.001), RECOMMENDED_PARALLELISM=EvaluatedScalingMetric(current=8.0, average=NaN), CATCH_UP_DATA_RATE=EvaluatedScalingMetric(current=0.0, average=NaN), INPUT_RATE=EvaluatedScalingMetric(current=NaN, average=1746.494), EXPECTED_PROCESSING_RATE=EvaluatedScalingMetric(current=4167.0, average=NaN), NUM_SOURCE_PARTITIONS=EvaluatedScalingMetric(current=0.0, average=NaN), LOAD=EvaluatedScalingMetric(current=NaN, average=0.84), MAX_PARALLELISM=EvaluatedScalingMetric(current=24.0, average=NaN), SCALE_DOWN_RATE_THRESHOLD=EvaluatedScalingMetric(current=9937.0, average=NaN), SCALE_UP_RATE_THRESHOLD=EvaluatedScalingMetric(current=2404.0, average=NaN), TRUE_PROCESSING_RATE=EvaluatedScalingMetric(current=NaN, average=2078.232)}, e3dfc0d7e9ecd8a43f85f0b68ebf3b80={TARGET_DATA_RATE=EvaluatedScalingMetric(current=NaN, average=56488.959), PARALLELISM=EvaluatedScalingMetric(current=3.0, average=NaN), RECOMMENDED_PARALLELISM=EvaluatedScalingMetric(current=3.0, average=NaN), CATCH_UP_DATA_RATE=EvaluatedScalingMetric(current=0.0, average=NaN), INPUT_RATE=EvaluatedScalingMetric(current=NaN, average=56488.959), EXPECTED_PROCESSING_RATE=EvaluatedScalingMetric(current=525478.69, average=NaN), NUM_SOURCE_PARTITIONS=EvaluatedScalingMetric(current=0.0, average=NaN), LOAD=EvaluatedScalingMetric(current=NaN, average=0.043), MAX_PARALLELISM=EvaluatedScalingMetric(current=24.0, average=NaN), SCALE_DOWN_RATE_THRESHOLD=EvaluatedScalingMetric(current=291860.0, average=NaN), LAG=EvaluatedScalingMetric(current=0.0, average=NaN), SCALE_UP_RATE_THRESHOLD=EvaluatedScalingMetric(current=70611.0, average=NaN), TRUE_PROCESSING_RATE=EvaluatedScalingMetric(current=NaN, average=1313696.725)}}, globalMetrics={METASPACE_MEMORY_USED=EvaluatedScalingMetric(current=5.7877512E7, average=5.7843403E7), HEAP_MAX_USAGE_RATIO=EvaluatedScalingMetric(current=0.513, average=0.496), GC_PRESSURE=EvaluatedScalingMetric(current=NaN, average=NaN), MANAGED_MEMORY_USED=EvaluatedScalingMetric(current=6.291456E7, average=6.291456E7), HEAP_MEMORY_USED=EvaluatedScalingMetric(current=3.58286976E8, average=3.46084234E8), NUM_TASK_SLOTS_USED=EvaluatedScalingMetric(current=10.0, average=NaN)}, memoryParallelismCurves={7e44bd5dd8910d9d6c2725814f8889da=MPC[target=1128.60, minParallelism=1, maxParallelism=24, points=[(p=1, mem=12.00MB), (p=2, mem=12.00MB), (p=3, mem=12.00MB), (p=4, mem=12.00MB), (p=5, mem=12.00MB), (p=6, mem=12.00MB), (p=7, mem=12.00MB), (p=8, mem=12.00MB), (p=9, mem=12.00MB), (p=10, mem=12.00MB), (p=11, mem=12.00MB), (p=12, mem=12.00MB), (p=13, mem=12.00MB), (p=14, mem=12.00MB), (p=15, mem=12.00MB), (p=16, mem=12.00MB), (p=17, mem=12.00MB), (p=18, mem=12.00MB), (p=19, mem=12.00MB), (p=20, mem=12.00MB), (p=21, mem=12.00MB), (p=22, mem=12.00MB), (p=23, mem=12.00MB), (p=24, mem=12.00MB)]], 2a5a8360d8634434d28d438c7f43fa68=MPC[target=563.03, minParallelism=1, maxParallelism=24, points=[(p=1, mem=4.00MB), (p=2, mem=4.00MB), (p=3, mem=4.00MB), (p=4, mem=4.00MB), (p=5, mem=4.00MB), (p=6, mem=4.00MB), (p=7, mem=4.00MB), (p=8, mem=4.00MB), (p=9, mem=4.00MB), (p=10, mem=4.00MB), (p=11, mem=4.00MB), (p=12, mem=4.00MB), (p=13, mem=4.00MB), (p=14, mem=4.00MB), (p=15, mem=4.00MB), (p=16, mem=4.00MB), (p=17, mem=4.00MB), (p=18, mem=4.00MB), (p=19, mem=4.00MB), (p=20, mem=4.00MB), (p=21, mem=4.00MB), (p=22, mem=4.00MB), (p=23, mem=4.00MB), (p=24, mem=4.00MB)]], 57590a9205cdecedbcec3b0e776bee99=MPC[target=1923.32, minParallelism=1, maxParallelism=24, points=[(p=1, mem=12.00MB), (p=2, mem=12.00MB), (p=3, mem=12.00MB), (p=4, mem=12.00MB), (p=5, mem=12.00MB), (p=6, mem=12.00MB), (p=7, mem=12.00MB), (p=8, mem=12.00MB), (p=9, mem=12.00MB), (p=10, mem=12.00MB), (p=11, mem=12.00MB), (p=12, mem=12.00MB), (p=13, mem=12.00MB), (p=14, mem=12.00MB), (p=15, mem=12.00MB), (p=16, mem=12.00MB), (p=17, mem=12.00MB), (p=18, mem=12.00MB), (p=19, mem=12.00MB), (p=20, mem=12.00MB), (p=21, mem=12.00MB), (p=22, mem=12.00MB), (p=23, mem=12.00MB), (p=24, mem=12.00MB)]]}, missRateCurves={7e44bd5dd8910d9d6c2725814f8889da=MRC[points=[(size=12.00mb, mr=0.9985), (size=24.00mb, mr=0.9985), (size=36.00mb, mr=0.9985), (size=48.00mb, mr=0.7034), (size=60.00mb, mr=0.5741), (size=72.00mb, mr=0.5145), (size=84.00mb, mr=0.5009)]], 2a5a8360d8634434d28d438c7f43fa68=MRC[points=[(size=4.00mb, mr=0.7815), (size=8.00mb, mr=0.7815), (size=12.00mb, mr=0.7815), (size=16.00mb, mr=0.3427), (size=20.00mb, mr=0.3390)]], 57590a9205cdecedbcec3b0e776bee99=MRC[points=[(size=12.00mb, mr=1.0000), (size=24.00mb, mr=1.0000), (size=36.00mb, mr=1.0000), (size=48.00mb, mr=0.9310), (size=60.00mb, mr=0.7139), (size=72.00mb, mr=0.4968), (size=84.00mb, mr=0.4785), (size=96.00mb, mr=0.4781), (size=108.00mb, mr=0.4781), (size=120.00mb, mr=0.4777)]]})
[m[33m2026-03-22 20:35:18,024[m [36mo.a.f.a.a.A4S                 [m [32m[INFO ][default/flink] A4S: Attempt 0 - Making decisions
[m[33m2026-03-22 20:35:18,024[m [36mo.a.f.a.a.A4S                 [m [33m[WARN ][default/flink] A4S: No memory parallelism curve found for operator e3dfc0d7e9ecd8a43f85f0b68ebf3b80
[m[33m2026-03-22 20:35:18,024[m [36mo.a.f.a.a.A4S                 [m [32m[INFO ][default/flink] A4S: Operator 7e44bd5dd8910d9d6c2725814f8889da placed with parallelism 8 and memory 12.0MB
[m[33m2026-03-22 20:35:18,024[m [36mo.a.f.a.a.A4S                 [m [32m[INFO ][default/flink] A4S: Operator 2a5a8360d8634434d28d438c7f43fa68 placed with parallelism 3 and memory 4.0MB
[m[33m2026-03-22 20:35:18,024[m [36mo.a.f.a.a.A4S                 [m [32m[INFO ][default/flink] A4S: Operator 57590a9205cdecedbcec3b0e776bee99 placed with parallelism 8 and memory 12.0MB
[m[33m2026-03-22 20:35:18,024[m [36mo.a.f.a.a.A4S                 [m [32m[INFO ][default/flink] A4S: Decisions: {7e44bd5dd8910d9d6c2725814f8889da=A4SDecision[p=8, mem=12.00MB], 2a5a8360d8634434d28d438c7f43fa68=A4SDecision[p=3, mem=4.00MB], 57590a9205cdecedbcec3b0e776bee99=A4SDecision[p=8, mem=12.00MB]}
[m[33m2026-03-22 20:35:18,025[m [36mo.a.f.a.ScalingExecutor       [m [36m[DEBUG][default/flink] A4S: Vertex 7e44bd5dd8910d9d6c2725814f8889da has parallelism 8 and memory 42.0MB
[m[33m2026-03-22 20:35:18,025[m [36mo.a.f.a.ScalingExecutor       [m [36m[DEBUG][default/flink] A4S: Vertex 2a5a8360d8634434d28d438c7f43fa68 has parallelism 3 and memory 34.0MB
[m[33m2026-03-22 20:35:18,025[m [36mo.a.f.a.ScalingExecutor       [m [36m[DEBUG][default/flink] A4S: Vertex 57590a9205cdecedbcec3b0e776bee99 has parallelism 8 and memory 42.0MB
[m[33m2026-03-22 20:35:18,025[m [36mo.a.f.a.ScalingExecutor       [m [36m[DEBUG][default/flink] A4S: Vertex e3dfc0d7e9ecd8a43f85f0b68ebf3b80 has parallelism 3 and memory 30.0MB
[m[33m2026-03-22 20:36:34,336[m [36mo.a.f.a.ScalingMetricEvaluator[m [36m[DEBUG][default/flink] A4S: Evaluating metrics for vertex e3dfc0d7e9ecd8a43f85f0b68ebf3b80
[m[33m2026-03-22 20:36:34,336[m [36mo.a.f.a.ScalingMetricEvaluator[m [33m[WARN ][default/flink] A4S: No miss rate curve found for vertex e3dfc0d7e9ecd8a43f85f0b68ebf3b80, skipping
[m[33m2026-03-22 20:36:34,336[m [36mo.a.f.a.ScalingMetricEvaluator[m [36m[DEBUG][default/flink] A4S: Evaluating metrics for vertex 7e44bd5dd8910d9d6c2725814f8889da
[m[33m2026-03-22 20:36:34,337[m [36mo.a.f.a.ScalingMetricEvaluator[m [36m[DEBUG][default/flink] A4S: Evaluating metrics for vertex 2a5a8360d8634434d28d438c7f43fa68
[m[33m2026-03-22 20:36:34,337[m [36mo.a.f.a.ScalingMetricEvaluator[m [36m[DEBUG][default/flink] A4S: Evaluating metrics for vertex 57590a9205cdecedbcec3b0e776bee99
[m[33m2026-03-22 20:36:49,509[m [36mo.a.f.a.ScalingMetricEvaluator[m [36m[DEBUG][default/flink] A4S: Evaluating metrics for vertex e3dfc0d7e9ecd8a43f85f0b68ebf3b80
[m[33m2026-03-22 20:36:49,509[m [36mo.a.f.a.ScalingMetricEvaluator[m [33m[WARN ][default/flink] A4S: No miss rate curve found for vertex e3dfc0d7e9ecd8a43f85f0b68ebf3b80, skipping
[m[33m2026-03-22 20:36:49,510[m [36mo.a.f.a.ScalingMetricEvaluator[m [36m[DEBUG][default/flink] A4S: Evaluating metrics for vertex 7e44bd5dd8910d9d6c2725814f8889da
[m[33m2026-03-22 20:36:49,510[m [36mo.a.f.a.ScalingMetricEvaluator[m [36m[DEBUG][default/flink] A4S: Evaluating metrics for vertex 2a5a8360d8634434d28d438c7f43fa68
[m[33m2026-03-22 20:36:49,511[m [36mo.a.f.a.ScalingMetricEvaluator[m [36m[DEBUG][default/flink] A4S: Evaluating metrics for vertex 57590a9205cdecedbcec3b0e776bee99
[m[33m2026-03-22 20:37:04,680[m [36mo.a.f.a.ScalingMetricEvaluator[m [36m[DEBUG][default/flink] A4S: Evaluating metrics for vertex e3dfc0d7e9ecd8a43f85f0b68ebf3b80
[m[33m2026-03-22 20:37:04,680[m [36mo.a.f.a.ScalingMetricEvaluator[m [33m[WARN ][default/flink] A4S: No miss rate curve found for vertex e3dfc0d7e9ecd8a43f85f0b68ebf3b80, skipping
[m[33m2026-03-22 20:37:04,680[m [36mo.a.f.a.ScalingMetricEvaluator[m [36m[DEBUG][default/flink] A4S: Evaluating metrics for vertex 7e44bd5dd8910d9d6c2725814f8889da
[m[33m2026-03-22 20:37:04,681[m [36mo.a.f.a.ScalingMetricEvaluator[m [36m[DEBUG][default/flink] A4S: Evaluating metrics for vertex 2a5a8360d8634434d28d438c7f43fa68
[m[33m2026-03-22 20:37:04,681[m [36mo.a.f.a.ScalingMetricEvaluator[m [36m[DEBUG][default/flink] A4S: Evaluating metrics for vertex 57590a9205cdecedbcec3b0e776bee99
[m[33m2026-03-22 20:37:19,860[m [36mo.a.f.a.ScalingMetricEvaluator[m [36m[DEBUG][default/flink] A4S: Evaluating metrics for vertex e3dfc0d7e9ecd8a43f85f0b68ebf3b80
[m[33m2026-03-22 20:37:19,860[m [36mo.a.f.a.ScalingMetricEvaluator[m [33m[WARN ][default/flink] A4S: No miss rate curve found for vertex e3dfc0d7e9ecd8a43f85f0b68ebf3b80, skipping
[m[33m2026-03-22 20:37:19,860[m [36mo.a.f.a.ScalingMetricEvaluator[m [36m[DEBUG][default/flink] A4S: Evaluating metrics for vertex 7e44bd5dd8910d9d6c2725814f8889da
[m[33m2026-03-22 20:37:19,861[m [36mo.a.f.a.ScalingMetricEvaluator[m [36m[DEBUG][default/flink] A4S: Evaluating metrics for vertex 2a5a8360d8634434d28d438c7f43fa68
[m[33m2026-03-22 20:37:19,862[m [36mo.a.f.a.ScalingMetricEvaluator[m [36m[DEBUG][default/flink] A4S: Evaluating metrics for vertex 57590a9205cdecedbcec3b0e776bee99
[m[33m2026-03-22 20:37:35,023[m [36mo.a.f.a.ScalingMetricEvaluator[m [36m[DEBUG][default/flink] A4S: Evaluating metrics for vertex e3dfc0d7e9ecd8a43f85f0b68ebf3b80
[m[33m2026-03-22 20:37:35,023[m [36mo.a.f.a.ScalingMetricEvaluator[m [33m[WARN ][default/flink] A4S: No miss rate curve found for vertex e3dfc0d7e9ecd8a43f85f0b68ebf3b80, skipping
[m[33m2026-03-22 20:37:35,024[m [36mo.a.f.a.ScalingMetricEvaluator[m [36m[DEBUG][default/flink] A4S: Evaluating metrics for vertex 7e44bd5dd8910d9d6c2725814f8889da
[m[33m2026-03-22 20:37:35,024[m [36mo.a.f.a.ScalingMetricEvaluator[m [36m[DEBUG][default/flink] A4S: Evaluating metrics for vertex 2a5a8360d8634434d28d438c7f43fa68
[m[33m2026-03-22 20:37:35,025[m [36mo.a.f.a.ScalingMetricEvaluator[m [36m[DEBUG][default/flink] A4S: Evaluating metrics for vertex 57590a9205cdecedbcec3b0e776bee99
[m[33m2026-03-22 20:37:50,369[m [36mo.a.f.a.ScalingMetricEvaluator[m [36m[DEBUG][default/flink] A4S: Evaluating metrics for vertex e3dfc0d7e9ecd8a43f85f0b68ebf3b80
[m[33m2026-03-22 20:37:50,369[m [36mo.a.f.a.ScalingMetricEvaluator[m [33m[WARN ][default/flink] A4S: No miss rate curve found for vertex e3dfc0d7e9ecd8a43f85f0b68ebf3b80, skipping
[m[33m2026-03-22 20:37:50,369[m [36mo.a.f.a.ScalingMetricEvaluator[m [36m[DEBUG][default/flink] A4S: Evaluating metrics for vertex 7e44bd5dd8910d9d6c2725814f8889da
[m[33m2026-03-22 20:37:50,369[m [36mo.a.f.a.ScalingMetricEvaluator[m [36m[DEBUG][default/flink] A4S: Evaluating metrics for vertex 2a5a8360d8634434d28d438c7f43fa68
[m[33m2026-03-22 20:37:50,370[m [36mo.a.f.a.ScalingMetricEvaluator[m [36m[DEBUG][default/flink] A4S: Evaluating metrics for vertex 57590a9205cdecedbcec3b0e776bee99
[m[33m2026-03-22 20:38:05,642[m [36mo.a.f.a.ScalingMetricEvaluator[m [36m[DEBUG][default/flink] A4S: Evaluating metrics for vertex e3dfc0d7e9ecd8a43f85f0b68ebf3b80
[m[33m2026-03-22 20:38:05,642[m [36mo.a.f.a.ScalingMetricEvaluator[m [33m[WARN ][default/flink] A4S: No miss rate curve found for vertex e3dfc0d7e9ecd8a43f85f0b68ebf3b80, skipping
[m[33m2026-03-22 20:38:05,642[m [36mo.a.f.a.ScalingMetricEvaluator[m [36m[DEBUG][default/flink] A4S: Evaluating metrics for vertex 7e44bd5dd8910d9d6c2725814f8889da
[m[33m2026-03-22 20:38:05,643[m [36mo.a.f.a.ScalingMetricEvaluator[m [36m[DEBUG][default/flink] A4S: Evaluating metrics for vertex 2a5a8360d8634434d28d438c7f43fa68
[m[33m2026-03-22 20:38:05,644[m [36mo.a.f.a.ScalingMetricEvaluator[m [36m[DEBUG][default/flink] A4S: Evaluating metrics for vertex 57590a9205cdecedbcec3b0e776bee99
[m[33m2026-03-22 20:38:20,857[m [36mo.a.f.a.ScalingMetricEvaluator[m [36m[DEBUG][default/flink] A4S: Evaluating metrics for vertex e3dfc0d7e9ecd8a43f85f0b68ebf3b80
[m[33m2026-03-22 20:38:20,857[m [36mo.a.f.a.ScalingMetricEvaluator[m [33m[WARN ][default/flink] A4S: No miss rate curve found for vertex e3dfc0d7e9ecd8a43f85f0b68ebf3b80, skipping
[m[33m2026-03-22 20:38:20,858[m [36mo.a.f.a.ScalingMetricEvaluator[m [36m[DEBUG][default/flink] A4S: Evaluating metrics for vertex 7e44bd5dd8910d9d6c2725814f8889da
[m[33m2026-03-22 20:38:20,858[m [36mo.a.f.a.ScalingMetricEvaluator[m [36m[DEBUG][default/flink] A4S: Evaluating metrics for vertex 2a5a8360d8634434d28d438c7f43fa68
[m[33m2026-03-22 20:38:20,859[m [36mo.a.f.a.ScalingMetricEvaluator[m [36m[DEBUG][default/flink] A4S: Evaluating metrics for vertex 57590a9205cdecedbcec3b0e776bee99
[m[33m2026-03-22 20:38:36,050[m [36mo.a.f.a.ScalingMetricEvaluator[m [36m[DEBUG][default/flink] A4S: Evaluating metrics for vertex e3dfc0d7e9ecd8a43f85f0b68ebf3b80
[m[33m2026-03-22 20:38:36,050[m [36mo.a.f.a.ScalingMetricEvaluator[m [33m[WARN ][default/flink] A4S: No miss rate curve found for vertex e3dfc0d7e9ecd8a43f85f0b68ebf3b80, skipping
[m[33m2026-03-22 20:38:36,051[m [36mo.a.f.a.ScalingMetricEvaluator[m [36m[DEBUG][default/flink] A4S: Evaluating metrics for vertex 7e44bd5dd8910d9d6c2725814f8889da
[m[33m2026-03-22 20:38:36,051[m [36mo.a.f.a.ScalingMetricEvaluator[m [36m[DEBUG][default/flink] A4S: Evaluating metrics for vertex 2a5a8360d8634434d28d438c7f43fa68
[m[33m2026-03-22 20:38:36,052[m [36mo.a.f.a.ScalingMetricEvaluator[m [36m[DEBUG][default/flink] A4S: Evaluating metrics for vertex 57590a9205cdecedbcec3b0e776bee99
[m[33m2026-03-22 20:38:36,155[m [36mo.a.f.a.ScalingExecutor       [m [36m[DEBUG][default/flink] A4S: Evaluated Metrics: EvaluatedMetrics(vertexMetrics={7e44bd5dd8910d9d6c2725814f8889da={TARGET_DATA_RATE=EvaluatedScalingMetric(current=NaN, average=1402.566), PARALLELISM=EvaluatedScalingMetric(current=8.0, average=NaN), ROCKS_DB_BLOCK_CACHE_HIT_RATE=EvaluatedScalingMetric(current=0.146, average=0.153), RECOMMENDED_PARALLELISM=EvaluatedScalingMetric(current=24.0, average=NaN), CATCH_UP_DATA_RATE=EvaluatedScalingMetric(current=0.0, average=NaN), INPUT_RATE=EvaluatedScalingMetric(current=NaN, average=1402.566), EXPECTED_PROCESSING_RATE=EvaluatedScalingMetric(current=3039.0, average=NaN), NUM_SOURCE_PARTITIONS=EvaluatedScalingMetric(current=0.0, average=NaN), LOAD=EvaluatedScalingMetric(current=NaN, average=1.0), MAX_PARALLELISM=EvaluatedScalingMetric(current=24.0, average=NaN), SCALE_DOWN_RATE_THRESHOLD=EvaluatedScalingMetric(current=7247.0, average=NaN), SCALE_UP_RATE_THRESHOLD=EvaluatedScalingMetric(current=1753.0, average=NaN), TRUE_PROCESSING_RATE=EvaluatedScalingMetric(current=NaN, average=1402.566)}, 2a5a8360d8634434d28d438c7f43fa68={TARGET_DATA_RATE=EvaluatedScalingMetric(current=NaN, average=697.13), PARALLELISM=EvaluatedScalingMetric(current=3.0, average=NaN), ROCKS_DB_BLOCK_CACHE_HIT_RATE=EvaluatedScalingMetric(current=0.019, average=0.023), RECOMMENDED_PARALLELISM=EvaluatedScalingMetric(current=8.0, average=NaN), CATCH_UP_DATA_RATE=EvaluatedScalingMetric(current=0.0, average=NaN), INPUT_RATE=EvaluatedScalingMetric(current=NaN, average=697.13), EXPECTED_PROCESSING_RATE=EvaluatedScalingMetric(current=1510.0, average=NaN), NUM_SOURCE_PARTITIONS=EvaluatedScalingMetric(current=0.0, average=NaN), LOAD=EvaluatedScalingMetric(current=NaN, average=1.0), MAX_PARALLELISM=EvaluatedScalingMetric(current=24.0, average=NaN), SCALE_DOWN_RATE_THRESHOLD=EvaluatedScalingMetric(current=3602.0, average=NaN), SCALE_UP_RATE_THRESHOLD=EvaluatedScalingMetric(current=871.0, average=NaN), TRUE_PROCESSING_RATE=EvaluatedScalingMetric(current=NaN, average=697.13)}, 57590a9205cdecedbcec3b0e776bee99={TARGET_DATA_RATE=EvaluatedScalingMetric(current=NaN, average=1827.574), PARALLELISM=EvaluatedScalingMetric(current=8.0, average=NaN), ROCKS_DB_BLOCK_CACHE_HIT_RATE=EvaluatedScalingMetric(current=0.012, average=0.013), RECOMMENDED_PARALLELISM=EvaluatedScalingMetric(current=24.0, average=NaN), CATCH_UP_DATA_RATE=EvaluatedScalingMetric(current=0.0, average=NaN), INPUT_RATE=EvaluatedScalingMetric(current=NaN, average=2026.684), EXPECTED_PROCESSING_RATE=EvaluatedScalingMetric(current=3960.0, average=NaN), NUM_SOURCE_PARTITIONS=EvaluatedScalingMetric(current=0.0, average=NaN), LOAD=EvaluatedScalingMetric(current=NaN, average=0.99), MAX_PARALLELISM=EvaluatedScalingMetric(current=24.0, average=NaN), SCALE_DOWN_RATE_THRESHOLD=EvaluatedScalingMetric(current=9442.0, average=NaN), SCALE_UP_RATE_THRESHOLD=EvaluatedScalingMetric(current=2284.0, average=NaN), TRUE_PROCESSING_RATE=EvaluatedScalingMetric(current=NaN, average=2048.19)}, e3dfc0d7e9ecd8a43f85f0b68ebf3b80={SCALE_DOWN_RATE_THRESHOLD=EvaluatedScalingMetric(current=412499.0, average=NaN), TARGET_DATA_RATE=EvaluatedScalingMetric(current=NaN, average=79838.47), PARALLELISM=EvaluatedScalingMetric(current=3.0, average=NaN), RECOMMENDED_PARALLELISM=EvaluatedScalingMetric(current=3.0, average=NaN), LAG=EvaluatedScalingMetric(current=0.0, average=NaN), SCALE_UP_RATE_THRESHOLD=EvaluatedScalingMetric(current=99798.0, average=NaN), CATCH_UP_DATA_RATE=EvaluatedScalingMetric(current=0.0, average=NaN), TRUE_PROCESSING_RATE=EvaluatedScalingMetric(current=NaN, average=197926.174), INPUT_RATE=EvaluatedScalingMetric(current=NaN, average=79838.47), NUM_SOURCE_PARTITIONS=EvaluatedScalingMetric(current=0.0, average=NaN), LOAD=EvaluatedScalingMetric(current=NaN, average=0.403), MAX_PARALLELISM=EvaluatedScalingMetric(current=24.0, average=NaN)}}, globalMetrics={METASPACE_MEMORY_USED=EvaluatedScalingMetric(current=5.820856E7, average=5.819319E7), HEAP_MAX_USAGE_RATIO=EvaluatedScalingMetric(current=0.679, average=0.562), GC_PRESSURE=EvaluatedScalingMetric(current=NaN, average=NaN), MANAGED_MEMORY_USED=EvaluatedScalingMetric(current=1.048576E8, average=1.048576E8), HEAP_MEMORY_USED=EvaluatedScalingMetric(current=4.74083456E8, average=3.92251581E8), NUM_TASK_SLOTS_USED=EvaluatedScalingMetric(current=22.0, average=NaN)}, memoryParallelismCurves={7e44bd5dd8910d9d6c2725814f8889da=MPC[target=1402.57, minParallelism=1, maxParallelism=24, points=[(p=1, mem=32.00MB), (p=2, mem=32.00MB), (p=3, mem=32.00MB), (p=4, mem=32.00MB), (p=5, mem=32.00MB), (p=6, mem=32.00MB), (p=7, mem=32.00MB), (p=8, mem=32.00MB), (p=9, mem=32.00MB), (p=10, mem=32.00MB), (p=11, mem=32.00MB), (p=12, mem=32.00MB), (p=13, mem=32.00MB), (p=14, mem=32.00MB), (p=15, mem=32.00MB), (p=16, mem=32.00MB), (p=17, mem=32.00MB), (p=18, mem=32.00MB), (p=19, mem=32.00MB), (p=20, mem=32.00MB), (p=21, mem=32.00MB), (p=22, mem=32.00MB), (p=23, mem=32.00MB), (p=24, mem=32.00MB)]], 2a5a8360d8634434d28d438c7f43fa68=MPC[target=697.13, minParallelism=1, maxParallelism=24, points=[(p=1, mem=12.00MB), (p=2, mem=12.00MB), (p=3, mem=12.00MB), (p=4, mem=12.00MB), (p=5, mem=12.00MB), (p=6, mem=12.00MB), (p=7, mem=12.00MB), (p=8, mem=12.00MB), (p=9, mem=12.00MB), (p=10, mem=12.00MB), (p=11, mem=12.00MB), (p=12, mem=12.00MB), (p=13, mem=12.00MB), (p=14, mem=12.00MB), (p=15, mem=12.00MB), (p=16, mem=12.00MB), (p=17, mem=12.00MB), (p=18, mem=12.00MB), (p=19, mem=12.00MB), (p=20, mem=12.00MB), (p=21, mem=12.00MB), (p=22, mem=12.00MB), (p=23, mem=12.00MB), (p=24, mem=12.00MB)]], 57590a9205cdecedbcec3b0e776bee99=MPC[target=1827.57, minParallelism=1, maxParallelism=24, points=[(p=1, mem=32.00MB), (p=2, mem=32.00MB), (p=3, mem=32.00MB), (p=4, mem=32.00MB), (p=5, mem=32.00MB), (p=6, mem=32.00MB), (p=7, mem=32.00MB), (p=8, mem=32.00MB), (p=9, mem=32.00MB), (p=10, mem=32.00MB), (p=11, mem=32.00MB), (p=12, mem=32.00MB), (p=13, mem=32.00MB), (p=14, mem=32.00MB), (p=15, mem=32.00MB), (p=16, mem=32.00MB), (p=17, mem=32.00MB), (p=18, mem=32.00MB), (p=19, mem=32.00MB), (p=20, mem=32.00MB), (p=21, mem=32.00MB), (p=22, mem=32.00MB), (p=23, mem=32.00MB), (p=24, mem=32.00MB)]]}, missRateCurves={7e44bd5dd8910d9d6c2725814f8889da=MRC[points=[(size=32.00mb, mr=0.9560), (size=64.00mb, mr=0.9560), (size=96.00mb, mr=0.9560), (size=128.00mb, mr=0.9560), (size=160.00mb, mr=0.8306), (size=192.00mb, mr=0.3972), (size=224.00mb, mr=0.3682), (size=256.00mb, mr=0.3675)]], 2a5a8360d8634434d28d438c7f43fa68=MRC[points=[(size=12.00mb, mr=1.0000), (size=24.00mb, mr=1.0000), (size=36.00mb, mr=1.0000), (size=48.00mb, mr=1.0000), (size=60.00mb, mr=1.0000), (size=72.00mb, mr=0.4596), (size=84.00mb, mr=0.4001), (size=96.00mb, mr=0.3987)]], 57590a9205cdecedbcec3b0e776bee99=MRC[points=[(size=32.00mb, mr=1.0000), (size=64.00mb, mr=1.0000), (size=96.00mb, mr=1.0000), (size=128.00mb, mr=1.0000), (size=160.00mb, mr=1.0000), (size=192.00mb, mr=0.9831), (size=224.00mb, mr=0.9813)]]})
[m[33m2026-03-22 20:38:36,155[m [36mo.a.f.a.a.A4S                 [m [32m[INFO ][default/flink] A4S: Attempt 0 - Making decisions
[m[33m2026-03-22 20:38:36,155[m [36mo.a.f.a.a.A4S                 [m [33m[WARN ][default/flink] A4S: No memory parallelism curve found for operator e3dfc0d7e9ecd8a43f85f0b68ebf3b80
[m[33m2026-03-22 20:38:36,155[m [36mo.a.f.a.a.A4S                 [m [32m[INFO ][default/flink] A4S: Operator 7e44bd5dd8910d9d6c2725814f8889da placed with parallelism 24 and memory 32.0MB
[m[33m2026-03-22 20:38:36,155[m [36mo.a.f.a.a.A4S                 [m [32m[INFO ][default/flink] A4S: Operator 2a5a8360d8634434d28d438c7f43fa68 placed with parallelism 8 and memory 12.0MB
[m[33m2026-03-22 20:38:36,155[m [36mo.a.f.a.a.A4S                 [m [32m[INFO ][default/flink] A4S: Operator 57590a9205cdecedbcec3b0e776bee99 placed with parallelism 24 and memory 32.0MB
[m[33m2026-03-22 20:38:36,155[m [36mo.a.f.a.a.A4S                 [m [32m[INFO ][default/flink] A4S: Decisions: {7e44bd5dd8910d9d6c2725814f8889da=A4SDecision[p=24, mem=32.00MB], 2a5a8360d8634434d28d438c7f43fa68=A4SDecision[p=8, mem=12.00MB], 57590a9205cdecedbcec3b0e776bee99=A4SDecision[p=24, mem=32.00MB]}
[m[33m2026-03-22 20:38:36,155[m [36mo.a.f.a.ScalingExecutor       [m [36m[DEBUG][default/flink] A4S: Vertex 7e44bd5dd8910d9d6c2725814f8889da has parallelism 24 and memory 62.0MB
[m[33m2026-03-22 20:38:36,155[m [36mo.a.f.a.ScalingExecutor       [m [36m[DEBUG][default/flink] A4S: Vertex 2a5a8360d8634434d28d438c7f43fa68 has parallelism 8 and memory 42.0MB
[m[33m2026-03-22 20:38:36,155[m [36mo.a.f.a.ScalingExecutor       [m [36m[DEBUG][default/flink] A4S: Vertex 57590a9205cdecedbcec3b0e776bee99 has parallelism 24 and memory 62.0MB
[m[33m2026-03-22 20:38:36,155[m [36mo.a.f.a.ScalingExecutor       [m [36m[DEBUG][default/flink] A4S: Vertex e3dfc0d7e9ecd8a43f85f0b68ebf3b80 has parallelism 3 and memory 30.0MB
