[m[33m2026-03-22 17:26:41,193[m [36mo.a.f.a.ScalingMetricEvaluator[m [36m[DEBUG][default/flink] A4S: Evaluating metrics for vertex e3dfc0d7e9ecd8a43f85f0b68ebf3b80
[m[33m2026-03-22 17:26:41,194[m [36mo.a.f.a.ScalingMetricEvaluator[m [33m[WARN ][default/flink] A4S: No miss rate curve found for vertex e3dfc0d7e9ecd8a43f85f0b68ebf3b80, skipping
[m[33m2026-03-22 17:26:41,194[m [36mo.a.f.a.ScalingMetricEvaluator[m [36m[DEBUG][default/flink] A4S: Evaluating metrics for vertex 29c6de9b0f6c5486908e9bb66a93ee45
[m[33m2026-03-22 17:26:56,535[m [36mo.a.f.a.ScalingMetricEvaluator[m [36m[DEBUG][default/flink] A4S: Evaluating metrics for vertex e3dfc0d7e9ecd8a43f85f0b68ebf3b80
[m[33m2026-03-22 17:26:56,535[m [36mo.a.f.a.ScalingMetricEvaluator[m [33m[WARN ][default/flink] A4S: No miss rate curve found for vertex e3dfc0d7e9ecd8a43f85f0b68ebf3b80, skipping
[m[33m2026-03-22 17:26:56,536[m [36mo.a.f.a.ScalingMetricEvaluator[m [36m[DEBUG][default/flink] A4S: Evaluating metrics for vertex 29c6de9b0f6c5486908e9bb66a93ee45
[m[33m2026-03-22 17:27:11,873[m [36mo.a.f.a.ScalingMetricEvaluator[m [36m[DEBUG][default/flink] A4S: Evaluating metrics for vertex e3dfc0d7e9ecd8a43f85f0b68ebf3b80
[m[33m2026-03-22 17:27:11,873[m [36mo.a.f.a.ScalingMetricEvaluator[m [33m[WARN ][default/flink] A4S: No miss rate curve found for vertex e3dfc0d7e9ecd8a43f85f0b68ebf3b80, skipping
[m[33m2026-03-22 17:27:11,873[m [36mo.a.f.a.ScalingMetricEvaluator[m [36m[DEBUG][default/flink] A4S: Evaluating metrics for vertex 29c6de9b0f6c5486908e9bb66a93ee45
[m[33m2026-03-22 17:27:27,189[m [36mo.a.f.a.ScalingMetricEvaluator[m [36m[DEBUG][default/flink] A4S: Evaluating metrics for vertex e3dfc0d7e9ecd8a43f85f0b68ebf3b80
[m[33m2026-03-22 17:27:27,189[m [36mo.a.f.a.ScalingMetricEvaluator[m [33m[WARN ][default/flink] A4S: No miss rate curve found for vertex e3dfc0d7e9ecd8a43f85f0b68ebf3b80, skipping
[m[33m2026-03-22 17:27:27,190[m [36mo.a.f.a.ScalingMetricEvaluator[m [36m[DEBUG][default/flink] A4S: Evaluating metrics for vertex 29c6de9b0f6c5486908e9bb66a93ee45
[m[33m2026-03-22 17:27:42,494[m [36mo.a.f.a.ScalingMetricEvaluator[m [36m[DEBUG][default/flink] A4S: Evaluating metrics for vertex e3dfc0d7e9ecd8a43f85f0b68ebf3b80
[m[33m2026-03-22 17:27:42,494[m [36mo.a.f.a.ScalingMetricEvaluator[m [33m[WARN ][default/flink] A4S: No miss rate curve found for vertex e3dfc0d7e9ecd8a43f85f0b68ebf3b80, skipping
[m[33m2026-03-22 17:27:42,495[m [36mo.a.f.a.ScalingMetricEvaluator[m [36m[DEBUG][default/flink] A4S: Evaluating metrics for vertex 29c6de9b0f6c5486908e9bb66a93ee45
[m[33m2026-03-22 17:27:57,860[m [36mo.a.f.a.ScalingMetricEvaluator[m [36m[DEBUG][default/flink] A4S: Evaluating metrics for vertex e3dfc0d7e9ecd8a43f85f0b68ebf3b80
[m[33m2026-03-22 17:27:57,860[m [36mo.a.f.a.ScalingMetricEvaluator[m [33m[WARN ][default/flink] A4S: No miss rate curve found for vertex e3dfc0d7e9ecd8a43f85f0b68ebf3b80, skipping
[m[33m2026-03-22 17:27:57,861[m [36mo.a.f.a.ScalingMetricEvaluator[m [36m[DEBUG][default/flink] A4S: Evaluating metrics for vertex 29c6de9b0f6c5486908e9bb66a93ee45
[m[33m2026-03-22 17:28:13,130[m [36mo.a.f.a.ScalingMetricEvaluator[m [36m[DEBUG][default/flink] A4S: Evaluating metrics for vertex e3dfc0d7e9ecd8a43f85f0b68ebf3b80
[m[33m2026-03-22 17:28:13,130[m [36mo.a.f.a.ScalingMetricEvaluator[m [33m[WARN ][default/flink] A4S: No miss rate curve found for vertex e3dfc0d7e9ecd8a43f85f0b68ebf3b80, skipping
[m[33m2026-03-22 17:28:13,131[m [36mo.a.f.a.ScalingMetricEvaluator[m [36m[DEBUG][default/flink] A4S: Evaluating metrics for vertex 29c6de9b0f6c5486908e9bb66a93ee45
[m[33m2026-03-22 17:28:28,394[m [36mo.a.f.a.ScalingMetricEvaluator[m [36m[DEBUG][default/flink] A4S: Evaluating metrics for vertex e3dfc0d7e9ecd8a43f85f0b68ebf3b80
[m[33m2026-03-22 17:28:28,394[m [36mo.a.f.a.ScalingMetricEvaluator[m [33m[WARN ][default/flink] A4S: No miss rate curve found for vertex e3dfc0d7e9ecd8a43f85f0b68ebf3b80, skipping
[m[33m2026-03-22 17:28:28,395[m [36mo.a.f.a.ScalingMetricEvaluator[m [36m[DEBUG][default/flink] A4S: Evaluating metrics for vertex 29c6de9b0f6c5486908e9bb66a93ee45
[m[33m2026-03-22 17:28:43,654[m [36mo.a.f.a.ScalingMetricEvaluator[m [36m[DEBUG][default/flink] A4S: Evaluating metrics for vertex e3dfc0d7e9ecd8a43f85f0b68ebf3b80
[m[33m2026-03-22 17:28:43,654[m [36mo.a.f.a.ScalingMetricEvaluator[m [33m[WARN ][default/flink] A4S: No miss rate curve found for vertex e3dfc0d7e9ecd8a43f85f0b68ebf3b80, skipping
[m[33m2026-03-22 17:28:43,655[m [36mo.a.f.a.ScalingMetricEvaluator[m [36m[DEBUG][default/flink] A4S: Evaluating metrics for vertex 29c6de9b0f6c5486908e9bb66a93ee45
[m[33m2026-03-22 17:28:43,786[m [36mo.a.f.a.ScalingExecutor       [m [36m[DEBUG][default/flink] A4S: Evaluated Metrics: EvaluatedMetrics(vertexMetrics={29c6de9b0f6c5486908e9bb66a93ee45={TARGET_DATA_RATE=EvaluatedScalingMetric(current=NaN, average=12127.942), PARALLELISM=EvaluatedScalingMetric(current=1.0, average=NaN), ROCKS_DB_BLOCK_CACHE_HIT_RATE=EvaluatedScalingMetric(current=0.946, average=0.952), RECOMMENDED_PARALLELISM=EvaluatedScalingMetric(current=3.0, average=NaN), CATCH_UP_DATA_RATE=EvaluatedScalingMetric(current=0.0, average=NaN), INPUT_RATE=EvaluatedScalingMetric(current=NaN, average=12127.943), EXPECTED_PROCESSING_RATE=EvaluatedScalingMetric(current=26277.0, average=NaN), NUM_SOURCE_PARTITIONS=EvaluatedScalingMetric(current=0.0, average=NaN), LOAD=EvaluatedScalingMetric(current=NaN, average=1.0), MAX_PARALLELISM=EvaluatedScalingMetric(current=24.0, average=NaN), SCALE_DOWN_RATE_THRESHOLD=EvaluatedScalingMetric(current=62661.0, average=NaN), SCALE_UP_RATE_THRESHOLD=EvaluatedScalingMetric(current=15160.0, average=NaN), TRUE_PROCESSING_RATE=EvaluatedScalingMetric(current=NaN, average=12127.943)}, e3dfc0d7e9ecd8a43f85f0b68ebf3b80={SCALE_DOWN_RATE_THRESHOLD=EvaluatedScalingMetric(current=67230.0, average=NaN), TARGET_DATA_RATE=EvaluatedScalingMetric(current=NaN, average=13012.289), PARALLELISM=EvaluatedScalingMetric(current=1.0, average=NaN), RECOMMENDED_PARALLELISM=EvaluatedScalingMetric(current=1.0, average=NaN), LAG=EvaluatedScalingMetric(current=0.0, average=NaN), SCALE_UP_RATE_THRESHOLD=EvaluatedScalingMetric(current=16265.0, average=NaN), CATCH_UP_DATA_RATE=EvaluatedScalingMetric(current=0.0, average=NaN), TRUE_PROCESSING_RATE=EvaluatedScalingMetric(current=NaN, average=46954.585), INPUT_RATE=EvaluatedScalingMetric(current=NaN, average=13012.289), NUM_SOURCE_PARTITIONS=EvaluatedScalingMetric(current=0.0, average=NaN), LOAD=EvaluatedScalingMetric(current=NaN, average=0.277), MAX_PARALLELISM=EvaluatedScalingMetric(current=24.0, average=NaN)}}, globalMetrics={METASPACE_MEMORY_USED=EvaluatedScalingMetric(current=5.312252E7, average=5.2928366E7), HEAP_MAX_USAGE_RATIO=EvaluatedScalingMetric(current=0.211, average=0.465), GC_PRESSURE=EvaluatedScalingMetric(current=NaN, average=NaN), MANAGED_MEMORY_USED=EvaluatedScalingMetric(current=1.66429984E8, average=1.66429984E8), HEAP_MEMORY_USED=EvaluatedScalingMetric(current=1.47212344E8, average=3.24735179E8), NUM_TASK_SLOTS_USED=EvaluatedScalingMetric(current=2.0, average=NaN)}, memoryParallelismCurves={29c6de9b0f6c5486908e9bb66a93ee45=MPC[target=12127.94, minParallelism=1, maxParallelism=24, points=[(p=1, mem=4.00MB), (p=2, mem=4.00MB), (p=3, mem=4.00MB), (p=4, mem=4.00MB), (p=5, mem=4.00MB), (p=6, mem=4.00MB), (p=7, mem=4.00MB), (p=8, mem=4.00MB), (p=9, mem=4.00MB), (p=10, mem=4.00MB), (p=11, mem=4.00MB), (p=12, mem=4.00MB), (p=13, mem=4.00MB), (p=14, mem=4.00MB), (p=15, mem=4.00MB), (p=16, mem=4.00MB), (p=17, mem=4.00MB), (p=18, mem=4.00MB), (p=19, mem=4.00MB), (p=20, mem=4.00MB), (p=21, mem=4.00MB), (p=22, mem=4.00MB), (p=23, mem=4.00MB), (p=24, mem=4.00MB)]]}, missRateCurves={29c6de9b0f6c5486908e9bb66a93ee45=MRC[points=[(size=4.00mb, mr=0.0679), (size=8.00mb, mr=0.0500), (size=12.00mb, mr=0.0438), (size=16.00mb, mr=0.0410), (size=20.00mb, mr=0.0387), (size=24.00mb, mr=0.0370), (size=28.00mb, mr=0.0359), (size=32.00mb, mr=0.0348), (size=36.00mb, mr=0.0342), (size=40.00mb, mr=0.0338), (size=44.00mb, mr=0.0331), (size=48.00mb, mr=0.0325), (size=52.00mb, mr=0.0319), (size=56.00mb, mr=0.0313), (size=60.00mb, mr=0.0308), (size=64.00mb, mr=0.0302), (size=68.00mb, mr=0.0296), (size=72.00mb, mr=0.0290), (size=76.00mb, mr=0.0285), (size=80.00mb, mr=0.0278), (size=84.00mb, mr=0.0269), (size=88.00mb, mr=0.0262), (size=92.00mb, mr=0.0256), (size=96.00mb, mr=0.0252), (size=100.00mb, mr=0.0246), (size=104.00mb, mr=0.0241), (size=108.00mb, mr=0.0235), (size=112.00mb, mr=0.0228), (size=116.00mb, mr=0.0223), (size=120.00mb, mr=0.0216), (size=124.00mb, mr=0.0211), (size=128.00mb, mr=0.0206), (size=132.00mb, mr=0.0202), (size=136.00mb, mr=0.0196), (size=140.00mb, mr=0.0190), (size=144.00mb, mr=0.0185), (size=148.00mb, mr=0.0180), (size=152.00mb, mr=0.0173), (size=156.00mb, mr=0.0167), (size=160.00mb, mr=0.0161), (size=164.00mb, mr=0.0155), (size=168.00mb, mr=0.0150), (size=172.00mb, mr=0.0142), (size=176.00mb, mr=0.0134), (size=180.00mb, mr=0.0127), (size=184.00mb, mr=0.0118), (size=188.00mb, mr=0.0116), (size=192.00mb, mr=0.0116)]]})
[m[33m2026-03-22 17:28:43,789[m [36mo.a.f.a.a.A4S                 [m [32m[INFO ][default/flink] A4S: Attempt 0 - Making decisions
[m[33m2026-03-22 17:28:43,789[m [36mo.a.f.a.a.A4S                 [m [33m[WARN ][default/flink] A4S: No memory parallelism curve found for operator e3dfc0d7e9ecd8a43f85f0b68ebf3b80
[m[33m2026-03-22 17:28:43,790[m [36mo.a.f.a.a.A4S                 [m [32m[INFO ][default/flink] A4S: Operator 29c6de9b0f6c5486908e9bb66a93ee45 placed with parallelism 3 and memory 4.0MB
[m[33m2026-03-22 17:28:43,790[m [36mo.a.f.a.a.A4S                 [m [32m[INFO ][default/flink] A4S: Decisions: {29c6de9b0f6c5486908e9bb66a93ee45=A4SDecision[p=3, mem=4.00MB]}
[m[33m2026-03-22 17:28:43,794[m [36mo.a.f.a.ScalingExecutor       [m [36m[DEBUG][default/flink] A4S: Vertex 29c6de9b0f6c5486908e9bb66a93ee45 has parallelism 3 and memory 34.0MB
[m[33m2026-03-22 17:28:43,794[m [36mo.a.f.a.ScalingExecutor       [m [36m[DEBUG][default/flink] A4S: Vertex e3dfc0d7e9ecd8a43f85f0b68ebf3b80 has parallelism 1 and memory 30.0MB
[m[33m2026-03-22 17:29:45,548[m [36mo.a.f.a.ScalingMetricEvaluator[m [36m[DEBUG][default/flink] A4S: Evaluating metrics for vertex e3dfc0d7e9ecd8a43f85f0b68ebf3b80
[m[33m2026-03-22 17:29:45,549[m [36mo.a.f.a.ScalingMetricEvaluator[m [33m[WARN ][default/flink] A4S: No miss rate curve found for vertex e3dfc0d7e9ecd8a43f85f0b68ebf3b80, skipping
[m[33m2026-03-22 17:29:45,549[m [36mo.a.f.a.ScalingMetricEvaluator[m [36m[DEBUG][default/flink] A4S: Evaluating metrics for vertex 29c6de9b0f6c5486908e9bb66a93ee45
[m[33m2026-03-22 17:30:00,765[m [36mo.a.f.a.ScalingMetricEvaluator[m [36m[DEBUG][default/flink] A4S: Evaluating metrics for vertex e3dfc0d7e9ecd8a43f85f0b68ebf3b80
[m[33m2026-03-22 17:30:00,765[m [36mo.a.f.a.ScalingMetricEvaluator[m [33m[WARN ][default/flink] A4S: No miss rate curve found for vertex e3dfc0d7e9ecd8a43f85f0b68ebf3b80, skipping
[m[33m2026-03-22 17:30:00,765[m [36mo.a.f.a.ScalingMetricEvaluator[m [36m[DEBUG][default/flink] A4S: Evaluating metrics for vertex 29c6de9b0f6c5486908e9bb66a93ee45
[m[33m2026-03-22 17:30:15,987[m [36mo.a.f.a.ScalingMetricEvaluator[m [36m[DEBUG][default/flink] A4S: Evaluating metrics for vertex e3dfc0d7e9ecd8a43f85f0b68ebf3b80
[m[33m2026-03-22 17:30:15,987[m [36mo.a.f.a.ScalingMetricEvaluator[m [33m[WARN ][default/flink] A4S: No miss rate curve found for vertex e3dfc0d7e9ecd8a43f85f0b68ebf3b80, skipping
[m[33m2026-03-22 17:30:15,987[m [36mo.a.f.a.ScalingMetricEvaluator[m [36m[DEBUG][default/flink] A4S: Evaluating metrics for vertex 29c6de9b0f6c5486908e9bb66a93ee45
[m[33m2026-03-22 17:30:31,225[m [36mo.a.f.a.ScalingMetricEvaluator[m [36m[DEBUG][default/flink] A4S: Evaluating metrics for vertex e3dfc0d7e9ecd8a43f85f0b68ebf3b80
[m[33m2026-03-22 17:30:31,225[m [36mo.a.f.a.ScalingMetricEvaluator[m [33m[WARN ][default/flink] A4S: No miss rate curve found for vertex e3dfc0d7e9ecd8a43f85f0b68ebf3b80, skipping
[m[33m2026-03-22 17:30:31,226[m [36mo.a.f.a.ScalingMetricEvaluator[m [36m[DEBUG][default/flink] A4S: Evaluating metrics for vertex 29c6de9b0f6c5486908e9bb66a93ee45
[m[33m2026-03-22 17:30:46,463[m [36mo.a.f.a.ScalingMetricEvaluator[m [36m[DEBUG][default/flink] A4S: Evaluating metrics for vertex e3dfc0d7e9ecd8a43f85f0b68ebf3b80
[m[33m2026-03-22 17:30:46,463[m [36mo.a.f.a.ScalingMetricEvaluator[m [33m[WARN ][default/flink] A4S: No miss rate curve found for vertex e3dfc0d7e9ecd8a43f85f0b68ebf3b80, skipping
[m[33m2026-03-22 17:30:46,464[m [36mo.a.f.a.ScalingMetricEvaluator[m [36m[DEBUG][default/flink] A4S: Evaluating metrics for vertex 29c6de9b0f6c5486908e9bb66a93ee45
[m[33m2026-03-22 17:31:01,703[m [36mo.a.f.a.ScalingMetricEvaluator[m [36m[DEBUG][default/flink] A4S: Evaluating metrics for vertex e3dfc0d7e9ecd8a43f85f0b68ebf3b80
[m[33m2026-03-22 17:31:01,703[m [36mo.a.f.a.ScalingMetricEvaluator[m [33m[WARN ][default/flink] A4S: No miss rate curve found for vertex e3dfc0d7e9ecd8a43f85f0b68ebf3b80, skipping
[m[33m2026-03-22 17:31:01,703[m [36mo.a.f.a.ScalingMetricEvaluator[m [36m[DEBUG][default/flink] A4S: Evaluating metrics for vertex 29c6de9b0f6c5486908e9bb66a93ee45
[m[33m2026-03-22 17:31:16,935[m [36mo.a.f.a.ScalingMetricEvaluator[m [36m[DEBUG][default/flink] A4S: Evaluating metrics for vertex e3dfc0d7e9ecd8a43f85f0b68ebf3b80
[m[33m2026-03-22 17:31:16,936[m [36mo.a.f.a.ScalingMetricEvaluator[m [33m[WARN ][default/flink] A4S: No miss rate curve found for vertex e3dfc0d7e9ecd8a43f85f0b68ebf3b80, skipping
[m[33m2026-03-22 17:31:16,936[m [36mo.a.f.a.ScalingMetricEvaluator[m [36m[DEBUG][default/flink] A4S: Evaluating metrics for vertex 29c6de9b0f6c5486908e9bb66a93ee45
[m[33m2026-03-22 17:31:32,169[m [36mo.a.f.a.ScalingMetricEvaluator[m [36m[DEBUG][default/flink] A4S: Evaluating metrics for vertex e3dfc0d7e9ecd8a43f85f0b68ebf3b80
[m[33m2026-03-22 17:31:32,169[m [36mo.a.f.a.ScalingMetricEvaluator[m [33m[WARN ][default/flink] A4S: No miss rate curve found for vertex e3dfc0d7e9ecd8a43f85f0b68ebf3b80, skipping
[m[33m2026-03-22 17:31:32,170[m [36mo.a.f.a.ScalingMetricEvaluator[m [36m[DEBUG][default/flink] A4S: Evaluating metrics for vertex 29c6de9b0f6c5486908e9bb66a93ee45
[m[33m2026-03-22 17:31:47,462[m [36mo.a.f.a.ScalingMetricEvaluator[m [36m[DEBUG][default/flink] A4S: Evaluating metrics for vertex e3dfc0d7e9ecd8a43f85f0b68ebf3b80
[m[33m2026-03-22 17:31:47,462[m [36mo.a.f.a.ScalingMetricEvaluator[m [33m[WARN ][default/flink] A4S: No miss rate curve found for vertex e3dfc0d7e9ecd8a43f85f0b68ebf3b80, skipping
[m[33m2026-03-22 17:31:47,463[m [36mo.a.f.a.ScalingMetricEvaluator[m [36m[DEBUG][default/flink] A4S: Evaluating metrics for vertex 29c6de9b0f6c5486908e9bb66a93ee45
[m[33m2026-03-22 17:31:47,605[m [36mo.a.f.a.ScalingExecutor       [m [36m[DEBUG][default/flink] A4S: Evaluated Metrics: EvaluatedMetrics(vertexMetrics={29c6de9b0f6c5486908e9bb66a93ee45={TARGET_DATA_RATE=EvaluatedScalingMetric(current=NaN, average=3092.655), PARALLELISM=EvaluatedScalingMetric(current=3.0, average=NaN), ROCKS_DB_BLOCK_CACHE_HIT_RATE=EvaluatedScalingMetric(current=0.801, average=0.819), RECOMMENDED_PARALLELISM=EvaluatedScalingMetric(current=6.0, average=NaN), CATCH_UP_DATA_RATE=EvaluatedScalingMetric(current=0.0, average=NaN), INPUT_RATE=EvaluatedScalingMetric(current=NaN, average=3092.655), EXPECTED_PROCESSING_RATE=EvaluatedScalingMetric(current=6701.0, average=NaN), NUM_SOURCE_PARTITIONS=EvaluatedScalingMetric(current=0.0, average=NaN), LOAD=EvaluatedScalingMetric(current=NaN, average=0.8), MAX_PARALLELISM=EvaluatedScalingMetric(current=24.0, average=NaN), SCALE_DOWN_RATE_THRESHOLD=EvaluatedScalingMetric(current=15979.0, average=NaN), SCALE_UP_RATE_THRESHOLD=EvaluatedScalingMetric(current=3866.0, average=NaN), TRUE_PROCESSING_RATE=EvaluatedScalingMetric(current=NaN, average=3864.61)}, e3dfc0d7e9ecd8a43f85f0b68ebf3b80={SCALE_DOWN_RATE_THRESHOLD=EvaluatedScalingMetric(current=17153.0, average=NaN), TARGET_DATA_RATE=EvaluatedScalingMetric(current=NaN, average=3319.887), PARALLELISM=EvaluatedScalingMetric(current=1.0, average=NaN), RECOMMENDED_PARALLELISM=EvaluatedScalingMetric(current=1.0, average=NaN), LAG=EvaluatedScalingMetric(current=0.0, average=NaN), SCALE_UP_RATE_THRESHOLD=EvaluatedScalingMetric(current=4150.0, average=NaN), CATCH_UP_DATA_RATE=EvaluatedScalingMetric(current=0.0, average=NaN), TRUE_PROCESSING_RATE=EvaluatedScalingMetric(current=NaN, average=25032.134), INPUT_RATE=EvaluatedScalingMetric(current=NaN, average=3319.887), NUM_SOURCE_PARTITIONS=EvaluatedScalingMetric(current=0.0, average=NaN), LOAD=EvaluatedScalingMetric(current=NaN, average=0.133), MAX_PARALLELISM=EvaluatedScalingMetric(current=24.0, average=NaN)}}, globalMetrics={METASPACE_MEMORY_USED=EvaluatedScalingMetric(current=5.4886768E7, average=5.4825534E7), HEAP_MAX_USAGE_RATIO=EvaluatedScalingMetric(current=0.395, average=0.454), GC_PRESSURE=EvaluatedScalingMetric(current=NaN, average=NaN), MANAGED_MEMORY_USED=EvaluatedScalingMetric(current=1.06954752E8, average=1.06954752E8), HEAP_MEMORY_USED=EvaluatedScalingMetric(current=2.76167168E8, average=3.17115464E8), NUM_TASK_SLOTS_USED=EvaluatedScalingMetric(current=4.0, average=NaN)}, memoryParallelismCurves={29c6de9b0f6c5486908e9bb66a93ee45=MPC[target=3092.66, minParallelism=1, maxParallelism=24, points=[(p=1, mem=12.00MB), (p=2, mem=12.00MB), (p=3, mem=12.00MB), (p=4, mem=12.00MB), (p=5, mem=12.00MB), (p=6, mem=12.00MB), (p=7, mem=12.00MB), (p=8, mem=12.00MB), (p=9, mem=12.00MB), (p=10, mem=12.00MB), (p=11, mem=12.00MB), (p=12, mem=12.00MB), (p=13, mem=12.00MB), (p=14, mem=12.00MB), (p=15, mem=12.00MB), (p=16, mem=12.00MB), (p=17, mem=12.00MB), (p=18, mem=12.00MB), (p=19, mem=12.00MB), (p=20, mem=12.00MB), (p=21, mem=12.00MB), (p=22, mem=12.00MB), (p=23, mem=12.00MB), (p=24, mem=12.00MB)]]}, missRateCurves={29c6de9b0f6c5486908e9bb66a93ee45=MRC[points=[(size=12.00mb, mr=0.2790), (size=24.00mb, mr=0.2781), (size=36.00mb, mr=0.2774), (size=48.00mb, mr=0.2761), (size=60.00mb, mr=0.2752), (size=72.00mb, mr=0.2743), (size=84.00mb, mr=0.2734), (size=96.00mb, mr=0.2727)]]})
[m[33m2026-03-22 17:31:47,605[m [36mo.a.f.a.a.A4S                 [m [32m[INFO ][default/flink] A4S: Attempt 0 - Making decisions
[m[33m2026-03-22 17:31:47,605[m [36mo.a.f.a.a.A4S                 [m [33m[WARN ][default/flink] A4S: No memory parallelism curve found for operator e3dfc0d7e9ecd8a43f85f0b68ebf3b80
[m[33m2026-03-22 17:31:47,605[m [36mo.a.f.a.a.A4S                 [m [32m[INFO ][default/flink] A4S: Operator 29c6de9b0f6c5486908e9bb66a93ee45 placed with parallelism 6 and memory 12.0MB
[m[33m2026-03-22 17:31:47,605[m [36mo.a.f.a.a.A4S                 [m [32m[INFO ][default/flink] A4S: Decisions: {29c6de9b0f6c5486908e9bb66a93ee45=A4SDecision[p=6, mem=12.00MB]}
[m[33m2026-03-22 17:31:47,605[m [36mo.a.f.a.ScalingExecutor       [m [36m[DEBUG][default/flink] A4S: Vertex 29c6de9b0f6c5486908e9bb66a93ee45 has parallelism 6 and memory 42.0MB
[m[33m2026-03-22 17:31:47,605[m [36mo.a.f.a.ScalingExecutor       [m [36m[DEBUG][default/flink] A4S: Vertex e3dfc0d7e9ecd8a43f85f0b68ebf3b80 has parallelism 1 and memory 30.0MB
[m[33m2026-03-22 17:33:03,969[m [36mo.a.f.a.ScalingMetricEvaluator[m [36m[DEBUG][default/flink] A4S: Evaluating metrics for vertex e3dfc0d7e9ecd8a43f85f0b68ebf3b80
[m[33m2026-03-22 17:33:03,969[m [36mo.a.f.a.ScalingMetricEvaluator[m [33m[WARN ][default/flink] A4S: No miss rate curve found for vertex e3dfc0d7e9ecd8a43f85f0b68ebf3b80, skipping
[m[33m2026-03-22 17:33:03,969[m [36mo.a.f.a.ScalingMetricEvaluator[m [36m[DEBUG][default/flink] A4S: Evaluating metrics for vertex 29c6de9b0f6c5486908e9bb66a93ee45
[m[33m2026-03-22 17:33:19,162[m [36mo.a.f.a.ScalingMetricEvaluator[m [36m[DEBUG][default/flink] A4S: Evaluating metrics for vertex e3dfc0d7e9ecd8a43f85f0b68ebf3b80
[m[33m2026-03-22 17:33:19,162[m [36mo.a.f.a.ScalingMetricEvaluator[m [33m[WARN ][default/flink] A4S: No miss rate curve found for vertex e3dfc0d7e9ecd8a43f85f0b68ebf3b80, skipping
[m[33m2026-03-22 17:33:19,163[m [36mo.a.f.a.ScalingMetricEvaluator[m [36m[DEBUG][default/flink] A4S: Evaluating metrics for vertex 29c6de9b0f6c5486908e9bb66a93ee45
[m[33m2026-03-22 17:33:34,340[m [36mo.a.f.a.ScalingMetricEvaluator[m [36m[DEBUG][default/flink] A4S: Evaluating metrics for vertex e3dfc0d7e9ecd8a43f85f0b68ebf3b80
[m[33m2026-03-22 17:33:34,340[m [36mo.a.f.a.ScalingMetricEvaluator[m [33m[WARN ][default/flink] A4S: No miss rate curve found for vertex e3dfc0d7e9ecd8a43f85f0b68ebf3b80, skipping
[m[33m2026-03-22 17:33:34,340[m [36mo.a.f.a.ScalingMetricEvaluator[m [36m[DEBUG][default/flink] A4S: Evaluating metrics for vertex 29c6de9b0f6c5486908e9bb66a93ee45
[m[33m2026-03-22 17:33:49,549[m [36mo.a.f.a.ScalingMetricEvaluator[m [36m[DEBUG][default/flink] A4S: Evaluating metrics for vertex e3dfc0d7e9ecd8a43f85f0b68ebf3b80
[m[33m2026-03-22 17:33:49,549[m [36mo.a.f.a.ScalingMetricEvaluator[m [33m[WARN ][default/flink] A4S: No miss rate curve found for vertex e3dfc0d7e9ecd8a43f85f0b68ebf3b80, skipping
[m[33m2026-03-22 17:33:49,550[m [36mo.a.f.a.ScalingMetricEvaluator[m [36m[DEBUG][default/flink] A4S: Evaluating metrics for vertex 29c6de9b0f6c5486908e9bb66a93ee45
[m[33m2026-03-22 17:34:04,741[m [36mo.a.f.a.ScalingMetricEvaluator[m [36m[DEBUG][default/flink] A4S: Evaluating metrics for vertex e3dfc0d7e9ecd8a43f85f0b68ebf3b80
[m[33m2026-03-22 17:34:04,741[m [36mo.a.f.a.ScalingMetricEvaluator[m [33m[WARN ][default/flink] A4S: No miss rate curve found for vertex e3dfc0d7e9ecd8a43f85f0b68ebf3b80, skipping
[m[33m2026-03-22 17:34:04,741[m [36mo.a.f.a.ScalingMetricEvaluator[m [36m[DEBUG][default/flink] A4S: Evaluating metrics for vertex 29c6de9b0f6c5486908e9bb66a93ee45
[m[33m2026-03-22 17:34:19,939[m [36mo.a.f.a.ScalingMetricEvaluator[m [36m[DEBUG][default/flink] A4S: Evaluating metrics for vertex e3dfc0d7e9ecd8a43f85f0b68ebf3b80
[m[33m2026-03-22 17:34:19,939[m [36mo.a.f.a.ScalingMetricEvaluator[m [33m[WARN ][default/flink] A4S: No miss rate curve found for vertex e3dfc0d7e9ecd8a43f85f0b68ebf3b80, skipping
[m[33m2026-03-22 17:34:19,940[m [36mo.a.f.a.ScalingMetricEvaluator[m [36m[DEBUG][default/flink] A4S: Evaluating metrics for vertex 29c6de9b0f6c5486908e9bb66a93ee45
[m[33m2026-03-22 17:34:35,152[m [36mo.a.f.a.ScalingMetricEvaluator[m [36m[DEBUG][default/flink] A4S: Evaluating metrics for vertex e3dfc0d7e9ecd8a43f85f0b68ebf3b80
[m[33m2026-03-22 17:34:35,152[m [36mo.a.f.a.ScalingMetricEvaluator[m [33m[WARN ][default/flink] A4S: No miss rate curve found for vertex e3dfc0d7e9ecd8a43f85f0b68ebf3b80, skipping
[m[33m2026-03-22 17:34:35,152[m [36mo.a.f.a.ScalingMetricEvaluator[m [36m[DEBUG][default/flink] A4S: Evaluating metrics for vertex 29c6de9b0f6c5486908e9bb66a93ee45
[m[33m2026-03-22 17:34:50,342[m [36mo.a.f.a.ScalingMetricEvaluator[m [36m[DEBUG][default/flink] A4S: Evaluating metrics for vertex e3dfc0d7e9ecd8a43f85f0b68ebf3b80
[m[33m2026-03-22 17:34:50,342[m [36mo.a.f.a.ScalingMetricEvaluator[m [33m[WARN ][default/flink] A4S: No miss rate curve found for vertex e3dfc0d7e9ecd8a43f85f0b68ebf3b80, skipping
[m[33m2026-03-22 17:34:50,343[m [36mo.a.f.a.ScalingMetricEvaluator[m [36m[DEBUG][default/flink] A4S: Evaluating metrics for vertex 29c6de9b0f6c5486908e9bb66a93ee45
[m[33m2026-03-22 17:35:05,571[m [36mo.a.f.a.ScalingMetricEvaluator[m [36m[DEBUG][default/flink] A4S: Evaluating metrics for vertex e3dfc0d7e9ecd8a43f85f0b68ebf3b80
[m[33m2026-03-22 17:35:05,571[m [36mo.a.f.a.ScalingMetricEvaluator[m [33m[WARN ][default/flink] A4S: No miss rate curve found for vertex e3dfc0d7e9ecd8a43f85f0b68ebf3b80, skipping
[m[33m2026-03-22 17:35:05,571[m [36mo.a.f.a.ScalingMetricEvaluator[m [36m[DEBUG][default/flink] A4S: Evaluating metrics for vertex 29c6de9b0f6c5486908e9bb66a93ee45
[m[33m2026-03-22 17:35:05,677[m [36mo.a.f.a.ScalingExecutor       [m [36m[DEBUG][default/flink] A4S: Evaluated Metrics: EvaluatedMetrics(vertexMetrics={29c6de9b0f6c5486908e9bb66a93ee45={TARGET_DATA_RATE=EvaluatedScalingMetric(current=NaN, average=6522.035), PARALLELISM=EvaluatedScalingMetric(current=6.0, average=NaN), ROCKS_DB_BLOCK_CACHE_HIT_RATE=EvaluatedScalingMetric(current=0.729, average=0.736), RECOMMENDED_PARALLELISM=EvaluatedScalingMetric(current=12.0, average=NaN), CATCH_UP_DATA_RATE=EvaluatedScalingMetric(current=0.0, average=NaN), INPUT_RATE=EvaluatedScalingMetric(current=NaN, average=6522.036), EXPECTED_PROCESSING_RATE=EvaluatedScalingMetric(current=14131.0, average=NaN), NUM_SOURCE_PARTITIONS=EvaluatedScalingMetric(current=0.0, average=NaN), LOAD=EvaluatedScalingMetric(current=NaN, average=0.914), MAX_PARALLELISM=EvaluatedScalingMetric(current=24.0, average=NaN), SCALE_DOWN_RATE_THRESHOLD=EvaluatedScalingMetric(current=33697.0, average=NaN), SCALE_UP_RATE_THRESHOLD=EvaluatedScalingMetric(current=8153.0, average=NaN), TRUE_PROCESSING_RATE=EvaluatedScalingMetric(current=NaN, average=7132.78)}, e3dfc0d7e9ecd8a43f85f0b68ebf3b80={SCALE_DOWN_RATE_THRESHOLD=EvaluatedScalingMetric(current=35979.0, average=NaN), TARGET_DATA_RATE=EvaluatedScalingMetric(current=NaN, average=6963.693), PARALLELISM=EvaluatedScalingMetric(current=1.0, average=NaN), RECOMMENDED_PARALLELISM=EvaluatedScalingMetric(current=1.0, average=NaN), LAG=EvaluatedScalingMetric(current=0.0, average=NaN), SCALE_UP_RATE_THRESHOLD=EvaluatedScalingMetric(current=8705.0, average=NaN), CATCH_UP_DATA_RATE=EvaluatedScalingMetric(current=0.0, average=NaN), TRUE_PROCESSING_RATE=EvaluatedScalingMetric(current=NaN, average=38633.528), INPUT_RATE=EvaluatedScalingMetric(current=NaN, average=6963.693), NUM_SOURCE_PARTITIONS=EvaluatedScalingMetric(current=0.0, average=NaN), LOAD=EvaluatedScalingMetric(current=NaN, average=0.18), MAX_PARALLELISM=EvaluatedScalingMetric(current=24.0, average=NaN)}}, globalMetrics={METASPACE_MEMORY_USED=EvaluatedScalingMetric(current=5.6481168E7, average=5.6418943E7), HEAP_MAX_USAGE_RATIO=EvaluatedScalingMetric(current=0.552, average=0.499), GC_PRESSURE=EvaluatedScalingMetric(current=NaN, average=NaN), MANAGED_MEMORY_USED=EvaluatedScalingMetric(current=1.76160768E8, average=1.76160768E8), HEAP_MEMORY_USED=EvaluatedScalingMetric(current=3.85824256E8, average=3.48825029E8), NUM_TASK_SLOTS_USED=EvaluatedScalingMetric(current=7.0, average=NaN)}, memoryParallelismCurves={29c6de9b0f6c5486908e9bb66a93ee45=MPC[target=6522.04, minParallelism=3, maxParallelism=24, points=[(p=3, mem=24.00MB), (p=4, mem=24.00MB), (p=5, mem=24.00MB), (p=6, mem=24.00MB), (p=7, mem=24.00MB), (p=8, mem=24.00MB), (p=9, mem=24.00MB), (p=10, mem=24.00MB), (p=11, mem=24.00MB), (p=12, mem=24.00MB), (p=13, mem=24.00MB), (p=14, mem=24.00MB), (p=15, mem=24.00MB), (p=16, mem=24.00MB), (p=17, mem=24.00MB), (p=18, mem=24.00MB), (p=19, mem=24.00MB), (p=20, mem=24.00MB), (p=21, mem=24.00MB), (p=22, mem=24.00MB), (p=23, mem=24.00MB), (p=24, mem=24.00MB)]]}, missRateCurves={29c6de9b0f6c5486908e9bb66a93ee45=MRC[points=[(size=24.00mb, mr=0.8267), (size=48.00mb, mr=0.8221), (size=72.00mb, mr=0.8187), (size=96.00mb, mr=0.8150), (size=120.00mb, mr=0.8126), (size=144.00mb, mr=0.8088), (size=168.00mb, mr=0.8054), (size=192.00mb, mr=0.8014), (size=216.00mb, mr=0.7977), (size=240.00mb, mr=0.7956), (size=264.00mb, mr=0.7937)]]})
[m[33m2026-03-22 17:35:05,677[m [36mo.a.f.a.a.A4S                 [m [32m[INFO ][default/flink] A4S: Attempt 0 - Making decisions
[m[33m2026-03-22 17:35:05,677[m [36mo.a.f.a.a.A4S                 [m [33m[WARN ][default/flink] A4S: No memory parallelism curve found for operator e3dfc0d7e9ecd8a43f85f0b68ebf3b80
[m[33m2026-03-22 17:35:05,677[m [36mo.a.f.a.a.A4S                 [m [32m[INFO ][default/flink] A4S: Operator 29c6de9b0f6c5486908e9bb66a93ee45 placed with parallelism 12 and memory 24.0MB
[m[33m2026-03-22 17:35:05,677[m [36mo.a.f.a.a.A4S                 [m [32m[INFO ][default/flink] A4S: Decisions: {29c6de9b0f6c5486908e9bb66a93ee45=A4SDecision[p=12, mem=24.00MB]}
[m[33m2026-03-22 17:35:05,677[m [36mo.a.f.a.ScalingExecutor       [m [36m[DEBUG][default/flink] A4S: Vertex 29c6de9b0f6c5486908e9bb66a93ee45 has parallelism 12 and memory 54.0MB
[m[33m2026-03-22 17:35:05,677[m [36mo.a.f.a.ScalingExecutor       [m [36m[DEBUG][default/flink] A4S: Vertex e3dfc0d7e9ecd8a43f85f0b68ebf3b80 has parallelism 1 and memory 30.0MB
[m[33m2026-03-22 17:36:22,363[m [36mo.a.f.a.ScalingMetricEvaluator[m [36m[DEBUG][default/flink] A4S: Evaluating metrics for vertex e3dfc0d7e9ecd8a43f85f0b68ebf3b80
[m[33m2026-03-22 17:36:22,363[m [36mo.a.f.a.ScalingMetricEvaluator[m [33m[WARN ][default/flink] A4S: No miss rate curve found for vertex e3dfc0d7e9ecd8a43f85f0b68ebf3b80, skipping
[m[33m2026-03-22 17:36:22,364[m [36mo.a.f.a.ScalingMetricEvaluator[m [36m[DEBUG][default/flink] A4S: Evaluating metrics for vertex 29c6de9b0f6c5486908e9bb66a93ee45
[m[33m2026-03-22 17:36:37,562[m [36mo.a.f.a.ScalingMetricEvaluator[m [36m[DEBUG][default/flink] A4S: Evaluating metrics for vertex e3dfc0d7e9ecd8a43f85f0b68ebf3b80
[m[33m2026-03-22 17:36:37,562[m [36mo.a.f.a.ScalingMetricEvaluator[m [33m[WARN ][default/flink] A4S: No miss rate curve found for vertex e3dfc0d7e9ecd8a43f85f0b68ebf3b80, skipping
[m[33m2026-03-22 17:36:37,562[m [36mo.a.f.a.ScalingMetricEvaluator[m [36m[DEBUG][default/flink] A4S: Evaluating metrics for vertex 29c6de9b0f6c5486908e9bb66a93ee45
[m[33m2026-03-22 17:36:52,761[m [36mo.a.f.a.ScalingMetricEvaluator[m [36m[DEBUG][default/flink] A4S: Evaluating metrics for vertex e3dfc0d7e9ecd8a43f85f0b68ebf3b80
[m[33m2026-03-22 17:36:52,761[m [36mo.a.f.a.ScalingMetricEvaluator[m [33m[WARN ][default/flink] A4S: No miss rate curve found for vertex e3dfc0d7e9ecd8a43f85f0b68ebf3b80, skipping
[m[33m2026-03-22 17:36:52,761[m [36mo.a.f.a.ScalingMetricEvaluator[m [36m[DEBUG][default/flink] A4S: Evaluating metrics for vertex 29c6de9b0f6c5486908e9bb66a93ee45
[m[33m2026-03-22 17:37:07,960[m [36mo.a.f.a.ScalingMetricEvaluator[m [36m[DEBUG][default/flink] A4S: Evaluating metrics for vertex e3dfc0d7e9ecd8a43f85f0b68ebf3b80
[m[33m2026-03-22 17:37:07,960[m [36mo.a.f.a.ScalingMetricEvaluator[m [33m[WARN ][default/flink] A4S: No miss rate curve found for vertex e3dfc0d7e9ecd8a43f85f0b68ebf3b80, skipping
[m[33m2026-03-22 17:37:07,960[m [36mo.a.f.a.ScalingMetricEvaluator[m [36m[DEBUG][default/flink] A4S: Evaluating metrics for vertex 29c6de9b0f6c5486908e9bb66a93ee45
[m[33m2026-03-22 17:37:23,155[m [36mo.a.f.a.ScalingMetricEvaluator[m [36m[DEBUG][default/flink] A4S: Evaluating metrics for vertex e3dfc0d7e9ecd8a43f85f0b68ebf3b80
[m[33m2026-03-22 17:37:23,155[m [36mo.a.f.a.ScalingMetricEvaluator[m [33m[WARN ][default/flink] A4S: No miss rate curve found for vertex e3dfc0d7e9ecd8a43f85f0b68ebf3b80, skipping
[m[33m2026-03-22 17:37:23,155[m [36mo.a.f.a.ScalingMetricEvaluator[m [36m[DEBUG][default/flink] A4S: Evaluating metrics for vertex 29c6de9b0f6c5486908e9bb66a93ee45
[m[33m2026-03-22 17:37:38,366[m [36mo.a.f.a.ScalingMetricEvaluator[m [36m[DEBUG][default/flink] A4S: Evaluating metrics for vertex e3dfc0d7e9ecd8a43f85f0b68ebf3b80
[m[33m2026-03-22 17:37:38,366[m [36mo.a.f.a.ScalingMetricEvaluator[m [33m[WARN ][default/flink] A4S: No miss rate curve found for vertex e3dfc0d7e9ecd8a43f85f0b68ebf3b80, skipping
[m[33m2026-03-22 17:37:38,367[m [36mo.a.f.a.ScalingMetricEvaluator[m [36m[DEBUG][default/flink] A4S: Evaluating metrics for vertex 29c6de9b0f6c5486908e9bb66a93ee45
[m[33m2026-03-22 17:37:53,567[m [36mo.a.f.a.ScalingMetricEvaluator[m [36m[DEBUG][default/flink] A4S: Evaluating metrics for vertex e3dfc0d7e9ecd8a43f85f0b68ebf3b80
[m[33m2026-03-22 17:37:53,567[m [36mo.a.f.a.ScalingMetricEvaluator[m [33m[WARN ][default/flink] A4S: No miss rate curve found for vertex e3dfc0d7e9ecd8a43f85f0b68ebf3b80, skipping
[m[33m2026-03-22 17:37:53,568[m [36mo.a.f.a.ScalingMetricEvaluator[m [36m[DEBUG][default/flink] A4S: Evaluating metrics for vertex 29c6de9b0f6c5486908e9bb66a93ee45
[m[33m2026-03-22 17:38:08,769[m [36mo.a.f.a.ScalingMetricEvaluator[m [36m[DEBUG][default/flink] A4S: Evaluating metrics for vertex e3dfc0d7e9ecd8a43f85f0b68ebf3b80
[m[33m2026-03-22 17:38:08,769[m [36mo.a.f.a.ScalingMetricEvaluator[m [33m[WARN ][default/flink] A4S: No miss rate curve found for vertex e3dfc0d7e9ecd8a43f85f0b68ebf3b80, skipping
[m[33m2026-03-22 17:38:08,770[m [36mo.a.f.a.ScalingMetricEvaluator[m [36m[DEBUG][default/flink] A4S: Evaluating metrics for vertex 29c6de9b0f6c5486908e9bb66a93ee45
[m[33m2026-03-22 17:38:23,963[m [36mo.a.f.a.ScalingMetricEvaluator[m [36m[DEBUG][default/flink] A4S: Evaluating metrics for vertex e3dfc0d7e9ecd8a43f85f0b68ebf3b80
[m[33m2026-03-22 17:38:23,963[m [36mo.a.f.a.ScalingMetricEvaluator[m [33m[WARN ][default/flink] A4S: No miss rate curve found for vertex e3dfc0d7e9ecd8a43f85f0b68ebf3b80, skipping
[m[33m2026-03-22 17:38:23,963[m [36mo.a.f.a.ScalingMetricEvaluator[m [36m[DEBUG][default/flink] A4S: Evaluating metrics for vertex 29c6de9b0f6c5486908e9bb66a93ee45
[m[33m2026-03-22 17:38:39,185[m [36mo.a.f.a.ScalingMetricEvaluator[m [36m[DEBUG][default/flink] A4S: Evaluating metrics for vertex e3dfc0d7e9ecd8a43f85f0b68ebf3b80
[m[33m2026-03-22 17:38:39,185[m [36mo.a.f.a.ScalingMetricEvaluator[m [33m[WARN ][default/flink] A4S: No miss rate curve found for vertex e3dfc0d7e9ecd8a43f85f0b68ebf3b80, skipping
[m[33m2026-03-22 17:38:39,186[m [36mo.a.f.a.ScalingMetricEvaluator[m [36m[DEBUG][default/flink] A4S: Evaluating metrics for vertex 29c6de9b0f6c5486908e9bb66a93ee45
[m[33m2026-03-22 17:38:54,375[m [36mo.a.f.a.ScalingMetricEvaluator[m [36m[DEBUG][default/flink] A4S: Evaluating metrics for vertex e3dfc0d7e9ecd8a43f85f0b68ebf3b80
[m[33m2026-03-22 17:38:54,375[m [36mo.a.f.a.ScalingMetricEvaluator[m [33m[WARN ][default/flink] A4S: No miss rate curve found for vertex e3dfc0d7e9ecd8a43f85f0b68ebf3b80, skipping
[m[33m2026-03-22 17:38:54,376[m [36mo.a.f.a.ScalingMetricEvaluator[m [36m[DEBUG][default/flink] A4S: Evaluating metrics for vertex 29c6de9b0f6c5486908e9bb66a93ee45
[m[33m2026-03-22 17:39:09,576[m [36mo.a.f.a.ScalingMetricEvaluator[m [36m[DEBUG][default/flink] A4S: Evaluating metrics for vertex e3dfc0d7e9ecd8a43f85f0b68ebf3b80
[m[33m2026-03-22 17:39:09,576[m [36mo.a.f.a.ScalingMetricEvaluator[m [33m[WARN ][default/flink] A4S: No miss rate curve found for vertex e3dfc0d7e9ecd8a43f85f0b68ebf3b80, skipping
[m[33m2026-03-22 17:39:09,576[m [36mo.a.f.a.ScalingMetricEvaluator[m [36m[DEBUG][default/flink] A4S: Evaluating metrics for vertex 29c6de9b0f6c5486908e9bb66a93ee45
[m[33m2026-03-22 17:39:24,769[m [36mo.a.f.a.ScalingMetricEvaluator[m [36m[DEBUG][default/flink] A4S: Evaluating metrics for vertex e3dfc0d7e9ecd8a43f85f0b68ebf3b80
[m[33m2026-03-22 17:39:24,769[m [36mo.a.f.a.ScalingMetricEvaluator[m [33m[WARN ][default/flink] A4S: No miss rate curve found for vertex e3dfc0d7e9ecd8a43f85f0b68ebf3b80, skipping
[m[33m2026-03-22 17:39:24,770[m [36mo.a.f.a.ScalingMetricEvaluator[m [36m[DEBUG][default/flink] A4S: Evaluating metrics for vertex 29c6de9b0f6c5486908e9bb66a93ee45
[m[33m2026-03-22 17:39:40,211[m [36mo.a.f.a.ScalingMetricEvaluator[m [36m[DEBUG][default/flink] A4S: Evaluating metrics for vertex e3dfc0d7e9ecd8a43f85f0b68ebf3b80
[m[33m2026-03-22 17:39:40,211[m [36mo.a.f.a.ScalingMetricEvaluator[m [33m[WARN ][default/flink] A4S: No miss rate curve found for vertex e3dfc0d7e9ecd8a43f85f0b68ebf3b80, skipping
[m[33m2026-03-22 17:39:40,211[m [36mo.a.f.a.ScalingMetricEvaluator[m [36m[DEBUG][default/flink] A4S: Evaluating metrics for vertex 29c6de9b0f6c5486908e9bb66a93ee45
[m[33m2026-03-22 17:39:55,410[m [36mo.a.f.a.ScalingMetricEvaluator[m [36m[DEBUG][default/flink] A4S: Evaluating metrics for vertex e3dfc0d7e9ecd8a43f85f0b68ebf3b80
[m[33m2026-03-22 17:39:55,410[m [36mo.a.f.a.ScalingMetricEvaluator[m [33m[WARN ][default/flink] A4S: No miss rate curve found for vertex e3dfc0d7e9ecd8a43f85f0b68ebf3b80, skipping
[m[33m2026-03-22 17:39:55,410[m [36mo.a.f.a.ScalingMetricEvaluator[m [36m[DEBUG][default/flink] A4S: Evaluating metrics for vertex 29c6de9b0f6c5486908e9bb66a93ee45
[m[33m2026-03-22 17:40:10,589[m [36mo.a.f.a.ScalingMetricEvaluator[m [36m[DEBUG][default/flink] A4S: Evaluating metrics for vertex e3dfc0d7e9ecd8a43f85f0b68ebf3b80
[m[33m2026-03-22 17:40:10,589[m [36mo.a.f.a.ScalingMetricEvaluator[m [33m[WARN ][default/flink] A4S: No miss rate curve found for vertex e3dfc0d7e9ecd8a43f85f0b68ebf3b80, skipping
[m[33m2026-03-22 17:40:10,590[m [36mo.a.f.a.ScalingMetricEvaluator[m [36m[DEBUG][default/flink] A4S: Evaluating metrics for vertex 29c6de9b0f6c5486908e9bb66a93ee45
[m[33m2026-03-22 17:40:25,770[m [36mo.a.f.a.ScalingMetricEvaluator[m [36m[DEBUG][default/flink] A4S: Evaluating metrics for vertex e3dfc0d7e9ecd8a43f85f0b68ebf3b80
[m[33m2026-03-22 17:40:25,770[m [36mo.a.f.a.ScalingMetricEvaluator[m [33m[WARN ][default/flink] A4S: No miss rate curve found for vertex e3dfc0d7e9ecd8a43f85f0b68ebf3b80, skipping
[m[33m2026-03-22 17:40:25,771[m [36mo.a.f.a.ScalingMetricEvaluator[m [36m[DEBUG][default/flink] A4S: Evaluating metrics for vertex 29c6de9b0f6c5486908e9bb66a93ee45
[m[33m2026-03-22 17:40:40,955[m [36mo.a.f.a.ScalingMetricEvaluator[m [36m[DEBUG][default/flink] A4S: Evaluating metrics for vertex e3dfc0d7e9ecd8a43f85f0b68ebf3b80
[m[33m2026-03-22 17:40:40,955[m [36mo.a.f.a.ScalingMetricEvaluator[m [33m[WARN ][default/flink] A4S: No miss rate curve found for vertex e3dfc0d7e9ecd8a43f85f0b68ebf3b80, skipping
[m[33m2026-03-22 17:40:40,956[m [36mo.a.f.a.ScalingMetricEvaluator[m [36m[DEBUG][default/flink] A4S: Evaluating metrics for vertex 29c6de9b0f6c5486908e9bb66a93ee45
[m[33m2026-03-22 17:40:41,037[m [36mo.a.f.a.ScalingExecutor       [m [36m[DEBUG][default/flink] A4S: Evaluated Metrics: EvaluatedMetrics(vertexMetrics={29c6de9b0f6c5486908e9bb66a93ee45={TARGET_DATA_RATE=EvaluatedScalingMetric(current=NaN, average=6576.193), PARALLELISM=EvaluatedScalingMetric(current=12.0, average=NaN), ROCKS_DB_BLOCK_CACHE_HIT_RATE=EvaluatedScalingMetric(current=0.833, average=0.835), RECOMMENDED_PARALLELISM=EvaluatedScalingMetric(current=24.0, average=NaN), CATCH_UP_DATA_RATE=EvaluatedScalingMetric(current=0.0, average=NaN), INPUT_RATE=EvaluatedScalingMetric(current=NaN, average=6576.193), EXPECTED_PROCESSING_RATE=EvaluatedScalingMetric(current=14248.0, average=NaN), NUM_SOURCE_PARTITIONS=EvaluatedScalingMetric(current=0.0, average=NaN), LOAD=EvaluatedScalingMetric(current=NaN, average=0.83), MAX_PARALLELISM=EvaluatedScalingMetric(current=24.0, average=NaN), SCALE_DOWN_RATE_THRESHOLD=EvaluatedScalingMetric(current=33977.0, average=NaN), SCALE_UP_RATE_THRESHOLD=EvaluatedScalingMetric(current=8220.0, average=NaN), TRUE_PROCESSING_RATE=EvaluatedScalingMetric(current=NaN, average=7923.124)}, e3dfc0d7e9ecd8a43f85f0b68ebf3b80={SCALE_DOWN_RATE_THRESHOLD=EvaluatedScalingMetric(current=36259.0, average=NaN), TARGET_DATA_RATE=EvaluatedScalingMetric(current=NaN, average=7017.853), PARALLELISM=EvaluatedScalingMetric(current=1.0, average=NaN), RECOMMENDED_PARALLELISM=EvaluatedScalingMetric(current=1.0, average=NaN), LAG=EvaluatedScalingMetric(current=0.0, average=NaN), SCALE_UP_RATE_THRESHOLD=EvaluatedScalingMetric(current=8772.0, average=NaN), CATCH_UP_DATA_RATE=EvaluatedScalingMetric(current=0.0, average=NaN), TRUE_PROCESSING_RATE=EvaluatedScalingMetric(current=NaN, average=52469.931), INPUT_RATE=EvaluatedScalingMetric(current=NaN, average=7017.853), NUM_SOURCE_PARTITIONS=EvaluatedScalingMetric(current=0.0, average=NaN), LOAD=EvaluatedScalingMetric(current=NaN, average=0.134), MAX_PARALLELISM=EvaluatedScalingMetric(current=24.0, average=NaN)}}, globalMetrics={METASPACE_MEMORY_USED=EvaluatedScalingMetric(current=5.6856256E7, average=5.6822484E7), HEAP_MAX_USAGE_RATIO=EvaluatedScalingMetric(current=0.523, average=0.545), GC_PRESSURE=EvaluatedScalingMetric(current=NaN, average=NaN), MANAGED_MEMORY_USED=EvaluatedScalingMetric(current=2.26492416E8, average=2.26492416E8), HEAP_MEMORY_USED=EvaluatedScalingMetric(current=3.6524748E8, average=3.80627426E8), NUM_TASK_SLOTS_USED=EvaluatedScalingMetric(current=13.0, average=NaN)}, memoryParallelismCurves={29c6de9b0f6c5486908e9bb66a93ee45=MPC[target=6576.19, minParallelism=1, maxParallelism=24, points=[(p=1, mem=48.00MB), (p=2, mem=48.00MB), (p=3, mem=48.00MB), (p=4, mem=48.00MB), (p=5, mem=48.00MB), (p=6, mem=48.00MB), (p=7, mem=48.00MB), (p=8, mem=48.00MB), (p=9, mem=48.00MB), (p=10, mem=48.00MB), (p=11, mem=48.00MB), (p=12, mem=48.00MB), (p=13, mem=48.00MB), (p=14, mem=48.00MB), (p=15, mem=48.00MB), (p=16, mem=48.00MB), (p=17, mem=48.00MB), (p=18, mem=48.00MB), (p=19, mem=48.00MB), (p=20, mem=48.00MB), (p=21, mem=48.00MB), (p=22, mem=48.00MB), (p=23, mem=48.00MB), (p=24, mem=48.00MB)]]}, missRateCurves={29c6de9b0f6c5486908e9bb66a93ee45=MRC[points=[(size=48.00mb, mr=0.2968), (size=96.00mb, mr=0.2957), (size=144.00mb, mr=0.2948), (size=192.00mb, mr=0.2940), (size=240.00mb, mr=0.2930), (size=288.00mb, mr=0.2919), (size=336.00mb, mr=0.2911), (size=384.00mb, mr=0.2899), (size=432.00mb, mr=0.2889), (size=480.00mb, mr=0.2877), (size=528.00mb, mr=0.2868), (size=576.00mb, mr=0.2858), (size=624.00mb, mr=0.2845), (size=672.00mb, mr=0.2842)]]})
[m[33m2026-03-22 17:40:41,038[m [36mo.a.f.a.a.A4S                 [m [32m[INFO ][default/flink] A4S: Attempt 0 - Making decisions
[m[33m2026-03-22 17:40:41,038[m [36mo.a.f.a.a.A4S                 [m [33m[WARN ][default/flink] A4S: No memory parallelism curve found for operator e3dfc0d7e9ecd8a43f85f0b68ebf3b80
[m[33m2026-03-22 17:40:41,038[m [36mo.a.f.a.a.A4S                 [m [32m[INFO ][default/flink] A4S: Operator 29c6de9b0f6c5486908e9bb66a93ee45 placed with parallelism 24 and memory 48.0MB
[m[33m2026-03-22 17:40:41,038[m [36mo.a.f.a.a.A4S                 [m [32m[INFO ][default/flink] A4S: Decisions: {29c6de9b0f6c5486908e9bb66a93ee45=A4SDecision[p=24, mem=48.00MB]}
[m[33m2026-03-22 17:40:41,038[m [36mo.a.f.a.ScalingExecutor       [m [36m[DEBUG][default/flink] A4S: Vertex 29c6de9b0f6c5486908e9bb66a93ee45 has parallelism 24 and memory 78.0MB
[m[33m2026-03-22 17:40:41,038[m [36mo.a.f.a.ScalingExecutor       [m [36m[DEBUG][default/flink] A4S: Vertex e3dfc0d7e9ecd8a43f85f0b68ebf3b80 has parallelism 1 and memory 30.0MB
[m[33m2026-03-22 17:41:57,673[m [36mo.a.f.a.ScalingMetricEvaluator[m [36m[DEBUG][default/flink] A4S: Evaluating metrics for vertex e3dfc0d7e9ecd8a43f85f0b68ebf3b80
[m[33m2026-03-22 17:41:57,673[m [36mo.a.f.a.ScalingMetricEvaluator[m [33m[WARN ][default/flink] A4S: No miss rate curve found for vertex e3dfc0d7e9ecd8a43f85f0b68ebf3b80, skipping
[m[33m2026-03-22 17:41:57,673[m [36mo.a.f.a.ScalingMetricEvaluator[m [36m[DEBUG][default/flink] A4S: Evaluating metrics for vertex 29c6de9b0f6c5486908e9bb66a93ee45
[m[33m2026-03-22 17:42:12,875[m [36mo.a.f.a.ScalingMetricEvaluator[m [36m[DEBUG][default/flink] A4S: Evaluating metrics for vertex e3dfc0d7e9ecd8a43f85f0b68ebf3b80
[m[33m2026-03-22 17:42:12,875[m [36mo.a.f.a.ScalingMetricEvaluator[m [33m[WARN ][default/flink] A4S: No miss rate curve found for vertex e3dfc0d7e9ecd8a43f85f0b68ebf3b80, skipping
[m[33m2026-03-22 17:42:12,876[m [36mo.a.f.a.ScalingMetricEvaluator[m [36m[DEBUG][default/flink] A4S: Evaluating metrics for vertex 29c6de9b0f6c5486908e9bb66a93ee45
[m[33m2026-03-22 17:42:28,077[m [36mo.a.f.a.ScalingMetricEvaluator[m [36m[DEBUG][default/flink] A4S: Evaluating metrics for vertex e3dfc0d7e9ecd8a43f85f0b68ebf3b80
[m[33m2026-03-22 17:42:28,077[m [36mo.a.f.a.ScalingMetricEvaluator[m [33m[WARN ][default/flink] A4S: No miss rate curve found for vertex e3dfc0d7e9ecd8a43f85f0b68ebf3b80, skipping
[m[33m2026-03-22 17:42:28,078[m [36mo.a.f.a.ScalingMetricEvaluator[m [36m[DEBUG][default/flink] A4S: Evaluating metrics for vertex 29c6de9b0f6c5486908e9bb66a93ee45
[m[33m2026-03-22 17:42:43,249[m [36mo.a.f.a.ScalingMetricEvaluator[m [36m[DEBUG][default/flink] A4S: Evaluating metrics for vertex e3dfc0d7e9ecd8a43f85f0b68ebf3b80
[m[33m2026-03-22 17:42:43,249[m [36mo.a.f.a.ScalingMetricEvaluator[m [33m[WARN ][default/flink] A4S: No miss rate curve found for vertex e3dfc0d7e9ecd8a43f85f0b68ebf3b80, skipping
[m[33m2026-03-22 17:42:43,250[m [36mo.a.f.a.ScalingMetricEvaluator[m [36m[DEBUG][default/flink] A4S: Evaluating metrics for vertex 29c6de9b0f6c5486908e9bb66a93ee45
[m[33m2026-03-22 17:42:58,437[m [36mo.a.f.a.ScalingMetricEvaluator[m [36m[DEBUG][default/flink] A4S: Evaluating metrics for vertex e3dfc0d7e9ecd8a43f85f0b68ebf3b80
[m[33m2026-03-22 17:42:58,437[m [36mo.a.f.a.ScalingMetricEvaluator[m [33m[WARN ][default/flink] A4S: No miss rate curve found for vertex e3dfc0d7e9ecd8a43f85f0b68ebf3b80, skipping
[m[33m2026-03-22 17:42:58,437[m [36mo.a.f.a.ScalingMetricEvaluator[m [36m[DEBUG][default/flink] A4S: Evaluating metrics for vertex 29c6de9b0f6c5486908e9bb66a93ee45
[m[33m2026-03-22 17:43:13,605[m [36mo.a.f.a.ScalingMetricEvaluator[m [36m[DEBUG][default/flink] A4S: Evaluating metrics for vertex e3dfc0d7e9ecd8a43f85f0b68ebf3b80
[m[33m2026-03-22 17:43:13,605[m [36mo.a.f.a.ScalingMetricEvaluator[m [33m[WARN ][default/flink] A4S: No miss rate curve found for vertex e3dfc0d7e9ecd8a43f85f0b68ebf3b80, skipping
[m[33m2026-03-22 17:43:13,605[m [36mo.a.f.a.ScalingMetricEvaluator[m [36m[DEBUG][default/flink] A4S: Evaluating metrics for vertex 29c6de9b0f6c5486908e9bb66a93ee45
[m[33m2026-03-22 17:43:28,797[m [36mo.a.f.a.ScalingMetricEvaluator[m [36m[DEBUG][default/flink] A4S: Evaluating metrics for vertex e3dfc0d7e9ecd8a43f85f0b68ebf3b80
[m[33m2026-03-22 17:43:28,797[m [36mo.a.f.a.ScalingMetricEvaluator[m [33m[WARN ][default/flink] A4S: No miss rate curve found for vertex e3dfc0d7e9ecd8a43f85f0b68ebf3b80, skipping
[m[33m2026-03-22 17:43:28,798[m [36mo.a.f.a.ScalingMetricEvaluator[m [36m[DEBUG][default/flink] A4S: Evaluating metrics for vertex 29c6de9b0f6c5486908e9bb66a93ee45
[m[33m2026-03-22 17:43:44,009[m [36mo.a.f.a.ScalingMetricEvaluator[m [36m[DEBUG][default/flink] A4S: Evaluating metrics for vertex e3dfc0d7e9ecd8a43f85f0b68ebf3b80
[m[33m2026-03-22 17:43:44,009[m [36mo.a.f.a.ScalingMetricEvaluator[m [33m[WARN ][default/flink] A4S: No miss rate curve found for vertex e3dfc0d7e9ecd8a43f85f0b68ebf3b80, skipping
[m[33m2026-03-22 17:43:44,009[m [36mo.a.f.a.ScalingMetricEvaluator[m [36m[DEBUG][default/flink] A4S: Evaluating metrics for vertex 29c6de9b0f6c5486908e9bb66a93ee45
[m[33m2026-03-22 17:43:59,181[m [36mo.a.f.a.ScalingMetricEvaluator[m [36m[DEBUG][default/flink] A4S: Evaluating metrics for vertex e3dfc0d7e9ecd8a43f85f0b68ebf3b80
[m[33m2026-03-22 17:43:59,181[m [36mo.a.f.a.ScalingMetricEvaluator[m [33m[WARN ][default/flink] A4S: No miss rate curve found for vertex e3dfc0d7e9ecd8a43f85f0b68ebf3b80, skipping
[m[33m2026-03-22 17:43:59,181[m [36mo.a.f.a.ScalingMetricEvaluator[m [36m[DEBUG][default/flink] A4S: Evaluating metrics for vertex 29c6de9b0f6c5486908e9bb66a93ee45
[m[33m2026-03-22 17:44:14,440[m [36mo.a.f.a.ScalingMetricEvaluator[m [36m[DEBUG][default/flink] A4S: Evaluating metrics for vertex e3dfc0d7e9ecd8a43f85f0b68ebf3b80
[m[33m2026-03-22 17:44:14,440[m [36mo.a.f.a.ScalingMetricEvaluator[m [33m[WARN ][default/flink] A4S: No miss rate curve found for vertex e3dfc0d7e9ecd8a43f85f0b68ebf3b80, skipping
[m[33m2026-03-22 17:44:14,440[m [36mo.a.f.a.ScalingMetricEvaluator[m [36m[DEBUG][default/flink] A4S: Evaluating metrics for vertex 29c6de9b0f6c5486908e9bb66a93ee45
[m[33m2026-03-22 17:44:29,610[m [36mo.a.f.a.ScalingMetricEvaluator[m [36m[DEBUG][default/flink] A4S: Evaluating metrics for vertex e3dfc0d7e9ecd8a43f85f0b68ebf3b80
[m[33m2026-03-22 17:44:29,610[m [36mo.a.f.a.ScalingMetricEvaluator[m [33m[WARN ][default/flink] A4S: No miss rate curve found for vertex e3dfc0d7e9ecd8a43f85f0b68ebf3b80, skipping
[m[33m2026-03-22 17:44:29,610[m [36mo.a.f.a.ScalingMetricEvaluator[m [36m[DEBUG][default/flink] A4S: Evaluating metrics for vertex 29c6de9b0f6c5486908e9bb66a93ee45
[m[33m2026-03-22 17:44:44,803[m [36mo.a.f.a.ScalingMetricEvaluator[m [36m[DEBUG][default/flink] A4S: Evaluating metrics for vertex e3dfc0d7e9ecd8a43f85f0b68ebf3b80
[m[33m2026-03-22 17:44:44,803[m [36mo.a.f.a.ScalingMetricEvaluator[m [33m[WARN ][default/flink] A4S: No miss rate curve found for vertex e3dfc0d7e9ecd8a43f85f0b68ebf3b80, skipping
[m[33m2026-03-22 17:44:44,803[m [36mo.a.f.a.ScalingMetricEvaluator[m [36m[DEBUG][default/flink] A4S: Evaluating metrics for vertex 29c6de9b0f6c5486908e9bb66a93ee45
[m[33m2026-03-22 17:44:59,978[m [36mo.a.f.a.ScalingMetricEvaluator[m [36m[DEBUG][default/flink] A4S: Evaluating metrics for vertex e3dfc0d7e9ecd8a43f85f0b68ebf3b80
[m[33m2026-03-22 17:44:59,978[m [36mo.a.f.a.ScalingMetricEvaluator[m [33m[WARN ][default/flink] A4S: No miss rate curve found for vertex e3dfc0d7e9ecd8a43f85f0b68ebf3b80, skipping
[m[33m2026-03-22 17:44:59,978[m [36mo.a.f.a.ScalingMetricEvaluator[m [36m[DEBUG][default/flink] A4S: Evaluating metrics for vertex 29c6de9b0f6c5486908e9bb66a93ee45
[m[33m2026-03-22 17:45:15,156[m [36mo.a.f.a.ScalingMetricEvaluator[m [36m[DEBUG][default/flink] A4S: Evaluating metrics for vertex e3dfc0d7e9ecd8a43f85f0b68ebf3b80
[m[33m2026-03-22 17:45:15,156[m [36mo.a.f.a.ScalingMetricEvaluator[m [33m[WARN ][default/flink] A4S: No miss rate curve found for vertex e3dfc0d7e9ecd8a43f85f0b68ebf3b80, skipping
[m[33m2026-03-22 17:45:15,157[m [36mo.a.f.a.ScalingMetricEvaluator[m [36m[DEBUG][default/flink] A4S: Evaluating metrics for vertex 29c6de9b0f6c5486908e9bb66a93ee45
[m[33m2026-03-22 17:45:30,327[m [36mo.a.f.a.ScalingMetricEvaluator[m [36m[DEBUG][default/flink] A4S: Evaluating metrics for vertex e3dfc0d7e9ecd8a43f85f0b68ebf3b80
[m[33m2026-03-22 17:45:30,327[m [36mo.a.f.a.ScalingMetricEvaluator[m [33m[WARN ][default/flink] A4S: No miss rate curve found for vertex e3dfc0d7e9ecd8a43f85f0b68ebf3b80, skipping
[m[33m2026-03-22 17:45:30,327[m [36mo.a.f.a.ScalingMetricEvaluator[m [36m[DEBUG][default/flink] A4S: Evaluating metrics for vertex 29c6de9b0f6c5486908e9bb66a93ee45
[m[33m2026-03-22 17:45:45,487[m [36mo.a.f.a.ScalingMetricEvaluator[m [36m[DEBUG][default/flink] A4S: Evaluating metrics for vertex e3dfc0d7e9ecd8a43f85f0b68ebf3b80
[m[33m2026-03-22 17:45:45,487[m [36mo.a.f.a.ScalingMetricEvaluator[m [33m[WARN ][default/flink] A4S: No miss rate curve found for vertex e3dfc0d7e9ecd8a43f85f0b68ebf3b80, skipping
[m[33m2026-03-22 17:45:45,487[m [36mo.a.f.a.ScalingMetricEvaluator[m [36m[DEBUG][default/flink] A4S: Evaluating metrics for vertex 29c6de9b0f6c5486908e9bb66a93ee45
[m[33m2026-03-22 17:46:00,675[m [36mo.a.f.a.ScalingMetricEvaluator[m [36m[DEBUG][default/flink] A4S: Evaluating metrics for vertex e3dfc0d7e9ecd8a43f85f0b68ebf3b80
[m[33m2026-03-22 17:46:00,675[m [36mo.a.f.a.ScalingMetricEvaluator[m [33m[WARN ][default/flink] A4S: No miss rate curve found for vertex e3dfc0d7e9ecd8a43f85f0b68ebf3b80, skipping
[m[33m2026-03-22 17:46:00,676[m [36mo.a.f.a.ScalingMetricEvaluator[m [36m[DEBUG][default/flink] A4S: Evaluating metrics for vertex 29c6de9b0f6c5486908e9bb66a93ee45
[m[33m2026-03-22 17:46:15,873[m [36mo.a.f.a.ScalingMetricEvaluator[m [36m[DEBUG][default/flink] A4S: Evaluating metrics for vertex e3dfc0d7e9ecd8a43f85f0b68ebf3b80
[m[33m2026-03-22 17:46:15,873[m [36mo.a.f.a.ScalingMetricEvaluator[m [33m[WARN ][default/flink] A4S: No miss rate curve found for vertex e3dfc0d7e9ecd8a43f85f0b68ebf3b80, skipping
[m[33m2026-03-22 17:46:15,874[m [36mo.a.f.a.ScalingMetricEvaluator[m [36m[DEBUG][default/flink] A4S: Evaluating metrics for vertex 29c6de9b0f6c5486908e9bb66a93ee45
[m[33m2026-03-22 17:46:31,164[m [36mo.a.f.a.ScalingMetricEvaluator[m [36m[DEBUG][default/flink] A4S: Evaluating metrics for vertex e3dfc0d7e9ecd8a43f85f0b68ebf3b80
[m[33m2026-03-22 17:46:31,164[m [36mo.a.f.a.ScalingMetricEvaluator[m [33m[WARN ][default/flink] A4S: No miss rate curve found for vertex e3dfc0d7e9ecd8a43f85f0b68ebf3b80, skipping
[m[33m2026-03-22 17:46:31,164[m [36mo.a.f.a.ScalingMetricEvaluator[m [36m[DEBUG][default/flink] A4S: Evaluating metrics for vertex 29c6de9b0f6c5486908e9bb66a93ee45
[m[33m2026-03-22 17:46:46,346[m [36mo.a.f.a.ScalingMetricEvaluator[m [36m[DEBUG][default/flink] A4S: Evaluating metrics for vertex e3dfc0d7e9ecd8a43f85f0b68ebf3b80
[m[33m2026-03-22 17:46:46,346[m [36mo.a.f.a.ScalingMetricEvaluator[m [33m[WARN ][default/flink] A4S: No miss rate curve found for vertex e3dfc0d7e9ecd8a43f85f0b68ebf3b80, skipping
[m[33m2026-03-22 17:46:46,346[m [36mo.a.f.a.ScalingMetricEvaluator[m [36m[DEBUG][default/flink] A4S: Evaluating metrics for vertex 29c6de9b0f6c5486908e9bb66a93ee45
[m[33m2026-03-22 17:47:01,525[m [36mo.a.f.a.ScalingMetricEvaluator[m [36m[DEBUG][default/flink] A4S: Evaluating metrics for vertex e3dfc0d7e9ecd8a43f85f0b68ebf3b80
[m[33m2026-03-22 17:47:01,525[m [36mo.a.f.a.ScalingMetricEvaluator[m [33m[WARN ][default/flink] A4S: No miss rate curve found for vertex e3dfc0d7e9ecd8a43f85f0b68ebf3b80, skipping
[m[33m2026-03-22 17:47:01,525[m [36mo.a.f.a.ScalingMetricEvaluator[m [36m[DEBUG][default/flink] A4S: Evaluating metrics for vertex 29c6de9b0f6c5486908e9bb66a93ee45
[m[33m2026-03-22 17:47:16,695[m [36mo.a.f.a.ScalingMetricEvaluator[m [36m[DEBUG][default/flink] A4S: Evaluating metrics for vertex e3dfc0d7e9ecd8a43f85f0b68ebf3b80
[m[33m2026-03-22 17:47:16,695[m [36mo.a.f.a.ScalingMetricEvaluator[m [33m[WARN ][default/flink] A4S: No miss rate curve found for vertex e3dfc0d7e9ecd8a43f85f0b68ebf3b80, skipping
[m[33m2026-03-22 17:47:16,696[m [36mo.a.f.a.ScalingMetricEvaluator[m [36m[DEBUG][default/flink] A4S: Evaluating metrics for vertex 29c6de9b0f6c5486908e9bb66a93ee45
[m[33m2026-03-22 17:47:31,878[m [36mo.a.f.a.ScalingMetricEvaluator[m [36m[DEBUG][default/flink] A4S: Evaluating metrics for vertex e3dfc0d7e9ecd8a43f85f0b68ebf3b80
[m[33m2026-03-22 17:47:31,878[m [36mo.a.f.a.ScalingMetricEvaluator[m [33m[WARN ][default/flink] A4S: No miss rate curve found for vertex e3dfc0d7e9ecd8a43f85f0b68ebf3b80, skipping
[m[33m2026-03-22 17:47:31,879[m [36mo.a.f.a.ScalingMetricEvaluator[m [36m[DEBUG][default/flink] A4S: Evaluating metrics for vertex 29c6de9b0f6c5486908e9bb66a93ee45
[m[33m2026-03-22 17:47:47,145[m [36mo.a.f.a.ScalingMetricEvaluator[m [36m[DEBUG][default/flink] A4S: Evaluating metrics for vertex e3dfc0d7e9ecd8a43f85f0b68ebf3b80
[m[33m2026-03-22 17:47:47,145[m [36mo.a.f.a.ScalingMetricEvaluator[m [33m[WARN ][default/flink] A4S: No miss rate curve found for vertex e3dfc0d7e9ecd8a43f85f0b68ebf3b80, skipping
[m[33m2026-03-22 17:47:47,145[m [36mo.a.f.a.ScalingMetricEvaluator[m [36m[DEBUG][default/flink] A4S: Evaluating metrics for vertex 29c6de9b0f6c5486908e9bb66a93ee45
[m[33m2026-03-22 17:48:02,348[m [36mo.a.f.a.ScalingMetricEvaluator[m [36m[DEBUG][default/flink] A4S: Evaluating metrics for vertex e3dfc0d7e9ecd8a43f85f0b68ebf3b80
[m[33m2026-03-22 17:48:02,348[m [36mo.a.f.a.ScalingMetricEvaluator[m [33m[WARN ][default/flink] A4S: No miss rate curve found for vertex e3dfc0d7e9ecd8a43f85f0b68ebf3b80, skipping
[m[33m2026-03-22 17:48:02,349[m [36mo.a.f.a.ScalingMetricEvaluator[m [36m[DEBUG][default/flink] A4S: Evaluating metrics for vertex 29c6de9b0f6c5486908e9bb66a93ee45
[m[33m2026-03-22 17:48:17,687[m [36mo.a.f.a.ScalingMetricEvaluator[m [36m[DEBUG][default/flink] A4S: Evaluating metrics for vertex e3dfc0d7e9ecd8a43f85f0b68ebf3b80
[m[33m2026-03-22 17:48:17,687[m [36mo.a.f.a.ScalingMetricEvaluator[m [33m[WARN ][default/flink] A4S: No miss rate curve found for vertex e3dfc0d7e9ecd8a43f85f0b68ebf3b80, skipping
[m[33m2026-03-22 17:48:17,688[m [36mo.a.f.a.ScalingMetricEvaluator[m [36m[DEBUG][default/flink] A4S: Evaluating metrics for vertex 29c6de9b0f6c5486908e9bb66a93ee45
[m[33m2026-03-22 17:48:17,688[m [36mo.a.f.a.ScalingMetricEvaluator[m [33m[WARN ][default/flink] A4S: No miss rate curve found for vertex 29c6de9b0f6c5486908e9bb66a93ee45, skipping
[m[33m2026-03-22 17:48:33,040[m [36mo.a.f.a.ScalingMetricEvaluator[m [36m[DEBUG][default/flink] A4S: Evaluating metrics for vertex e3dfc0d7e9ecd8a43f85f0b68ebf3b80
[m[33m2026-03-22 17:48:33,040[m [36mo.a.f.a.ScalingMetricEvaluator[m [33m[WARN ][default/flink] A4S: No miss rate curve found for vertex e3dfc0d7e9ecd8a43f85f0b68ebf3b80, skipping
[m[33m2026-03-22 17:48:33,041[m [36mo.a.f.a.ScalingMetricEvaluator[m [36m[DEBUG][default/flink] A4S: Evaluating metrics for vertex 29c6de9b0f6c5486908e9bb66a93ee45
[m[33m2026-03-22 17:48:33,041[m [36mo.a.f.a.ScalingMetricEvaluator[m [33m[WARN ][default/flink] A4S: No miss rate curve found for vertex 29c6de9b0f6c5486908e9bb66a93ee45, skipping
[m[33m2026-03-22 17:48:48,246[m [36mo.a.f.a.ScalingMetricEvaluator[m [36m[DEBUG][default/flink] A4S: Evaluating metrics for vertex e3dfc0d7e9ecd8a43f85f0b68ebf3b80
[m[33m2026-03-22 17:48:48,246[m [36mo.a.f.a.ScalingMetricEvaluator[m [33m[WARN ][default/flink] A4S: No miss rate curve found for vertex e3dfc0d7e9ecd8a43f85f0b68ebf3b80, skipping
[m[33m2026-03-22 17:48:48,246[m [36mo.a.f.a.ScalingMetricEvaluator[m [36m[DEBUG][default/flink] A4S: Evaluating metrics for vertex 29c6de9b0f6c5486908e9bb66a93ee45
[m[33m2026-03-22 17:48:48,246[m [36mo.a.f.a.ScalingMetricEvaluator[m [33m[WARN ][default/flink] A4S: No miss rate curve found for vertex 29c6de9b0f6c5486908e9bb66a93ee45, skipping
