[m[33m2026-03-22 21:44:06,621[m [36mo.a.f.a.ScalingMetricEvaluator[m [36m[DEBUG][default/flink] A4S: Evaluating metrics for vertex e3dfc0d7e9ecd8a43f85f0b68ebf3b80
[m[33m2026-03-22 21:44:06,621[m [36mo.a.f.a.ScalingMetricEvaluator[m [33m[WARN ][default/flink] A4S: No miss rate curve found for vertex e3dfc0d7e9ecd8a43f85f0b68ebf3b80, skipping
[m[33m2026-03-22 21:44:06,621[m [36mo.a.f.a.ScalingMetricEvaluator[m [36m[DEBUG][default/flink] A4S: Evaluating metrics for vertex 29c6de9b0f6c5486908e9bb66a93ee45
[m[33m2026-03-22 21:44:21,799[m [36mo.a.f.a.ScalingMetricEvaluator[m [36m[DEBUG][default/flink] A4S: Evaluating metrics for vertex e3dfc0d7e9ecd8a43f85f0b68ebf3b80
[m[33m2026-03-22 21:44:21,799[m [36mo.a.f.a.ScalingMetricEvaluator[m [33m[WARN ][default/flink] A4S: No miss rate curve found for vertex e3dfc0d7e9ecd8a43f85f0b68ebf3b80, skipping
[m[33m2026-03-22 21:44:21,799[m [36mo.a.f.a.ScalingMetricEvaluator[m [36m[DEBUG][default/flink] A4S: Evaluating metrics for vertex 29c6de9b0f6c5486908e9bb66a93ee45
[m[33m2026-03-22 21:44:37,004[m [36mo.a.f.a.ScalingMetricEvaluator[m [36m[DEBUG][default/flink] A4S: Evaluating metrics for vertex e3dfc0d7e9ecd8a43f85f0b68ebf3b80
[m[33m2026-03-22 21:44:37,004[m [36mo.a.f.a.ScalingMetricEvaluator[m [33m[WARN ][default/flink] A4S: No miss rate curve found for vertex e3dfc0d7e9ecd8a43f85f0b68ebf3b80, skipping
[m[33m2026-03-22 21:44:37,004[m [36mo.a.f.a.ScalingMetricEvaluator[m [36m[DEBUG][default/flink] A4S: Evaluating metrics for vertex 29c6de9b0f6c5486908e9bb66a93ee45
[m[33m2026-03-22 21:44:52,198[m [36mo.a.f.a.ScalingMetricEvaluator[m [36m[DEBUG][default/flink] A4S: Evaluating metrics for vertex e3dfc0d7e9ecd8a43f85f0b68ebf3b80
[m[33m2026-03-22 21:44:52,198[m [36mo.a.f.a.ScalingMetricEvaluator[m [33m[WARN ][default/flink] A4S: No miss rate curve found for vertex e3dfc0d7e9ecd8a43f85f0b68ebf3b80, skipping
[m[33m2026-03-22 21:44:52,198[m [36mo.a.f.a.ScalingMetricEvaluator[m [36m[DEBUG][default/flink] A4S: Evaluating metrics for vertex 29c6de9b0f6c5486908e9bb66a93ee45
[m[33m2026-03-22 21:45:07,387[m [36mo.a.f.a.ScalingMetricEvaluator[m [36m[DEBUG][default/flink] A4S: Evaluating metrics for vertex e3dfc0d7e9ecd8a43f85f0b68ebf3b80
[m[33m2026-03-22 21:45:07,387[m [36mo.a.f.a.ScalingMetricEvaluator[m [33m[WARN ][default/flink] A4S: No miss rate curve found for vertex e3dfc0d7e9ecd8a43f85f0b68ebf3b80, skipping
[m[33m2026-03-22 21:45:07,388[m [36mo.a.f.a.ScalingMetricEvaluator[m [36m[DEBUG][default/flink] A4S: Evaluating metrics for vertex 29c6de9b0f6c5486908e9bb66a93ee45
[m[33m2026-03-22 21:45:22,603[m [36mo.a.f.a.ScalingMetricEvaluator[m [36m[DEBUG][default/flink] A4S: Evaluating metrics for vertex e3dfc0d7e9ecd8a43f85f0b68ebf3b80
[m[33m2026-03-22 21:45:22,603[m [36mo.a.f.a.ScalingMetricEvaluator[m [33m[WARN ][default/flink] A4S: No miss rate curve found for vertex e3dfc0d7e9ecd8a43f85f0b68ebf3b80, skipping
[m[33m2026-03-22 21:45:22,603[m [36mo.a.f.a.ScalingMetricEvaluator[m [36m[DEBUG][default/flink] A4S: Evaluating metrics for vertex 29c6de9b0f6c5486908e9bb66a93ee45
[m[33m2026-03-22 21:45:37,791[m [36mo.a.f.a.ScalingMetricEvaluator[m [36m[DEBUG][default/flink] A4S: Evaluating metrics for vertex e3dfc0d7e9ecd8a43f85f0b68ebf3b80
[m[33m2026-03-22 21:45:37,791[m [36mo.a.f.a.ScalingMetricEvaluator[m [33m[WARN ][default/flink] A4S: No miss rate curve found for vertex e3dfc0d7e9ecd8a43f85f0b68ebf3b80, skipping
[m[33m2026-03-22 21:45:37,791[m [36mo.a.f.a.ScalingMetricEvaluator[m [36m[DEBUG][default/flink] A4S: Evaluating metrics for vertex 29c6de9b0f6c5486908e9bb66a93ee45
[m[33m2026-03-22 21:45:52,971[m [36mo.a.f.a.ScalingMetricEvaluator[m [36m[DEBUG][default/flink] A4S: Evaluating metrics for vertex e3dfc0d7e9ecd8a43f85f0b68ebf3b80
[m[33m2026-03-22 21:45:52,971[m [36mo.a.f.a.ScalingMetricEvaluator[m [33m[WARN ][default/flink] A4S: No miss rate curve found for vertex e3dfc0d7e9ecd8a43f85f0b68ebf3b80, skipping
[m[33m2026-03-22 21:45:52,971[m [36mo.a.f.a.ScalingMetricEvaluator[m [36m[DEBUG][default/flink] A4S: Evaluating metrics for vertex 29c6de9b0f6c5486908e9bb66a93ee45
[m[33m2026-03-22 21:46:08,164[m [36mo.a.f.a.ScalingMetricEvaluator[m [36m[DEBUG][default/flink] A4S: Evaluating metrics for vertex e3dfc0d7e9ecd8a43f85f0b68ebf3b80
[m[33m2026-03-22 21:46:08,164[m [36mo.a.f.a.ScalingMetricEvaluator[m [33m[WARN ][default/flink] A4S: No miss rate curve found for vertex e3dfc0d7e9ecd8a43f85f0b68ebf3b80, skipping
[m[33m2026-03-22 21:46:08,165[m [36mo.a.f.a.ScalingMetricEvaluator[m [36m[DEBUG][default/flink] A4S: Evaluating metrics for vertex 29c6de9b0f6c5486908e9bb66a93ee45
[m[33m2026-03-22 21:46:08,214[m [36mo.a.f.a.ScalingExecutor       [m [36m[DEBUG][default/flink] A4S: Evaluated Metrics: EvaluatedMetrics(vertexMetrics={29c6de9b0f6c5486908e9bb66a93ee45={TARGET_DATA_RATE=EvaluatedScalingMetric(current=NaN, average=12593.513), PARALLELISM=EvaluatedScalingMetric(current=1.0, average=NaN), ROCKS_DB_BLOCK_CACHE_HIT_RATE=EvaluatedScalingMetric(current=0.946, average=0.952), RECOMMENDED_PARALLELISM=EvaluatedScalingMetric(current=3.0, average=NaN), CATCH_UP_DATA_RATE=EvaluatedScalingMetric(current=0.0, average=NaN), INPUT_RATE=EvaluatedScalingMetric(current=NaN, average=12593.513), EXPECTED_PROCESSING_RATE=EvaluatedScalingMetric(current=27286.0, average=NaN), NUM_SOURCE_PARTITIONS=EvaluatedScalingMetric(current=0.0, average=NaN), LOAD=EvaluatedScalingMetric(current=NaN, average=1.0), MAX_PARALLELISM=EvaluatedScalingMetric(current=24.0, average=NaN), SCALE_DOWN_RATE_THRESHOLD=EvaluatedScalingMetric(current=65066.0, average=NaN), SCALE_UP_RATE_THRESHOLD=EvaluatedScalingMetric(current=15742.0, average=NaN), TRUE_PROCESSING_RATE=EvaluatedScalingMetric(current=NaN, average=12593.513)}, e3dfc0d7e9ecd8a43f85f0b68ebf3b80={SCALE_DOWN_RATE_THRESHOLD=EvaluatedScalingMetric(current=69826.0, average=NaN), TARGET_DATA_RATE=EvaluatedScalingMetric(current=NaN, average=13514.624), PARALLELISM=EvaluatedScalingMetric(current=1.0, average=NaN), RECOMMENDED_PARALLELISM=EvaluatedScalingMetric(current=1.0, average=NaN), LAG=EvaluatedScalingMetric(current=0.0, average=NaN), SCALE_UP_RATE_THRESHOLD=EvaluatedScalingMetric(current=16893.0, average=NaN), CATCH_UP_DATA_RATE=EvaluatedScalingMetric(current=0.0, average=NaN), TRUE_PROCESSING_RATE=EvaluatedScalingMetric(current=NaN, average=49549.493), INPUT_RATE=EvaluatedScalingMetric(current=NaN, average=13514.624), NUM_SOURCE_PARTITIONS=EvaluatedScalingMetric(current=0.0, average=NaN), LOAD=EvaluatedScalingMetric(current=NaN, average=0.273), MAX_PARALLELISM=EvaluatedScalingMetric(current=24.0, average=NaN)}}, globalMetrics={METASPACE_MEMORY_USED=EvaluatedScalingMetric(current=5.3336048E7, average=5.3113651E7), HEAP_MAX_USAGE_RATIO=EvaluatedScalingMetric(current=0.464, average=0.316), GC_PRESSURE=EvaluatedScalingMetric(current=NaN, average=NaN), MANAGED_MEMORY_USED=EvaluatedScalingMetric(current=1.66429984E8, average=1.66429984E8), HEAP_MEMORY_USED=EvaluatedScalingMetric(current=3.23915528E8, average=2.20694312E8), NUM_TASK_SLOTS_USED=EvaluatedScalingMetric(current=2.0, average=NaN)}, memoryParallelismCurves={29c6de9b0f6c5486908e9bb66a93ee45=MPC[target=12593.51, minParallelism=1, maxParallelism=24, points=[(p=1, mem=4.00MB), (p=2, mem=4.00MB), (p=3, mem=4.00MB), (p=4, mem=4.00MB), (p=5, mem=4.00MB), (p=6, mem=4.00MB), (p=7, mem=4.00MB), (p=8, mem=4.00MB), (p=9, mem=4.00MB), (p=10, mem=4.00MB), (p=11, mem=4.00MB), (p=12, mem=4.00MB), (p=13, mem=4.00MB), (p=14, mem=4.00MB), (p=15, mem=4.00MB), (p=16, mem=4.00MB), (p=17, mem=4.00MB), (p=18, mem=4.00MB), (p=19, mem=4.00MB), (p=20, mem=4.00MB), (p=21, mem=4.00MB), (p=22, mem=4.00MB), (p=23, mem=4.00MB), (p=24, mem=4.00MB)]]}, missRateCurves={29c6de9b0f6c5486908e9bb66a93ee45=MRC[points=[(size=4.00mb, mr=0.0647), (size=8.00mb, mr=0.0462), (size=12.00mb, mr=0.0413), (size=16.00mb, mr=0.0383), (size=20.00mb, mr=0.0363), (size=24.00mb, mr=0.0350), (size=28.00mb, mr=0.0343), (size=32.00mb, mr=0.0336), (size=36.00mb, mr=0.0330), (size=40.00mb, mr=0.0323), (size=44.00mb, mr=0.0317), (size=48.00mb, mr=0.0310), (size=52.00mb, mr=0.0303), (size=56.00mb, mr=0.0298), (size=60.00mb, mr=0.0292), (size=64.00mb, mr=0.0286), (size=68.00mb, mr=0.0280), (size=72.00mb, mr=0.0275), (size=76.00mb, mr=0.0270), (size=80.00mb, mr=0.0266), (size=84.00mb, mr=0.0262), (size=88.00mb, mr=0.0257), (size=92.00mb, mr=0.0251), (size=96.00mb, mr=0.0244), (size=100.00mb, mr=0.0237), (size=104.00mb, mr=0.0231), (size=108.00mb, mr=0.0224), (size=112.00mb, mr=0.0218), (size=116.00mb, mr=0.0212), (size=120.00mb, mr=0.0206), (size=124.00mb, mr=0.0201), (size=128.00mb, mr=0.0194), (size=132.00mb, mr=0.0187), (size=136.00mb, mr=0.0180), (size=140.00mb, mr=0.0173), (size=144.00mb, mr=0.0168), (size=148.00mb, mr=0.0164), (size=152.00mb, mr=0.0159), (size=156.00mb, mr=0.0154), (size=160.00mb, mr=0.0146), (size=164.00mb, mr=0.0140), (size=168.00mb, mr=0.0132), (size=172.00mb, mr=0.0127), (size=176.00mb, mr=0.0121), (size=180.00mb, mr=0.0115), (size=184.00mb, mr=0.0105), (size=188.00mb, mr=0.0100), (size=192.00mb, mr=0.0099)]]})
[m[33m2026-03-22 21:46:08,215[m [36mo.a.f.a.a.A4S                 [m [32m[INFO ][default/flink] A4S: Attempt 0 - Making decisions
[m[33m2026-03-22 21:46:08,215[m [36mo.a.f.a.a.A4S                 [m [33m[WARN ][default/flink] A4S: No memory parallelism curve found for operator e3dfc0d7e9ecd8a43f85f0b68ebf3b80
[m[33m2026-03-22 21:46:08,215[m [36mo.a.f.a.a.A4S                 [m [32m[INFO ][default/flink] A4S: Operator 29c6de9b0f6c5486908e9bb66a93ee45 placed with parallelism 3 and memory 4.0MB
[m[33m2026-03-22 21:46:08,215[m [36mo.a.f.a.a.A4S                 [m [32m[INFO ][default/flink] A4S: Decisions: {29c6de9b0f6c5486908e9bb66a93ee45=A4SDecision[p=3, mem=4.00MB]}
[m[33m2026-03-22 21:46:08,215[m [36mo.a.f.a.ScalingExecutor       [m [36m[DEBUG][default/flink] A4S: Vertex 29c6de9b0f6c5486908e9bb66a93ee45 has parallelism 3 and memory 34.0MB
[m[33m2026-03-22 21:46:08,215[m [36mo.a.f.a.ScalingExecutor       [m [36m[DEBUG][default/flink] A4S: Vertex e3dfc0d7e9ecd8a43f85f0b68ebf3b80 has parallelism 1 and memory 30.0MB
[m[33m2026-03-22 21:47:09,558[m [36mo.a.f.a.ScalingMetricEvaluator[m [36m[DEBUG][default/flink] A4S: Evaluating metrics for vertex e3dfc0d7e9ecd8a43f85f0b68ebf3b80
[m[33m2026-03-22 21:47:09,558[m [36mo.a.f.a.ScalingMetricEvaluator[m [33m[WARN ][default/flink] A4S: No miss rate curve found for vertex e3dfc0d7e9ecd8a43f85f0b68ebf3b80, skipping
[m[33m2026-03-22 21:47:09,558[m [36mo.a.f.a.ScalingMetricEvaluator[m [36m[DEBUG][default/flink] A4S: Evaluating metrics for vertex 29c6de9b0f6c5486908e9bb66a93ee45
[m[33m2026-03-22 21:47:24,697[m [36mo.a.f.a.ScalingMetricEvaluator[m [36m[DEBUG][default/flink] A4S: Evaluating metrics for vertex e3dfc0d7e9ecd8a43f85f0b68ebf3b80
[m[33m2026-03-22 21:47:24,697[m [36mo.a.f.a.ScalingMetricEvaluator[m [33m[WARN ][default/flink] A4S: No miss rate curve found for vertex e3dfc0d7e9ecd8a43f85f0b68ebf3b80, skipping
[m[33m2026-03-22 21:47:24,697[m [36mo.a.f.a.ScalingMetricEvaluator[m [36m[DEBUG][default/flink] A4S: Evaluating metrics for vertex 29c6de9b0f6c5486908e9bb66a93ee45
[m[33m2026-03-22 21:47:39,842[m [36mo.a.f.a.ScalingMetricEvaluator[m [36m[DEBUG][default/flink] A4S: Evaluating metrics for vertex e3dfc0d7e9ecd8a43f85f0b68ebf3b80
[m[33m2026-03-22 21:47:39,842[m [36mo.a.f.a.ScalingMetricEvaluator[m [33m[WARN ][default/flink] A4S: No miss rate curve found for vertex e3dfc0d7e9ecd8a43f85f0b68ebf3b80, skipping
[m[33m2026-03-22 21:47:39,842[m [36mo.a.f.a.ScalingMetricEvaluator[m [36m[DEBUG][default/flink] A4S: Evaluating metrics for vertex 29c6de9b0f6c5486908e9bb66a93ee45
[m[33m2026-03-22 21:47:54,979[m [36mo.a.f.a.ScalingMetricEvaluator[m [36m[DEBUG][default/flink] A4S: Evaluating metrics for vertex e3dfc0d7e9ecd8a43f85f0b68ebf3b80
[m[33m2026-03-22 21:47:54,979[m [36mo.a.f.a.ScalingMetricEvaluator[m [33m[WARN ][default/flink] A4S: No miss rate curve found for vertex e3dfc0d7e9ecd8a43f85f0b68ebf3b80, skipping
[m[33m2026-03-22 21:47:54,979[m [36mo.a.f.a.ScalingMetricEvaluator[m [36m[DEBUG][default/flink] A4S: Evaluating metrics for vertex 29c6de9b0f6c5486908e9bb66a93ee45
[m[33m2026-03-22 21:48:10,138[m [36mo.a.f.a.ScalingMetricEvaluator[m [36m[DEBUG][default/flink] A4S: Evaluating metrics for vertex e3dfc0d7e9ecd8a43f85f0b68ebf3b80
[m[33m2026-03-22 21:48:10,138[m [36mo.a.f.a.ScalingMetricEvaluator[m [33m[WARN ][default/flink] A4S: No miss rate curve found for vertex e3dfc0d7e9ecd8a43f85f0b68ebf3b80, skipping
[m[33m2026-03-22 21:48:10,138[m [36mo.a.f.a.ScalingMetricEvaluator[m [36m[DEBUG][default/flink] A4S: Evaluating metrics for vertex 29c6de9b0f6c5486908e9bb66a93ee45
[m[33m2026-03-22 21:48:25,307[m [36mo.a.f.a.ScalingMetricEvaluator[m [36m[DEBUG][default/flink] A4S: Evaluating metrics for vertex e3dfc0d7e9ecd8a43f85f0b68ebf3b80
[m[33m2026-03-22 21:48:25,307[m [36mo.a.f.a.ScalingMetricEvaluator[m [33m[WARN ][default/flink] A4S: No miss rate curve found for vertex e3dfc0d7e9ecd8a43f85f0b68ebf3b80, skipping
[m[33m2026-03-22 21:48:25,308[m [36mo.a.f.a.ScalingMetricEvaluator[m [36m[DEBUG][default/flink] A4S: Evaluating metrics for vertex 29c6de9b0f6c5486908e9bb66a93ee45
[m[33m2026-03-22 21:48:40,479[m [36mo.a.f.a.ScalingMetricEvaluator[m [36m[DEBUG][default/flink] A4S: Evaluating metrics for vertex e3dfc0d7e9ecd8a43f85f0b68ebf3b80
[m[33m2026-03-22 21:48:40,479[m [36mo.a.f.a.ScalingMetricEvaluator[m [33m[WARN ][default/flink] A4S: No miss rate curve found for vertex e3dfc0d7e9ecd8a43f85f0b68ebf3b80, skipping
[m[33m2026-03-22 21:48:40,480[m [36mo.a.f.a.ScalingMetricEvaluator[m [36m[DEBUG][default/flink] A4S: Evaluating metrics for vertex 29c6de9b0f6c5486908e9bb66a93ee45
[m[33m2026-03-22 21:48:55,649[m [36mo.a.f.a.ScalingMetricEvaluator[m [36m[DEBUG][default/flink] A4S: Evaluating metrics for vertex e3dfc0d7e9ecd8a43f85f0b68ebf3b80
[m[33m2026-03-22 21:48:55,649[m [36mo.a.f.a.ScalingMetricEvaluator[m [33m[WARN ][default/flink] A4S: No miss rate curve found for vertex e3dfc0d7e9ecd8a43f85f0b68ebf3b80, skipping
[m[33m2026-03-22 21:48:55,649[m [36mo.a.f.a.ScalingMetricEvaluator[m [36m[DEBUG][default/flink] A4S: Evaluating metrics for vertex 29c6de9b0f6c5486908e9bb66a93ee45
[m[33m2026-03-22 21:49:10,827[m [36mo.a.f.a.ScalingMetricEvaluator[m [36m[DEBUG][default/flink] A4S: Evaluating metrics for vertex e3dfc0d7e9ecd8a43f85f0b68ebf3b80
[m[33m2026-03-22 21:49:10,827[m [36mo.a.f.a.ScalingMetricEvaluator[m [33m[WARN ][default/flink] A4S: No miss rate curve found for vertex e3dfc0d7e9ecd8a43f85f0b68ebf3b80, skipping
[m[33m2026-03-22 21:49:10,827[m [36mo.a.f.a.ScalingMetricEvaluator[m [36m[DEBUG][default/flink] A4S: Evaluating metrics for vertex 29c6de9b0f6c5486908e9bb66a93ee45
[m[33m2026-03-22 21:49:10,945[m [36mo.a.f.a.ScalingExecutor       [m [36m[DEBUG][default/flink] A4S: Evaluated Metrics: EvaluatedMetrics(vertexMetrics={29c6de9b0f6c5486908e9bb66a93ee45={TARGET_DATA_RATE=EvaluatedScalingMetric(current=NaN, average=3004.165), PARALLELISM=EvaluatedScalingMetric(current=3.0, average=NaN), ROCKS_DB_BLOCK_CACHE_HIT_RATE=EvaluatedScalingMetric(current=0.798, average=0.816), RECOMMENDED_PARALLELISM=EvaluatedScalingMetric(current=6.0, average=NaN), CATCH_UP_DATA_RATE=EvaluatedScalingMetric(current=0.0, average=NaN), INPUT_RATE=EvaluatedScalingMetric(current=NaN, average=3004.165), EXPECTED_PROCESSING_RATE=EvaluatedScalingMetric(current=6509.0, average=NaN), NUM_SOURCE_PARTITIONS=EvaluatedScalingMetric(current=0.0, average=NaN), LOAD=EvaluatedScalingMetric(current=NaN, average=0.845), MAX_PARALLELISM=EvaluatedScalingMetric(current=24.0, average=NaN), SCALE_DOWN_RATE_THRESHOLD=EvaluatedScalingMetric(current=15522.0, average=NaN), SCALE_UP_RATE_THRESHOLD=EvaluatedScalingMetric(current=3755.0, average=NaN), TRUE_PROCESSING_RATE=EvaluatedScalingMetric(current=NaN, average=3553.647)}, e3dfc0d7e9ecd8a43f85f0b68ebf3b80={SCALE_DOWN_RATE_THRESHOLD=EvaluatedScalingMetric(current=16651.0, average=NaN), TARGET_DATA_RATE=EvaluatedScalingMetric(current=NaN, average=3222.751), PARALLELISM=EvaluatedScalingMetric(current=1.0, average=NaN), RECOMMENDED_PARALLELISM=EvaluatedScalingMetric(current=1.0, average=NaN), LAG=EvaluatedScalingMetric(current=0.0, average=NaN), SCALE_UP_RATE_THRESHOLD=EvaluatedScalingMetric(current=4028.0, average=NaN), CATCH_UP_DATA_RATE=EvaluatedScalingMetric(current=0.0, average=NaN), TRUE_PROCESSING_RATE=EvaluatedScalingMetric(current=NaN, average=26227.881), INPUT_RATE=EvaluatedScalingMetric(current=NaN, average=3222.751), NUM_SOURCE_PARTITIONS=EvaluatedScalingMetric(current=0.0, average=NaN), LOAD=EvaluatedScalingMetric(current=NaN, average=0.123), MAX_PARALLELISM=EvaluatedScalingMetric(current=24.0, average=NaN)}}, globalMetrics={METASPACE_MEMORY_USED=EvaluatedScalingMetric(current=5.4819392E7, average=5.4737612E7), HEAP_MAX_USAGE_RATIO=EvaluatedScalingMetric(current=0.471, average=0.448), GC_PRESSURE=EvaluatedScalingMetric(current=NaN, average=NaN), MANAGED_MEMORY_USED=EvaluatedScalingMetric(current=1.06954752E8, average=1.06954752E8), HEAP_MEMORY_USED=EvaluatedScalingMetric(current=3.28896512E8, average=3.13195283E8), NUM_TASK_SLOTS_USED=EvaluatedScalingMetric(current=4.0, average=NaN)}, memoryParallelismCurves={29c6de9b0f6c5486908e9bb66a93ee45=MPC[target=3004.17, minParallelism=1, maxParallelism=24, points=[(p=1, mem=12.00MB), (p=2, mem=12.00MB), (p=3, mem=12.00MB), (p=4, mem=12.00MB), (p=5, mem=12.00MB), (p=6, mem=12.00MB), (p=7, mem=12.00MB), (p=8, mem=12.00MB), (p=9, mem=12.00MB), (p=10, mem=12.00MB), (p=11, mem=12.00MB), (p=12, mem=12.00MB), (p=13, mem=12.00MB), (p=14, mem=12.00MB), (p=15, mem=12.00MB), (p=16, mem=12.00MB), (p=17, mem=12.00MB), (p=18, mem=12.00MB), (p=19, mem=12.00MB), (p=20, mem=12.00MB), (p=21, mem=12.00MB), (p=22, mem=12.00MB), (p=23, mem=12.00MB), (p=24, mem=12.00MB)]]}, missRateCurves={29c6de9b0f6c5486908e9bb66a93ee45=MRC[points=[(size=12.00mb, mr=0.3926), (size=24.00mb, mr=0.3894), (size=36.00mb, mr=0.3859), (size=48.00mb, mr=0.3828), (size=60.00mb, mr=0.3802), (size=72.00mb, mr=0.3771), (size=84.00mb, mr=0.3746), (size=96.00mb, mr=0.3723), (size=108.00mb, mr=0.3723), (size=120.00mb, mr=0.3723), (size=132.00mb, mr=0.3723), (size=144.00mb, mr=0.3723), (size=156.00mb, mr=0.3723), (size=168.00mb, mr=0.3723), (size=180.00mb, mr=0.3723), (size=192.00mb, mr=0.3723), (size=204.00mb, mr=0.3723), (size=216.00mb, mr=0.3723), (size=228.00mb, mr=0.3723), (size=240.00mb, mr=0.3722), (size=252.00mb, mr=0.3722), (size=264.00mb, mr=0.3722), (size=276.00mb, mr=0.3722), (size=288.00mb, mr=0.3722)]]})
[m[33m2026-03-22 21:49:10,945[m [36mo.a.f.a.a.A4S                 [m [32m[INFO ][default/flink] A4S: Attempt 0 - Making decisions
[m[33m2026-03-22 21:49:10,945[m [36mo.a.f.a.a.A4S                 [m [33m[WARN ][default/flink] A4S: No memory parallelism curve found for operator e3dfc0d7e9ecd8a43f85f0b68ebf3b80
[m[33m2026-03-22 21:49:10,945[m [36mo.a.f.a.a.A4S                 [m [32m[INFO ][default/flink] A4S: Operator 29c6de9b0f6c5486908e9bb66a93ee45 placed with parallelism 6 and memory 12.0MB
[m[33m2026-03-22 21:49:10,945[m [36mo.a.f.a.a.A4S                 [m [32m[INFO ][default/flink] A4S: Decisions: {29c6de9b0f6c5486908e9bb66a93ee45=A4SDecision[p=6, mem=12.00MB]}
[m[33m2026-03-22 21:49:10,945[m [36mo.a.f.a.ScalingExecutor       [m [36m[DEBUG][default/flink] A4S: Vertex 29c6de9b0f6c5486908e9bb66a93ee45 has parallelism 6 and memory 42.0MB
[m[33m2026-03-22 21:49:10,945[m [36mo.a.f.a.ScalingExecutor       [m [36m[DEBUG][default/flink] A4S: Vertex e3dfc0d7e9ecd8a43f85f0b68ebf3b80 has parallelism 1 and memory 30.0MB
[m[33m2026-03-22 21:50:27,175[m [36mo.a.f.a.ScalingMetricEvaluator[m [36m[DEBUG][default/flink] A4S: Evaluating metrics for vertex e3dfc0d7e9ecd8a43f85f0b68ebf3b80
[m[33m2026-03-22 21:50:27,175[m [36mo.a.f.a.ScalingMetricEvaluator[m [33m[WARN ][default/flink] A4S: No miss rate curve found for vertex e3dfc0d7e9ecd8a43f85f0b68ebf3b80, skipping
[m[33m2026-03-22 21:50:27,175[m [36mo.a.f.a.ScalingMetricEvaluator[m [36m[DEBUG][default/flink] A4S: Evaluating metrics for vertex 29c6de9b0f6c5486908e9bb66a93ee45
[m[33m2026-03-22 21:50:42,330[m [36mo.a.f.a.ScalingMetricEvaluator[m [36m[DEBUG][default/flink] A4S: Evaluating metrics for vertex e3dfc0d7e9ecd8a43f85f0b68ebf3b80
[m[33m2026-03-22 21:50:42,330[m [36mo.a.f.a.ScalingMetricEvaluator[m [33m[WARN ][default/flink] A4S: No miss rate curve found for vertex e3dfc0d7e9ecd8a43f85f0b68ebf3b80, skipping
[m[33m2026-03-22 21:50:42,330[m [36mo.a.f.a.ScalingMetricEvaluator[m [36m[DEBUG][default/flink] A4S: Evaluating metrics for vertex 29c6de9b0f6c5486908e9bb66a93ee45
[m[33m2026-03-22 21:50:57,479[m [36mo.a.f.a.ScalingMetricEvaluator[m [36m[DEBUG][default/flink] A4S: Evaluating metrics for vertex e3dfc0d7e9ecd8a43f85f0b68ebf3b80
[m[33m2026-03-22 21:50:57,479[m [36mo.a.f.a.ScalingMetricEvaluator[m [33m[WARN ][default/flink] A4S: No miss rate curve found for vertex e3dfc0d7e9ecd8a43f85f0b68ebf3b80, skipping
[m[33m2026-03-22 21:50:57,479[m [36mo.a.f.a.ScalingMetricEvaluator[m [36m[DEBUG][default/flink] A4S: Evaluating metrics for vertex 29c6de9b0f6c5486908e9bb66a93ee45
[m[33m2026-03-22 21:51:12,638[m [36mo.a.f.a.ScalingMetricEvaluator[m [36m[DEBUG][default/flink] A4S: Evaluating metrics for vertex e3dfc0d7e9ecd8a43f85f0b68ebf3b80
[m[33m2026-03-22 21:51:12,638[m [36mo.a.f.a.ScalingMetricEvaluator[m [33m[WARN ][default/flink] A4S: No miss rate curve found for vertex e3dfc0d7e9ecd8a43f85f0b68ebf3b80, skipping
[m[33m2026-03-22 21:51:12,638[m [36mo.a.f.a.ScalingMetricEvaluator[m [36m[DEBUG][default/flink] A4S: Evaluating metrics for vertex 29c6de9b0f6c5486908e9bb66a93ee45
[m[33m2026-03-22 21:51:27,790[m [36mo.a.f.a.ScalingMetricEvaluator[m [36m[DEBUG][default/flink] A4S: Evaluating metrics for vertex e3dfc0d7e9ecd8a43f85f0b68ebf3b80
[m[33m2026-03-22 21:51:27,790[m [36mo.a.f.a.ScalingMetricEvaluator[m [33m[WARN ][default/flink] A4S: No miss rate curve found for vertex e3dfc0d7e9ecd8a43f85f0b68ebf3b80, skipping
[m[33m2026-03-22 21:51:27,790[m [36mo.a.f.a.ScalingMetricEvaluator[m [36m[DEBUG][default/flink] A4S: Evaluating metrics for vertex 29c6de9b0f6c5486908e9bb66a93ee45
[m[33m2026-03-22 21:51:42,976[m [36mo.a.f.a.ScalingMetricEvaluator[m [36m[DEBUG][default/flink] A4S: Evaluating metrics for vertex e3dfc0d7e9ecd8a43f85f0b68ebf3b80
[m[33m2026-03-22 21:51:42,976[m [36mo.a.f.a.ScalingMetricEvaluator[m [33m[WARN ][default/flink] A4S: No miss rate curve found for vertex e3dfc0d7e9ecd8a43f85f0b68ebf3b80, skipping
[m[33m2026-03-22 21:51:42,976[m [36mo.a.f.a.ScalingMetricEvaluator[m [36m[DEBUG][default/flink] A4S: Evaluating metrics for vertex 29c6de9b0f6c5486908e9bb66a93ee45
[m[33m2026-03-22 21:51:58,117[m [36mo.a.f.a.ScalingMetricEvaluator[m [36m[DEBUG][default/flink] A4S: Evaluating metrics for vertex e3dfc0d7e9ecd8a43f85f0b68ebf3b80
[m[33m2026-03-22 21:51:58,117[m [36mo.a.f.a.ScalingMetricEvaluator[m [33m[WARN ][default/flink] A4S: No miss rate curve found for vertex e3dfc0d7e9ecd8a43f85f0b68ebf3b80, skipping
[m[33m2026-03-22 21:51:58,117[m [36mo.a.f.a.ScalingMetricEvaluator[m [36m[DEBUG][default/flink] A4S: Evaluating metrics for vertex 29c6de9b0f6c5486908e9bb66a93ee45
[m[33m2026-03-22 21:52:13,264[m [36mo.a.f.a.ScalingMetricEvaluator[m [36m[DEBUG][default/flink] A4S: Evaluating metrics for vertex e3dfc0d7e9ecd8a43f85f0b68ebf3b80
[m[33m2026-03-22 21:52:13,264[m [36mo.a.f.a.ScalingMetricEvaluator[m [33m[WARN ][default/flink] A4S: No miss rate curve found for vertex e3dfc0d7e9ecd8a43f85f0b68ebf3b80, skipping
[m[33m2026-03-22 21:52:13,264[m [36mo.a.f.a.ScalingMetricEvaluator[m [36m[DEBUG][default/flink] A4S: Evaluating metrics for vertex 29c6de9b0f6c5486908e9bb66a93ee45
[m[33m2026-03-22 21:52:28,409[m [36mo.a.f.a.ScalingMetricEvaluator[m [36m[DEBUG][default/flink] A4S: Evaluating metrics for vertex e3dfc0d7e9ecd8a43f85f0b68ebf3b80
[m[33m2026-03-22 21:52:28,409[m [36mo.a.f.a.ScalingMetricEvaluator[m [33m[WARN ][default/flink] A4S: No miss rate curve found for vertex e3dfc0d7e9ecd8a43f85f0b68ebf3b80, skipping
[m[33m2026-03-22 21:52:28,409[m [36mo.a.f.a.ScalingMetricEvaluator[m [36m[DEBUG][default/flink] A4S: Evaluating metrics for vertex 29c6de9b0f6c5486908e9bb66a93ee45
[m[33m2026-03-22 21:52:28,491[m [36mo.a.f.a.ScalingExecutor       [m [36m[DEBUG][default/flink] A4S: Evaluated Metrics: EvaluatedMetrics(vertexMetrics={29c6de9b0f6c5486908e9bb66a93ee45={TARGET_DATA_RATE=EvaluatedScalingMetric(current=NaN, average=5773.433), PARALLELISM=EvaluatedScalingMetric(current=6.0, average=NaN), ROCKS_DB_BLOCK_CACHE_HIT_RATE=EvaluatedScalingMetric(current=0.72, average=0.729), RECOMMENDED_PARALLELISM=EvaluatedScalingMetric(current=24.0, average=NaN), CATCH_UP_DATA_RATE=EvaluatedScalingMetric(current=0.0, average=NaN), INPUT_RATE=EvaluatedScalingMetric(current=NaN, average=5773.433), EXPECTED_PROCESSING_RATE=EvaluatedScalingMetric(current=12509.0, average=NaN), NUM_SOURCE_PARTITIONS=EvaluatedScalingMetric(current=0.0, average=NaN), LOAD=EvaluatedScalingMetric(current=NaN, average=0.951), MAX_PARALLELISM=EvaluatedScalingMetric(current=24.0, average=NaN), SCALE_DOWN_RATE_THRESHOLD=EvaluatedScalingMetric(current=29829.0, average=NaN), SCALE_UP_RATE_THRESHOLD=EvaluatedScalingMetric(current=7217.0, average=NaN), TRUE_PROCESSING_RATE=EvaluatedScalingMetric(current=NaN, average=6073.302)}, e3dfc0d7e9ecd8a43f85f0b68ebf3b80={SCALE_DOWN_RATE_THRESHOLD=EvaluatedScalingMetric(current=31844.0, average=NaN), TARGET_DATA_RATE=EvaluatedScalingMetric(current=NaN, average=6163.312), PARALLELISM=EvaluatedScalingMetric(current=1.0, average=NaN), RECOMMENDED_PARALLELISM=EvaluatedScalingMetric(current=1.0, average=NaN), LAG=EvaluatedScalingMetric(current=0.0, average=NaN), SCALE_UP_RATE_THRESHOLD=EvaluatedScalingMetric(current=7704.0, average=NaN), CATCH_UP_DATA_RATE=EvaluatedScalingMetric(current=0.0, average=NaN), TRUE_PROCESSING_RATE=EvaluatedScalingMetric(current=NaN, average=44300.537), INPUT_RATE=EvaluatedScalingMetric(current=NaN, average=6163.312), NUM_SOURCE_PARTITIONS=EvaluatedScalingMetric(current=0.0, average=NaN), LOAD=EvaluatedScalingMetric(current=NaN, average=0.139), MAX_PARALLELISM=EvaluatedScalingMetric(current=24.0, average=NaN)}}, globalMetrics={METASPACE_MEMORY_USED=EvaluatedScalingMetric(current=5.6296904E7, average=5.6233671E7), HEAP_MAX_USAGE_RATIO=EvaluatedScalingMetric(current=0.476, average=0.511), GC_PRESSURE=EvaluatedScalingMetric(current=NaN, average=NaN), MANAGED_MEMORY_USED=EvaluatedScalingMetric(current=1.76160768E8, average=1.76160768E8), HEAP_MEMORY_USED=EvaluatedScalingMetric(current=3.3210624E8, average=3.56873314E8), NUM_TASK_SLOTS_USED=EvaluatedScalingMetric(current=7.0, average=NaN)}, memoryParallelismCurves={29c6de9b0f6c5486908e9bb66a93ee45=MPC[target=5773.43, minParallelism=3, maxParallelism=24, points=[(p=3, mem=24.00MB), (p=4, mem=24.00MB), (p=5, mem=24.00MB), (p=6, mem=24.00MB), (p=7, mem=24.00MB), (p=8, mem=24.00MB), (p=9, mem=24.00MB), (p=10, mem=24.00MB), (p=11, mem=24.00MB), (p=12, mem=24.00MB), (p=13, mem=24.00MB), (p=14, mem=24.00MB), (p=15, mem=24.00MB), (p=16, mem=24.00MB), (p=17, mem=24.00MB), (p=18, mem=24.00MB), (p=19, mem=24.00MB), (p=20, mem=24.00MB), (p=21, mem=24.00MB), (p=22, mem=24.00MB), (p=23, mem=24.00MB), (p=24, mem=24.00MB)]]}, missRateCurves={29c6de9b0f6c5486908e9bb66a93ee45=MRC[points=[(size=24.00mb, mr=0.7625), (size=48.00mb, mr=0.7602), (size=72.00mb, mr=0.7580), (size=96.00mb, mr=0.7557), (size=120.00mb, mr=0.7528), (size=144.00mb, mr=0.7505), (size=168.00mb, mr=0.7485), (size=192.00mb, mr=0.7462), (size=216.00mb, mr=0.7444), (size=240.00mb, mr=0.7421), (size=264.00mb, mr=0.7406)]]})
[m[33m2026-03-22 21:52:28,491[m [36mo.a.f.a.a.A4S                 [m [32m[INFO ][default/flink] A4S: Attempt 0 - Making decisions
[m[33m2026-03-22 21:52:28,491[m [36mo.a.f.a.a.A4S                 [m [33m[WARN ][default/flink] A4S: No memory parallelism curve found for operator e3dfc0d7e9ecd8a43f85f0b68ebf3b80
[m[33m2026-03-22 21:52:28,491[m [36mo.a.f.a.a.A4S                 [m [32m[INFO ][default/flink] A4S: Operator 29c6de9b0f6c5486908e9bb66a93ee45 placed with parallelism 24 and memory 24.0MB
[m[33m2026-03-22 21:52:28,491[m [36mo.a.f.a.a.A4S                 [m [32m[INFO ][default/flink] A4S: Decisions: {29c6de9b0f6c5486908e9bb66a93ee45=A4SDecision[p=24, mem=24.00MB]}
[m[33m2026-03-22 21:52:28,491[m [36mo.a.f.a.ScalingExecutor       [m [36m[DEBUG][default/flink] A4S: Vertex 29c6de9b0f6c5486908e9bb66a93ee45 has parallelism 24 and memory 54.0MB
[m[33m2026-03-22 21:52:28,491[m [36mo.a.f.a.ScalingExecutor       [m [36m[DEBUG][default/flink] A4S: Vertex e3dfc0d7e9ecd8a43f85f0b68ebf3b80 has parallelism 1 and memory 30.0MB
[m[33m2026-03-22 21:53:44,686[m [36mo.a.f.a.ScalingMetricEvaluator[m [36m[DEBUG][default/flink] A4S: Evaluating metrics for vertex e3dfc0d7e9ecd8a43f85f0b68ebf3b80
[m[33m2026-03-22 21:53:44,686[m [36mo.a.f.a.ScalingMetricEvaluator[m [33m[WARN ][default/flink] A4S: No miss rate curve found for vertex e3dfc0d7e9ecd8a43f85f0b68ebf3b80, skipping
[m[33m2026-03-22 21:53:44,686[m [36mo.a.f.a.ScalingMetricEvaluator[m [36m[DEBUG][default/flink] A4S: Evaluating metrics for vertex 29c6de9b0f6c5486908e9bb66a93ee45
[m[33m2026-03-22 21:53:59,833[m [36mo.a.f.a.ScalingMetricEvaluator[m [36m[DEBUG][default/flink] A4S: Evaluating metrics for vertex e3dfc0d7e9ecd8a43f85f0b68ebf3b80
[m[33m2026-03-22 21:53:59,833[m [36mo.a.f.a.ScalingMetricEvaluator[m [33m[WARN ][default/flink] A4S: No miss rate curve found for vertex e3dfc0d7e9ecd8a43f85f0b68ebf3b80, skipping
[m[33m2026-03-22 21:53:59,833[m [36mo.a.f.a.ScalingMetricEvaluator[m [36m[DEBUG][default/flink] A4S: Evaluating metrics for vertex 29c6de9b0f6c5486908e9bb66a93ee45
[m[33m2026-03-22 21:54:14,976[m [36mo.a.f.a.ScalingMetricEvaluator[m [36m[DEBUG][default/flink] A4S: Evaluating metrics for vertex e3dfc0d7e9ecd8a43f85f0b68ebf3b80
[m[33m2026-03-22 21:54:14,976[m [36mo.a.f.a.ScalingMetricEvaluator[m [33m[WARN ][default/flink] A4S: No miss rate curve found for vertex e3dfc0d7e9ecd8a43f85f0b68ebf3b80, skipping
[m[33m2026-03-22 21:54:14,976[m [36mo.a.f.a.ScalingMetricEvaluator[m [36m[DEBUG][default/flink] A4S: Evaluating metrics for vertex 29c6de9b0f6c5486908e9bb66a93ee45
[m[33m2026-03-22 21:54:30,108[m [36mo.a.f.a.ScalingMetricEvaluator[m [36m[DEBUG][default/flink] A4S: Evaluating metrics for vertex e3dfc0d7e9ecd8a43f85f0b68ebf3b80
[m[33m2026-03-22 21:54:30,108[m [36mo.a.f.a.ScalingMetricEvaluator[m [33m[WARN ][default/flink] A4S: No miss rate curve found for vertex e3dfc0d7e9ecd8a43f85f0b68ebf3b80, skipping
[m[33m2026-03-22 21:54:30,108[m [36mo.a.f.a.ScalingMetricEvaluator[m [36m[DEBUG][default/flink] A4S: Evaluating metrics for vertex 29c6de9b0f6c5486908e9bb66a93ee45
[m[33m2026-03-22 21:54:45,258[m [36mo.a.f.a.ScalingMetricEvaluator[m [36m[DEBUG][default/flink] A4S: Evaluating metrics for vertex e3dfc0d7e9ecd8a43f85f0b68ebf3b80
[m[33m2026-03-22 21:54:45,258[m [36mo.a.f.a.ScalingMetricEvaluator[m [33m[WARN ][default/flink] A4S: No miss rate curve found for vertex e3dfc0d7e9ecd8a43f85f0b68ebf3b80, skipping
[m[33m2026-03-22 21:54:45,258[m [36mo.a.f.a.ScalingMetricEvaluator[m [36m[DEBUG][default/flink] A4S: Evaluating metrics for vertex 29c6de9b0f6c5486908e9bb66a93ee45
[m[33m2026-03-22 21:55:00,434[m [36mo.a.f.a.ScalingMetricEvaluator[m [36m[DEBUG][default/flink] A4S: Evaluating metrics for vertex e3dfc0d7e9ecd8a43f85f0b68ebf3b80
[m[33m2026-03-22 21:55:00,434[m [36mo.a.f.a.ScalingMetricEvaluator[m [33m[WARN ][default/flink] A4S: No miss rate curve found for vertex e3dfc0d7e9ecd8a43f85f0b68ebf3b80, skipping
[m[33m2026-03-22 21:55:00,434[m [36mo.a.f.a.ScalingMetricEvaluator[m [36m[DEBUG][default/flink] A4S: Evaluating metrics for vertex 29c6de9b0f6c5486908e9bb66a93ee45
[m[33m2026-03-22 21:55:15,600[m [36mo.a.f.a.ScalingMetricEvaluator[m [36m[DEBUG][default/flink] A4S: Evaluating metrics for vertex e3dfc0d7e9ecd8a43f85f0b68ebf3b80
[m[33m2026-03-22 21:55:15,600[m [36mo.a.f.a.ScalingMetricEvaluator[m [33m[WARN ][default/flink] A4S: No miss rate curve found for vertex e3dfc0d7e9ecd8a43f85f0b68ebf3b80, skipping
[m[33m2026-03-22 21:55:15,600[m [36mo.a.f.a.ScalingMetricEvaluator[m [36m[DEBUG][default/flink] A4S: Evaluating metrics for vertex 29c6de9b0f6c5486908e9bb66a93ee45
[m[33m2026-03-22 21:55:30,751[m [36mo.a.f.a.ScalingMetricEvaluator[m [36m[DEBUG][default/flink] A4S: Evaluating metrics for vertex e3dfc0d7e9ecd8a43f85f0b68ebf3b80
[m[33m2026-03-22 21:55:30,751[m [36mo.a.f.a.ScalingMetricEvaluator[m [33m[WARN ][default/flink] A4S: No miss rate curve found for vertex e3dfc0d7e9ecd8a43f85f0b68ebf3b80, skipping
[m[33m2026-03-22 21:55:30,751[m [36mo.a.f.a.ScalingMetricEvaluator[m [36m[DEBUG][default/flink] A4S: Evaluating metrics for vertex 29c6de9b0f6c5486908e9bb66a93ee45
[m[33m2026-03-22 21:55:45,890[m [36mo.a.f.a.ScalingMetricEvaluator[m [36m[DEBUG][default/flink] A4S: Evaluating metrics for vertex e3dfc0d7e9ecd8a43f85f0b68ebf3b80
[m[33m2026-03-22 21:55:45,890[m [36mo.a.f.a.ScalingMetricEvaluator[m [33m[WARN ][default/flink] A4S: No miss rate curve found for vertex e3dfc0d7e9ecd8a43f85f0b68ebf3b80, skipping
[m[33m2026-03-22 21:55:45,890[m [36mo.a.f.a.ScalingMetricEvaluator[m [36m[DEBUG][default/flink] A4S: Evaluating metrics for vertex 29c6de9b0f6c5486908e9bb66a93ee45
[m[33m2026-03-22 21:56:01,018[m [36mo.a.f.a.ScalingMetricEvaluator[m [36m[DEBUG][default/flink] A4S: Evaluating metrics for vertex e3dfc0d7e9ecd8a43f85f0b68ebf3b80
[m[33m2026-03-22 21:56:01,018[m [36mo.a.f.a.ScalingMetricEvaluator[m [33m[WARN ][default/flink] A4S: No miss rate curve found for vertex e3dfc0d7e9ecd8a43f85f0b68ebf3b80, skipping
[m[33m2026-03-22 21:56:01,018[m [36mo.a.f.a.ScalingMetricEvaluator[m [36m[DEBUG][default/flink] A4S: Evaluating metrics for vertex 29c6de9b0f6c5486908e9bb66a93ee45
[m[33m2026-03-22 21:56:16,186[m [36mo.a.f.a.ScalingMetricEvaluator[m [36m[DEBUG][default/flink] A4S: Evaluating metrics for vertex e3dfc0d7e9ecd8a43f85f0b68ebf3b80
[m[33m2026-03-22 21:56:16,186[m [36mo.a.f.a.ScalingMetricEvaluator[m [33m[WARN ][default/flink] A4S: No miss rate curve found for vertex e3dfc0d7e9ecd8a43f85f0b68ebf3b80, skipping
[m[33m2026-03-22 21:56:16,186[m [36mo.a.f.a.ScalingMetricEvaluator[m [36m[DEBUG][default/flink] A4S: Evaluating metrics for vertex 29c6de9b0f6c5486908e9bb66a93ee45
[m[33m2026-03-22 21:56:31,324[m [36mo.a.f.a.ScalingMetricEvaluator[m [36m[DEBUG][default/flink] A4S: Evaluating metrics for vertex e3dfc0d7e9ecd8a43f85f0b68ebf3b80
[m[33m2026-03-22 21:56:31,324[m [36mo.a.f.a.ScalingMetricEvaluator[m [33m[WARN ][default/flink] A4S: No miss rate curve found for vertex e3dfc0d7e9ecd8a43f85f0b68ebf3b80, skipping
[m[33m2026-03-22 21:56:31,324[m [36mo.a.f.a.ScalingMetricEvaluator[m [36m[DEBUG][default/flink] A4S: Evaluating metrics for vertex 29c6de9b0f6c5486908e9bb66a93ee45
[m[33m2026-03-22 21:56:46,458[m [36mo.a.f.a.ScalingMetricEvaluator[m [36m[DEBUG][default/flink] A4S: Evaluating metrics for vertex e3dfc0d7e9ecd8a43f85f0b68ebf3b80
[m[33m2026-03-22 21:56:46,459[m [36mo.a.f.a.ScalingMetricEvaluator[m [33m[WARN ][default/flink] A4S: No miss rate curve found for vertex e3dfc0d7e9ecd8a43f85f0b68ebf3b80, skipping
[m[33m2026-03-22 21:56:46,459[m [36mo.a.f.a.ScalingMetricEvaluator[m [36m[DEBUG][default/flink] A4S: Evaluating metrics for vertex 29c6de9b0f6c5486908e9bb66a93ee45
[m[33m2026-03-22 21:57:01,599[m [36mo.a.f.a.ScalingMetricEvaluator[m [36m[DEBUG][default/flink] A4S: Evaluating metrics for vertex e3dfc0d7e9ecd8a43f85f0b68ebf3b80
[m[33m2026-03-22 21:57:01,599[m [36mo.a.f.a.ScalingMetricEvaluator[m [33m[WARN ][default/flink] A4S: No miss rate curve found for vertex e3dfc0d7e9ecd8a43f85f0b68ebf3b80, skipping
[m[33m2026-03-22 21:57:01,600[m [36mo.a.f.a.ScalingMetricEvaluator[m [36m[DEBUG][default/flink] A4S: Evaluating metrics for vertex 29c6de9b0f6c5486908e9bb66a93ee45
[m[33m2026-03-22 21:57:16,734[m [36mo.a.f.a.ScalingMetricEvaluator[m [36m[DEBUG][default/flink] A4S: Evaluating metrics for vertex e3dfc0d7e9ecd8a43f85f0b68ebf3b80
[m[33m2026-03-22 21:57:16,734[m [36mo.a.f.a.ScalingMetricEvaluator[m [33m[WARN ][default/flink] A4S: No miss rate curve found for vertex e3dfc0d7e9ecd8a43f85f0b68ebf3b80, skipping
[m[33m2026-03-22 21:57:16,734[m [36mo.a.f.a.ScalingMetricEvaluator[m [36m[DEBUG][default/flink] A4S: Evaluating metrics for vertex 29c6de9b0f6c5486908e9bb66a93ee45
[m[33m2026-03-22 21:57:31,874[m [36mo.a.f.a.ScalingMetricEvaluator[m [36m[DEBUG][default/flink] A4S: Evaluating metrics for vertex e3dfc0d7e9ecd8a43f85f0b68ebf3b80
[m[33m2026-03-22 21:57:31,874[m [36mo.a.f.a.ScalingMetricEvaluator[m [33m[WARN ][default/flink] A4S: No miss rate curve found for vertex e3dfc0d7e9ecd8a43f85f0b68ebf3b80, skipping
[m[33m2026-03-22 21:57:31,874[m [36mo.a.f.a.ScalingMetricEvaluator[m [36m[DEBUG][default/flink] A4S: Evaluating metrics for vertex 29c6de9b0f6c5486908e9bb66a93ee45
[m[33m2026-03-22 21:57:47,028[m [36mo.a.f.a.ScalingMetricEvaluator[m [36m[DEBUG][default/flink] A4S: Evaluating metrics for vertex e3dfc0d7e9ecd8a43f85f0b68ebf3b80
[m[33m2026-03-22 21:57:47,028[m [36mo.a.f.a.ScalingMetricEvaluator[m [33m[WARN ][default/flink] A4S: No miss rate curve found for vertex e3dfc0d7e9ecd8a43f85f0b68ebf3b80, skipping
[m[33m2026-03-22 21:57:47,028[m [36mo.a.f.a.ScalingMetricEvaluator[m [36m[DEBUG][default/flink] A4S: Evaluating metrics for vertex 29c6de9b0f6c5486908e9bb66a93ee45
[m[33m2026-03-22 21:58:02,195[m [36mo.a.f.a.ScalingMetricEvaluator[m [36m[DEBUG][default/flink] A4S: Evaluating metrics for vertex e3dfc0d7e9ecd8a43f85f0b68ebf3b80
[m[33m2026-03-22 21:58:02,195[m [36mo.a.f.a.ScalingMetricEvaluator[m [33m[WARN ][default/flink] A4S: No miss rate curve found for vertex e3dfc0d7e9ecd8a43f85f0b68ebf3b80, skipping
[m[33m2026-03-22 21:58:02,196[m [36mo.a.f.a.ScalingMetricEvaluator[m [36m[DEBUG][default/flink] A4S: Evaluating metrics for vertex 29c6de9b0f6c5486908e9bb66a93ee45
[m[33m2026-03-22 21:58:17,360[m [36mo.a.f.a.ScalingMetricEvaluator[m [36m[DEBUG][default/flink] A4S: Evaluating metrics for vertex e3dfc0d7e9ecd8a43f85f0b68ebf3b80
[m[33m2026-03-22 21:58:17,360[m [36mo.a.f.a.ScalingMetricEvaluator[m [33m[WARN ][default/flink] A4S: No miss rate curve found for vertex e3dfc0d7e9ecd8a43f85f0b68ebf3b80, skipping
[m[33m2026-03-22 21:58:17,361[m [36mo.a.f.a.ScalingMetricEvaluator[m [36m[DEBUG][default/flink] A4S: Evaluating metrics for vertex 29c6de9b0f6c5486908e9bb66a93ee45
[m[33m2026-03-22 21:58:32,518[m [36mo.a.f.a.ScalingMetricEvaluator[m [36m[DEBUG][default/flink] A4S: Evaluating metrics for vertex e3dfc0d7e9ecd8a43f85f0b68ebf3b80
[m[33m2026-03-22 21:58:32,518[m [36mo.a.f.a.ScalingMetricEvaluator[m [33m[WARN ][default/flink] A4S: No miss rate curve found for vertex e3dfc0d7e9ecd8a43f85f0b68ebf3b80, skipping
[m[33m2026-03-22 21:58:32,518[m [36mo.a.f.a.ScalingMetricEvaluator[m [36m[DEBUG][default/flink] A4S: Evaluating metrics for vertex 29c6de9b0f6c5486908e9bb66a93ee45
[m[33m2026-03-22 21:58:47,667[m [36mo.a.f.a.ScalingMetricEvaluator[m [36m[DEBUG][default/flink] A4S: Evaluating metrics for vertex e3dfc0d7e9ecd8a43f85f0b68ebf3b80
[m[33m2026-03-22 21:58:47,667[m [36mo.a.f.a.ScalingMetricEvaluator[m [33m[WARN ][default/flink] A4S: No miss rate curve found for vertex e3dfc0d7e9ecd8a43f85f0b68ebf3b80, skipping
[m[33m2026-03-22 21:58:47,667[m [36mo.a.f.a.ScalingMetricEvaluator[m [36m[DEBUG][default/flink] A4S: Evaluating metrics for vertex 29c6de9b0f6c5486908e9bb66a93ee45
[m[33m2026-03-22 21:59:02,869[m [36mo.a.f.a.ScalingMetricEvaluator[m [36m[DEBUG][default/flink] A4S: Evaluating metrics for vertex e3dfc0d7e9ecd8a43f85f0b68ebf3b80
[m[33m2026-03-22 21:59:02,869[m [36mo.a.f.a.ScalingMetricEvaluator[m [33m[WARN ][default/flink] A4S: No miss rate curve found for vertex e3dfc0d7e9ecd8a43f85f0b68ebf3b80, skipping
[m[33m2026-03-22 21:59:02,869[m [36mo.a.f.a.ScalingMetricEvaluator[m [36m[DEBUG][default/flink] A4S: Evaluating metrics for vertex 29c6de9b0f6c5486908e9bb66a93ee45
[m[33m2026-03-22 21:59:18,017[m [36mo.a.f.a.ScalingMetricEvaluator[m [36m[DEBUG][default/flink] A4S: Evaluating metrics for vertex e3dfc0d7e9ecd8a43f85f0b68ebf3b80
[m[33m2026-03-22 21:59:18,017[m [36mo.a.f.a.ScalingMetricEvaluator[m [33m[WARN ][default/flink] A4S: No miss rate curve found for vertex e3dfc0d7e9ecd8a43f85f0b68ebf3b80, skipping
[m[33m2026-03-22 21:59:18,017[m [36mo.a.f.a.ScalingMetricEvaluator[m [36m[DEBUG][default/flink] A4S: Evaluating metrics for vertex 29c6de9b0f6c5486908e9bb66a93ee45
[m[33m2026-03-22 21:59:33,159[m [36mo.a.f.a.ScalingMetricEvaluator[m [36m[DEBUG][default/flink] A4S: Evaluating metrics for vertex e3dfc0d7e9ecd8a43f85f0b68ebf3b80
[m[33m2026-03-22 21:59:33,160[m [36mo.a.f.a.ScalingMetricEvaluator[m [33m[WARN ][default/flink] A4S: No miss rate curve found for vertex e3dfc0d7e9ecd8a43f85f0b68ebf3b80, skipping
[m[33m2026-03-22 21:59:33,160[m [36mo.a.f.a.ScalingMetricEvaluator[m [36m[DEBUG][default/flink] A4S: Evaluating metrics for vertex 29c6de9b0f6c5486908e9bb66a93ee45
[m[33m2026-03-22 21:59:48,311[m [36mo.a.f.a.ScalingMetricEvaluator[m [36m[DEBUG][default/flink] A4S: Evaluating metrics for vertex e3dfc0d7e9ecd8a43f85f0b68ebf3b80
[m[33m2026-03-22 21:59:48,311[m [36mo.a.f.a.ScalingMetricEvaluator[m [33m[WARN ][default/flink] A4S: No miss rate curve found for vertex e3dfc0d7e9ecd8a43f85f0b68ebf3b80, skipping
[m[33m2026-03-22 21:59:48,311[m [36mo.a.f.a.ScalingMetricEvaluator[m [36m[DEBUG][default/flink] A4S: Evaluating metrics for vertex 29c6de9b0f6c5486908e9bb66a93ee45
[m[33m2026-03-22 22:00:03,460[m [36mo.a.f.a.ScalingMetricEvaluator[m [36m[DEBUG][default/flink] A4S: Evaluating metrics for vertex e3dfc0d7e9ecd8a43f85f0b68ebf3b80
[m[33m2026-03-22 22:00:03,460[m [36mo.a.f.a.ScalingMetricEvaluator[m [33m[WARN ][default/flink] A4S: No miss rate curve found for vertex e3dfc0d7e9ecd8a43f85f0b68ebf3b80, skipping
[m[33m2026-03-22 22:00:03,460[m [36mo.a.f.a.ScalingMetricEvaluator[m [36m[DEBUG][default/flink] A4S: Evaluating metrics for vertex 29c6de9b0f6c5486908e9bb66a93ee45
[m[33m2026-03-22 22:00:18,621[m [36mo.a.f.a.ScalingMetricEvaluator[m [36m[DEBUG][default/flink] A4S: Evaluating metrics for vertex e3dfc0d7e9ecd8a43f85f0b68ebf3b80
[m[33m2026-03-22 22:00:18,621[m [36mo.a.f.a.ScalingMetricEvaluator[m [33m[WARN ][default/flink] A4S: No miss rate curve found for vertex e3dfc0d7e9ecd8a43f85f0b68ebf3b80, skipping
[m[33m2026-03-22 22:00:18,621[m [36mo.a.f.a.ScalingMetricEvaluator[m [36m[DEBUG][default/flink] A4S: Evaluating metrics for vertex 29c6de9b0f6c5486908e9bb66a93ee45
[m[33m2026-03-22 22:00:33,780[m [36mo.a.f.a.ScalingMetricEvaluator[m [36m[DEBUG][default/flink] A4S: Evaluating metrics for vertex e3dfc0d7e9ecd8a43f85f0b68ebf3b80
[m[33m2026-03-22 22:00:33,780[m [36mo.a.f.a.ScalingMetricEvaluator[m [33m[WARN ][default/flink] A4S: No miss rate curve found for vertex e3dfc0d7e9ecd8a43f85f0b68ebf3b80, skipping
[m[33m2026-03-22 22:00:33,780[m [36mo.a.f.a.ScalingMetricEvaluator[m [36m[DEBUG][default/flink] A4S: Evaluating metrics for vertex 29c6de9b0f6c5486908e9bb66a93ee45
[m[33m2026-03-22 22:00:48,930[m [36mo.a.f.a.ScalingMetricEvaluator[m [36m[DEBUG][default/flink] A4S: Evaluating metrics for vertex e3dfc0d7e9ecd8a43f85f0b68ebf3b80
[m[33m2026-03-22 22:00:48,930[m [36mo.a.f.a.ScalingMetricEvaluator[m [33m[WARN ][default/flink] A4S: No miss rate curve found for vertex e3dfc0d7e9ecd8a43f85f0b68ebf3b80, skipping
[m[33m2026-03-22 22:00:48,930[m [36mo.a.f.a.ScalingMetricEvaluator[m [36m[DEBUG][default/flink] A4S: Evaluating metrics for vertex 29c6de9b0f6c5486908e9bb66a93ee45
[m[33m2026-03-22 22:01:04,091[m [36mo.a.f.a.ScalingMetricEvaluator[m [36m[DEBUG][default/flink] A4S: Evaluating metrics for vertex e3dfc0d7e9ecd8a43f85f0b68ebf3b80
[m[33m2026-03-22 22:01:04,091[m [36mo.a.f.a.ScalingMetricEvaluator[m [33m[WARN ][default/flink] A4S: No miss rate curve found for vertex e3dfc0d7e9ecd8a43f85f0b68ebf3b80, skipping
[m[33m2026-03-22 22:01:04,091[m [36mo.a.f.a.ScalingMetricEvaluator[m [36m[DEBUG][default/flink] A4S: Evaluating metrics for vertex 29c6de9b0f6c5486908e9bb66a93ee45
[m[33m2026-03-22 22:01:19,250[m [36mo.a.f.a.ScalingMetricEvaluator[m [36m[DEBUG][default/flink] A4S: Evaluating metrics for vertex e3dfc0d7e9ecd8a43f85f0b68ebf3b80
[m[33m2026-03-22 22:01:19,250[m [36mo.a.f.a.ScalingMetricEvaluator[m [33m[WARN ][default/flink] A4S: No miss rate curve found for vertex e3dfc0d7e9ecd8a43f85f0b68ebf3b80, skipping
[m[33m2026-03-22 22:01:19,251[m [36mo.a.f.a.ScalingMetricEvaluator[m [36m[DEBUG][default/flink] A4S: Evaluating metrics for vertex 29c6de9b0f6c5486908e9bb66a93ee45
[m[33m2026-03-22 22:01:34,404[m [36mo.a.f.a.ScalingMetricEvaluator[m [36m[DEBUG][default/flink] A4S: Evaluating metrics for vertex e3dfc0d7e9ecd8a43f85f0b68ebf3b80
[m[33m2026-03-22 22:01:34,404[m [36mo.a.f.a.ScalingMetricEvaluator[m [33m[WARN ][default/flink] A4S: No miss rate curve found for vertex e3dfc0d7e9ecd8a43f85f0b68ebf3b80, skipping
[m[33m2026-03-22 22:01:34,404[m [36mo.a.f.a.ScalingMetricEvaluator[m [36m[DEBUG][default/flink] A4S: Evaluating metrics for vertex 29c6de9b0f6c5486908e9bb66a93ee45
[m[33m2026-03-22 22:01:49,566[m [36mo.a.f.a.ScalingMetricEvaluator[m [36m[DEBUG][default/flink] A4S: Evaluating metrics for vertex e3dfc0d7e9ecd8a43f85f0b68ebf3b80
[m[33m2026-03-22 22:01:49,566[m [36mo.a.f.a.ScalingMetricEvaluator[m [33m[WARN ][default/flink] A4S: No miss rate curve found for vertex e3dfc0d7e9ecd8a43f85f0b68ebf3b80, skipping
[m[33m2026-03-22 22:01:49,566[m [36mo.a.f.a.ScalingMetricEvaluator[m [36m[DEBUG][default/flink] A4S: Evaluating metrics for vertex 29c6de9b0f6c5486908e9bb66a93ee45
[m[33m2026-03-22 22:02:04,715[m [36mo.a.f.a.ScalingMetricEvaluator[m [36m[DEBUG][default/flink] A4S: Evaluating metrics for vertex e3dfc0d7e9ecd8a43f85f0b68ebf3b80
[m[33m2026-03-22 22:02:04,715[m [36mo.a.f.a.ScalingMetricEvaluator[m [33m[WARN ][default/flink] A4S: No miss rate curve found for vertex e3dfc0d7e9ecd8a43f85f0b68ebf3b80, skipping
[m[33m2026-03-22 22:02:04,715[m [36mo.a.f.a.ScalingMetricEvaluator[m [36m[DEBUG][default/flink] A4S: Evaluating metrics for vertex 29c6de9b0f6c5486908e9bb66a93ee45
[m[33m2026-03-22 22:02:19,855[m [36mo.a.f.a.ScalingMetricEvaluator[m [36m[DEBUG][default/flink] A4S: Evaluating metrics for vertex e3dfc0d7e9ecd8a43f85f0b68ebf3b80
[m[33m2026-03-22 22:02:19,855[m [36mo.a.f.a.ScalingMetricEvaluator[m [33m[WARN ][default/flink] A4S: No miss rate curve found for vertex e3dfc0d7e9ecd8a43f85f0b68ebf3b80, skipping
[m[33m2026-03-22 22:02:19,855[m [36mo.a.f.a.ScalingMetricEvaluator[m [36m[DEBUG][default/flink] A4S: Evaluating metrics for vertex 29c6de9b0f6c5486908e9bb66a93ee45
[m[33m2026-03-22 22:02:34,999[m [36mo.a.f.a.ScalingMetricEvaluator[m [36m[DEBUG][default/flink] A4S: Evaluating metrics for vertex e3dfc0d7e9ecd8a43f85f0b68ebf3b80
[m[33m2026-03-22 22:02:34,999[m [36mo.a.f.a.ScalingMetricEvaluator[m [33m[WARN ][default/flink] A4S: No miss rate curve found for vertex e3dfc0d7e9ecd8a43f85f0b68ebf3b80, skipping
[m[33m2026-03-22 22:02:34,999[m [36mo.a.f.a.ScalingMetricEvaluator[m [36m[DEBUG][default/flink] A4S: Evaluating metrics for vertex 29c6de9b0f6c5486908e9bb66a93ee45
[m[33m2026-03-22 22:02:50,141[m [36mo.a.f.a.ScalingMetricEvaluator[m [36m[DEBUG][default/flink] A4S: Evaluating metrics for vertex e3dfc0d7e9ecd8a43f85f0b68ebf3b80
[m[33m2026-03-22 22:02:50,141[m [36mo.a.f.a.ScalingMetricEvaluator[m [33m[WARN ][default/flink] A4S: No miss rate curve found for vertex e3dfc0d7e9ecd8a43f85f0b68ebf3b80, skipping
[m[33m2026-03-22 22:02:50,141[m [36mo.a.f.a.ScalingMetricEvaluator[m [36m[DEBUG][default/flink] A4S: Evaluating metrics for vertex 29c6de9b0f6c5486908e9bb66a93ee45
[m[33m2026-03-22 22:03:05,282[m [36mo.a.f.a.ScalingMetricEvaluator[m [36m[DEBUG][default/flink] A4S: Evaluating metrics for vertex e3dfc0d7e9ecd8a43f85f0b68ebf3b80
[m[33m2026-03-22 22:03:05,282[m [36mo.a.f.a.ScalingMetricEvaluator[m [33m[WARN ][default/flink] A4S: No miss rate curve found for vertex e3dfc0d7e9ecd8a43f85f0b68ebf3b80, skipping
[m[33m2026-03-22 22:03:05,282[m [36mo.a.f.a.ScalingMetricEvaluator[m [36m[DEBUG][default/flink] A4S: Evaluating metrics for vertex 29c6de9b0f6c5486908e9bb66a93ee45
[m[33m2026-03-22 22:03:20,418[m [36mo.a.f.a.ScalingMetricEvaluator[m [36m[DEBUG][default/flink] A4S: Evaluating metrics for vertex e3dfc0d7e9ecd8a43f85f0b68ebf3b80
[m[33m2026-03-22 22:03:20,418[m [36mo.a.f.a.ScalingMetricEvaluator[m [33m[WARN ][default/flink] A4S: No miss rate curve found for vertex e3dfc0d7e9ecd8a43f85f0b68ebf3b80, skipping
[m[33m2026-03-22 22:03:20,419[m [36mo.a.f.a.ScalingMetricEvaluator[m [36m[DEBUG][default/flink] A4S: Evaluating metrics for vertex 29c6de9b0f6c5486908e9bb66a93ee45
[m[33m2026-03-22 22:03:35,723[m [36mo.a.f.a.ScalingMetricEvaluator[m [36m[DEBUG][default/flink] A4S: Evaluating metrics for vertex e3dfc0d7e9ecd8a43f85f0b68ebf3b80
[m[33m2026-03-22 22:03:35,723[m [36mo.a.f.a.ScalingMetricEvaluator[m [33m[WARN ][default/flink] A4S: No miss rate curve found for vertex e3dfc0d7e9ecd8a43f85f0b68ebf3b80, skipping
[m[33m2026-03-22 22:03:35,723[m [36mo.a.f.a.ScalingMetricEvaluator[m [36m[DEBUG][default/flink] A4S: Evaluating metrics for vertex 29c6de9b0f6c5486908e9bb66a93ee45
[m[33m2026-03-22 22:03:50,894[m [36mo.a.f.a.ScalingMetricEvaluator[m [36m[DEBUG][default/flink] A4S: Evaluating metrics for vertex e3dfc0d7e9ecd8a43f85f0b68ebf3b80
[m[33m2026-03-22 22:03:50,894[m [36mo.a.f.a.ScalingMetricEvaluator[m [33m[WARN ][default/flink] A4S: No miss rate curve found for vertex e3dfc0d7e9ecd8a43f85f0b68ebf3b80, skipping
[m[33m2026-03-22 22:03:50,894[m [36mo.a.f.a.ScalingMetricEvaluator[m [36m[DEBUG][default/flink] A4S: Evaluating metrics for vertex 29c6de9b0f6c5486908e9bb66a93ee45
[m[33m2026-03-22 22:04:06,039[m [36mo.a.f.a.ScalingMetricEvaluator[m [36m[DEBUG][default/flink] A4S: Evaluating metrics for vertex e3dfc0d7e9ecd8a43f85f0b68ebf3b80
[m[33m2026-03-22 22:04:06,039[m [36mo.a.f.a.ScalingMetricEvaluator[m [33m[WARN ][default/flink] A4S: No miss rate curve found for vertex e3dfc0d7e9ecd8a43f85f0b68ebf3b80, skipping
[m[33m2026-03-22 22:04:06,039[m [36mo.a.f.a.ScalingMetricEvaluator[m [36m[DEBUG][default/flink] A4S: Evaluating metrics for vertex 29c6de9b0f6c5486908e9bb66a93ee45
[m[33m2026-03-22 22:04:21,172[m [36mo.a.f.a.ScalingMetricEvaluator[m [36m[DEBUG][default/flink] A4S: Evaluating metrics for vertex e3dfc0d7e9ecd8a43f85f0b68ebf3b80
[m[33m2026-03-22 22:04:21,172[m [36mo.a.f.a.ScalingMetricEvaluator[m [33m[WARN ][default/flink] A4S: No miss rate curve found for vertex e3dfc0d7e9ecd8a43f85f0b68ebf3b80, skipping
[m[33m2026-03-22 22:04:21,173[m [36mo.a.f.a.ScalingMetricEvaluator[m [36m[DEBUG][default/flink] A4S: Evaluating metrics for vertex 29c6de9b0f6c5486908e9bb66a93ee45
[m[33m2026-03-22 22:04:36,316[m [36mo.a.f.a.ScalingMetricEvaluator[m [36m[DEBUG][default/flink] A4S: Evaluating metrics for vertex e3dfc0d7e9ecd8a43f85f0b68ebf3b80
[m[33m2026-03-22 22:04:36,316[m [36mo.a.f.a.ScalingMetricEvaluator[m [33m[WARN ][default/flink] A4S: No miss rate curve found for vertex e3dfc0d7e9ecd8a43f85f0b68ebf3b80, skipping
[m[33m2026-03-22 22:04:36,317[m [36mo.a.f.a.ScalingMetricEvaluator[m [36m[DEBUG][default/flink] A4S: Evaluating metrics for vertex 29c6de9b0f6c5486908e9bb66a93ee45
[m[33m2026-03-22 22:04:51,473[m [36mo.a.f.a.ScalingMetricEvaluator[m [36m[DEBUG][default/flink] A4S: Evaluating metrics for vertex e3dfc0d7e9ecd8a43f85f0b68ebf3b80
[m[33m2026-03-22 22:04:51,473[m [36mo.a.f.a.ScalingMetricEvaluator[m [33m[WARN ][default/flink] A4S: No miss rate curve found for vertex e3dfc0d7e9ecd8a43f85f0b68ebf3b80, skipping
[m[33m2026-03-22 22:04:51,474[m [36mo.a.f.a.ScalingMetricEvaluator[m [36m[DEBUG][default/flink] A4S: Evaluating metrics for vertex 29c6de9b0f6c5486908e9bb66a93ee45
[m[33m2026-03-22 22:05:06,617[m [36mo.a.f.a.ScalingMetricEvaluator[m [36m[DEBUG][default/flink] A4S: Evaluating metrics for vertex e3dfc0d7e9ecd8a43f85f0b68ebf3b80
[m[33m2026-03-22 22:05:06,617[m [36mo.a.f.a.ScalingMetricEvaluator[m [33m[WARN ][default/flink] A4S: No miss rate curve found for vertex e3dfc0d7e9ecd8a43f85f0b68ebf3b80, skipping
[m[33m2026-03-22 22:05:06,617[m [36mo.a.f.a.ScalingMetricEvaluator[m [36m[DEBUG][default/flink] A4S: Evaluating metrics for vertex 29c6de9b0f6c5486908e9bb66a93ee45
[m[33m2026-03-22 22:05:21,755[m [36mo.a.f.a.ScalingMetricEvaluator[m [36m[DEBUG][default/flink] A4S: Evaluating metrics for vertex e3dfc0d7e9ecd8a43f85f0b68ebf3b80
[m[33m2026-03-22 22:05:21,755[m [36mo.a.f.a.ScalingMetricEvaluator[m [33m[WARN ][default/flink] A4S: No miss rate curve found for vertex e3dfc0d7e9ecd8a43f85f0b68ebf3b80, skipping
[m[33m2026-03-22 22:05:21,755[m [36mo.a.f.a.ScalingMetricEvaluator[m [36m[DEBUG][default/flink] A4S: Evaluating metrics for vertex 29c6de9b0f6c5486908e9bb66a93ee45
[m[33m2026-03-22 22:05:36,902[m [36mo.a.f.a.ScalingMetricEvaluator[m [36m[DEBUG][default/flink] A4S: Evaluating metrics for vertex e3dfc0d7e9ecd8a43f85f0b68ebf3b80
[m[33m2026-03-22 22:05:36,902[m [36mo.a.f.a.ScalingMetricEvaluator[m [33m[WARN ][default/flink] A4S: No miss rate curve found for vertex e3dfc0d7e9ecd8a43f85f0b68ebf3b80, skipping
[m[33m2026-03-22 22:05:36,902[m [36mo.a.f.a.ScalingMetricEvaluator[m [36m[DEBUG][default/flink] A4S: Evaluating metrics for vertex 29c6de9b0f6c5486908e9bb66a93ee45
[m[33m2026-03-22 22:05:52,042[m [36mo.a.f.a.ScalingMetricEvaluator[m [36m[DEBUG][default/flink] A4S: Evaluating metrics for vertex e3dfc0d7e9ecd8a43f85f0b68ebf3b80
[m[33m2026-03-22 22:05:52,042[m [36mo.a.f.a.ScalingMetricEvaluator[m [33m[WARN ][default/flink] A4S: No miss rate curve found for vertex e3dfc0d7e9ecd8a43f85f0b68ebf3b80, skipping
[m[33m2026-03-22 22:05:52,042[m [36mo.a.f.a.ScalingMetricEvaluator[m [36m[DEBUG][default/flink] A4S: Evaluating metrics for vertex 29c6de9b0f6c5486908e9bb66a93ee45
[m[33m2026-03-22 22:06:07,168[m [36mo.a.f.a.ScalingMetricEvaluator[m [36m[DEBUG][default/flink] A4S: Evaluating metrics for vertex e3dfc0d7e9ecd8a43f85f0b68ebf3b80
[m[33m2026-03-22 22:06:07,168[m [36mo.a.f.a.ScalingMetricEvaluator[m [33m[WARN ][default/flink] A4S: No miss rate curve found for vertex e3dfc0d7e9ecd8a43f85f0b68ebf3b80, skipping
[m[33m2026-03-22 22:06:07,168[m [36mo.a.f.a.ScalingMetricEvaluator[m [36m[DEBUG][default/flink] A4S: Evaluating metrics for vertex 29c6de9b0f6c5486908e9bb66a93ee45
[m[33m2026-03-22 22:06:22,305[m [36mo.a.f.a.ScalingMetricEvaluator[m [36m[DEBUG][default/flink] A4S: Evaluating metrics for vertex e3dfc0d7e9ecd8a43f85f0b68ebf3b80
[m[33m2026-03-22 22:06:22,305[m [36mo.a.f.a.ScalingMetricEvaluator[m [33m[WARN ][default/flink] A4S: No miss rate curve found for vertex e3dfc0d7e9ecd8a43f85f0b68ebf3b80, skipping
[m[33m2026-03-22 22:06:22,305[m [36mo.a.f.a.ScalingMetricEvaluator[m [36m[DEBUG][default/flink] A4S: Evaluating metrics for vertex 29c6de9b0f6c5486908e9bb66a93ee45
[m[33m2026-03-22 22:06:37,439[m [36mo.a.f.a.ScalingMetricEvaluator[m [36m[DEBUG][default/flink] A4S: Evaluating metrics for vertex e3dfc0d7e9ecd8a43f85f0b68ebf3b80
[m[33m2026-03-22 22:06:37,439[m [36mo.a.f.a.ScalingMetricEvaluator[m [33m[WARN ][default/flink] A4S: No miss rate curve found for vertex e3dfc0d7e9ecd8a43f85f0b68ebf3b80, skipping
[m[33m2026-03-22 22:06:37,440[m [36mo.a.f.a.ScalingMetricEvaluator[m [36m[DEBUG][default/flink] A4S: Evaluating metrics for vertex 29c6de9b0f6c5486908e9bb66a93ee45
[m[33m2026-03-22 22:06:52,572[m [36mo.a.f.a.ScalingMetricEvaluator[m [36m[DEBUG][default/flink] A4S: Evaluating metrics for vertex e3dfc0d7e9ecd8a43f85f0b68ebf3b80
[m[33m2026-03-22 22:06:52,572[m [36mo.a.f.a.ScalingMetricEvaluator[m [33m[WARN ][default/flink] A4S: No miss rate curve found for vertex e3dfc0d7e9ecd8a43f85f0b68ebf3b80, skipping
[m[33m2026-03-22 22:06:52,572[m [36mo.a.f.a.ScalingMetricEvaluator[m [36m[DEBUG][default/flink] A4S: Evaluating metrics for vertex 29c6de9b0f6c5486908e9bb66a93ee45
[m[33m2026-03-22 22:07:07,698[m [36mo.a.f.a.ScalingMetricEvaluator[m [36m[DEBUG][default/flink] A4S: Evaluating metrics for vertex e3dfc0d7e9ecd8a43f85f0b68ebf3b80
[m[33m2026-03-22 22:07:07,698[m [36mo.a.f.a.ScalingMetricEvaluator[m [33m[WARN ][default/flink] A4S: No miss rate curve found for vertex e3dfc0d7e9ecd8a43f85f0b68ebf3b80, skipping
[m[33m2026-03-22 22:07:07,698[m [36mo.a.f.a.ScalingMetricEvaluator[m [36m[DEBUG][default/flink] A4S: Evaluating metrics for vertex 29c6de9b0f6c5486908e9bb66a93ee45
[m[33m2026-03-22 22:07:22,832[m [36mo.a.f.a.ScalingMetricEvaluator[m [36m[DEBUG][default/flink] A4S: Evaluating metrics for vertex e3dfc0d7e9ecd8a43f85f0b68ebf3b80
[m[33m2026-03-22 22:07:22,832[m [36mo.a.f.a.ScalingMetricEvaluator[m [33m[WARN ][default/flink] A4S: No miss rate curve found for vertex e3dfc0d7e9ecd8a43f85f0b68ebf3b80, skipping
[m[33m2026-03-22 22:07:22,832[m [36mo.a.f.a.ScalingMetricEvaluator[m [36m[DEBUG][default/flink] A4S: Evaluating metrics for vertex 29c6de9b0f6c5486908e9bb66a93ee45
[m[33m2026-03-22 22:07:37,969[m [36mo.a.f.a.ScalingMetricEvaluator[m [36m[DEBUG][default/flink] A4S: Evaluating metrics for vertex e3dfc0d7e9ecd8a43f85f0b68ebf3b80
[m[33m2026-03-22 22:07:37,969[m [36mo.a.f.a.ScalingMetricEvaluator[m [33m[WARN ][default/flink] A4S: No miss rate curve found for vertex e3dfc0d7e9ecd8a43f85f0b68ebf3b80, skipping
[m[33m2026-03-22 22:07:37,969[m [36mo.a.f.a.ScalingMetricEvaluator[m [36m[DEBUG][default/flink] A4S: Evaluating metrics for vertex 29c6de9b0f6c5486908e9bb66a93ee45
[m[33m2026-03-22 22:07:53,105[m [36mo.a.f.a.ScalingMetricEvaluator[m [36m[DEBUG][default/flink] A4S: Evaluating metrics for vertex e3dfc0d7e9ecd8a43f85f0b68ebf3b80
[m[33m2026-03-22 22:07:53,105[m [36mo.a.f.a.ScalingMetricEvaluator[m [33m[WARN ][default/flink] A4S: No miss rate curve found for vertex e3dfc0d7e9ecd8a43f85f0b68ebf3b80, skipping
[m[33m2026-03-22 22:07:53,105[m [36mo.a.f.a.ScalingMetricEvaluator[m [36m[DEBUG][default/flink] A4S: Evaluating metrics for vertex 29c6de9b0f6c5486908e9bb66a93ee45
[m[33m2026-03-22 22:08:08,251[m [36mo.a.f.a.ScalingMetricEvaluator[m [36m[DEBUG][default/flink] A4S: Evaluating metrics for vertex e3dfc0d7e9ecd8a43f85f0b68ebf3b80
[m[33m2026-03-22 22:08:08,251[m [36mo.a.f.a.ScalingMetricEvaluator[m [33m[WARN ][default/flink] A4S: No miss rate curve found for vertex e3dfc0d7e9ecd8a43f85f0b68ebf3b80, skipping
[m[33m2026-03-22 22:08:08,252[m [36mo.a.f.a.ScalingMetricEvaluator[m [36m[DEBUG][default/flink] A4S: Evaluating metrics for vertex 29c6de9b0f6c5486908e9bb66a93ee45
[m[33m2026-03-22 22:08:23,395[m [36mo.a.f.a.ScalingMetricEvaluator[m [36m[DEBUG][default/flink] A4S: Evaluating metrics for vertex e3dfc0d7e9ecd8a43f85f0b68ebf3b80
[m[33m2026-03-22 22:08:23,395[m [36mo.a.f.a.ScalingMetricEvaluator[m [33m[WARN ][default/flink] A4S: No miss rate curve found for vertex e3dfc0d7e9ecd8a43f85f0b68ebf3b80, skipping
[m[33m2026-03-22 22:08:23,395[m [36mo.a.f.a.ScalingMetricEvaluator[m [36m[DEBUG][default/flink] A4S: Evaluating metrics for vertex 29c6de9b0f6c5486908e9bb66a93ee45
[m[33m2026-03-22 22:08:38,569[m [36mo.a.f.a.ScalingMetricEvaluator[m [36m[DEBUG][default/flink] A4S: Evaluating metrics for vertex e3dfc0d7e9ecd8a43f85f0b68ebf3b80
[m[33m2026-03-22 22:08:38,569[m [36mo.a.f.a.ScalingMetricEvaluator[m [33m[WARN ][default/flink] A4S: No miss rate curve found for vertex e3dfc0d7e9ecd8a43f85f0b68ebf3b80, skipping
[m[33m2026-03-22 22:08:38,569[m [36mo.a.f.a.ScalingMetricEvaluator[m [36m[DEBUG][default/flink] A4S: Evaluating metrics for vertex 29c6de9b0f6c5486908e9bb66a93ee45
[m[33m2026-03-22 22:08:53,702[m [36mo.a.f.a.ScalingMetricEvaluator[m [36m[DEBUG][default/flink] A4S: Evaluating metrics for vertex e3dfc0d7e9ecd8a43f85f0b68ebf3b80
[m[33m2026-03-22 22:08:53,702[m [36mo.a.f.a.ScalingMetricEvaluator[m [33m[WARN ][default/flink] A4S: No miss rate curve found for vertex e3dfc0d7e9ecd8a43f85f0b68ebf3b80, skipping
[m[33m2026-03-22 22:08:53,702[m [36mo.a.f.a.ScalingMetricEvaluator[m [36m[DEBUG][default/flink] A4S: Evaluating metrics for vertex 29c6de9b0f6c5486908e9bb66a93ee45
[m[33m2026-03-22 22:09:08,841[m [36mo.a.f.a.ScalingMetricEvaluator[m [36m[DEBUG][default/flink] A4S: Evaluating metrics for vertex e3dfc0d7e9ecd8a43f85f0b68ebf3b80
[m[33m2026-03-22 22:09:08,841[m [36mo.a.f.a.ScalingMetricEvaluator[m [33m[WARN ][default/flink] A4S: No miss rate curve found for vertex e3dfc0d7e9ecd8a43f85f0b68ebf3b80, skipping
[m[33m2026-03-22 22:09:08,841[m [36mo.a.f.a.ScalingMetricEvaluator[m [36m[DEBUG][default/flink] A4S: Evaluating metrics for vertex 29c6de9b0f6c5486908e9bb66a93ee45
[m[33m2026-03-22 22:09:23,980[m [36mo.a.f.a.ScalingMetricEvaluator[m [36m[DEBUG][default/flink] A4S: Evaluating metrics for vertex e3dfc0d7e9ecd8a43f85f0b68ebf3b80
[m[33m2026-03-22 22:09:23,980[m [36mo.a.f.a.ScalingMetricEvaluator[m [33m[WARN ][default/flink] A4S: No miss rate curve found for vertex e3dfc0d7e9ecd8a43f85f0b68ebf3b80, skipping
[m[33m2026-03-22 22:09:23,980[m [36mo.a.f.a.ScalingMetricEvaluator[m [36m[DEBUG][default/flink] A4S: Evaluating metrics for vertex 29c6de9b0f6c5486908e9bb66a93ee45
[m[33m2026-03-22 22:09:39,124[m [36mo.a.f.a.ScalingMetricEvaluator[m [36m[DEBUG][default/flink] A4S: Evaluating metrics for vertex e3dfc0d7e9ecd8a43f85f0b68ebf3b80
[m[33m2026-03-22 22:09:39,124[m [36mo.a.f.a.ScalingMetricEvaluator[m [33m[WARN ][default/flink] A4S: No miss rate curve found for vertex e3dfc0d7e9ecd8a43f85f0b68ebf3b80, skipping
[m[33m2026-03-22 22:09:39,124[m [36mo.a.f.a.ScalingMetricEvaluator[m [36m[DEBUG][default/flink] A4S: Evaluating metrics for vertex 29c6de9b0f6c5486908e9bb66a93ee45
[m[33m2026-03-22 22:09:54,258[m [36mo.a.f.a.ScalingMetricEvaluator[m [36m[DEBUG][default/flink] A4S: Evaluating metrics for vertex e3dfc0d7e9ecd8a43f85f0b68ebf3b80
[m[33m2026-03-22 22:09:54,258[m [36mo.a.f.a.ScalingMetricEvaluator[m [33m[WARN ][default/flink] A4S: No miss rate curve found for vertex e3dfc0d7e9ecd8a43f85f0b68ebf3b80, skipping
[m[33m2026-03-22 22:09:54,258[m [36mo.a.f.a.ScalingMetricEvaluator[m [36m[DEBUG][default/flink] A4S: Evaluating metrics for vertex 29c6de9b0f6c5486908e9bb66a93ee45
[m[33m2026-03-22 22:10:09,391[m [36mo.a.f.a.ScalingMetricEvaluator[m [36m[DEBUG][default/flink] A4S: Evaluating metrics for vertex e3dfc0d7e9ecd8a43f85f0b68ebf3b80
[m[33m2026-03-22 22:10:09,391[m [36mo.a.f.a.ScalingMetricEvaluator[m [33m[WARN ][default/flink] A4S: No miss rate curve found for vertex e3dfc0d7e9ecd8a43f85f0b68ebf3b80, skipping
[m[33m2026-03-22 22:10:09,391[m [36mo.a.f.a.ScalingMetricEvaluator[m [36m[DEBUG][default/flink] A4S: Evaluating metrics for vertex 29c6de9b0f6c5486908e9bb66a93ee45
[m[33m2026-03-22 22:10:24,519[m [36mo.a.f.a.ScalingMetricEvaluator[m [36m[DEBUG][default/flink] A4S: Evaluating metrics for vertex e3dfc0d7e9ecd8a43f85f0b68ebf3b80
[m[33m2026-03-22 22:10:24,519[m [36mo.a.f.a.ScalingMetricEvaluator[m [33m[WARN ][default/flink] A4S: No miss rate curve found for vertex e3dfc0d7e9ecd8a43f85f0b68ebf3b80, skipping
[m[33m2026-03-22 22:10:24,520[m [36mo.a.f.a.ScalingMetricEvaluator[m [36m[DEBUG][default/flink] A4S: Evaluating metrics for vertex 29c6de9b0f6c5486908e9bb66a93ee45
[m[33m2026-03-22 22:10:39,644[m [36mo.a.f.a.ScalingMetricEvaluator[m [36m[DEBUG][default/flink] A4S: Evaluating metrics for vertex e3dfc0d7e9ecd8a43f85f0b68ebf3b80
[m[33m2026-03-22 22:10:39,644[m [36mo.a.f.a.ScalingMetricEvaluator[m [33m[WARN ][default/flink] A4S: No miss rate curve found for vertex e3dfc0d7e9ecd8a43f85f0b68ebf3b80, skipping
[m[33m2026-03-22 22:10:39,644[m [36mo.a.f.a.ScalingMetricEvaluator[m [36m[DEBUG][default/flink] A4S: Evaluating metrics for vertex 29c6de9b0f6c5486908e9bb66a93ee45
[m[33m2026-03-22 22:10:54,782[m [36mo.a.f.a.ScalingMetricEvaluator[m [36m[DEBUG][default/flink] A4S: Evaluating metrics for vertex e3dfc0d7e9ecd8a43f85f0b68ebf3b80
[m[33m2026-03-22 22:10:54,782[m [36mo.a.f.a.ScalingMetricEvaluator[m [33m[WARN ][default/flink] A4S: No miss rate curve found for vertex e3dfc0d7e9ecd8a43f85f0b68ebf3b80, skipping
[m[33m2026-03-22 22:10:54,782[m [36mo.a.f.a.ScalingMetricEvaluator[m [36m[DEBUG][default/flink] A4S: Evaluating metrics for vertex 29c6de9b0f6c5486908e9bb66a93ee45
[m[33m2026-03-22 22:11:09,912[m [36mo.a.f.a.ScalingMetricEvaluator[m [36m[DEBUG][default/flink] A4S: Evaluating metrics for vertex e3dfc0d7e9ecd8a43f85f0b68ebf3b80
[m[33m2026-03-22 22:11:09,912[m [36mo.a.f.a.ScalingMetricEvaluator[m [33m[WARN ][default/flink] A4S: No miss rate curve found for vertex e3dfc0d7e9ecd8a43f85f0b68ebf3b80, skipping
[m[33m2026-03-22 22:11:09,912[m [36mo.a.f.a.ScalingMetricEvaluator[m [36m[DEBUG][default/flink] A4S: Evaluating metrics for vertex 29c6de9b0f6c5486908e9bb66a93ee45
[m[33m2026-03-22 22:11:25,139[m [36mo.a.f.a.ScalingMetricEvaluator[m [36m[DEBUG][default/flink] A4S: Evaluating metrics for vertex e3dfc0d7e9ecd8a43f85f0b68ebf3b80
[m[33m2026-03-22 22:11:25,139[m [36mo.a.f.a.ScalingMetricEvaluator[m [33m[WARN ][default/flink] A4S: No miss rate curve found for vertex e3dfc0d7e9ecd8a43f85f0b68ebf3b80, skipping
[m[33m2026-03-22 22:11:25,139[m [36mo.a.f.a.ScalingMetricEvaluator[m [36m[DEBUG][default/flink] A4S: Evaluating metrics for vertex 29c6de9b0f6c5486908e9bb66a93ee45
[m[33m2026-03-22 22:11:40,270[m [36mo.a.f.a.ScalingMetricEvaluator[m [36m[DEBUG][default/flink] A4S: Evaluating metrics for vertex e3dfc0d7e9ecd8a43f85f0b68ebf3b80
[m[33m2026-03-22 22:11:40,270[m [36mo.a.f.a.ScalingMetricEvaluator[m [33m[WARN ][default/flink] A4S: No miss rate curve found for vertex e3dfc0d7e9ecd8a43f85f0b68ebf3b80, skipping
[m[33m2026-03-22 22:11:40,270[m [36mo.a.f.a.ScalingMetricEvaluator[m [36m[DEBUG][default/flink] A4S: Evaluating metrics for vertex 29c6de9b0f6c5486908e9bb66a93ee45
[m[33m2026-03-22 22:11:55,405[m [36mo.a.f.a.ScalingMetricEvaluator[m [36m[DEBUG][default/flink] A4S: Evaluating metrics for vertex e3dfc0d7e9ecd8a43f85f0b68ebf3b80
[m[33m2026-03-22 22:11:55,405[m [36mo.a.f.a.ScalingMetricEvaluator[m [33m[WARN ][default/flink] A4S: No miss rate curve found for vertex e3dfc0d7e9ecd8a43f85f0b68ebf3b80, skipping
[m[33m2026-03-22 22:11:55,405[m [36mo.a.f.a.ScalingMetricEvaluator[m [36m[DEBUG][default/flink] A4S: Evaluating metrics for vertex 29c6de9b0f6c5486908e9bb66a93ee45
[m[33m2026-03-22 22:12:10,638[m [36mo.a.f.a.ScalingMetricEvaluator[m [36m[DEBUG][default/flink] A4S: Evaluating metrics for vertex e3dfc0d7e9ecd8a43f85f0b68ebf3b80
[m[33m2026-03-22 22:12:10,638[m [36mo.a.f.a.ScalingMetricEvaluator[m [33m[WARN ][default/flink] A4S: No miss rate curve found for vertex e3dfc0d7e9ecd8a43f85f0b68ebf3b80, skipping
[m[33m2026-03-22 22:12:10,638[m [36mo.a.f.a.ScalingMetricEvaluator[m [36m[DEBUG][default/flink] A4S: Evaluating metrics for vertex 29c6de9b0f6c5486908e9bb66a93ee45
[m[33m2026-03-22 22:12:25,776[m [36mo.a.f.a.ScalingMetricEvaluator[m [36m[DEBUG][default/flink] A4S: Evaluating metrics for vertex e3dfc0d7e9ecd8a43f85f0b68ebf3b80
[m[33m2026-03-22 22:12:25,776[m [36mo.a.f.a.ScalingMetricEvaluator[m [33m[WARN ][default/flink] A4S: No miss rate curve found for vertex e3dfc0d7e9ecd8a43f85f0b68ebf3b80, skipping
[m[33m2026-03-22 22:12:25,776[m [36mo.a.f.a.ScalingMetricEvaluator[m [36m[DEBUG][default/flink] A4S: Evaluating metrics for vertex 29c6de9b0f6c5486908e9bb66a93ee45
[m[33m2026-03-22 22:12:40,907[m [36mo.a.f.a.ScalingMetricEvaluator[m [36m[DEBUG][default/flink] A4S: Evaluating metrics for vertex e3dfc0d7e9ecd8a43f85f0b68ebf3b80
[m[33m2026-03-22 22:12:40,907[m [36mo.a.f.a.ScalingMetricEvaluator[m [33m[WARN ][default/flink] A4S: No miss rate curve found for vertex e3dfc0d7e9ecd8a43f85f0b68ebf3b80, skipping
[m[33m2026-03-22 22:12:40,908[m [36mo.a.f.a.ScalingMetricEvaluator[m [36m[DEBUG][default/flink] A4S: Evaluating metrics for vertex 29c6de9b0f6c5486908e9bb66a93ee45
[m[33m2026-03-22 22:12:56,075[m [36mo.a.f.a.ScalingMetricEvaluator[m [36m[DEBUG][default/flink] A4S: Evaluating metrics for vertex e3dfc0d7e9ecd8a43f85f0b68ebf3b80
[m[33m2026-03-22 22:12:56,075[m [36mo.a.f.a.ScalingMetricEvaluator[m [33m[WARN ][default/flink] A4S: No miss rate curve found for vertex e3dfc0d7e9ecd8a43f85f0b68ebf3b80, skipping
[m[33m2026-03-22 22:12:56,075[m [36mo.a.f.a.ScalingMetricEvaluator[m [36m[DEBUG][default/flink] A4S: Evaluating metrics for vertex 29c6de9b0f6c5486908e9bb66a93ee45
[m[33m2026-03-22 22:13:11,204[m [36mo.a.f.a.ScalingMetricEvaluator[m [36m[DEBUG][default/flink] A4S: Evaluating metrics for vertex e3dfc0d7e9ecd8a43f85f0b68ebf3b80
[m[33m2026-03-22 22:13:11,204[m [36mo.a.f.a.ScalingMetricEvaluator[m [33m[WARN ][default/flink] A4S: No miss rate curve found for vertex e3dfc0d7e9ecd8a43f85f0b68ebf3b80, skipping
[m[33m2026-03-22 22:13:11,205[m [36mo.a.f.a.ScalingMetricEvaluator[m [36m[DEBUG][default/flink] A4S: Evaluating metrics for vertex 29c6de9b0f6c5486908e9bb66a93ee45
