[m[33m2026-03-22 16:36:48,623[m [36mo.a.f.a.ScalingMetricEvaluator[m [36m[DEBUG][default/flink] A4S: Evaluating metrics for vertex e3dfc0d7e9ecd8a43f85f0b68ebf3b80
[m[33m2026-03-22 16:36:48,623[m [36mo.a.f.a.ScalingMetricEvaluator[m [33m[WARN ][default/flink] A4S: No miss rate curve found for vertex e3dfc0d7e9ecd8a43f85f0b68ebf3b80, skipping
[m[33m2026-03-22 16:36:48,624[m [36mo.a.f.a.ScalingMetricEvaluator[m [36m[DEBUG][default/flink] A4S: Evaluating metrics for vertex 29c6de9b0f6c5486908e9bb66a93ee45
[m[33m2026-03-22 16:37:03,961[m [36mo.a.f.a.ScalingMetricEvaluator[m [36m[DEBUG][default/flink] A4S: Evaluating metrics for vertex e3dfc0d7e9ecd8a43f85f0b68ebf3b80
[m[33m2026-03-22 16:37:03,961[m [36mo.a.f.a.ScalingMetricEvaluator[m [33m[WARN ][default/flink] A4S: No miss rate curve found for vertex e3dfc0d7e9ecd8a43f85f0b68ebf3b80, skipping
[m[33m2026-03-22 16:37:03,962[m [36mo.a.f.a.ScalingMetricEvaluator[m [36m[DEBUG][default/flink] A4S: Evaluating metrics for vertex 29c6de9b0f6c5486908e9bb66a93ee45
[m[33m2026-03-22 16:37:19,232[m [36mo.a.f.a.ScalingMetricEvaluator[m [36m[DEBUG][default/flink] A4S: Evaluating metrics for vertex e3dfc0d7e9ecd8a43f85f0b68ebf3b80
[m[33m2026-03-22 16:37:19,232[m [36mo.a.f.a.ScalingMetricEvaluator[m [33m[WARN ][default/flink] A4S: No miss rate curve found for vertex e3dfc0d7e9ecd8a43f85f0b68ebf3b80, skipping
[m[33m2026-03-22 16:37:19,233[m [36mo.a.f.a.ScalingMetricEvaluator[m [36m[DEBUG][default/flink] A4S: Evaluating metrics for vertex 29c6de9b0f6c5486908e9bb66a93ee45
[m[33m2026-03-22 16:37:34,552[m [36mo.a.f.a.ScalingMetricEvaluator[m [36m[DEBUG][default/flink] A4S: Evaluating metrics for vertex e3dfc0d7e9ecd8a43f85f0b68ebf3b80
[m[33m2026-03-22 16:37:34,552[m [36mo.a.f.a.ScalingMetricEvaluator[m [33m[WARN ][default/flink] A4S: No miss rate curve found for vertex e3dfc0d7e9ecd8a43f85f0b68ebf3b80, skipping
[m[33m2026-03-22 16:37:34,553[m [36mo.a.f.a.ScalingMetricEvaluator[m [36m[DEBUG][default/flink] A4S: Evaluating metrics for vertex 29c6de9b0f6c5486908e9bb66a93ee45
[m[33m2026-03-22 16:37:49,835[m [36mo.a.f.a.ScalingMetricEvaluator[m [36m[DEBUG][default/flink] A4S: Evaluating metrics for vertex e3dfc0d7e9ecd8a43f85f0b68ebf3b80
[m[33m2026-03-22 16:37:49,836[m [36mo.a.f.a.ScalingMetricEvaluator[m [33m[WARN ][default/flink] A4S: No miss rate curve found for vertex e3dfc0d7e9ecd8a43f85f0b68ebf3b80, skipping
[m[33m2026-03-22 16:37:49,836[m [36mo.a.f.a.ScalingMetricEvaluator[m [36m[DEBUG][default/flink] A4S: Evaluating metrics for vertex 29c6de9b0f6c5486908e9bb66a93ee45
[m[33m2026-03-22 16:38:05,135[m [36mo.a.f.a.ScalingMetricEvaluator[m [36m[DEBUG][default/flink] A4S: Evaluating metrics for vertex e3dfc0d7e9ecd8a43f85f0b68ebf3b80
[m[33m2026-03-22 16:38:05,135[m [36mo.a.f.a.ScalingMetricEvaluator[m [33m[WARN ][default/flink] A4S: No miss rate curve found for vertex e3dfc0d7e9ecd8a43f85f0b68ebf3b80, skipping
[m[33m2026-03-22 16:38:05,136[m [36mo.a.f.a.ScalingMetricEvaluator[m [36m[DEBUG][default/flink] A4S: Evaluating metrics for vertex 29c6de9b0f6c5486908e9bb66a93ee45
[m[33m2026-03-22 16:38:20,401[m [36mo.a.f.a.ScalingMetricEvaluator[m [36m[DEBUG][default/flink] A4S: Evaluating metrics for vertex e3dfc0d7e9ecd8a43f85f0b68ebf3b80
[m[33m2026-03-22 16:38:20,401[m [36mo.a.f.a.ScalingMetricEvaluator[m [33m[WARN ][default/flink] A4S: No miss rate curve found for vertex e3dfc0d7e9ecd8a43f85f0b68ebf3b80, skipping
[m[33m2026-03-22 16:38:20,402[m [36mo.a.f.a.ScalingMetricEvaluator[m [36m[DEBUG][default/flink] A4S: Evaluating metrics for vertex 29c6de9b0f6c5486908e9bb66a93ee45
[m[33m2026-03-22 16:38:35,735[m [36mo.a.f.a.ScalingMetricEvaluator[m [36m[DEBUG][default/flink] A4S: Evaluating metrics for vertex e3dfc0d7e9ecd8a43f85f0b68ebf3b80
[m[33m2026-03-22 16:38:35,735[m [36mo.a.f.a.ScalingMetricEvaluator[m [33m[WARN ][default/flink] A4S: No miss rate curve found for vertex e3dfc0d7e9ecd8a43f85f0b68ebf3b80, skipping
[m[33m2026-03-22 16:38:35,736[m [36mo.a.f.a.ScalingMetricEvaluator[m [36m[DEBUG][default/flink] A4S: Evaluating metrics for vertex 29c6de9b0f6c5486908e9bb66a93ee45
[m[33m2026-03-22 16:38:50,994[m [36mo.a.f.a.ScalingMetricEvaluator[m [36m[DEBUG][default/flink] A4S: Evaluating metrics for vertex e3dfc0d7e9ecd8a43f85f0b68ebf3b80
[m[33m2026-03-22 16:38:50,994[m [36mo.a.f.a.ScalingMetricEvaluator[m [33m[WARN ][default/flink] A4S: No miss rate curve found for vertex e3dfc0d7e9ecd8a43f85f0b68ebf3b80, skipping
[m[33m2026-03-22 16:38:50,994[m [36mo.a.f.a.ScalingMetricEvaluator[m [36m[DEBUG][default/flink] A4S: Evaluating metrics for vertex 29c6de9b0f6c5486908e9bb66a93ee45
[m[33m2026-03-22 16:38:51,112[m [36mo.a.f.a.a.A4S                 [m [32m[INFO ][default/flink] A4S: Attempt 0 - Making decisions
[m[33m2026-03-22 16:38:51,112[m [36mo.a.f.a.a.A4S                 [m [33m[WARN ][default/flink] A4S: No memory parallelism curve found for operator e3dfc0d7e9ecd8a43f85f0b68ebf3b80
[m[33m2026-03-22 16:38:51,113[m [36mo.a.f.a.a.A4S                 [m [32m[INFO ][default/flink] A4S: Operator 29c6de9b0f6c5486908e9bb66a93ee45 placed with parallelism 3 and memory 4.0MB
[m[33m2026-03-22 16:38:51,113[m [36mo.a.f.a.a.A4S                 [m [32m[INFO ][default/flink] A4S: Decisions: {29c6de9b0f6c5486908e9bb66a93ee45=A4SDecision[p=3, mem=4.00MB]}
[m[33m2026-03-22 16:39:52,835[m [36mo.a.f.a.ScalingMetricEvaluator[m [36m[DEBUG][default/flink] A4S: Evaluating metrics for vertex e3dfc0d7e9ecd8a43f85f0b68ebf3b80
[m[33m2026-03-22 16:39:52,835[m [36mo.a.f.a.ScalingMetricEvaluator[m [33m[WARN ][default/flink] A4S: No miss rate curve found for vertex e3dfc0d7e9ecd8a43f85f0b68ebf3b80, skipping
[m[33m2026-03-22 16:39:52,835[m [36mo.a.f.a.ScalingMetricEvaluator[m [36m[DEBUG][default/flink] A4S: Evaluating metrics for vertex 29c6de9b0f6c5486908e9bb66a93ee45
[m[33m2026-03-22 16:40:08,058[m [36mo.a.f.a.ScalingMetricEvaluator[m [36m[DEBUG][default/flink] A4S: Evaluating metrics for vertex e3dfc0d7e9ecd8a43f85f0b68ebf3b80
[m[33m2026-03-22 16:40:08,058[m [36mo.a.f.a.ScalingMetricEvaluator[m [33m[WARN ][default/flink] A4S: No miss rate curve found for vertex e3dfc0d7e9ecd8a43f85f0b68ebf3b80, skipping
[m[33m2026-03-22 16:40:08,058[m [36mo.a.f.a.ScalingMetricEvaluator[m [36m[DEBUG][default/flink] A4S: Evaluating metrics for vertex 29c6de9b0f6c5486908e9bb66a93ee45
[m[33m2026-03-22 16:40:23,263[m [36mo.a.f.a.ScalingMetricEvaluator[m [36m[DEBUG][default/flink] A4S: Evaluating metrics for vertex e3dfc0d7e9ecd8a43f85f0b68ebf3b80
[m[33m2026-03-22 16:40:23,263[m [36mo.a.f.a.ScalingMetricEvaluator[m [33m[WARN ][default/flink] A4S: No miss rate curve found for vertex e3dfc0d7e9ecd8a43f85f0b68ebf3b80, skipping
[m[33m2026-03-22 16:40:23,263[m [36mo.a.f.a.ScalingMetricEvaluator[m [36m[DEBUG][default/flink] A4S: Evaluating metrics for vertex 29c6de9b0f6c5486908e9bb66a93ee45
[m[33m2026-03-22 16:40:38,483[m [36mo.a.f.a.ScalingMetricEvaluator[m [36m[DEBUG][default/flink] A4S: Evaluating metrics for vertex e3dfc0d7e9ecd8a43f85f0b68ebf3b80
[m[33m2026-03-22 16:40:38,483[m [36mo.a.f.a.ScalingMetricEvaluator[m [33m[WARN ][default/flink] A4S: No miss rate curve found for vertex e3dfc0d7e9ecd8a43f85f0b68ebf3b80, skipping
[m[33m2026-03-22 16:40:38,483[m [36mo.a.f.a.ScalingMetricEvaluator[m [36m[DEBUG][default/flink] A4S: Evaluating metrics for vertex 29c6de9b0f6c5486908e9bb66a93ee45
[m[33m2026-03-22 16:40:53,708[m [36mo.a.f.a.ScalingMetricEvaluator[m [36m[DEBUG][default/flink] A4S: Evaluating metrics for vertex e3dfc0d7e9ecd8a43f85f0b68ebf3b80
[m[33m2026-03-22 16:40:53,708[m [36mo.a.f.a.ScalingMetricEvaluator[m [33m[WARN ][default/flink] A4S: No miss rate curve found for vertex e3dfc0d7e9ecd8a43f85f0b68ebf3b80, skipping
[m[33m2026-03-22 16:40:53,709[m [36mo.a.f.a.ScalingMetricEvaluator[m [36m[DEBUG][default/flink] A4S: Evaluating metrics for vertex 29c6de9b0f6c5486908e9bb66a93ee45
[m[33m2026-03-22 16:41:08,929[m [36mo.a.f.a.ScalingMetricEvaluator[m [36m[DEBUG][default/flink] A4S: Evaluating metrics for vertex e3dfc0d7e9ecd8a43f85f0b68ebf3b80
[m[33m2026-03-22 16:41:08,929[m [36mo.a.f.a.ScalingMetricEvaluator[m [33m[WARN ][default/flink] A4S: No miss rate curve found for vertex e3dfc0d7e9ecd8a43f85f0b68ebf3b80, skipping
[m[33m2026-03-22 16:41:08,929[m [36mo.a.f.a.ScalingMetricEvaluator[m [36m[DEBUG][default/flink] A4S: Evaluating metrics for vertex 29c6de9b0f6c5486908e9bb66a93ee45
[m[33m2026-03-22 16:41:24,135[m [36mo.a.f.a.ScalingMetricEvaluator[m [36m[DEBUG][default/flink] A4S: Evaluating metrics for vertex e3dfc0d7e9ecd8a43f85f0b68ebf3b80
[m[33m2026-03-22 16:41:24,135[m [36mo.a.f.a.ScalingMetricEvaluator[m [33m[WARN ][default/flink] A4S: No miss rate curve found for vertex e3dfc0d7e9ecd8a43f85f0b68ebf3b80, skipping
[m[33m2026-03-22 16:41:24,136[m [36mo.a.f.a.ScalingMetricEvaluator[m [36m[DEBUG][default/flink] A4S: Evaluating metrics for vertex 29c6de9b0f6c5486908e9bb66a93ee45
[m[33m2026-03-22 16:41:39,365[m [36mo.a.f.a.ScalingMetricEvaluator[m [36m[DEBUG][default/flink] A4S: Evaluating metrics for vertex e3dfc0d7e9ecd8a43f85f0b68ebf3b80
[m[33m2026-03-22 16:41:39,365[m [36mo.a.f.a.ScalingMetricEvaluator[m [33m[WARN ][default/flink] A4S: No miss rate curve found for vertex e3dfc0d7e9ecd8a43f85f0b68ebf3b80, skipping
[m[33m2026-03-22 16:41:39,366[m [36mo.a.f.a.ScalingMetricEvaluator[m [36m[DEBUG][default/flink] A4S: Evaluating metrics for vertex 29c6de9b0f6c5486908e9bb66a93ee45
[m[33m2026-03-22 16:41:54,597[m [36mo.a.f.a.ScalingMetricEvaluator[m [36m[DEBUG][default/flink] A4S: Evaluating metrics for vertex e3dfc0d7e9ecd8a43f85f0b68ebf3b80
[m[33m2026-03-22 16:41:54,597[m [36mo.a.f.a.ScalingMetricEvaluator[m [33m[WARN ][default/flink] A4S: No miss rate curve found for vertex e3dfc0d7e9ecd8a43f85f0b68ebf3b80, skipping
[m[33m2026-03-22 16:41:54,598[m [36mo.a.f.a.ScalingMetricEvaluator[m [36m[DEBUG][default/flink] A4S: Evaluating metrics for vertex 29c6de9b0f6c5486908e9bb66a93ee45
[m[33m2026-03-22 16:41:54,742[m [36mo.a.f.a.a.A4S                 [m [32m[INFO ][default/flink] A4S: Attempt 0 - Making decisions
[m[33m2026-03-22 16:41:54,742[m [36mo.a.f.a.a.A4S                 [m [33m[WARN ][default/flink] A4S: No memory parallelism curve found for operator e3dfc0d7e9ecd8a43f85f0b68ebf3b80
[m[33m2026-03-22 16:41:54,742[m [36mo.a.f.a.a.A4S                 [m [32m[INFO ][default/flink] A4S: Operator 29c6de9b0f6c5486908e9bb66a93ee45 placed with parallelism 6 and memory 12.0MB
[m[33m2026-03-22 16:41:54,742[m [36mo.a.f.a.a.A4S                 [m [32m[INFO ][default/flink] A4S: Decisions: {29c6de9b0f6c5486908e9bb66a93ee45=A4SDecision[p=6, mem=12.00MB]}
[m[33m2026-03-22 16:43:11,437[m [36mo.a.f.a.ScalingMetricEvaluator[m [36m[DEBUG][default/flink] A4S: Evaluating metrics for vertex e3dfc0d7e9ecd8a43f85f0b68ebf3b80
[m[33m2026-03-22 16:43:11,438[m [36mo.a.f.a.ScalingMetricEvaluator[m [33m[WARN ][default/flink] A4S: No miss rate curve found for vertex e3dfc0d7e9ecd8a43f85f0b68ebf3b80, skipping
[m[33m2026-03-22 16:43:11,438[m [36mo.a.f.a.ScalingMetricEvaluator[m [36m[DEBUG][default/flink] A4S: Evaluating metrics for vertex 29c6de9b0f6c5486908e9bb66a93ee45
[m[33m2026-03-22 16:43:26,624[m [36mo.a.f.a.ScalingMetricEvaluator[m [36m[DEBUG][default/flink] A4S: Evaluating metrics for vertex e3dfc0d7e9ecd8a43f85f0b68ebf3b80
[m[33m2026-03-22 16:43:26,625[m [36mo.a.f.a.ScalingMetricEvaluator[m [33m[WARN ][default/flink] A4S: No miss rate curve found for vertex e3dfc0d7e9ecd8a43f85f0b68ebf3b80, skipping
[m[33m2026-03-22 16:43:26,625[m [36mo.a.f.a.ScalingMetricEvaluator[m [36m[DEBUG][default/flink] A4S: Evaluating metrics for vertex 29c6de9b0f6c5486908e9bb66a93ee45
[m[33m2026-03-22 16:43:41,821[m [36mo.a.f.a.ScalingMetricEvaluator[m [36m[DEBUG][default/flink] A4S: Evaluating metrics for vertex e3dfc0d7e9ecd8a43f85f0b68ebf3b80
[m[33m2026-03-22 16:43:41,821[m [36mo.a.f.a.ScalingMetricEvaluator[m [33m[WARN ][default/flink] A4S: No miss rate curve found for vertex e3dfc0d7e9ecd8a43f85f0b68ebf3b80, skipping
[m[33m2026-03-22 16:43:41,821[m [36mo.a.f.a.ScalingMetricEvaluator[m [36m[DEBUG][default/flink] A4S: Evaluating metrics for vertex 29c6de9b0f6c5486908e9bb66a93ee45
[m[33m2026-03-22 16:43:57,023[m [36mo.a.f.a.ScalingMetricEvaluator[m [36m[DEBUG][default/flink] A4S: Evaluating metrics for vertex e3dfc0d7e9ecd8a43f85f0b68ebf3b80
[m[33m2026-03-22 16:43:57,023[m [36mo.a.f.a.ScalingMetricEvaluator[m [33m[WARN ][default/flink] A4S: No miss rate curve found for vertex e3dfc0d7e9ecd8a43f85f0b68ebf3b80, skipping
[m[33m2026-03-22 16:43:57,024[m [36mo.a.f.a.ScalingMetricEvaluator[m [36m[DEBUG][default/flink] A4S: Evaluating metrics for vertex 29c6de9b0f6c5486908e9bb66a93ee45
[m[33m2026-03-22 16:44:12,249[m [36mo.a.f.a.ScalingMetricEvaluator[m [36m[DEBUG][default/flink] A4S: Evaluating metrics for vertex e3dfc0d7e9ecd8a43f85f0b68ebf3b80
[m[33m2026-03-22 16:44:12,249[m [36mo.a.f.a.ScalingMetricEvaluator[m [33m[WARN ][default/flink] A4S: No miss rate curve found for vertex e3dfc0d7e9ecd8a43f85f0b68ebf3b80, skipping
[m[33m2026-03-22 16:44:12,250[m [36mo.a.f.a.ScalingMetricEvaluator[m [36m[DEBUG][default/flink] A4S: Evaluating metrics for vertex 29c6de9b0f6c5486908e9bb66a93ee45
[m[33m2026-03-22 16:44:27,420[m [36mo.a.f.a.ScalingMetricEvaluator[m [36m[DEBUG][default/flink] A4S: Evaluating metrics for vertex e3dfc0d7e9ecd8a43f85f0b68ebf3b80
[m[33m2026-03-22 16:44:27,420[m [36mo.a.f.a.ScalingMetricEvaluator[m [33m[WARN ][default/flink] A4S: No miss rate curve found for vertex e3dfc0d7e9ecd8a43f85f0b68ebf3b80, skipping
[m[33m2026-03-22 16:44:27,421[m [36mo.a.f.a.ScalingMetricEvaluator[m [36m[DEBUG][default/flink] A4S: Evaluating metrics for vertex 29c6de9b0f6c5486908e9bb66a93ee45
[m[33m2026-03-22 16:44:42,599[m [36mo.a.f.a.ScalingMetricEvaluator[m [36m[DEBUG][default/flink] A4S: Evaluating metrics for vertex e3dfc0d7e9ecd8a43f85f0b68ebf3b80
[m[33m2026-03-22 16:44:42,599[m [36mo.a.f.a.ScalingMetricEvaluator[m [33m[WARN ][default/flink] A4S: No miss rate curve found for vertex e3dfc0d7e9ecd8a43f85f0b68ebf3b80, skipping
[m[33m2026-03-22 16:44:42,600[m [36mo.a.f.a.ScalingMetricEvaluator[m [36m[DEBUG][default/flink] A4S: Evaluating metrics for vertex 29c6de9b0f6c5486908e9bb66a93ee45
[m[33m2026-03-22 16:44:57,806[m [36mo.a.f.a.ScalingMetricEvaluator[m [36m[DEBUG][default/flink] A4S: Evaluating metrics for vertex e3dfc0d7e9ecd8a43f85f0b68ebf3b80
[m[33m2026-03-22 16:44:57,806[m [36mo.a.f.a.ScalingMetricEvaluator[m [33m[WARN ][default/flink] A4S: No miss rate curve found for vertex e3dfc0d7e9ecd8a43f85f0b68ebf3b80, skipping
[m[33m2026-03-22 16:44:57,806[m [36mo.a.f.a.ScalingMetricEvaluator[m [36m[DEBUG][default/flink] A4S: Evaluating metrics for vertex 29c6de9b0f6c5486908e9bb66a93ee45
[m[33m2026-03-22 16:45:12,993[m [36mo.a.f.a.ScalingMetricEvaluator[m [36m[DEBUG][default/flink] A4S: Evaluating metrics for vertex e3dfc0d7e9ecd8a43f85f0b68ebf3b80
[m[33m2026-03-22 16:45:12,993[m [36mo.a.f.a.ScalingMetricEvaluator[m [33m[WARN ][default/flink] A4S: No miss rate curve found for vertex e3dfc0d7e9ecd8a43f85f0b68ebf3b80, skipping
[m[33m2026-03-22 16:45:12,994[m [36mo.a.f.a.ScalingMetricEvaluator[m [36m[DEBUG][default/flink] A4S: Evaluating metrics for vertex 29c6de9b0f6c5486908e9bb66a93ee45
[m[33m2026-03-22 16:45:28,198[m [36mo.a.f.a.ScalingMetricEvaluator[m [36m[DEBUG][default/flink] A4S: Evaluating metrics for vertex e3dfc0d7e9ecd8a43f85f0b68ebf3b80
[m[33m2026-03-22 16:45:28,198[m [36mo.a.f.a.ScalingMetricEvaluator[m [33m[WARN ][default/flink] A4S: No miss rate curve found for vertex e3dfc0d7e9ecd8a43f85f0b68ebf3b80, skipping
[m[33m2026-03-22 16:45:28,198[m [36mo.a.f.a.ScalingMetricEvaluator[m [36m[DEBUG][default/flink] A4S: Evaluating metrics for vertex 29c6de9b0f6c5486908e9bb66a93ee45
[m[33m2026-03-22 16:45:43,372[m [36mo.a.f.a.ScalingMetricEvaluator[m [36m[DEBUG][default/flink] A4S: Evaluating metrics for vertex e3dfc0d7e9ecd8a43f85f0b68ebf3b80
[m[33m2026-03-22 16:45:43,373[m [36mo.a.f.a.ScalingMetricEvaluator[m [33m[WARN ][default/flink] A4S: No miss rate curve found for vertex e3dfc0d7e9ecd8a43f85f0b68ebf3b80, skipping
[m[33m2026-03-22 16:45:43,373[m [36mo.a.f.a.ScalingMetricEvaluator[m [36m[DEBUG][default/flink] A4S: Evaluating metrics for vertex 29c6de9b0f6c5486908e9bb66a93ee45
[m[33m2026-03-22 16:45:58,542[m [36mo.a.f.a.ScalingMetricEvaluator[m [36m[DEBUG][default/flink] A4S: Evaluating metrics for vertex e3dfc0d7e9ecd8a43f85f0b68ebf3b80
[m[33m2026-03-22 16:45:58,542[m [36mo.a.f.a.ScalingMetricEvaluator[m [33m[WARN ][default/flink] A4S: No miss rate curve found for vertex e3dfc0d7e9ecd8a43f85f0b68ebf3b80, skipping
[m[33m2026-03-22 16:45:58,543[m [36mo.a.f.a.ScalingMetricEvaluator[m [36m[DEBUG][default/flink] A4S: Evaluating metrics for vertex 29c6de9b0f6c5486908e9bb66a93ee45
[m[33m2026-03-22 16:46:13,744[m [36mo.a.f.a.ScalingMetricEvaluator[m [36m[DEBUG][default/flink] A4S: Evaluating metrics for vertex e3dfc0d7e9ecd8a43f85f0b68ebf3b80
[m[33m2026-03-22 16:46:13,744[m [36mo.a.f.a.ScalingMetricEvaluator[m [33m[WARN ][default/flink] A4S: No miss rate curve found for vertex e3dfc0d7e9ecd8a43f85f0b68ebf3b80, skipping
[m[33m2026-03-22 16:46:13,744[m [36mo.a.f.a.ScalingMetricEvaluator[m [36m[DEBUG][default/flink] A4S: Evaluating metrics for vertex 29c6de9b0f6c5486908e9bb66a93ee45
[m[33m2026-03-22 16:46:28,972[m [36mo.a.f.a.ScalingMetricEvaluator[m [36m[DEBUG][default/flink] A4S: Evaluating metrics for vertex e3dfc0d7e9ecd8a43f85f0b68ebf3b80
[m[33m2026-03-22 16:46:28,972[m [36mo.a.f.a.ScalingMetricEvaluator[m [33m[WARN ][default/flink] A4S: No miss rate curve found for vertex e3dfc0d7e9ecd8a43f85f0b68ebf3b80, skipping
[m[33m2026-03-22 16:46:28,973[m [36mo.a.f.a.ScalingMetricEvaluator[m [36m[DEBUG][default/flink] A4S: Evaluating metrics for vertex 29c6de9b0f6c5486908e9bb66a93ee45
[m[33m2026-03-22 16:46:29,079[m [36mo.a.f.a.a.A4S                 [m [32m[INFO ][default/flink] A4S: Attempt 0 - Making decisions
[m[33m2026-03-22 16:46:29,079[m [36mo.a.f.a.a.A4S                 [m [33m[WARN ][default/flink] A4S: No memory parallelism curve found for operator e3dfc0d7e9ecd8a43f85f0b68ebf3b80
[m[33m2026-03-22 16:46:29,079[m [36mo.a.f.a.a.A4S                 [m [32m[INFO ][default/flink] A4S: Operator 29c6de9b0f6c5486908e9bb66a93ee45 placed with parallelism 12 and memory 24.0MB
[m[33m2026-03-22 16:46:29,079[m [36mo.a.f.a.a.A4S                 [m [32m[INFO ][default/flink] A4S: Decisions: {29c6de9b0f6c5486908e9bb66a93ee45=A4SDecision[p=12, mem=24.00MB]}
[m[33m2026-03-22 16:47:45,386[m [36mo.a.f.a.ScalingMetricEvaluator[m [36m[DEBUG][default/flink] A4S: Evaluating metrics for vertex e3dfc0d7e9ecd8a43f85f0b68ebf3b80
[m[33m2026-03-22 16:47:45,386[m [36mo.a.f.a.ScalingMetricEvaluator[m [33m[WARN ][default/flink] A4S: No miss rate curve found for vertex e3dfc0d7e9ecd8a43f85f0b68ebf3b80, skipping
[m[33m2026-03-22 16:47:45,387[m [36mo.a.f.a.ScalingMetricEvaluator[m [36m[DEBUG][default/flink] A4S: Evaluating metrics for vertex 29c6de9b0f6c5486908e9bb66a93ee45
[m[33m2026-03-22 16:48:00,561[m [36mo.a.f.a.ScalingMetricEvaluator[m [36m[DEBUG][default/flink] A4S: Evaluating metrics for vertex e3dfc0d7e9ecd8a43f85f0b68ebf3b80
[m[33m2026-03-22 16:48:00,561[m [36mo.a.f.a.ScalingMetricEvaluator[m [33m[WARN ][default/flink] A4S: No miss rate curve found for vertex e3dfc0d7e9ecd8a43f85f0b68ebf3b80, skipping
[m[33m2026-03-22 16:48:00,561[m [36mo.a.f.a.ScalingMetricEvaluator[m [36m[DEBUG][default/flink] A4S: Evaluating metrics for vertex 29c6de9b0f6c5486908e9bb66a93ee45
[m[33m2026-03-22 16:48:15,757[m [36mo.a.f.a.ScalingMetricEvaluator[m [36m[DEBUG][default/flink] A4S: Evaluating metrics for vertex e3dfc0d7e9ecd8a43f85f0b68ebf3b80
[m[33m2026-03-22 16:48:15,757[m [36mo.a.f.a.ScalingMetricEvaluator[m [33m[WARN ][default/flink] A4S: No miss rate curve found for vertex e3dfc0d7e9ecd8a43f85f0b68ebf3b80, skipping
[m[33m2026-03-22 16:48:15,758[m [36mo.a.f.a.ScalingMetricEvaluator[m [36m[DEBUG][default/flink] A4S: Evaluating metrics for vertex 29c6de9b0f6c5486908e9bb66a93ee45
[m[33m2026-03-22 16:48:30,953[m [36mo.a.f.a.ScalingMetricEvaluator[m [36m[DEBUG][default/flink] A4S: Evaluating metrics for vertex e3dfc0d7e9ecd8a43f85f0b68ebf3b80
[m[33m2026-03-22 16:48:30,953[m [36mo.a.f.a.ScalingMetricEvaluator[m [33m[WARN ][default/flink] A4S: No miss rate curve found for vertex e3dfc0d7e9ecd8a43f85f0b68ebf3b80, skipping
[m[33m2026-03-22 16:48:30,953[m [36mo.a.f.a.ScalingMetricEvaluator[m [36m[DEBUG][default/flink] A4S: Evaluating metrics for vertex 29c6de9b0f6c5486908e9bb66a93ee45
[m[33m2026-03-22 16:48:46,179[m [36mo.a.f.a.ScalingMetricEvaluator[m [36m[DEBUG][default/flink] A4S: Evaluating metrics for vertex e3dfc0d7e9ecd8a43f85f0b68ebf3b80
[m[33m2026-03-22 16:48:46,179[m [36mo.a.f.a.ScalingMetricEvaluator[m [33m[WARN ][default/flink] A4S: No miss rate curve found for vertex e3dfc0d7e9ecd8a43f85f0b68ebf3b80, skipping
[m[33m2026-03-22 16:48:46,180[m [36mo.a.f.a.ScalingMetricEvaluator[m [36m[DEBUG][default/flink] A4S: Evaluating metrics for vertex 29c6de9b0f6c5486908e9bb66a93ee45
[m[33m2026-03-22 16:49:01,361[m [36mo.a.f.a.ScalingMetricEvaluator[m [36m[DEBUG][default/flink] A4S: Evaluating metrics for vertex e3dfc0d7e9ecd8a43f85f0b68ebf3b80
[m[33m2026-03-22 16:49:01,361[m [36mo.a.f.a.ScalingMetricEvaluator[m [33m[WARN ][default/flink] A4S: No miss rate curve found for vertex e3dfc0d7e9ecd8a43f85f0b68ebf3b80, skipping
[m[33m2026-03-22 16:49:01,361[m [36mo.a.f.a.ScalingMetricEvaluator[m [36m[DEBUG][default/flink] A4S: Evaluating metrics for vertex 29c6de9b0f6c5486908e9bb66a93ee45
[m[33m2026-03-22 16:49:16,559[m [36mo.a.f.a.ScalingMetricEvaluator[m [36m[DEBUG][default/flink] A4S: Evaluating metrics for vertex e3dfc0d7e9ecd8a43f85f0b68ebf3b80
[m[33m2026-03-22 16:49:16,559[m [36mo.a.f.a.ScalingMetricEvaluator[m [33m[WARN ][default/flink] A4S: No miss rate curve found for vertex e3dfc0d7e9ecd8a43f85f0b68ebf3b80, skipping
[m[33m2026-03-22 16:49:16,559[m [36mo.a.f.a.ScalingMetricEvaluator[m [36m[DEBUG][default/flink] A4S: Evaluating metrics for vertex 29c6de9b0f6c5486908e9bb66a93ee45
[m[33m2026-03-22 16:49:31,724[m [36mo.a.f.a.ScalingMetricEvaluator[m [36m[DEBUG][default/flink] A4S: Evaluating metrics for vertex e3dfc0d7e9ecd8a43f85f0b68ebf3b80
[m[33m2026-03-22 16:49:31,724[m [36mo.a.f.a.ScalingMetricEvaluator[m [33m[WARN ][default/flink] A4S: No miss rate curve found for vertex e3dfc0d7e9ecd8a43f85f0b68ebf3b80, skipping
[m[33m2026-03-22 16:49:31,725[m [36mo.a.f.a.ScalingMetricEvaluator[m [36m[DEBUG][default/flink] A4S: Evaluating metrics for vertex 29c6de9b0f6c5486908e9bb66a93ee45
[m[33m2026-03-22 16:49:46,905[m [36mo.a.f.a.ScalingMetricEvaluator[m [36m[DEBUG][default/flink] A4S: Evaluating metrics for vertex e3dfc0d7e9ecd8a43f85f0b68ebf3b80
[m[33m2026-03-22 16:49:46,905[m [36mo.a.f.a.ScalingMetricEvaluator[m [33m[WARN ][default/flink] A4S: No miss rate curve found for vertex e3dfc0d7e9ecd8a43f85f0b68ebf3b80, skipping
[m[33m2026-03-22 16:49:46,906[m [36mo.a.f.a.ScalingMetricEvaluator[m [36m[DEBUG][default/flink] A4S: Evaluating metrics for vertex 29c6de9b0f6c5486908e9bb66a93ee45
[m[33m2026-03-22 16:49:46,994[m [36mo.a.f.a.a.A4S                 [m [32m[INFO ][default/flink] A4S: Attempt 0 - Making decisions
[m[33m2026-03-22 16:49:46,994[m [36mo.a.f.a.a.A4S                 [m [33m[WARN ][default/flink] A4S: No memory parallelism curve found for operator e3dfc0d7e9ecd8a43f85f0b68ebf3b80
[m[33m2026-03-22 16:49:46,994[m [36mo.a.f.a.a.A4S                 [m [32m[INFO ][default/flink] A4S: Operator 29c6de9b0f6c5486908e9bb66a93ee45 placed with parallelism 24 and memory 48.0MB
[m[33m2026-03-22 16:49:46,994[m [36mo.a.f.a.a.A4S                 [m [32m[INFO ][default/flink] A4S: Decisions: {29c6de9b0f6c5486908e9bb66a93ee45=A4SDecision[p=24, mem=48.00MB]}
[m[33m2026-03-22 16:51:03,430[m [36mo.a.f.a.ScalingMetricEvaluator[m [36m[DEBUG][default/flink] A4S: Evaluating metrics for vertex e3dfc0d7e9ecd8a43f85f0b68ebf3b80
[m[33m2026-03-22 16:51:03,430[m [36mo.a.f.a.ScalingMetricEvaluator[m [33m[WARN ][default/flink] A4S: No miss rate curve found for vertex e3dfc0d7e9ecd8a43f85f0b68ebf3b80, skipping
[m[33m2026-03-22 16:51:03,431[m [36mo.a.f.a.ScalingMetricEvaluator[m [36m[DEBUG][default/flink] A4S: Evaluating metrics for vertex 29c6de9b0f6c5486908e9bb66a93ee45
[m[33m2026-03-22 16:51:18,630[m [36mo.a.f.a.ScalingMetricEvaluator[m [36m[DEBUG][default/flink] A4S: Evaluating metrics for vertex e3dfc0d7e9ecd8a43f85f0b68ebf3b80
[m[33m2026-03-22 16:51:18,630[m [36mo.a.f.a.ScalingMetricEvaluator[m [33m[WARN ][default/flink] A4S: No miss rate curve found for vertex e3dfc0d7e9ecd8a43f85f0b68ebf3b80, skipping
[m[33m2026-03-22 16:51:18,630[m [36mo.a.f.a.ScalingMetricEvaluator[m [36m[DEBUG][default/flink] A4S: Evaluating metrics for vertex 29c6de9b0f6c5486908e9bb66a93ee45
[m[33m2026-03-22 16:51:33,828[m [36mo.a.f.a.ScalingMetricEvaluator[m [36m[DEBUG][default/flink] A4S: Evaluating metrics for vertex e3dfc0d7e9ecd8a43f85f0b68ebf3b80
[m[33m2026-03-22 16:51:33,828[m [36mo.a.f.a.ScalingMetricEvaluator[m [33m[WARN ][default/flink] A4S: No miss rate curve found for vertex e3dfc0d7e9ecd8a43f85f0b68ebf3b80, skipping
[m[33m2026-03-22 16:51:33,828[m [36mo.a.f.a.ScalingMetricEvaluator[m [36m[DEBUG][default/flink] A4S: Evaluating metrics for vertex 29c6de9b0f6c5486908e9bb66a93ee45
[m[33m2026-03-22 16:51:49,018[m [36mo.a.f.a.ScalingMetricEvaluator[m [36m[DEBUG][default/flink] A4S: Evaluating metrics for vertex e3dfc0d7e9ecd8a43f85f0b68ebf3b80
[m[33m2026-03-22 16:51:49,018[m [36mo.a.f.a.ScalingMetricEvaluator[m [33m[WARN ][default/flink] A4S: No miss rate curve found for vertex e3dfc0d7e9ecd8a43f85f0b68ebf3b80, skipping
[m[33m2026-03-22 16:51:49,019[m [36mo.a.f.a.ScalingMetricEvaluator[m [36m[DEBUG][default/flink] A4S: Evaluating metrics for vertex 29c6de9b0f6c5486908e9bb66a93ee45
[m[33m2026-03-22 16:52:04,211[m [36mo.a.f.a.ScalingMetricEvaluator[m [36m[DEBUG][default/flink] A4S: Evaluating metrics for vertex e3dfc0d7e9ecd8a43f85f0b68ebf3b80
[m[33m2026-03-22 16:52:04,211[m [36mo.a.f.a.ScalingMetricEvaluator[m [33m[WARN ][default/flink] A4S: No miss rate curve found for vertex e3dfc0d7e9ecd8a43f85f0b68ebf3b80, skipping
[m[33m2026-03-22 16:52:04,211[m [36mo.a.f.a.ScalingMetricEvaluator[m [36m[DEBUG][default/flink] A4S: Evaluating metrics for vertex 29c6de9b0f6c5486908e9bb66a93ee45
[m[33m2026-03-22 16:52:19,389[m [36mo.a.f.a.ScalingMetricEvaluator[m [36m[DEBUG][default/flink] A4S: Evaluating metrics for vertex e3dfc0d7e9ecd8a43f85f0b68ebf3b80
[m[33m2026-03-22 16:52:19,389[m [36mo.a.f.a.ScalingMetricEvaluator[m [33m[WARN ][default/flink] A4S: No miss rate curve found for vertex e3dfc0d7e9ecd8a43f85f0b68ebf3b80, skipping
[m[33m2026-03-22 16:52:19,389[m [36mo.a.f.a.ScalingMetricEvaluator[m [36m[DEBUG][default/flink] A4S: Evaluating metrics for vertex 29c6de9b0f6c5486908e9bb66a93ee45
[m[33m2026-03-22 16:52:34,588[m [36mo.a.f.a.ScalingMetricEvaluator[m [36m[DEBUG][default/flink] A4S: Evaluating metrics for vertex e3dfc0d7e9ecd8a43f85f0b68ebf3b80
[m[33m2026-03-22 16:52:34,588[m [36mo.a.f.a.ScalingMetricEvaluator[m [33m[WARN ][default/flink] A4S: No miss rate curve found for vertex e3dfc0d7e9ecd8a43f85f0b68ebf3b80, skipping
[m[33m2026-03-22 16:52:34,589[m [36mo.a.f.a.ScalingMetricEvaluator[m [36m[DEBUG][default/flink] A4S: Evaluating metrics for vertex 29c6de9b0f6c5486908e9bb66a93ee45
[m[33m2026-03-22 16:52:49,766[m [36mo.a.f.a.ScalingMetricEvaluator[m [36m[DEBUG][default/flink] A4S: Evaluating metrics for vertex e3dfc0d7e9ecd8a43f85f0b68ebf3b80
[m[33m2026-03-22 16:52:49,766[m [36mo.a.f.a.ScalingMetricEvaluator[m [33m[WARN ][default/flink] A4S: No miss rate curve found for vertex e3dfc0d7e9ecd8a43f85f0b68ebf3b80, skipping
[m[33m2026-03-22 16:52:49,766[m [36mo.a.f.a.ScalingMetricEvaluator[m [36m[DEBUG][default/flink] A4S: Evaluating metrics for vertex 29c6de9b0f6c5486908e9bb66a93ee45
[m[33m2026-03-22 16:53:04,946[m [36mo.a.f.a.ScalingMetricEvaluator[m [36m[DEBUG][default/flink] A4S: Evaluating metrics for vertex e3dfc0d7e9ecd8a43f85f0b68ebf3b80
[m[33m2026-03-22 16:53:04,946[m [36mo.a.f.a.ScalingMetricEvaluator[m [33m[WARN ][default/flink] A4S: No miss rate curve found for vertex e3dfc0d7e9ecd8a43f85f0b68ebf3b80, skipping
[m[33m2026-03-22 16:53:04,947[m [36mo.a.f.a.ScalingMetricEvaluator[m [36m[DEBUG][default/flink] A4S: Evaluating metrics for vertex 29c6de9b0f6c5486908e9bb66a93ee45
[m[33m2026-03-22 16:53:05,049[m [36mo.a.f.a.a.A4S                 [m [32m[INFO ][default/flink] A4S: Attempt 0 - Making decisions
[m[33m2026-03-22 16:53:05,049[m [36mo.a.f.a.a.A4S                 [m [33m[WARN ][default/flink] A4S: No memory parallelism curve found for operator e3dfc0d7e9ecd8a43f85f0b68ebf3b80
[m[33m2026-03-22 16:53:05,049[m [36mo.a.f.a.a.A4S                 [m [32m[INFO ][default/flink] A4S: Operator 29c6de9b0f6c5486908e9bb66a93ee45 placed with parallelism 24 and memory 96.0MB
[m[33m2026-03-22 16:53:05,049[m [36mo.a.f.a.a.A4S                 [m [32m[INFO ][default/flink] A4S: Decisions: {29c6de9b0f6c5486908e9bb66a93ee45=A4SDecision[p=24, mem=96.00MB]}
[m[33m2026-03-22 16:55:06,798[m [36mo.a.f.a.ScalingMetricEvaluator[m [36m[DEBUG][default/flink] A4S: Evaluating metrics for vertex e3dfc0d7e9ecd8a43f85f0b68ebf3b80
[m[33m2026-03-22 16:55:06,798[m [36mo.a.f.a.ScalingMetricEvaluator[m [33m[WARN ][default/flink] A4S: No miss rate curve found for vertex e3dfc0d7e9ecd8a43f85f0b68ebf3b80, skipping
[m[33m2026-03-22 16:55:06,798[m [36mo.a.f.a.ScalingMetricEvaluator[m [36m[DEBUG][default/flink] A4S: Evaluating metrics for vertex 29c6de9b0f6c5486908e9bb66a93ee45
[m[33m2026-03-22 16:55:21,945[m [36mo.a.f.a.ScalingMetricEvaluator[m [36m[DEBUG][default/flink] A4S: Evaluating metrics for vertex e3dfc0d7e9ecd8a43f85f0b68ebf3b80
[m[33m2026-03-22 16:55:21,945[m [36mo.a.f.a.ScalingMetricEvaluator[m [33m[WARN ][default/flink] A4S: No miss rate curve found for vertex e3dfc0d7e9ecd8a43f85f0b68ebf3b80, skipping
[m[33m2026-03-22 16:55:21,945[m [36mo.a.f.a.ScalingMetricEvaluator[m [36m[DEBUG][default/flink] A4S: Evaluating metrics for vertex 29c6de9b0f6c5486908e9bb66a93ee45
[m[33m2026-03-22 16:55:37,103[m [36mo.a.f.a.ScalingMetricEvaluator[m [36m[DEBUG][default/flink] A4S: Evaluating metrics for vertex e3dfc0d7e9ecd8a43f85f0b68ebf3b80
[m[33m2026-03-22 16:55:37,103[m [36mo.a.f.a.ScalingMetricEvaluator[m [33m[WARN ][default/flink] A4S: No miss rate curve found for vertex e3dfc0d7e9ecd8a43f85f0b68ebf3b80, skipping
[m[33m2026-03-22 16:55:37,103[m [36mo.a.f.a.ScalingMetricEvaluator[m [36m[DEBUG][default/flink] A4S: Evaluating metrics for vertex 29c6de9b0f6c5486908e9bb66a93ee45
[m[33m2026-03-22 16:55:52,289[m [36mo.a.f.a.ScalingMetricEvaluator[m [36m[DEBUG][default/flink] A4S: Evaluating metrics for vertex e3dfc0d7e9ecd8a43f85f0b68ebf3b80
[m[33m2026-03-22 16:55:52,289[m [36mo.a.f.a.ScalingMetricEvaluator[m [33m[WARN ][default/flink] A4S: No miss rate curve found for vertex e3dfc0d7e9ecd8a43f85f0b68ebf3b80, skipping
[m[33m2026-03-22 16:55:52,290[m [36mo.a.f.a.ScalingMetricEvaluator[m [36m[DEBUG][default/flink] A4S: Evaluating metrics for vertex 29c6de9b0f6c5486908e9bb66a93ee45
[m[33m2026-03-22 16:56:07,450[m [36mo.a.f.a.ScalingMetricEvaluator[m [36m[DEBUG][default/flink] A4S: Evaluating metrics for vertex e3dfc0d7e9ecd8a43f85f0b68ebf3b80
[m[33m2026-03-22 16:56:07,450[m [36mo.a.f.a.ScalingMetricEvaluator[m [33m[WARN ][default/flink] A4S: No miss rate curve found for vertex e3dfc0d7e9ecd8a43f85f0b68ebf3b80, skipping
[m[33m2026-03-22 16:56:07,450[m [36mo.a.f.a.ScalingMetricEvaluator[m [36m[DEBUG][default/flink] A4S: Evaluating metrics for vertex 29c6de9b0f6c5486908e9bb66a93ee45
[m[33m2026-03-22 16:56:22,618[m [36mo.a.f.a.ScalingMetricEvaluator[m [36m[DEBUG][default/flink] A4S: Evaluating metrics for vertex e3dfc0d7e9ecd8a43f85f0b68ebf3b80
[m[33m2026-03-22 16:56:22,618[m [36mo.a.f.a.ScalingMetricEvaluator[m [33m[WARN ][default/flink] A4S: No miss rate curve found for vertex e3dfc0d7e9ecd8a43f85f0b68ebf3b80, skipping
[m[33m2026-03-22 16:56:22,618[m [36mo.a.f.a.ScalingMetricEvaluator[m [36m[DEBUG][default/flink] A4S: Evaluating metrics for vertex 29c6de9b0f6c5486908e9bb66a93ee45
[m[33m2026-03-22 16:56:37,793[m [36mo.a.f.a.ScalingMetricEvaluator[m [36m[DEBUG][default/flink] A4S: Evaluating metrics for vertex e3dfc0d7e9ecd8a43f85f0b68ebf3b80
[m[33m2026-03-22 16:56:37,793[m [36mo.a.f.a.ScalingMetricEvaluator[m [33m[WARN ][default/flink] A4S: No miss rate curve found for vertex e3dfc0d7e9ecd8a43f85f0b68ebf3b80, skipping
[m[33m2026-03-22 16:56:37,793[m [36mo.a.f.a.ScalingMetricEvaluator[m [36m[DEBUG][default/flink] A4S: Evaluating metrics for vertex 29c6de9b0f6c5486908e9bb66a93ee45
[m[33m2026-03-22 16:56:37,793[m [36mo.a.f.a.ScalingMetricEvaluator[m [33m[WARN ][default/flink] A4S: No miss rate curve found for vertex 29c6de9b0f6c5486908e9bb66a93ee45, skipping
